2023-03-16 17:14:50,056 - INFO - Rank 0 | Client Args: Namespace(dataset='./dist/repgnn_data/ogbn_products0/', num_gpu=1, sampling='10-10', hidden_size=256, n_classes=60, batch_size=8000, dropout=0.2, lr=0.03, weight_decay=0, model_name='gcn', epoch=1, num_worker=1, cache_size=0, ckpt_path='/dev/shm', seed=None, log=True, dist_url='tcp://10.214.242.140:23456', world_size=2, rank=0, gpu=0, grpc_port='10.214.242.140:18110', distributed=True)
2023-03-16 17:14:50,818 - INFO - Rank 0 | Added key: store_based_barrier_key:1 to store for rank: 0
2023-03-16 17:14:50,819 - INFO - Rank 0 | Rank 0: Completed store-based barrier for key:store_based_barrier_key:1 with 2 nodes.
2023-03-16 17:14:50,819 - INFO - Rank 0 | Using 2 distributed GPUs in total for training...
2023-03-16 17:15:06,527 - INFO - Rank 0 | n_sub_batches:796102
2023-03-16 17:15:31,902 - INFO - Rank 0 | rank: 0 sub_batch backward done.
2023-03-16 17:15:31,944 - INFO - Rank 0 | Reducer buckets have been rebuilt in this iteration.
2023-03-16 17:15:32,683 - INFO - Rank 0 | rank: 0 sub_batch backward done.
2023-03-16 17:15:37,464 - INFO - Rank 0 | rank: 0 sub_batch backward done.
2023-03-16 17:15:38,181 - INFO - Rank 0 | rank: 0 sub_batch backward done.
2023-03-16 17:15:43,264 - INFO - Rank 0 | rank: 0 sub_batch backward done.
2023-03-16 17:15:44,082 - INFO - Rank 0 | rank: 0 sub_batch backward done.
2023-03-16 17:15:49,287 - INFO - Rank 0 | rank: 0 sub_batch backward done.
2023-03-16 17:15:50,107 - INFO - Rank 0 | rank: 0 sub_batch backward done.
2023-03-16 17:15:55,092 - INFO - Rank 0 | rank: 0 sub_batch backward done.
2023-03-16 17:15:55,841 - INFO - Rank 0 | rank: 0 sub_batch backward done.
2023-03-16 17:16:00,765 - INFO - Rank 0 | rank: 0 sub_batch backward done.
2023-03-16 17:16:01,487 - INFO - Rank 0 | rank: 0 sub_batch backward done.
2023-03-16 17:16:06,874 - INFO - Rank 0 | rank: 0 sub_batch backward done.
2023-03-16 17:16:07,614 - INFO - Rank 0 | rank: 0 sub_batch backward done.
2023-03-16 17:16:12,523 - INFO - Rank 0 | rank: 0 sub_batch backward done.
2023-03-16 17:16:13,284 - INFO - Rank 0 | rank: 0 sub_batch backward done.
2023-03-16 17:16:18,197 - INFO - Rank 0 | rank: 0 sub_batch backward done.
2023-03-16 17:16:18,908 - INFO - Rank 0 | rank: 0 sub_batch backward done.
2023-03-16 17:16:23,709 - INFO - Rank 0 | rank: 0 sub_batch backward done.
2023-03-16 17:16:24,412 - INFO - Rank 0 | rank: 0 sub_batch backward done.
2023-03-16 17:16:29,305 - INFO - Rank 0 | rank: 0 sub_batch backward done.
2023-03-16 17:16:30,063 - INFO - Rank 0 | rank: 0 sub_batch backward done.
2023-03-16 17:16:35,203 - INFO - Rank 0 | rank: 0 sub_batch backward done.
2023-03-16 17:16:35,920 - INFO - Rank 0 | rank: 0 sub_batch backward done.
2023-03-16 17:16:40,897 - INFO - Rank 0 | rank: 0 sub_batch backward done.
2023-03-16 17:16:41,653 - INFO - Rank 0 | rank: 0 sub_batch backward done.
2023-03-16 17:16:46,606 - INFO - Rank 0 | rank: 0 sub_batch backward done.
2023-03-16 17:16:47,365 - INFO - Rank 0 | rank: 0 sub_batch backward done.
2023-03-16 17:16:52,265 - INFO - Rank 0 | rank: 0 sub_batch backward done.
2023-03-16 17:16:53,013 - INFO - Rank 0 | rank: 0 sub_batch backward done.
2023-03-16 17:16:57,917 - INFO - Rank 0 | rank: 0 sub_batch backward done.
2023-03-16 17:16:58,682 - INFO - Rank 0 | rank: 0 sub_batch backward done.
2023-03-16 17:17:03,902 - INFO - Rank 0 | rank: 0 sub_batch backward done.
2023-03-16 17:17:04,712 - INFO - Rank 0 | rank: 0 sub_batch backward done.
2023-03-16 17:17:09,854 - INFO - Rank 0 | rank: 0 sub_batch backward done.
2023-03-16 17:17:10,615 - INFO - Rank 0 | rank: 0 sub_batch backward done.
2023-03-16 17:17:15,572 - INFO - Rank 0 | rank: 0 sub_batch backward done.
2023-03-16 17:17:16,352 - INFO - Rank 0 | rank: 0 sub_batch backward done.
2023-03-16 17:17:21,225 - INFO - Rank 0 | rank: 0 sub_batch backward done.
2023-03-16 17:17:22,036 - INFO - Rank 0 | rank: 0 sub_batch backward done.
2023-03-16 17:17:27,276 - INFO - Rank 0 | rank: 0 sub_batch backward done.
2023-03-16 17:17:28,067 - INFO - Rank 0 | rank: 0 sub_batch backward done.
2023-03-16 17:17:33,003 - INFO - Rank 0 | rank: 0 sub_batch backward done.
2023-03-16 17:17:33,748 - INFO - Rank 0 | rank: 0 sub_batch backward done.
2023-03-16 17:17:38,696 - INFO - Rank 0 | rank: 0 sub_batch backward done.
2023-03-16 17:17:39,479 - INFO - Rank 0 | rank: 0 sub_batch backward done.
2023-03-16 17:17:44,290 - INFO - Rank 0 | rank: 0 sub_batch backward done.
2023-03-16 17:17:45,056 - INFO - Rank 0 | rank: 0 sub_batch backward done.
2023-03-16 17:17:49,884 - INFO - Rank 0 | rank: 0 sub_batch backward done.
2023-03-16 17:17:50,576 - INFO - Rank 0 | rank: 0 sub_batch backward done.
2023-03-16 17:17:55,471 - INFO - Rank 0 | rank: 0 sub_batch backward done.
2023-03-16 17:17:56,232 - INFO - Rank 0 | rank: 0 sub_batch backward done.
2023-03-16 17:18:01,259 - INFO - Rank 0 | rank: 0 sub_batch backward done.
2023-03-16 17:18:02,046 - INFO - Rank 0 | rank: 0 sub_batch backward done.
2023-03-16 17:18:07,144 - INFO - Rank 0 | rank: 0 sub_batch backward done.
2023-03-16 17:18:07,837 - INFO - Rank 0 | rank: 0 sub_batch backward done.
2023-03-16 17:18:13,141 - INFO - Rank 0 | rank: 0 sub_batch backward done.
2023-03-16 17:18:13,913 - INFO - Rank 0 | rank: 0 sub_batch backward done.
2023-03-16 17:18:19,085 - INFO - Rank 0 | rank: 0 sub_batch backward done.
2023-03-16 17:18:19,858 - INFO - Rank 0 | rank: 0 sub_batch backward done.
2023-03-16 17:18:24,781 - INFO - Rank 0 | rank: 0 sub_batch backward done.
2023-03-16 17:18:25,498 - INFO - Rank 0 | rank: 0 sub_batch backward done.
2023-03-16 17:18:30,464 - INFO - Rank 0 | rank: 0 sub_batch backward done.
2023-03-16 17:18:31,211 - INFO - Rank 0 | rank: 0 sub_batch backward done.
2023-03-16 17:18:36,219 - INFO - Rank 0 | rank: 0 sub_batch backward done.
2023-03-16 17:18:37,005 - INFO - Rank 0 | rank: 0 sub_batch backward done.
2023-03-16 17:18:41,796 - INFO - Rank 0 | rank: 0 sub_batch backward done.
2023-03-16 17:18:42,515 - INFO - Rank 0 | rank: 0 sub_batch backward done.
2023-03-16 17:18:47,570 - INFO - Rank 0 | rank: 0 sub_batch backward done.
2023-03-16 17:18:48,277 - INFO - Rank 0 | rank: 0 sub_batch backward done.
2023-03-16 17:18:53,472 - INFO - Rank 0 | rank: 0 sub_batch backward done.
2023-03-16 17:18:54,327 - INFO - Rank 0 | rank: 0 sub_batch backward done.
2023-03-16 17:18:59,724 - INFO - Rank 0 | rank: 0 sub_batch backward done.
2023-03-16 17:19:00,588 - INFO - Rank 0 | rank: 0 sub_batch backward done.
2023-03-16 17:19:05,785 - INFO - Rank 0 | rank: 0 sub_batch backward done.
2023-03-16 17:19:06,567 - INFO - Rank 0 | rank: 0 sub_batch backward done.
2023-03-16 17:19:11,644 - INFO - Rank 0 | rank: 0 sub_batch backward done.
2023-03-16 17:19:12,463 - INFO - Rank 0 | rank: 0 sub_batch backward done.
2023-03-16 17:19:17,585 - INFO - Rank 0 | rank: 0 sub_batch backward done.
2023-03-16 17:19:18,427 - INFO - Rank 0 | rank: 0 sub_batch backward done.
2023-03-16 17:19:23,743 - INFO - Rank 0 | rank: 0 sub_batch backward done.
2023-03-16 17:19:24,506 - INFO - Rank 0 | rank: 0 sub_batch backward done.
2023-03-16 17:19:29,408 - INFO - Rank 0 | rank: 0 sub_batch backward done.
2023-03-16 17:19:30,202 - INFO - Rank 0 | rank: 0 sub_batch backward done.
2023-03-16 17:19:35,080 - INFO - Rank 0 | rank: 0 sub_batch backward done.
2023-03-16 17:19:35,886 - INFO - Rank 0 | rank: 0 sub_batch backward done.
2023-03-16 17:19:40,870 - INFO - Rank 0 | rank: 0 sub_batch backward done.
2023-03-16 17:19:41,623 - INFO - Rank 0 | rank: 0 sub_batch backward done.
2023-03-16 17:19:46,559 - INFO - Rank 0 | rank: 0 sub_batch backward done.
2023-03-16 17:19:47,442 - INFO - Rank 0 | rank: 0 sub_batch backward done.
2023-03-16 17:19:52,447 - INFO - Rank 0 | rank: 0 sub_batch backward done.
2023-03-16 17:19:53,178 - INFO - Rank 0 | rank: 0 sub_batch backward done.
2023-03-16 17:19:58,262 - INFO - Rank 0 | rank: 0 sub_batch backward done.
2023-03-16 17:19:58,964 - INFO - Rank 0 | rank: 0 sub_batch backward done.
2023-03-16 17:20:03,715 - INFO - Rank 0 | rank: 0 sub_batch backward done.
2023-03-16 17:20:04,432 - INFO - Rank 0 | rank: 0 sub_batch backward done.
2023-03-16 17:20:09,217 - INFO - Rank 0 | rank: 0 sub_batch backward done.
2023-03-16 17:20:10,009 - INFO - Rank 0 | rank: 0 sub_batch backward done.
2023-03-16 17:20:14,881 - INFO - Rank 0 | rank: 0 sub_batch backward done.
2023-03-16 17:20:15,665 - INFO - Rank 0 | rank: 0 sub_batch backward done.
2023-03-16 17:20:20,466 - INFO - Rank 0 | rank: 0 sub_batch backward done.
2023-03-16 17:20:21,203 - INFO - Rank 0 | rank: 0 sub_batch backward done.
2023-03-16 17:20:26,343 - INFO - Rank 0 | rank: 0 sub_batch backward done.
2023-03-16 17:20:27,189 - INFO - Rank 0 | rank: 0 sub_batch backward done.
2023-03-16 17:20:32,732 - INFO - Rank 0 | rank: 0 sub_batch backward done.
2023-03-16 17:20:33,552 - INFO - Rank 0 | rank: 0 sub_batch backward done.
2023-03-16 17:20:39,071 - INFO - Rank 0 | rank: 0 sub_batch backward done.
2023-03-16 17:20:39,915 - INFO - Rank 0 | rank: 0 sub_batch backward done.
2023-03-16 17:20:45,251 - INFO - Rank 0 | rank: 0 sub_batch backward done.
2023-03-16 17:20:46,021 - INFO - Rank 0 | rank: 0 sub_batch backward done.
2023-03-16 17:20:51,015 - INFO - Rank 0 | rank: 0 sub_batch backward done.
2023-03-16 17:20:51,741 - INFO - Rank 0 | rank: 0 sub_batch backward done.
2023-03-16 17:20:57,126 - INFO - Rank 0 | rank: 0 sub_batch backward done.
2023-03-16 17:20:57,980 - INFO - Rank 0 | rank: 0 sub_batch backward done.
2023-03-16 17:21:03,322 - INFO - Rank 0 | rank: 0 sub_batch backward done.
2023-03-16 17:21:04,156 - INFO - Rank 0 | rank: 0 sub_batch backward done.
2023-03-16 17:21:09,717 - INFO - Rank 0 | rank: 0 sub_batch backward done.
2023-03-16 17:21:10,504 - INFO - Rank 0 | rank: 0 sub_batch backward done.
2023-03-16 17:21:15,909 - INFO - Rank 0 | rank: 0 sub_batch backward done.
2023-03-16 17:21:16,670 - INFO - Rank 0 | rank: 0 sub_batch backward done.
2023-03-16 17:21:22,084 - INFO - Rank 0 | rank: 0 sub_batch backward done.
2023-03-16 17:21:22,913 - INFO - Rank 0 | rank: 0 sub_batch backward done.
2023-03-16 17:21:28,368 - INFO - Rank 0 | rank: 0 sub_batch backward done.
2023-03-16 17:21:29,080 - INFO - Rank 0 | rank: 0 sub_batch backward done.
2023-03-16 17:21:34,213 - INFO - Rank 0 | rank: 0 sub_batch backward done.
2023-03-16 17:21:35,023 - INFO - Rank 0 | rank: 0 sub_batch backward done.
2023-03-16 17:21:39,883 - INFO - Rank 0 | rank: 0 sub_batch backward done.
2023-03-16 17:21:40,607 - INFO - Rank 0 | rank: 0 sub_batch backward done.
2023-03-16 17:21:45,634 - INFO - Rank 0 | rank: 0 sub_batch backward done.
2023-03-16 17:21:46,458 - INFO - Rank 0 | rank: 0 sub_batch backward done.
2023-03-16 17:21:51,491 - INFO - Rank 0 | rank: 0 sub_batch backward done.
2023-03-16 17:21:52,267 - INFO - Rank 0 | rank: 0 sub_batch backward done.
2023-03-16 17:21:57,132 - INFO - Rank 0 | rank: 0 sub_batch backward done.
2023-03-16 17:21:57,928 - INFO - Rank 0 | rank: 0 sub_batch backward done.
2023-03-16 17:22:02,890 - INFO - Rank 0 | rank: 0 sub_batch backward done.
2023-03-16 17:22:03,712 - INFO - Rank 0 | rank: 0 sub_batch backward done.
2023-03-16 17:22:08,549 - INFO - Rank 0 | rank: 0 sub_batch backward done.
2023-03-16 17:22:09,254 - INFO - Rank 0 | rank: 0 sub_batch backward done.
2023-03-16 17:22:14,473 - INFO - Rank 0 | rank: 0 sub_batch backward done.
2023-03-16 17:22:15,168 - INFO - Rank 0 | rank: 0 sub_batch backward done.
2023-03-16 17:22:20,394 - INFO - Rank 0 | rank: 0 sub_batch backward done.
2023-03-16 17:22:21,192 - INFO - Rank 0 | rank: 0 sub_batch backward done.
2023-03-16 17:22:26,099 - INFO - Rank 0 | rank: 0 sub_batch backward done.
2023-03-16 17:22:26,941 - INFO - Rank 0 | rank: 0 sub_batch backward done.
2023-03-16 17:22:31,811 - INFO - Rank 0 | rank: 0 sub_batch backward done.
2023-03-16 17:22:32,614 - INFO - Rank 0 | rank: 0 sub_batch backward done.
2023-03-16 17:22:37,667 - INFO - Rank 0 | rank: 0 sub_batch backward done.
2023-03-16 17:22:38,395 - INFO - Rank 0 | rank: 0 sub_batch backward done.
2023-03-16 17:22:43,448 - INFO - Rank 0 | rank: 0 sub_batch backward done.
2023-03-16 17:22:44,278 - INFO - Rank 0 | rank: 0 sub_batch backward done.
2023-03-16 17:22:49,192 - INFO - Rank 0 | rank: 0 sub_batch backward done.
2023-03-16 17:22:50,072 - INFO - Rank 0 | rank: 0 sub_batch backward done.
2023-03-16 17:22:55,199 - INFO - Rank 0 | rank: 0 sub_batch backward done.
2023-03-16 17:22:56,058 - INFO - Rank 0 | rank: 0 sub_batch backward done.
2023-03-16 17:23:01,102 - INFO - Rank 0 | rank: 0 sub_batch backward done.
2023-03-16 17:23:01,972 - INFO - Rank 0 | rank: 0 sub_batch backward done.
2023-03-16 17:23:06,991 - INFO - Rank 0 | rank: 0 sub_batch backward done.
2023-03-16 17:23:07,848 - INFO - Rank 0 | rank: 0 sub_batch backward done.
2023-03-16 17:23:12,837 - INFO - Rank 0 | rank: 0 sub_batch backward done.
2023-03-16 17:23:13,704 - INFO - Rank 0 | rank: 0 sub_batch backward done.
2023-03-16 17:23:19,291 - INFO - Rank 0 | rank: 0 sub_batch backward done.
2023-03-16 17:23:20,008 - INFO - Rank 0 | rank: 0 sub_batch backward done.
2023-03-16 17:23:25,592 - INFO - Rank 0 | rank: 0 sub_batch backward done.
2023-03-16 17:23:26,315 - INFO - Rank 0 | rank: 0 sub_batch backward done.
2023-03-16 17:23:31,562 - INFO - Rank 0 | rank: 0 sub_batch backward done.
2023-03-16 17:23:32,252 - INFO - Rank 0 | rank: 0 sub_batch backward done.
2023-03-16 17:23:37,455 - INFO - Rank 0 | rank: 0 sub_batch backward done.
2023-03-16 17:23:38,257 - INFO - Rank 0 | rank: 0 sub_batch backward done.
2023-03-16 17:23:43,343 - INFO - Rank 0 | rank: 0 sub_batch backward done.
2023-03-16 17:23:44,173 - INFO - Rank 0 | rank: 0 sub_batch backward done.
2023-03-16 17:23:49,125 - INFO - Rank 0 | rank: 0 sub_batch backward done.
2023-03-16 17:23:49,912 - INFO - Rank 0 | rank: 0 sub_batch backward done.
2023-03-16 17:23:54,807 - INFO - Rank 0 | rank: 0 sub_batch backward done.
2023-03-16 17:23:55,568 - INFO - Rank 0 | rank: 0 sub_batch backward done.
2023-03-16 17:24:00,633 - INFO - Rank 0 | rank: 0 sub_batch backward done.
2023-03-16 17:24:01,388 - INFO - Rank 0 | rank: 0 sub_batch backward done.
2023-03-16 17:24:06,295 - INFO - Rank 0 | rank: 0 sub_batch backward done.
2023-03-16 17:24:07,069 - INFO - Rank 0 | rank: 0 sub_batch backward done.
2023-03-16 17:24:12,170 - INFO - Rank 0 | rank: 0 sub_batch backward done.
2023-03-16 17:24:12,985 - INFO - Rank 0 | rank: 0 sub_batch backward done.
2023-03-16 17:24:18,350 - INFO - Rank 0 | rank: 0 sub_batch backward done.
2023-03-16 17:24:19,042 - INFO - Rank 0 | rank: 0 sub_batch backward done.
2023-03-16 17:24:24,289 - INFO - Rank 0 | rank: 0 sub_batch backward done.
2023-03-16 17:24:25,136 - INFO - Rank 0 | rank: 0 sub_batch backward done.
2023-03-16 17:24:30,334 - INFO - Rank 0 | rank: 0 sub_batch backward done.
2023-03-16 17:24:31,116 - INFO - Rank 0 | rank: 0 sub_batch backward done.
2023-03-16 17:24:36,121 - INFO - Rank 0 | rank: 0 sub_batch backward done.
2023-03-16 17:24:36,930 - INFO - Rank 0 | rank: 0 sub_batch backward done.
2023-03-16 17:24:41,874 - INFO - Rank 0 | rank: 0 sub_batch backward done.
2023-03-16 17:24:42,620 - INFO - Rank 0 | rank: 0 sub_batch backward done.
2023-03-16 17:24:47,540 - INFO - Rank 0 | rank: 0 sub_batch backward done.
2023-03-16 17:24:48,245 - INFO - Rank 0 | rank: 0 sub_batch backward done.
2023-03-16 17:24:53,222 - INFO - Rank 0 | rank: 0 sub_batch backward done.
2023-03-16 17:24:53,953 - INFO - Rank 0 | rank: 0 sub_batch backward done.
2023-03-16 17:24:59,305 - INFO - Rank 0 | rank: 0 sub_batch backward done.
2023-03-16 17:25:00,087 - INFO - Rank 0 | rank: 0 sub_batch backward done.
2023-03-16 17:25:05,349 - INFO - Rank 0 | rank: 0 sub_batch backward done.
2023-03-16 17:25:06,049 - INFO - Rank 0 | rank: 0 sub_batch backward done.
2023-03-16 17:25:09,281 - INFO - Rank 0 | rank: 0 sub_batch backward done.
2023-03-16 17:25:09,595 - INFO - Rank 0 | rank: 0 sub_batch backward done.
2023-03-16 17:25:09,619 - INFO - Rank 0 | Epoch miss rate ( miss_num/try_num ) for epoch 0 on rank 0: 20455884 / 197237959 = 0.1037116998356285
2023-03-16 17:25:09,620 - INFO - Rank 0 | Up to now, total_local_feats_gather_time = 44.437 s, total_remote_feats_gather_time = 105.135 s
2023-03-16 17:25:09,620 - INFO - Rank 0 | => cur_epoch 0 finished on rank 0
2023-03-16 17:27:57,164 - INFO - Rank 0 | -------------------------------------------------------  ------------  ------------  ------------  ------------  ------------  ------------  ------------  ------------  ------------  ------------  
                                                   Name    Self CPU %      Self CPU   CPU total %     CPU total  CPU time avg     Self CUDA   Self CUDA %    CUDA total  CUDA time avg    # of Calls  
-------------------------------------------------------  ------------  ------------  ------------  ------------  ------------  ------------  ------------  ------------  ------------  ------------  
                                      total epochs time         3.24%       19.671s        99.47%      603.304s      603.304s       19.715s         3.25%      603.318s      603.318s             1  
                                             fetch feat         1.82%       11.061s        70.60%      428.180s        4.282s       11.125s         1.83%      428.188s        4.282s           100  
                           fetch feat from cache server        54.60%      331.161s        62.10%      376.611s     941.528ms      332.500s        54.83%      376.616s     941.540ms           400  
                                            gpu-compute         0.74%        4.506s        24.91%      151.087s     503.624ms        4.511s         0.74%      151.087s     503.623ms           300  
                        DistributedDataParallel.forward        22.16%      134.409s        24.09%      146.079s     730.397ms      138.376s        22.82%      146.080s     730.400ms           200  
                                            aten::copy_         3.66%       22.203s         9.69%       58.789s       2.124ms       58.426s         9.63%       58.426s       2.111ms         27675  
            fetch feat from cache server - python while         1.24%        7.493s         6.49%       39.381s       2.065ms        9.494s         1.57%       39.070s       2.049ms         19069  
                                               aten::to         0.03%     193.713ms         6.31%       38.245s       6.592ms     239.526ms         0.04%       38.185s       6.581ms          5802  
                                         aten::_to_copy         0.06%     367.355ms         6.26%       37.994s       6.785ms     470.013ms         0.08%       37.945s       6.776ms          5600  
                             move feats from CPU to GPU         0.61%        3.713s         6.25%       37.887s      94.717ms        3.742s         0.62%       37.882s      94.704ms           400  
                                            aten::slice         0.90%        5.430s         1.64%        9.925s      98.320us        7.088s         1.17%        8.452s      83.733us        100945  
                                            aten::zeros         0.35%        2.141s         0.63%        3.837s     173.838us        2.744s         0.45%        3.467s     157.064us         22072  
                                         model transfer         0.39%        2.357s         0.56%        3.392s      16.960ms        2.423s         0.40%        3.390s      16.950ms           200  
                                            aten::index         0.51%        3.106s         0.54%        3.268s       2.334ms        3.133s         0.52%        3.243s       2.317ms          1400  
                                          aten::reshape         0.22%        1.324s         0.45%        2.743s     130.208us        1.462s         0.24%        2.015s      95.635us         21069  
                                             CopyReduce         0.05%     312.636ms         0.18%        1.097s       1.828ms        1.807s         0.30%        2.007s       3.345ms           600  
                                       aten::as_strided         0.23%        1.403s         0.49%        3.001s      28.055us        1.416s         0.23%        1.416s      13.236us        106951  
autograd::engine::evaluate_function: CopyReduceBackw...         0.00%      17.081ms         0.22%        1.331s       3.327ms      24.841ms         0.00%        1.310s       3.276ms           400  
                                     CopyReduceBackward         0.04%     263.740ms         0.22%        1.308s       3.270ms        1.199s         0.20%        1.285s       3.214ms           400  
                                            get nf_nids         0.01%      33.107ms         0.17%        1.046s      10.465ms      38.653ms         0.01%        1.045s      10.452ms           100  
                                            aten::empty         0.13%     815.455ms         0.25%        1.510s      30.472us     859.586ms         0.14%     859.586ms      17.347us         49552  
    autograd::engine::evaluate_function: AddmmBackward0         0.01%      32.808ms         0.08%     474.658ms     791.097us      21.436ms         0.00%     833.519ms       1.389ms           600  
                                         AddmmBackward0         0.00%      29.451ms         0.06%     347.260ms     578.767us      31.372ms         0.01%     686.400ms       1.144ms           600  
                                          aten::dropout         0.00%      27.301ms         0.04%     223.973ms     373.288us      19.274ms         0.00%     663.574ms       1.106ms           600  
                                   aten::_fused_dropout         0.01%      66.031ms         0.03%     187.294ms     312.157us     568.085ms         0.09%     644.300ms       1.074ms           600  
                                           aten::linear         0.01%      37.452ms         0.04%     240.928ms     401.547us      15.762ms         0.00%     590.573ms     984.288us           600  
                                               aten::mm         0.02%     105.331ms         0.03%     158.456ms     158.456us     590.208ms         0.10%     590.208ms     590.208us          1000  
                                            aten::addmm         0.01%      86.949ms         0.02%     138.214ms     230.357us     543.102ms         0.09%     553.371ms     922.285us           600  
                                   aten::_reshape_alias         0.09%     532.173ms         0.14%     847.967ms      40.247us     553.111ms         0.09%     553.111ms      26.252us         21069  
                                            fetch label         0.01%      36.122ms         0.07%     444.323ms       2.222ms      44.001ms         0.01%     441.694ms       2.208ms           200  
                                        aten::clamp_min         0.01%      50.081ms         0.02%     111.651ms      79.751us     203.766ms         0.03%     400.865ms     286.332us          1400  
                                            aten::zero_         0.05%     288.977ms         0.12%     706.566ms      30.087us     317.681ms         0.05%     389.822ms      16.599us         23484  
                               Optimizer.step#Adam.step         0.03%     181.392ms         0.06%     367.895ms       3.679ms     228.880ms         0.04%     367.011ms       3.670ms           100  
     autograd::engine::evaluate_function: ReluBackward0         0.00%      11.767ms         0.01%      62.924ms     157.310us       1.274ms         0.00%     297.802ms     744.505us           400  
                                          ReluBackward0         0.00%       9.941ms         0.01%      45.650ms     114.125us       1.638ms         0.00%     296.528ms     741.320us           400  
                               aten::threshold_backward         0.00%      18.507ms         0.01%      30.705ms      76.763us     294.890ms         0.05%     294.890ms     737.225us           400  
autograd::engine::evaluate_function: FusedDropoutBac...         0.00%      14.313ms         0.02%     106.122ms     265.305us       7.665ms         0.00%     292.355ms     730.888us           400  
                                  FusedDropoutBackward0         0.00%       9.525ms         0.01%      86.246ms     215.615us       9.795ms         0.00%     284.690ms     711.725us           400  
                                    aten::_masked_scale         0.00%      21.071ms         0.01%      71.176ms     177.940us     246.805ms         0.04%     274.895ms     687.237us           400  
                                       aten::zeros_like         0.01%      73.328ms         0.04%     262.594ms     216.662us      98.368ms         0.02%     250.070ms     206.328us          1212  
                                    aten::empty_strided         0.03%     198.091ms         0.05%     295.561ms      35.991us     218.626ms         0.04%     218.626ms      26.623us          8212  
                                             aten::relu         0.00%      17.973ms         0.01%      81.930ms     204.825us       1.233ms         0.00%     200.022ms     500.055us           400  
                                       aten::empty_like         0.02%      99.994ms         0.04%     226.305ms      75.134us     114.512ms         0.02%     181.052ms      60.110us          3012  
                                              aten::div         0.01%      51.489ms         0.01%      89.049ms      55.656us     179.781ms         0.03%     179.781ms     112.363us          1600  
                                     train data prepare         0.03%     171.591ms         0.03%     171.624ms     171.624ms     171.618ms         0.03%     171.622ms     171.622ms             1  
autograd::engine::evaluate_function: torch::autograd...         0.01%      83.836ms         0.05%     318.138ms     265.115us      44.143ms         0.01%     142.294ms     118.578us          1200  
                                              aten::sum         0.01%      43.555ms         0.01%      66.650ms     111.083us     121.219ms         0.02%     121.219ms     202.032us           600  
                                 sync for each sub_iter         0.02%     110.961ms         0.02%     116.894ms     584.470us     113.423ms         0.02%     115.075ms     575.375us           200  
                                                aten::t         0.01%      75.427ms         0.04%     269.340ms      96.193us      54.326ms         0.01%     113.542ms      40.551us          2800  
                                asign frame to nodeflow         0.01%      85.161ms         0.02%      95.752ms     239.380us      88.907ms         0.01%      92.110ms     230.275us           400  
                                            aten::fill_         0.01%      89.343ms         0.02%     110.666ms      91.309us      88.888ms         0.01%      88.888ms      73.340us          1212  
                                    fetch feat overhead         0.01%      53.576ms         0.01%      80.962ms     202.405us      61.941ms         0.01%      77.947ms     194.868us           400  
                                        aten::new_empty         0.01%      43.126ms         0.02%     102.892ms      64.308us      44.731ms         0.01%      74.379ms      46.487us          1600  
                               aten::cross_entropy_loss         0.00%       8.156ms         0.01%      60.607ms     303.035us       9.269ms         0.00%      70.046ms     350.230us           200  
autograd::engine::evaluate_function: NllLossBackward...         0.00%      11.697ms         0.01%      73.432ms     367.160us      11.965ms         0.00%      64.893ms     324.465us           200  
                                             aten::add_         0.01%      62.738ms         0.02%     114.100ms      47.661us      62.942ms         0.01%      62.942ms      26.292us          2394  
                                        aten::transpose         0.01%      55.850ms         0.03%     159.731ms      57.047us      40.979ms         0.01%      59.216ms      21.149us          2800  
                        torch::autograd::AccumulateGrad         0.00%      24.507ms         0.02%     114.725ms      95.604us      22.748ms         0.00%      55.168ms      45.973us          1200  
                                       NllLossBackward0         0.00%       6.153ms         0.01%      55.021ms     275.105us       6.375ms         0.00%      52.928ms     264.640us           200  
        autograd::engine::evaluate_function: TBackward0         0.00%      14.496ms         0.02%      96.313ms     160.522us      12.998ms         0.00%      50.290ms      83.817us           600  
                                aten::nll_loss_backward         0.00%      13.904ms         0.01%      45.867ms     229.335us      23.950ms         0.00%      46.553ms     232.765us           200  
                                      aten::nll_loss_nd         0.00%       4.239ms         0.01%      30.416ms     152.080us       4.287ms         0.00%      41.005ms     205.025us           200  
                                         create sampler         0.01%      38.763ms         0.01%      38.883ms      38.883ms      38.829ms         0.01%      38.878ms      38.878ms             1  
                                             TBackward0         0.00%       9.640ms         0.01%      73.770ms     122.950us      10.010ms         0.00%      37.292ms      62.153us           600  
                                         aten::nll_loss         0.00%       4.211ms         0.00%      25.233ms     126.165us       5.143ms         0.00%      36.718ms     183.590us           200  
                                              aten::mul         0.01%      44.331ms         0.01%      76.907ms      64.089us      33.934ms         0.01%      33.934ms      28.278us          1200  
                                             aten::mul_         0.00%      24.294ms         0.01%      46.756ms      38.963us      32.775ms         0.01%      32.775ms      27.312us          1200  
autograd::engine::evaluate_function: LogSoftmaxBackw...         0.00%       6.470ms         0.01%      34.682ms     173.410us       9.022ms         0.00%      31.923ms     159.615us           200  
                                 aten::nll_loss_forward         0.00%      11.028ms         0.00%      20.123ms     100.615us      29.865ms         0.00%      31.575ms     157.875us           200  
                                         aten::new_ones         0.00%      16.724ms         0.02%      95.182ms     158.637us       2.790ms         0.00%      23.509ms      39.182us           600  
                                    LogSoftmaxBackward0         0.00%       5.807ms         0.00%      25.337ms     126.685us       8.663ms         0.00%      22.901ms     114.505us           200  
                                        aten::ones_like         0.00%       7.326ms         0.00%      22.661ms     113.305us       9.265ms         0.00%      21.296ms     106.480us           200  
                                             aten::ones         0.00%      29.308ms         0.01%      73.367ms     122.278us       7.051ms         0.00%      20.719ms      34.532us           600  
                                             aten::sqrt         0.00%      15.152ms         0.00%      25.029ms      41.715us      19.985ms         0.00%      19.985ms      33.308us           600  
                                      aten::log_softmax         0.00%       7.559ms         0.00%      20.908ms     104.540us       9.788ms         0.00%      19.772ms      98.860us           200  
                                         aten::addcmul_         0.00%      12.871ms         0.00%      22.361ms      37.268us      16.769ms         0.00%      16.769ms      27.948us           600  
                                            aten::clamp         0.00%      26.965ms         0.01%      49.449ms      82.415us      10.705ms         0.00%      16.490ms      27.483us           600  
                                         aten::addcdiv_         0.00%      12.367ms         0.00%      21.559ms      35.932us      16.469ms         0.00%      16.469ms      27.448us           600  
                       aten::_log_softmax_backward_data         0.00%       9.119ms         0.00%      16.829ms      84.145us      14.238ms         0.00%      14.238ms      71.190us           200  
                                           aten::expand         0.00%      18.583ms         0.00%      28.323ms      47.205us       8.825ms         0.00%      10.269ms      17.115us           600  
                                     aten::_log_softmax         0.00%       6.548ms         0.00%      10.163ms      50.815us       9.032ms         0.00%       9.032ms      45.160us           200  
                aten::_has_compatible_shallow_copy_type         0.00%       6.432ms         0.00%      15.047ms      18.809us       5.865ms         0.00%       5.865ms       7.331us           800  
                                     aten::resolve_conj         0.00%       5.329ms         0.00%      10.259ms      12.824us       4.751ms         0.00%       4.751ms       5.939us           800  
                                             aten::view         0.00%      11.315ms         0.00%      19.559ms      32.598us       4.464ms         0.00%       4.464ms       7.440us           600  
                                      aten::resolve_neg         0.00%       4.911ms         0.00%       9.778ms      12.223us       4.304ms         0.00%       4.304ms       5.380us           800  
                                          aten::resize_         0.00%       8.170ms         0.00%      13.328ms      16.660us       2.113ms         0.00%       2.113ms       2.641us           800  
                                             aten::set_         0.00%       3.083ms         0.00%       5.207ms      25.777us     219.000us         0.00%     219.000us       1.084us           202  
                                           aten::detach         0.00%      78.000us         0.00%     288.000us      48.000us      75.000us         0.00%     116.000us      19.333us             6  
                                                 detach         0.00%      85.000us         0.00%     144.000us      24.000us      41.000us         0.00%      41.000us       6.833us             6  
                                          aten::detach_         0.00%      16.000us         0.00%      33.000us      33.000us      22.000us         0.00%      28.000us      28.000us             1  
                                                detach_         0.00%       9.000us         0.00%      12.000us      12.000us       6.000us         0.00%       6.000us       6.000us             1  
                                        cudaEventCreate         0.43%        2.629s         0.43%        2.629s       2.840us       0.000us         0.00%       0.000us       0.000us        925902  
                                        cudaEventRecord         0.74%        4.498s         0.74%        4.498s       4.851us       0.000us         0.00%       0.000us       0.000us        927171  
                                  cudaStreamIsCapturing         0.00%       1.253ms         0.00%       1.253ms       1.964us       0.000us         0.00%       0.000us       0.000us           638  
                                             cudaMalloc         0.08%     499.761ms         0.08%     499.761ms     135.842us       0.000us         0.00%       0.000us       0.000us          3679  
                                        cudaMemcpyAsync         5.94%       36.053s         5.94%       36.053s       5.002ms       0.000us         0.00%       0.000us       0.000us          7208  
                                  cudaStreamSynchronize         0.10%     598.201ms         0.10%     598.201ms     135.831us       0.000us         0.00%       0.000us       0.000us          4404  
                               cudaEventCreateWithFlags         0.00%       1.791ms         0.00%       1.791ms       3.731us       0.000us         0.00%       0.000us       0.000us           480  
                                       cudaLaunchKernel         0.04%     241.107ms         0.04%     241.107ms      10.857us       0.000us         0.00%       0.000us       0.000us         22208  
                                             cudaMemcpy         0.67%        4.036s         0.67%        4.036s       1.120ms       0.000us         0.00%       0.000us       0.000us          3602  
-------------------------------------------------------  ------------  ------------  ------------  ------------  ------------  ------------  ------------  ------------  ------------  ------------  
Self CPU time total: 606.504s
Self CUDA time total: 606.404s

2023-03-16 17:27:57,165 - INFO - Rank 0 | wait sampler total time: 19.436251640319824, total sub_iters: 100, avg sub_iter time:0.19436251640319824
