2023-03-16 17:15:52,658 - INFO - Rank 1 | Client Args: Namespace(dataset='./dist/repgnn_data/ogbn_products0/', num_gpu=1, sampling='10-10', hidden_size=256, n_classes=60, batch_size=8000, dropout=0.2, lr=0.03, weight_decay=0, model_name='gcn', epoch=1, num_worker=1, cache_size=0, ckpt_path='/dev/shm', seed=None, log=True, dist_url='tcp://10.214.242.140:23456', world_size=2, rank=1, gpu=0, grpc_port='10.214.243.19:18110', distributed=True)
2023-03-16 17:15:52,708 - INFO - Rank 1 | Added key: store_based_barrier_key:1 to store for rank: 1
2023-03-16 17:15:52,708 - INFO - Rank 1 | Rank 1: Completed store-based barrier for key:store_based_barrier_key:1 with 2 nodes.
2023-03-16 17:15:52,709 - INFO - Rank 1 | Using 2 distributed GPUs in total for training...
2023-03-16 17:16:08,463 - INFO - Rank 1 | n_sub_batches:796398
2023-03-16 17:16:33,793 - INFO - Rank 1 | rank: 1 sub_batch backward done.
2023-03-16 17:16:33,834 - INFO - Rank 1 | Reducer buckets have been rebuilt in this iteration.
2023-03-16 17:16:34,573 - INFO - Rank 1 | rank: 1 sub_batch backward done.
2023-03-16 17:16:39,355 - INFO - Rank 1 | rank: 1 sub_batch backward done.
2023-03-16 17:16:40,072 - INFO - Rank 1 | rank: 1 sub_batch backward done.
2023-03-16 17:16:45,155 - INFO - Rank 1 | rank: 1 sub_batch backward done.
2023-03-16 17:16:45,973 - INFO - Rank 1 | rank: 1 sub_batch backward done.
2023-03-16 17:16:51,177 - INFO - Rank 1 | rank: 1 sub_batch backward done.
2023-03-16 17:16:51,997 - INFO - Rank 1 | rank: 1 sub_batch backward done.
2023-03-16 17:16:56,983 - INFO - Rank 1 | rank: 1 sub_batch backward done.
2023-03-16 17:16:57,731 - INFO - Rank 1 | rank: 1 sub_batch backward done.
2023-03-16 17:17:02,655 - INFO - Rank 1 | rank: 1 sub_batch backward done.
2023-03-16 17:17:03,377 - INFO - Rank 1 | rank: 1 sub_batch backward done.
2023-03-16 17:17:08,764 - INFO - Rank 1 | rank: 1 sub_batch backward done.
2023-03-16 17:17:09,504 - INFO - Rank 1 | rank: 1 sub_batch backward done.
2023-03-16 17:17:14,411 - INFO - Rank 1 | rank: 1 sub_batch backward done.
2023-03-16 17:17:15,174 - INFO - Rank 1 | rank: 1 sub_batch backward done.
2023-03-16 17:17:20,087 - INFO - Rank 1 | rank: 1 sub_batch backward done.
2023-03-16 17:17:20,799 - INFO - Rank 1 | rank: 1 sub_batch backward done.
2023-03-16 17:17:25,599 - INFO - Rank 1 | rank: 1 sub_batch backward done.
2023-03-16 17:17:26,303 - INFO - Rank 1 | rank: 1 sub_batch backward done.
2023-03-16 17:17:31,196 - INFO - Rank 1 | rank: 1 sub_batch backward done.
2023-03-16 17:17:31,953 - INFO - Rank 1 | rank: 1 sub_batch backward done.
2023-03-16 17:17:37,093 - INFO - Rank 1 | rank: 1 sub_batch backward done.
2023-03-16 17:17:37,810 - INFO - Rank 1 | rank: 1 sub_batch backward done.
2023-03-16 17:17:42,788 - INFO - Rank 1 | rank: 1 sub_batch backward done.
2023-03-16 17:17:43,543 - INFO - Rank 1 | rank: 1 sub_batch backward done.
2023-03-16 17:17:48,497 - INFO - Rank 1 | rank: 1 sub_batch backward done.
2023-03-16 17:17:49,256 - INFO - Rank 1 | rank: 1 sub_batch backward done.
2023-03-16 17:17:54,157 - INFO - Rank 1 | rank: 1 sub_batch backward done.
2023-03-16 17:17:54,904 - INFO - Rank 1 | rank: 1 sub_batch backward done.
2023-03-16 17:17:59,808 - INFO - Rank 1 | rank: 1 sub_batch backward done.
2023-03-16 17:18:00,573 - INFO - Rank 1 | rank: 1 sub_batch backward done.
2023-03-16 17:18:05,793 - INFO - Rank 1 | rank: 1 sub_batch backward done.
2023-03-16 17:18:06,603 - INFO - Rank 1 | rank: 1 sub_batch backward done.
2023-03-16 17:18:11,745 - INFO - Rank 1 | rank: 1 sub_batch backward done.
2023-03-16 17:18:12,506 - INFO - Rank 1 | rank: 1 sub_batch backward done.
2023-03-16 17:18:17,463 - INFO - Rank 1 | rank: 1 sub_batch backward done.
2023-03-16 17:18:18,243 - INFO - Rank 1 | rank: 1 sub_batch backward done.
2023-03-16 17:18:23,116 - INFO - Rank 1 | rank: 1 sub_batch backward done.
2023-03-16 17:18:23,927 - INFO - Rank 1 | rank: 1 sub_batch backward done.
2023-03-16 17:18:29,168 - INFO - Rank 1 | rank: 1 sub_batch backward done.
2023-03-16 17:18:29,958 - INFO - Rank 1 | rank: 1 sub_batch backward done.
2023-03-16 17:18:34,894 - INFO - Rank 1 | rank: 1 sub_batch backward done.
2023-03-16 17:18:35,638 - INFO - Rank 1 | rank: 1 sub_batch backward done.
2023-03-16 17:18:40,588 - INFO - Rank 1 | rank: 1 sub_batch backward done.
2023-03-16 17:18:41,370 - INFO - Rank 1 | rank: 1 sub_batch backward done.
2023-03-16 17:18:46,181 - INFO - Rank 1 | rank: 1 sub_batch backward done.
2023-03-16 17:18:46,947 - INFO - Rank 1 | rank: 1 sub_batch backward done.
2023-03-16 17:18:51,775 - INFO - Rank 1 | rank: 1 sub_batch backward done.
2023-03-16 17:18:52,467 - INFO - Rank 1 | rank: 1 sub_batch backward done.
2023-03-16 17:18:57,362 - INFO - Rank 1 | rank: 1 sub_batch backward done.
2023-03-16 17:18:58,123 - INFO - Rank 1 | rank: 1 sub_batch backward done.
2023-03-16 17:19:03,150 - INFO - Rank 1 | rank: 1 sub_batch backward done.
2023-03-16 17:19:03,938 - INFO - Rank 1 | rank: 1 sub_batch backward done.
2023-03-16 17:19:09,036 - INFO - Rank 1 | rank: 1 sub_batch backward done.
2023-03-16 17:19:09,729 - INFO - Rank 1 | rank: 1 sub_batch backward done.
2023-03-16 17:19:15,032 - INFO - Rank 1 | rank: 1 sub_batch backward done.
2023-03-16 17:19:15,805 - INFO - Rank 1 | rank: 1 sub_batch backward done.
2023-03-16 17:19:20,977 - INFO - Rank 1 | rank: 1 sub_batch backward done.
2023-03-16 17:19:21,749 - INFO - Rank 1 | rank: 1 sub_batch backward done.
2023-03-16 17:19:26,672 - INFO - Rank 1 | rank: 1 sub_batch backward done.
2023-03-16 17:19:27,390 - INFO - Rank 1 | rank: 1 sub_batch backward done.
2023-03-16 17:19:32,356 - INFO - Rank 1 | rank: 1 sub_batch backward done.
2023-03-16 17:19:33,102 - INFO - Rank 1 | rank: 1 sub_batch backward done.
2023-03-16 17:19:38,112 - INFO - Rank 1 | rank: 1 sub_batch backward done.
2023-03-16 17:19:38,897 - INFO - Rank 1 | rank: 1 sub_batch backward done.
2023-03-16 17:19:43,689 - INFO - Rank 1 | rank: 1 sub_batch backward done.
2023-03-16 17:19:44,407 - INFO - Rank 1 | rank: 1 sub_batch backward done.
2023-03-16 17:19:49,462 - INFO - Rank 1 | rank: 1 sub_batch backward done.
2023-03-16 17:19:50,168 - INFO - Rank 1 | rank: 1 sub_batch backward done.
2023-03-16 17:19:55,365 - INFO - Rank 1 | rank: 1 sub_batch backward done.
2023-03-16 17:19:56,219 - INFO - Rank 1 | rank: 1 sub_batch backward done.
2023-03-16 17:20:01,617 - INFO - Rank 1 | rank: 1 sub_batch backward done.
2023-03-16 17:20:02,480 - INFO - Rank 1 | rank: 1 sub_batch backward done.
2023-03-16 17:20:07,677 - INFO - Rank 1 | rank: 1 sub_batch backward done.
2023-03-16 17:20:08,460 - INFO - Rank 1 | rank: 1 sub_batch backward done.
2023-03-16 17:20:13,537 - INFO - Rank 1 | rank: 1 sub_batch backward done.
2023-03-16 17:20:14,356 - INFO - Rank 1 | rank: 1 sub_batch backward done.
2023-03-16 17:20:19,478 - INFO - Rank 1 | rank: 1 sub_batch backward done.
2023-03-16 17:20:20,319 - INFO - Rank 1 | rank: 1 sub_batch backward done.
2023-03-16 17:20:25,637 - INFO - Rank 1 | rank: 1 sub_batch backward done.
2023-03-16 17:20:26,398 - INFO - Rank 1 | rank: 1 sub_batch backward done.
2023-03-16 17:20:31,302 - INFO - Rank 1 | rank: 1 sub_batch backward done.
2023-03-16 17:20:32,094 - INFO - Rank 1 | rank: 1 sub_batch backward done.
2023-03-16 17:20:36,973 - INFO - Rank 1 | rank: 1 sub_batch backward done.
2023-03-16 17:20:37,779 - INFO - Rank 1 | rank: 1 sub_batch backward done.
2023-03-16 17:20:42,763 - INFO - Rank 1 | rank: 1 sub_batch backward done.
2023-03-16 17:20:43,516 - INFO - Rank 1 | rank: 1 sub_batch backward done.
2023-03-16 17:20:48,452 - INFO - Rank 1 | rank: 1 sub_batch backward done.
2023-03-16 17:20:49,335 - INFO - Rank 1 | rank: 1 sub_batch backward done.
2023-03-16 17:20:54,340 - INFO - Rank 1 | rank: 1 sub_batch backward done.
2023-03-16 17:20:55,072 - INFO - Rank 1 | rank: 1 sub_batch backward done.
2023-03-16 17:21:00,156 - INFO - Rank 1 | rank: 1 sub_batch backward done.
2023-03-16 17:21:00,857 - INFO - Rank 1 | rank: 1 sub_batch backward done.
2023-03-16 17:21:05,608 - INFO - Rank 1 | rank: 1 sub_batch backward done.
2023-03-16 17:21:06,325 - INFO - Rank 1 | rank: 1 sub_batch backward done.
2023-03-16 17:21:11,110 - INFO - Rank 1 | rank: 1 sub_batch backward done.
2023-03-16 17:21:11,902 - INFO - Rank 1 | rank: 1 sub_batch backward done.
2023-03-16 17:21:16,775 - INFO - Rank 1 | rank: 1 sub_batch backward done.
2023-03-16 17:21:17,559 - INFO - Rank 1 | rank: 1 sub_batch backward done.
2023-03-16 17:21:22,360 - INFO - Rank 1 | rank: 1 sub_batch backward done.
2023-03-16 17:21:23,097 - INFO - Rank 1 | rank: 1 sub_batch backward done.
2023-03-16 17:21:28,237 - INFO - Rank 1 | rank: 1 sub_batch backward done.
2023-03-16 17:21:29,083 - INFO - Rank 1 | rank: 1 sub_batch backward done.
2023-03-16 17:21:34,625 - INFO - Rank 1 | rank: 1 sub_batch backward done.
2023-03-16 17:21:35,446 - INFO - Rank 1 | rank: 1 sub_batch backward done.
2023-03-16 17:21:40,965 - INFO - Rank 1 | rank: 1 sub_batch backward done.
2023-03-16 17:21:41,809 - INFO - Rank 1 | rank: 1 sub_batch backward done.
2023-03-16 17:21:47,145 - INFO - Rank 1 | rank: 1 sub_batch backward done.
2023-03-16 17:21:47,915 - INFO - Rank 1 | rank: 1 sub_batch backward done.
2023-03-16 17:21:52,909 - INFO - Rank 1 | rank: 1 sub_batch backward done.
2023-03-16 17:21:53,635 - INFO - Rank 1 | rank: 1 sub_batch backward done.
2023-03-16 17:21:59,020 - INFO - Rank 1 | rank: 1 sub_batch backward done.
2023-03-16 17:21:59,874 - INFO - Rank 1 | rank: 1 sub_batch backward done.
2023-03-16 17:22:05,217 - INFO - Rank 1 | rank: 1 sub_batch backward done.
2023-03-16 17:22:06,051 - INFO - Rank 1 | rank: 1 sub_batch backward done.
2023-03-16 17:22:11,611 - INFO - Rank 1 | rank: 1 sub_batch backward done.
2023-03-16 17:22:12,399 - INFO - Rank 1 | rank: 1 sub_batch backward done.
2023-03-16 17:22:17,804 - INFO - Rank 1 | rank: 1 sub_batch backward done.
2023-03-16 17:22:18,564 - INFO - Rank 1 | rank: 1 sub_batch backward done.
2023-03-16 17:22:23,979 - INFO - Rank 1 | rank: 1 sub_batch backward done.
2023-03-16 17:22:24,808 - INFO - Rank 1 | rank: 1 sub_batch backward done.
2023-03-16 17:22:30,263 - INFO - Rank 1 | rank: 1 sub_batch backward done.
2023-03-16 17:22:30,975 - INFO - Rank 1 | rank: 1 sub_batch backward done.
2023-03-16 17:22:36,108 - INFO - Rank 1 | rank: 1 sub_batch backward done.
2023-03-16 17:22:36,917 - INFO - Rank 1 | rank: 1 sub_batch backward done.
2023-03-16 17:22:41,779 - INFO - Rank 1 | rank: 1 sub_batch backward done.
2023-03-16 17:22:42,501 - INFO - Rank 1 | rank: 1 sub_batch backward done.
2023-03-16 17:22:47,529 - INFO - Rank 1 | rank: 1 sub_batch backward done.
2023-03-16 17:22:48,353 - INFO - Rank 1 | rank: 1 sub_batch backward done.
2023-03-16 17:22:53,386 - INFO - Rank 1 | rank: 1 sub_batch backward done.
2023-03-16 17:22:54,162 - INFO - Rank 1 | rank: 1 sub_batch backward done.
2023-03-16 17:22:59,027 - INFO - Rank 1 | rank: 1 sub_batch backward done.
2023-03-16 17:22:59,824 - INFO - Rank 1 | rank: 1 sub_batch backward done.
2023-03-16 17:23:04,785 - INFO - Rank 1 | rank: 1 sub_batch backward done.
2023-03-16 17:23:05,608 - INFO - Rank 1 | rank: 1 sub_batch backward done.
2023-03-16 17:23:10,445 - INFO - Rank 1 | rank: 1 sub_batch backward done.
2023-03-16 17:23:11,149 - INFO - Rank 1 | rank: 1 sub_batch backward done.
2023-03-16 17:23:16,369 - INFO - Rank 1 | rank: 1 sub_batch backward done.
2023-03-16 17:23:17,063 - INFO - Rank 1 | rank: 1 sub_batch backward done.
2023-03-16 17:23:22,290 - INFO - Rank 1 | rank: 1 sub_batch backward done.
2023-03-16 17:23:23,088 - INFO - Rank 1 | rank: 1 sub_batch backward done.
2023-03-16 17:23:27,994 - INFO - Rank 1 | rank: 1 sub_batch backward done.
2023-03-16 17:23:28,837 - INFO - Rank 1 | rank: 1 sub_batch backward done.
2023-03-16 17:23:33,707 - INFO - Rank 1 | rank: 1 sub_batch backward done.
2023-03-16 17:23:34,510 - INFO - Rank 1 | rank: 1 sub_batch backward done.
2023-03-16 17:23:39,563 - INFO - Rank 1 | rank: 1 sub_batch backward done.
2023-03-16 17:23:40,291 - INFO - Rank 1 | rank: 1 sub_batch backward done.
2023-03-16 17:23:45,345 - INFO - Rank 1 | rank: 1 sub_batch backward done.
2023-03-16 17:23:46,175 - INFO - Rank 1 | rank: 1 sub_batch backward done.
2023-03-16 17:23:51,090 - INFO - Rank 1 | rank: 1 sub_batch backward done.
2023-03-16 17:23:51,969 - INFO - Rank 1 | rank: 1 sub_batch backward done.
2023-03-16 17:23:57,096 - INFO - Rank 1 | rank: 1 sub_batch backward done.
2023-03-16 17:23:57,955 - INFO - Rank 1 | rank: 1 sub_batch backward done.
2023-03-16 17:24:02,998 - INFO - Rank 1 | rank: 1 sub_batch backward done.
2023-03-16 17:24:03,868 - INFO - Rank 1 | rank: 1 sub_batch backward done.
2023-03-16 17:24:08,888 - INFO - Rank 1 | rank: 1 sub_batch backward done.
2023-03-16 17:24:09,745 - INFO - Rank 1 | rank: 1 sub_batch backward done.
2023-03-16 17:24:14,734 - INFO - Rank 1 | rank: 1 sub_batch backward done.
2023-03-16 17:24:15,601 - INFO - Rank 1 | rank: 1 sub_batch backward done.
2023-03-16 17:24:21,188 - INFO - Rank 1 | rank: 1 sub_batch backward done.
2023-03-16 17:24:21,905 - INFO - Rank 1 | rank: 1 sub_batch backward done.
2023-03-16 17:24:27,489 - INFO - Rank 1 | rank: 1 sub_batch backward done.
2023-03-16 17:24:28,213 - INFO - Rank 1 | rank: 1 sub_batch backward done.
2023-03-16 17:24:33,459 - INFO - Rank 1 | rank: 1 sub_batch backward done.
2023-03-16 17:24:34,149 - INFO - Rank 1 | rank: 1 sub_batch backward done.
2023-03-16 17:24:39,352 - INFO - Rank 1 | rank: 1 sub_batch backward done.
2023-03-16 17:24:40,154 - INFO - Rank 1 | rank: 1 sub_batch backward done.
2023-03-16 17:24:45,241 - INFO - Rank 1 | rank: 1 sub_batch backward done.
2023-03-16 17:24:46,070 - INFO - Rank 1 | rank: 1 sub_batch backward done.
2023-03-16 17:24:51,023 - INFO - Rank 1 | rank: 1 sub_batch backward done.
2023-03-16 17:24:51,810 - INFO - Rank 1 | rank: 1 sub_batch backward done.
2023-03-16 17:24:56,705 - INFO - Rank 1 | rank: 1 sub_batch backward done.
2023-03-16 17:24:57,465 - INFO - Rank 1 | rank: 1 sub_batch backward done.
2023-03-16 17:25:02,531 - INFO - Rank 1 | rank: 1 sub_batch backward done.
2023-03-16 17:25:03,286 - INFO - Rank 1 | rank: 1 sub_batch backward done.
2023-03-16 17:25:08,193 - INFO - Rank 1 | rank: 1 sub_batch backward done.
2023-03-16 17:25:08,967 - INFO - Rank 1 | rank: 1 sub_batch backward done.
2023-03-16 17:25:14,068 - INFO - Rank 1 | rank: 1 sub_batch backward done.
2023-03-16 17:25:14,884 - INFO - Rank 1 | rank: 1 sub_batch backward done.
2023-03-16 17:25:20,248 - INFO - Rank 1 | rank: 1 sub_batch backward done.
2023-03-16 17:25:20,940 - INFO - Rank 1 | rank: 1 sub_batch backward done.
2023-03-16 17:25:26,187 - INFO - Rank 1 | rank: 1 sub_batch backward done.
2023-03-16 17:25:27,034 - INFO - Rank 1 | rank: 1 sub_batch backward done.
2023-03-16 17:25:32,232 - INFO - Rank 1 | rank: 1 sub_batch backward done.
2023-03-16 17:25:33,014 - INFO - Rank 1 | rank: 1 sub_batch backward done.
2023-03-16 17:25:38,019 - INFO - Rank 1 | rank: 1 sub_batch backward done.
2023-03-16 17:25:38,829 - INFO - Rank 1 | rank: 1 sub_batch backward done.
2023-03-16 17:25:43,772 - INFO - Rank 1 | rank: 1 sub_batch backward done.
2023-03-16 17:25:44,520 - INFO - Rank 1 | rank: 1 sub_batch backward done.
2023-03-16 17:25:49,438 - INFO - Rank 1 | rank: 1 sub_batch backward done.
2023-03-16 17:25:50,144 - INFO - Rank 1 | rank: 1 sub_batch backward done.
2023-03-16 17:25:55,121 - INFO - Rank 1 | rank: 1 sub_batch backward done.
2023-03-16 17:25:55,851 - INFO - Rank 1 | rank: 1 sub_batch backward done.
2023-03-16 17:26:01,203 - INFO - Rank 1 | rank: 1 sub_batch backward done.
2023-03-16 17:26:01,986 - INFO - Rank 1 | rank: 1 sub_batch backward done.
2023-03-16 17:26:07,248 - INFO - Rank 1 | rank: 1 sub_batch backward done.
2023-03-16 17:26:07,947 - INFO - Rank 1 | rank: 1 sub_batch backward done.
2023-03-16 17:26:11,179 - INFO - Rank 1 | rank: 1 sub_batch backward done.
2023-03-16 17:26:11,495 - INFO - Rank 1 | rank: 1 sub_batch backward done.
2023-03-16 17:26:11,518 - INFO - Rank 1 | Epoch miss rate ( miss_num/try_num ) for epoch 0 on rank 1: 18768734 / 214337949 = 0.08756608005052806
2023-03-16 17:26:11,519 - INFO - Rank 1 | Up to now, total_local_feats_gather_time = 41.161 s, total_remote_feats_gather_time = 89.309 s
2023-03-16 17:26:11,519 - INFO - Rank 1 | => cur_epoch 0 finished on rank 1
2023-03-16 17:28:56,278 - INFO - Rank 1 | -------------------------------------------------------  ------------  ------------  ------------  ------------  ------------  ------------  ------------  ------------  ------------  ------------  
                                                   Name    Self CPU %      Self CPU   CPU total %     CPU total  CPU time avg     Self CUDA   Self CUDA %    CUDA total  CUDA time avg    # of Calls  
-------------------------------------------------------  ------------  ------------  ------------  ------------  ------------  ------------  ------------  ------------  ------------  ------------  
                                      total epochs time         1.62%        9.838s        99.62%      603.230s      603.230s        9.859s         1.63%      603.226s      603.226s             1  
                                             fetch feat         1.69%       10.242s        57.14%      345.975s        3.460s       10.290s         1.70%      345.972s        3.460s           100  
                           fetch feat from cache server        48.96%      296.440s        53.11%      321.628s     804.071ms      297.094s        49.07%      321.624s     804.059ms           400  
                                            gpu-compute        29.07%      176.057s        40.17%      243.260s     810.866ms      176.051s        29.08%      243.255s     810.852ms           300  
                        DistributedDataParallel.forward         9.56%       57.904s        11.03%       66.788s     333.940ms       59.140s         9.77%       66.786s     333.931ms           200  
                                            aten::copy_         2.40%       14.507s         4.18%       25.336s     864.302us       25.142s         4.15%       25.142s     857.679us         29314  
            fetch feat from cache server - python while         0.57%        3.433s         3.67%       22.207s       1.072ms        4.370s         0.72%       22.059s       1.065ms         20710  
                             move feats from CPU to GPU         0.50%        3.024s         2.14%       12.963s      32.406ms        3.043s         0.50%       12.960s      32.399ms           400  
                                               aten::to         0.02%     143.503ms         1.97%       11.945s       2.059ms     175.239ms         0.03%       11.901s       2.051ms          5802  
                                         aten::_to_copy         0.04%     266.645ms         1.94%       11.763s       2.101ms     336.403ms         0.06%       11.726s       2.094ms          5600  
                                             CopyReduce         0.06%     369.346ms         0.38%        2.292s       3.820ms        3.726s         0.62%        3.920s       6.533ms           600  
                                            aten::slice         0.41%        2.498s         0.76%        4.614s      42.274us        3.259s         0.54%        3.896s      35.694us        109150  
                                         model transfer         0.45%        2.706s         0.57%        3.426s      17.132ms        2.751s         0.45%        3.424s      17.119ms           200  
                                            aten::index         0.36%        2.170s         0.38%        2.298s       1.641ms        2.192s         0.36%        2.275s       1.625ms          1400  
                                            aten::zeros         0.19%        1.131s         0.32%        1.966s      82.915us        1.420s         0.23%        1.793s      75.619us         23713  
autograd::engine::evaluate_function: CopyReduceBackw...         0.00%      12.435ms         0.18%        1.090s       2.726ms      16.448ms         0.00%        1.084s       2.710ms           400  
                                     CopyReduceBackward         0.03%     211.816ms         0.18%        1.074s       2.685ms        1.003s         0.17%        1.068s       2.669ms           400  
                                          aten::reshape         0.11%     659.931ms         0.22%        1.362s      59.982us     703.989ms         0.12%     979.479ms      43.130us         22710  
                                       aten::as_strided         0.12%     713.074ms         0.24%        1.479s      12.845us     683.111ms         0.11%     683.111ms       5.932us        115156  
    autograd::engine::evaluate_function: AddmmBackward0         0.00%      24.040ms         0.06%     358.446ms     597.410us      19.831ms         0.00%     479.579ms     799.298us           600  
                                            aten::empty         0.08%     466.278ms         0.13%     813.963ms      15.406us     462.927ms         0.08%     462.927ms       8.762us         52834  
                                           aten::linear         0.01%      34.178ms         0.04%     215.112ms     358.520us      17.157ms         0.00%     343.622ms     572.703us           600  
                                          aten::dropout         0.00%      20.035ms         0.03%     162.287ms     270.478us      15.546ms         0.00%     342.077ms     570.128us           600  
                                            get nf_nids         0.00%      20.472ms         0.06%     342.662ms       3.427ms      23.669ms         0.00%     341.775ms       3.418ms           100  
                                         AddmmBackward0         0.00%      21.731ms         0.04%     264.508ms     440.847us      29.155ms         0.00%     329.738ms     549.563us           600  
                                   aten::_fused_dropout         0.01%      50.378ms         0.02%     135.603ms     226.005us     272.948ms         0.05%     326.531ms     544.218us           600  
                               Optimizer.step#Adam.step         0.02%     150.020ms         0.05%     304.587ms       3.046ms     185.952ms         0.03%     303.864ms       3.039ms           100  
                                            aten::addmm         0.01%      83.059ms         0.02%     124.751ms     207.918us     291.168ms         0.05%     302.917ms     504.862us           600  
                                   aten::_reshape_alias         0.05%     281.825ms         0.07%     426.704ms      18.789us     275.490ms         0.05%     275.490ms      12.131us         22710  
                                            aten::zero_         0.03%     161.862ms         0.07%     404.422ms      16.096us     169.502ms         0.03%     243.706ms       9.700us         25125  
                                               aten::mm         0.01%      80.111ms         0.02%     123.065ms     123.065us     232.238ms         0.04%     232.238ms     232.238us          1000  
                                 sync for each sub_iter         0.03%     209.089ms         0.04%     215.970ms       1.080ms     211.112ms         0.03%     212.785ms       1.064ms           200  
                                            fetch label         0.00%      19.873ms         0.04%     212.240ms       1.061ms      24.133ms         0.00%     210.979ms       1.055ms           200  
                                       aten::zeros_like         0.01%      51.524ms         0.03%     205.662ms     169.688us      69.534ms         0.01%     196.855ms     162.422us          1212  
                                        aten::clamp_min         0.01%      45.014ms         0.02%      96.174ms      68.696us     102.037ms         0.02%     195.012ms     139.294us          1400  
                                              aten::div         0.01%      44.683ms         0.01%      66.820ms      41.763us     158.349ms         0.03%     158.349ms      98.968us          1600  
autograd::engine::evaluate_function: FusedDropoutBac...         0.00%      10.782ms         0.01%      81.171ms     202.928us       9.461ms         0.00%     156.647ms     391.618us           400  
                                    aten::empty_strided         0.02%     147.361ms         0.03%     210.786ms      25.668us     152.402ms         0.03%     152.402ms      18.558us          8212  
     autograd::engine::evaluate_function: ReluBackward0         0.00%       9.894ms         0.01%      50.368ms     125.920us       5.553ms         0.00%     147.192ms     367.980us           400  
                                  FusedDropoutBackward0         0.00%       7.021ms         0.01%      65.084ms     162.710us       8.148ms         0.00%     147.186ms     367.965us           400  
                                          ReluBackward0         0.00%       7.477ms         0.01%      35.605ms      89.013us       5.363ms         0.00%     141.639ms     354.098us           400  
                                    aten::_masked_scale         0.00%      16.536ms         0.01%      52.922ms     132.305us     117.670ms         0.02%     139.038ms     347.595us           400  
autograd::engine::evaluate_function: torch::autograd...         0.01%      60.231ms         0.04%     224.615ms     187.179us      39.876ms         0.01%     137.885ms     114.904us          1200  
                                     train data prepare         0.02%     136.335ms         0.02%     136.366ms     136.366ms     136.355ms         0.02%     136.359ms     136.359ms             1  
                               aten::threshold_backward         0.00%      14.708ms         0.00%      24.591ms      61.477us     136.276ms         0.02%     136.276ms     340.690us           400  
                                              aten::sum         0.01%      32.905ms         0.01%      49.331ms      82.218us     126.790ms         0.02%     126.790ms     211.317us           600  
                                       aten::empty_like         0.01%      73.069ms         0.03%     164.200ms      54.515us      80.406ms         0.01%     126.400ms      41.965us          3012  
                                                aten::t         0.01%      61.920ms         0.03%     205.964ms      73.559us      56.542ms         0.01%     119.015ms      42.505us          2800  
                                             aten::relu         0.00%      15.525ms         0.01%      69.820ms     174.550us       3.108ms         0.00%      99.457ms     248.643us           400  
                               aten::cross_entropy_loss         0.00%       7.470ms         0.01%      54.880ms     274.400us       8.827ms         0.00%      83.043ms     415.215us           200  
                                            aten::fill_         0.01%      87.116ms         0.02%     104.845ms      86.506us      83.021ms         0.01%      83.021ms      68.499us          1212  
                                asign frame to nodeflow         0.01%      64.329ms         0.01%      71.443ms     178.607us      66.800ms         0.01%      69.010ms     172.525us           400  
                                    fetch feat overhead         0.01%      43.572ms         0.01%      65.250ms     163.125us      50.340ms         0.01%      63.106ms     157.765us           400  
                                        aten::transpose         0.01%      47.114ms         0.02%     121.475ms      43.384us      44.515ms         0.01%      62.473ms      22.312us          2800  
                                        aten::new_empty         0.01%      38.967ms         0.01%      89.375ms      55.859us      37.254ms         0.01%      61.990ms      38.744us          1600  
autograd::engine::evaluate_function: NllLossBackward...         0.00%      10.238ms         0.01%      64.920ms     324.600us       5.242ms         0.00%      60.434ms     302.170us           200  
                                             aten::add_         0.01%      49.085ms         0.01%      88.016ms      36.765us      59.292ms         0.01%      59.292ms      24.767us          2394  
        autograd::engine::evaluate_function: TBackward0         0.00%      10.960ms         0.01%      74.838ms     124.730us      12.861ms         0.00%      58.120ms      96.867us           600  
                        torch::autograd::AccumulateGrad         0.00%      17.984ms         0.01%      82.907ms      69.089us      23.005ms         0.00%      56.525ms      47.104us          1200  
                                      aten::nll_loss_nd         0.00%       3.991ms         0.00%      27.823ms     139.115us       4.198ms         0.00%      56.506ms     282.530us           200  
                                       NllLossBackward0         0.00%       5.300ms         0.01%      48.675ms     243.375us       5.504ms         0.00%      55.192ms     275.960us           200  
                                         aten::nll_loss         0.00%       4.165ms         0.00%      23.366ms     116.830us       4.335ms         0.00%      52.308ms     261.540us           200  
                                aten::nll_loss_backward         0.00%      12.420ms         0.01%      41.083ms     205.415us      28.415ms         0.00%      49.688ms     248.440us           200  
                                 aten::nll_loss_forward         0.00%      10.521ms         0.00%      18.720ms      93.600us      46.443ms         0.01%      47.973ms     239.865us           200  
                                             TBackward0         0.00%      14.969ms         0.01%      58.454ms      97.423us      18.137ms         0.00%      45.259ms      75.432us           600  
                                         create sampler         0.01%      36.391ms         0.01%      36.500ms      36.500ms      36.448ms         0.01%      36.495ms      36.495ms             1  
                                              aten::mul         0.01%      30.440ms         0.01%      50.818ms      42.348us      31.699ms         0.01%      31.699ms      26.416us          1200  
                                             aten::mul_         0.00%      21.690ms         0.01%      39.217ms      32.681us      28.852ms         0.00%      28.852ms      24.043us          1200  
autograd::engine::evaluate_function: LogSoftmaxBackw...         0.00%       5.022ms         0.00%      25.857ms     129.285us       6.471ms         0.00%      22.423ms     112.115us           200  
                                         aten::new_ones         0.00%      15.465ms         0.01%      82.127ms     136.878us       5.352ms         0.00%      21.707ms      36.178us           600  
                                            aten::clamp         0.00%      24.704ms         0.01%      43.700ms      72.833us      11.686ms         0.00%      20.178ms      33.630us           600  
                                      aten::log_softmax         0.00%       7.093ms         0.00%      18.699ms      93.495us       8.446ms         0.00%      17.710ms      88.550us           200  
                                             aten::sqrt         0.00%      14.089ms         0.00%      21.566ms      35.943us      17.207ms         0.00%      17.207ms      28.678us           600  
                                             aten::ones         0.00%      27.555ms         0.01%      61.853ms     103.088us       7.589ms         0.00%      16.355ms      27.258us           600  
                                    LogSoftmaxBackward0         0.00%       4.546ms         0.00%      18.764ms      93.820us       6.046ms         0.00%      15.952ms      79.760us           200  
                                         aten::addcmul_         0.00%      11.327ms         0.00%      18.772ms      31.287us      14.647ms         0.00%      14.647ms      24.412us           600  
                                         aten::addcdiv_         0.00%      10.963ms         0.00%      18.130ms      30.217us      14.135ms         0.00%      14.135ms      23.558us           600  
                                           aten::expand         0.00%      17.515ms         0.00%      25.266ms      42.110us       9.634ms         0.00%      11.749ms      19.582us           600  
                       aten::_log_softmax_backward_data         0.00%       7.282ms         0.00%      12.281ms      61.405us       9.906ms         0.00%       9.906ms      49.530us           200  
                                     aten::_log_softmax         0.00%       6.333ms         0.00%       9.165ms      45.825us       8.438ms         0.00%       8.438ms      42.190us           200  
                                        aten::ones_like         0.00%       6.440ms         0.00%      19.276ms      96.380us       2.734ms         0.00%       6.993ms      34.965us           200  
                aten::_has_compatible_shallow_copy_type         0.00%       5.171ms         0.00%       9.170ms      11.463us       4.063ms         0.00%       4.063ms       5.079us           800  
                                     aten::resolve_conj         0.00%       4.785ms         0.00%       7.953ms       9.941us       3.755ms         0.00%       3.755ms       4.694us           800  
                                      aten::resolve_neg         0.00%       4.532ms         0.00%       7.478ms       9.348us       3.483ms         0.00%       3.483ms       4.354us           800  
                                             aten::view         0.00%       8.417ms         0.00%      14.914ms      24.857us       3.220ms         0.00%       3.220ms       5.367us           600  
                                          aten::resize_         0.00%       8.197ms         0.00%      11.521ms      14.401us       3.113ms         0.00%       3.113ms       3.891us           800  
                                             aten::set_         0.00%       2.314ms         0.00%       3.571ms      17.678us     817.000us         0.00%     817.000us       4.045us           202  
                                           aten::detach         0.00%      49.000us         0.00%     154.000us      25.667us      72.000us         0.00%     111.000us      18.500us             6  
                                                 detach         0.00%      54.000us         0.00%      81.000us      13.500us      39.000us         0.00%      39.000us       6.500us             6  
                                          aten::detach_         0.00%      20.000us         0.00%      32.000us      32.000us      22.000us         0.00%      28.000us      28.000us             1  
                                                detach_         0.00%       8.000us         0.00%      10.000us      10.000us       6.000us         0.00%       6.000us       6.000us             1  
                                        cudaEventCreate         0.23%        1.391s         0.23%        1.391s       1.413us       0.000us         0.00%       0.000us       0.000us        984974  
                                        cudaEventRecord         0.35%        2.143s         0.35%        2.143s       2.173us       0.000us         0.00%       0.000us       0.000us        986239  
                                  cudaStreamIsCapturing         0.00%     889.000us         0.00%     889.000us       1.389us       0.000us         0.00%       0.000us       0.000us           640  
                                             cudaMalloc         0.09%     552.901ms         0.09%     552.901ms     150.163us       0.000us         0.00%       0.000us       0.000us          3682  
                                        cudaMemcpyAsync         1.74%       10.533s         1.74%       10.533s       1.462ms       0.000us         0.00%       0.000us       0.000us          7206  
                                  cudaStreamSynchronize         0.04%     266.075ms         0.04%     266.077ms      60.445us       0.000us         0.00%       0.000us       0.000us          4402  
                               cudaEventCreateWithFlags         0.00%       1.754ms         0.00%       1.754ms       3.624us       0.000us         0.00%       0.000us       0.000us           484  
                                       cudaLaunchKernel         0.03%     199.913ms         0.03%     199.913ms       7.572us       0.000us         0.00%       0.000us       0.000us         26400  
                                             cudaMemcpy         0.21%        1.247s         0.21%        1.247s     346.353us       0.000us         0.00%       0.000us       0.000us          3600  
-------------------------------------------------------  ------------  ------------  ------------  ------------  ------------  ------------  ------------  ------------  ------------  ------------  
Self CPU time total: 605.533s
Self CUDA time total: 605.429s

2023-03-16 17:28:56,279 - INFO - Rank 1 | wait sampler total time: 9.589888334274292, total sub_iters: 100, avg sub_iter time:0.09589888334274292
