2023-03-16 19:31:25,225 - INFO - Rank 1 | Client Args: Namespace(dataset='./dist/repgnn_data/ogbn_products0/', num_gpu=1, sampling='10-10', hidden_size=256, n_classes=60, batch_size=8000, dropout=0.2, lr=0.03, weight_decay=0, model_name='gcn', epoch=1, num_worker=1, cache_size=0, ckpt_path='/dev/shm', seed=None, log=True, dist_url='tcp://10.214.242.140:23456', world_size=2, rank=1, gpu=0, grpc_port='10.214.243.19:18110', distributed=True)
2023-03-16 19:31:25,266 - INFO - Rank 1 | Added key: store_based_barrier_key:1 to store for rank: 1
2023-03-16 19:31:25,267 - INFO - Rank 1 | Rank 1: Completed store-based barrier for key:store_based_barrier_key:1 with 2 nodes.
2023-03-16 19:31:25,268 - INFO - Rank 1 | Using 2 distributed GPUs in total for training...
2023-03-16 19:31:42,603 - INFO - Rank 1 | n_sub_batches:796398
2023-03-16 19:32:03,759 - INFO - Rank 1 | rank: 1 sub_batch backward done.
2023-03-16 19:32:06,303 - INFO - Rank 1 | Reducer buckets have been rebuilt in this iteration.
2023-03-16 19:32:07,033 - INFO - Rank 1 | rank: 1 sub_batch backward done.
2023-03-16 19:32:10,162 - INFO - Rank 1 | rank: 1 sub_batch backward done.
2023-03-16 19:32:13,369 - INFO - Rank 1 | rank: 1 sub_batch backward done.
2023-03-16 19:32:16,604 - INFO - Rank 1 | rank: 1 sub_batch backward done.
2023-03-16 19:32:19,687 - INFO - Rank 1 | rank: 1 sub_batch backward done.
2023-03-16 19:32:22,814 - INFO - Rank 1 | rank: 1 sub_batch backward done.
2023-03-16 19:32:25,960 - INFO - Rank 1 | rank: 1 sub_batch backward done.
2023-03-16 19:32:29,089 - INFO - Rank 1 | rank: 1 sub_batch backward done.
2023-03-16 19:32:32,275 - INFO - Rank 1 | rank: 1 sub_batch backward done.
2023-03-16 19:32:35,477 - INFO - Rank 1 | rank: 1 sub_batch backward done.
2023-03-16 19:32:38,559 - INFO - Rank 1 | rank: 1 sub_batch backward done.
2023-03-16 19:32:41,648 - INFO - Rank 1 | rank: 1 sub_batch backward done.
2023-03-16 19:32:44,739 - INFO - Rank 1 | rank: 1 sub_batch backward done.
2023-03-16 19:32:47,925 - INFO - Rank 1 | rank: 1 sub_batch backward done.
2023-03-16 19:32:51,199 - INFO - Rank 1 | rank: 1 sub_batch backward done.
2023-03-16 19:32:54,330 - INFO - Rank 1 | rank: 1 sub_batch backward done.
2023-03-16 19:32:57,706 - INFO - Rank 1 | rank: 1 sub_batch backward done.
2023-03-16 19:33:00,916 - INFO - Rank 1 | rank: 1 sub_batch backward done.
2023-03-16 19:33:03,950 - INFO - Rank 1 | rank: 1 sub_batch backward done.
2023-03-16 19:33:07,080 - INFO - Rank 1 | rank: 1 sub_batch backward done.
2023-03-16 19:33:10,154 - INFO - Rank 1 | rank: 1 sub_batch backward done.
2023-03-16 19:33:13,063 - INFO - Rank 1 | rank: 1 sub_batch backward done.
2023-03-16 19:33:16,212 - INFO - Rank 1 | rank: 1 sub_batch backward done.
2023-03-16 19:33:19,353 - INFO - Rank 1 | rank: 1 sub_batch backward done.
2023-03-16 19:33:22,526 - INFO - Rank 1 | rank: 1 sub_batch backward done.
2023-03-16 19:33:25,513 - INFO - Rank 1 | rank: 1 sub_batch backward done.
2023-03-16 19:33:28,481 - INFO - Rank 1 | rank: 1 sub_batch backward done.
2023-03-16 19:33:31,391 - INFO - Rank 1 | rank: 1 sub_batch backward done.
2023-03-16 19:33:34,428 - INFO - Rank 1 | rank: 1 sub_batch backward done.
2023-03-16 19:33:37,541 - INFO - Rank 1 | rank: 1 sub_batch backward done.
2023-03-16 19:33:40,599 - INFO - Rank 1 | rank: 1 sub_batch backward done.
2023-03-16 19:33:43,819 - INFO - Rank 1 | rank: 1 sub_batch backward done.
2023-03-16 19:33:46,705 - INFO - Rank 1 | rank: 1 sub_batch backward done.
2023-03-16 19:33:49,518 - INFO - Rank 1 | rank: 1 sub_batch backward done.
2023-03-16 19:33:52,339 - INFO - Rank 1 | rank: 1 sub_batch backward done.
2023-03-16 19:33:55,224 - INFO - Rank 1 | rank: 1 sub_batch backward done.
2023-03-16 19:33:58,068 - INFO - Rank 1 | rank: 1 sub_batch backward done.
2023-03-16 19:34:00,935 - INFO - Rank 1 | rank: 1 sub_batch backward done.
2023-03-16 19:34:03,871 - INFO - Rank 1 | rank: 1 sub_batch backward done.
2023-03-16 19:34:06,733 - INFO - Rank 1 | rank: 1 sub_batch backward done.
2023-03-16 19:34:09,674 - INFO - Rank 1 | rank: 1 sub_batch backward done.
2023-03-16 19:34:12,534 - INFO - Rank 1 | rank: 1 sub_batch backward done.
2023-03-16 19:34:15,391 - INFO - Rank 1 | rank: 1 sub_batch backward done.
2023-03-16 19:34:18,247 - INFO - Rank 1 | rank: 1 sub_batch backward done.
2023-03-16 19:34:21,214 - INFO - Rank 1 | rank: 1 sub_batch backward done.
2023-03-16 19:34:24,022 - INFO - Rank 1 | rank: 1 sub_batch backward done.
2023-03-16 19:34:26,937 - INFO - Rank 1 | rank: 1 sub_batch backward done.
2023-03-16 19:34:29,841 - INFO - Rank 1 | rank: 1 sub_batch backward done.
2023-03-16 19:34:32,846 - INFO - Rank 1 | rank: 1 sub_batch backward done.
2023-03-16 19:34:35,731 - INFO - Rank 1 | rank: 1 sub_batch backward done.
2023-03-16 19:34:38,652 - INFO - Rank 1 | rank: 1 sub_batch backward done.
2023-03-16 19:34:41,541 - INFO - Rank 1 | rank: 1 sub_batch backward done.
2023-03-16 19:34:44,402 - INFO - Rank 1 | rank: 1 sub_batch backward done.
2023-03-16 19:34:47,301 - INFO - Rank 1 | rank: 1 sub_batch backward done.
2023-03-16 19:34:50,228 - INFO - Rank 1 | rank: 1 sub_batch backward done.
2023-03-16 19:34:53,207 - INFO - Rank 1 | rank: 1 sub_batch backward done.
2023-03-16 19:34:56,093 - INFO - Rank 1 | rank: 1 sub_batch backward done.
2023-03-16 19:34:58,993 - INFO - Rank 1 | rank: 1 sub_batch backward done.
2023-03-16 19:35:01,987 - INFO - Rank 1 | rank: 1 sub_batch backward done.
2023-03-16 19:35:05,007 - INFO - Rank 1 | rank: 1 sub_batch backward done.
2023-03-16 19:35:07,850 - INFO - Rank 1 | rank: 1 sub_batch backward done.
2023-03-16 19:35:10,739 - INFO - Rank 1 | rank: 1 sub_batch backward done.
2023-03-16 19:35:13,600 - INFO - Rank 1 | rank: 1 sub_batch backward done.
2023-03-16 19:35:16,525 - INFO - Rank 1 | rank: 1 sub_batch backward done.
2023-03-16 19:35:19,365 - INFO - Rank 1 | rank: 1 sub_batch backward done.
2023-03-16 19:35:22,213 - INFO - Rank 1 | rank: 1 sub_batch backward done.
2023-03-16 19:35:25,039 - INFO - Rank 1 | rank: 1 sub_batch backward done.
2023-03-16 19:35:28,069 - INFO - Rank 1 | rank: 1 sub_batch backward done.
2023-03-16 19:35:31,054 - INFO - Rank 1 | rank: 1 sub_batch backward done.
2023-03-16 19:35:34,064 - INFO - Rank 1 | rank: 1 sub_batch backward done.
2023-03-16 19:35:37,187 - INFO - Rank 1 | rank: 1 sub_batch backward done.
2023-03-16 19:35:40,183 - INFO - Rank 1 | rank: 1 sub_batch backward done.
2023-03-16 19:35:43,129 - INFO - Rank 1 | rank: 1 sub_batch backward done.
2023-03-16 19:35:46,038 - INFO - Rank 1 | rank: 1 sub_batch backward done.
2023-03-16 19:35:48,978 - INFO - Rank 1 | rank: 1 sub_batch backward done.
2023-03-16 19:35:51,846 - INFO - Rank 1 | rank: 1 sub_batch backward done.
2023-03-16 19:35:54,707 - INFO - Rank 1 | rank: 1 sub_batch backward done.
2023-03-16 19:35:57,666 - INFO - Rank 1 | rank: 1 sub_batch backward done.
2023-03-16 19:36:00,685 - INFO - Rank 1 | rank: 1 sub_batch backward done.
2023-03-16 19:36:03,674 - INFO - Rank 1 | rank: 1 sub_batch backward done.
2023-03-16 19:36:06,618 - INFO - Rank 1 | rank: 1 sub_batch backward done.
2023-03-16 19:36:09,426 - INFO - Rank 1 | rank: 1 sub_batch backward done.
2023-03-16 19:36:12,321 - INFO - Rank 1 | rank: 1 sub_batch backward done.
2023-03-16 19:36:15,469 - INFO - Rank 1 | rank: 1 sub_batch backward done.
2023-03-16 19:36:18,240 - INFO - Rank 1 | rank: 1 sub_batch backward done.
2023-03-16 19:36:20,981 - INFO - Rank 1 | rank: 1 sub_batch backward done.
2023-03-16 19:36:23,914 - INFO - Rank 1 | rank: 1 sub_batch backward done.
2023-03-16 19:36:26,815 - INFO - Rank 1 | rank: 1 sub_batch backward done.
2023-03-16 19:36:29,869 - INFO - Rank 1 | rank: 1 sub_batch backward done.
2023-03-16 19:36:32,790 - INFO - Rank 1 | rank: 1 sub_batch backward done.
2023-03-16 19:36:35,795 - INFO - Rank 1 | rank: 1 sub_batch backward done.
2023-03-16 19:36:38,660 - INFO - Rank 1 | rank: 1 sub_batch backward done.
2023-03-16 19:36:41,613 - INFO - Rank 1 | rank: 1 sub_batch backward done.
2023-03-16 19:36:44,480 - INFO - Rank 1 | rank: 1 sub_batch backward done.
2023-03-16 19:36:47,411 - INFO - Rank 1 | rank: 1 sub_batch backward done.
2023-03-16 19:36:50,313 - INFO - Rank 1 | rank: 1 sub_batch backward done.
2023-03-16 19:36:53,163 - INFO - Rank 1 | rank: 1 sub_batch backward done.
2023-03-16 19:36:56,121 - INFO - Rank 1 | rank: 1 sub_batch backward done.
2023-03-16 19:36:59,052 - INFO - Rank 1 | rank: 1 sub_batch backward done.
2023-03-16 19:37:01,822 - INFO - Rank 1 | rank: 1 sub_batch backward done.
2023-03-16 19:37:04,711 - INFO - Rank 1 | rank: 1 sub_batch backward done.
2023-03-16 19:37:07,576 - INFO - Rank 1 | rank: 1 sub_batch backward done.
2023-03-16 19:37:10,501 - INFO - Rank 1 | rank: 1 sub_batch backward done.
2023-03-16 19:37:13,357 - INFO - Rank 1 | rank: 1 sub_batch backward done.
2023-03-16 19:37:16,201 - INFO - Rank 1 | rank: 1 sub_batch backward done.
2023-03-16 19:37:19,087 - INFO - Rank 1 | rank: 1 sub_batch backward done.
2023-03-16 19:37:21,897 - INFO - Rank 1 | rank: 1 sub_batch backward done.
2023-03-16 19:37:24,746 - INFO - Rank 1 | rank: 1 sub_batch backward done.
2023-03-16 19:37:27,557 - INFO - Rank 1 | rank: 1 sub_batch backward done.
2023-03-16 19:37:30,238 - INFO - Rank 1 | rank: 1 sub_batch backward done.
2023-03-16 19:37:33,134 - INFO - Rank 1 | rank: 1 sub_batch backward done.
2023-03-16 19:37:36,095 - INFO - Rank 1 | rank: 1 sub_batch backward done.
2023-03-16 19:37:39,075 - INFO - Rank 1 | rank: 1 sub_batch backward done.
2023-03-16 19:37:42,034 - INFO - Rank 1 | rank: 1 sub_batch backward done.
2023-03-16 19:37:44,833 - INFO - Rank 1 | rank: 1 sub_batch backward done.
2023-03-16 19:37:47,799 - INFO - Rank 1 | rank: 1 sub_batch backward done.
2023-03-16 19:37:50,634 - INFO - Rank 1 | rank: 1 sub_batch backward done.
2023-03-16 19:37:53,448 - INFO - Rank 1 | rank: 1 sub_batch backward done.
2023-03-16 19:37:56,241 - INFO - Rank 1 | rank: 1 sub_batch backward done.
2023-03-16 19:37:59,051 - INFO - Rank 1 | rank: 1 sub_batch backward done.
2023-03-16 19:38:01,828 - INFO - Rank 1 | rank: 1 sub_batch backward done.
2023-03-16 19:38:04,697 - INFO - Rank 1 | rank: 1 sub_batch backward done.
2023-03-16 19:38:07,627 - INFO - Rank 1 | rank: 1 sub_batch backward done.
2023-03-16 19:38:10,495 - INFO - Rank 1 | rank: 1 sub_batch backward done.
2023-03-16 19:38:13,357 - INFO - Rank 1 | rank: 1 sub_batch backward done.
2023-03-16 19:38:16,164 - INFO - Rank 1 | rank: 1 sub_batch backward done.
2023-03-16 19:38:18,935 - INFO - Rank 1 | rank: 1 sub_batch backward done.
2023-03-16 19:38:21,798 - INFO - Rank 1 | rank: 1 sub_batch backward done.
2023-03-16 19:38:24,768 - INFO - Rank 1 | rank: 1 sub_batch backward done.
2023-03-16 19:38:27,901 - INFO - Rank 1 | rank: 1 sub_batch backward done.
2023-03-16 19:38:31,090 - INFO - Rank 1 | rank: 1 sub_batch backward done.
2023-03-16 19:38:34,232 - INFO - Rank 1 | rank: 1 sub_batch backward done.
2023-03-16 19:38:37,311 - INFO - Rank 1 | rank: 1 sub_batch backward done.
2023-03-16 19:38:40,275 - INFO - Rank 1 | rank: 1 sub_batch backward done.
2023-03-16 19:38:43,307 - INFO - Rank 1 | rank: 1 sub_batch backward done.
2023-03-16 19:38:46,157 - INFO - Rank 1 | rank: 1 sub_batch backward done.
2023-03-16 19:38:49,161 - INFO - Rank 1 | rank: 1 sub_batch backward done.
2023-03-16 19:38:52,184 - INFO - Rank 1 | rank: 1 sub_batch backward done.
2023-03-16 19:38:55,144 - INFO - Rank 1 | rank: 1 sub_batch backward done.
2023-03-16 19:38:57,977 - INFO - Rank 1 | rank: 1 sub_batch backward done.
2023-03-16 19:39:00,884 - INFO - Rank 1 | rank: 1 sub_batch backward done.
2023-03-16 19:39:03,694 - INFO - Rank 1 | rank: 1 sub_batch backward done.
2023-03-16 19:39:06,500 - INFO - Rank 1 | rank: 1 sub_batch backward done.
2023-03-16 19:39:09,337 - INFO - Rank 1 | rank: 1 sub_batch backward done.
2023-03-16 19:39:12,339 - INFO - Rank 1 | rank: 1 sub_batch backward done.
2023-03-16 19:39:15,161 - INFO - Rank 1 | rank: 1 sub_batch backward done.
2023-03-16 19:39:18,093 - INFO - Rank 1 | rank: 1 sub_batch backward done.
2023-03-16 19:39:21,195 - INFO - Rank 1 | rank: 1 sub_batch backward done.
2023-03-16 19:39:24,162 - INFO - Rank 1 | rank: 1 sub_batch backward done.
2023-03-16 19:39:27,151 - INFO - Rank 1 | rank: 1 sub_batch backward done.
2023-03-16 19:39:30,138 - INFO - Rank 1 | rank: 1 sub_batch backward done.
2023-03-16 19:39:33,072 - INFO - Rank 1 | rank: 1 sub_batch backward done.
2023-03-16 19:39:35,810 - INFO - Rank 1 | rank: 1 sub_batch backward done.
2023-03-16 19:39:38,506 - INFO - Rank 1 | rank: 1 sub_batch backward done.
2023-03-16 19:39:41,212 - INFO - Rank 1 | rank: 1 sub_batch backward done.
2023-03-16 19:39:44,114 - INFO - Rank 1 | rank: 1 sub_batch backward done.
2023-03-16 19:39:46,909 - INFO - Rank 1 | rank: 1 sub_batch backward done.
2023-03-16 19:39:49,762 - INFO - Rank 1 | rank: 1 sub_batch backward done.
2023-03-16 19:39:52,615 - INFO - Rank 1 | rank: 1 sub_batch backward done.
2023-03-16 19:39:55,428 - INFO - Rank 1 | rank: 1 sub_batch backward done.
2023-03-16 19:39:58,329 - INFO - Rank 1 | rank: 1 sub_batch backward done.
2023-03-16 19:40:01,167 - INFO - Rank 1 | rank: 1 sub_batch backward done.
2023-03-16 19:40:04,003 - INFO - Rank 1 | rank: 1 sub_batch backward done.
2023-03-16 19:40:06,808 - INFO - Rank 1 | rank: 1 sub_batch backward done.
2023-03-16 19:40:09,665 - INFO - Rank 1 | rank: 1 sub_batch backward done.
2023-03-16 19:40:12,440 - INFO - Rank 1 | rank: 1 sub_batch backward done.
2023-03-16 19:40:15,567 - INFO - Rank 1 | rank: 1 sub_batch backward done.
2023-03-16 19:40:18,484 - INFO - Rank 1 | rank: 1 sub_batch backward done.
2023-03-16 19:40:21,507 - INFO - Rank 1 | rank: 1 sub_batch backward done.
2023-03-16 19:40:24,513 - INFO - Rank 1 | rank: 1 sub_batch backward done.
2023-03-16 19:40:27,462 - INFO - Rank 1 | rank: 1 sub_batch backward done.
2023-03-16 19:40:30,269 - INFO - Rank 1 | rank: 1 sub_batch backward done.
2023-03-16 19:40:33,026 - INFO - Rank 1 | rank: 1 sub_batch backward done.
2023-03-16 19:40:35,894 - INFO - Rank 1 | rank: 1 sub_batch backward done.
2023-03-16 19:40:38,679 - INFO - Rank 1 | rank: 1 sub_batch backward done.
2023-03-16 19:40:41,652 - INFO - Rank 1 | rank: 1 sub_batch backward done.
2023-03-16 19:40:44,669 - INFO - Rank 1 | rank: 1 sub_batch backward done.
2023-03-16 19:40:47,745 - INFO - Rank 1 | rank: 1 sub_batch backward done.
2023-03-16 19:40:50,739 - INFO - Rank 1 | rank: 1 sub_batch backward done.
2023-03-16 19:40:53,732 - INFO - Rank 1 | rank: 1 sub_batch backward done.
2023-03-16 19:40:56,812 - INFO - Rank 1 | rank: 1 sub_batch backward done.
2023-03-16 19:40:59,816 - INFO - Rank 1 | rank: 1 sub_batch backward done.
2023-03-16 19:41:02,680 - INFO - Rank 1 | rank: 1 sub_batch backward done.
2023-03-16 19:41:05,495 - INFO - Rank 1 | rank: 1 sub_batch backward done.
2023-03-16 19:41:08,302 - INFO - Rank 1 | rank: 1 sub_batch backward done.
2023-03-16 19:41:11,416 - INFO - Rank 1 | rank: 1 sub_batch backward done.
2023-03-16 19:41:14,457 - INFO - Rank 1 | rank: 1 sub_batch backward done.
2023-03-16 19:41:17,238 - INFO - Rank 1 | rank: 1 sub_batch backward done.
2023-03-16 19:41:20,046 - INFO - Rank 1 | rank: 1 sub_batch backward done.
2023-03-16 19:41:22,874 - INFO - Rank 1 | rank: 1 sub_batch backward done.
2023-03-16 19:41:25,761 - INFO - Rank 1 | rank: 1 sub_batch backward done.
2023-03-16 19:41:28,565 - INFO - Rank 1 | rank: 1 sub_batch backward done.
2023-03-16 19:41:31,299 - INFO - Rank 1 | rank: 1 sub_batch backward done.
2023-03-16 19:41:34,115 - INFO - Rank 1 | rank: 1 sub_batch backward done.
2023-03-16 19:41:37,022 - INFO - Rank 1 | rank: 1 sub_batch backward done.
2023-03-16 19:41:39,898 - INFO - Rank 1 | rank: 1 sub_batch backward done.
2023-03-16 19:41:42,689 - INFO - Rank 1 | rank: 1 sub_batch backward done.
2023-03-16 19:41:44,968 - INFO - Rank 1 | rank: 1 sub_batch backward done.
2023-03-16 19:41:46,698 - INFO - Rank 1 | rank: 1 sub_batch backward done.
2023-03-16 19:41:46,732 - INFO - Rank 1 | Epoch miss rate ( miss_num/try_num ) for epoch 0 on rank 1: 18779364 / 214318149 = 0.08762376909106284
2023-03-16 19:41:46,733 - INFO - Rank 1 | Up to now, total_local_feats_gather_time = 37.74 s, total_remote_feats_gather_time = 90.058 s
2023-03-16 19:41:46,734 - INFO - Rank 1 | => cur_epoch 0 finished on rank 1
2023-03-16 19:43:18,095 - INFO - Rank 1 | -------------------------------------------------------  ------------  ------------  ------------  ------------  ------------  ------------  ------------  ------------  ------------  ------------  
                                                   Name    Self CPU %      Self CPU   CPU total %     CPU total  CPU time avg     Self CUDA   Self CUDA %    CUDA total  CUDA time avg    # of Calls  
-------------------------------------------------------  ------------  ------------  ------------  ------------  ------------  ------------  ------------  ------------  ------------  ------------  
                                      total epochs time         1.44%        8.737s        99.50%      604.297s      604.297s        8.648s         1.42%      604.290s      604.290s             1  
                                             fetch feat         0.35%        2.120s        53.09%      322.467s        1.612s        2.151s         0.35%      322.202s        1.611s           200  
                           fetch feat from cache server        46.66%      283.404s        49.55%      300.970s     376.212ms      285.242s        46.98%      301.010s     376.263ms           800  
                                            gpu-compute        33.46%      203.241s        43.92%      266.734s     889.115ms      203.250s        33.48%      266.727s     889.088ms           300  
                        DistributedDataParallel.forward         8.63%       52.442s        10.37%       63.007s     315.036ms       53.900s         8.88%       63.038s     315.188ms           200  
                                            aten::copy_         2.37%       14.372s         4.37%       26.569s     944.031us       26.120s         4.30%       26.120s     928.072us         28144  
                                               aten::to         0.02%     109.686ms         2.15%       13.086s       2.725ms     111.027ms         0.02%       12.885s       2.683ms          4802  
                                         aten::_to_copy         0.03%     208.509ms         2.13%       12.950s       2.815ms     231.211ms         0.04%       12.774s       2.777ms          4600  
                             move feats from CPU to GPU         0.51%        3.098s         2.07%       12.591s      15.739ms        3.126s         0.51%       12.366s      15.458ms           800  
                                          create frames         0.95%        5.782s         0.96%        5.836s       7.296ms        5.799s         0.96%        5.823s       7.279ms           800  
                                         model transfer         0.41%        2.462s         0.93%        5.631s      28.155ms        2.433s         0.40%        5.762s      28.812ms           200  
                                             CopyReduce         0.06%     358.017ms         0.54%        3.267s       5.445ms        5.555s         0.92%        5.732s       9.553ms           600  
                                            aten::slice         0.27%        1.610s         0.42%        2.524s      54.782us        1.942s         0.32%        2.280s      49.484us         46080  
                                            aten::index         0.32%        1.965s         0.34%        2.085s       1.489ms        2.093s         0.34%        2.163s       1.545ms          1400  
autograd::engine::evaluate_function: CopyReduceBackw...         0.00%      12.661ms         0.27%        1.629s       4.073ms       5.222ms         0.00%        1.828s       4.570ms           400  
                                     CopyReduceBackward         0.04%     216.630ms         0.27%        1.612s       4.031ms        1.791s         0.30%        1.823s       4.557ms           400  
    autograd::engine::evaluate_function: AddmmBackward0         0.00%      24.149ms         0.06%     359.896ms     599.827us      36.906ms         0.01%     554.643ms     924.405us           600  
                                            aten::zeros         0.06%     383.756ms         0.09%     545.100ms     113.492us     424.695ms         0.07%     483.138ms     100.591us          4803  
                                          aten::reshape         0.11%     691.079ms         0.24%        1.437s      62.086us     334.281ms         0.06%     460.391ms      19.896us         23140  
                                            fetch label         0.00%      16.009ms         0.03%     200.805ms       1.004ms      15.496ms         0.00%     407.393ms       2.037ms           200  
                                       aten::as_strided         0.06%     366.613ms         0.12%     720.100ms      13.514us     395.623ms         0.07%     395.623ms       7.425us         53286  
                                         AddmmBackward0         0.00%      21.987ms         0.04%     268.836ms     448.060us      54.210ms         0.01%     376.386ms     627.310us           600  
                               Optimizer.step#Adam.step         0.03%     187.133ms         0.06%     380.203ms       3.802ms     251.245ms         0.04%     367.830ms       3.678ms           100  
                                            get nf_nids         0.03%     153.478ms         0.06%     374.559ms       1.873ms     216.979ms         0.04%     332.470ms       1.662ms           200  
                                          aten::dropout         0.00%      17.919ms         0.02%     141.330ms     235.550us       7.342ms         0.00%     319.207ms     532.012us           600  
                                   aten::_fused_dropout         0.01%      44.185ms         0.02%     118.576ms     197.627us     254.620ms         0.04%     311.865ms     519.775us           600  
                                 sync for each sub_iter         0.04%     253.418ms         0.04%     259.382ms       1.297ms     287.971ms         0.05%     293.351ms       1.467ms           200  
                                           aten::linear         0.01%      33.237ms         0.03%     199.897ms     333.162us       5.586ms         0.00%     202.388ms     337.313us           600  
                                            aten::addmm         0.01%      69.243ms         0.02%     110.529ms     184.215us     182.987ms         0.03%     188.014ms     313.357us           600  
                                        aten::clamp_min         0.01%      42.762ms         0.02%      92.239ms      65.885us      95.945ms         0.02%     185.616ms     132.583us          1400  
                                               aten::mm         0.01%      82.032ms         0.02%     126.976ms     126.976us     183.580ms         0.03%     183.580ms     183.580us          1000  
                                       aten::zeros_like         0.01%      45.871ms         0.03%     180.086ms     148.586us      62.332ms         0.01%     171.652ms     141.627us          1212  
                                                aten::t         0.01%      61.064ms         0.03%     206.577ms      73.778us      68.286ms         0.01%     168.355ms      60.127us          2800  
                                            aten::empty         0.03%     160.552ms         0.04%     250.743ms      16.481us     140.373ms         0.02%     140.373ms       9.227us         15214  
     autograd::engine::evaluate_function: ReluBackward0         0.00%       8.846ms         0.01%      47.016ms     117.540us       2.651ms         0.00%     136.344ms     340.860us           400  
                                          ReluBackward0         0.00%       7.289ms         0.01%      34.758ms      86.895us       2.550ms         0.00%     133.693ms     334.233us           400  
                                              aten::sum         0.01%      31.430ms         0.01%      47.157ms      78.595us     132.612ms         0.02%     132.612ms     221.020us           600  
                                     train data prepare         0.02%     131.935ms         0.02%     131.964ms     131.964ms     131.616ms         0.02%     131.618ms     131.618ms             1  
                               aten::threshold_backward         0.00%      14.859ms         0.00%      22.662ms      56.655us     131.143ms         0.02%     131.143ms     327.858us           400  
                                   aten::_reshape_alias         0.05%     305.434ms         0.08%     456.211ms      19.715us     126.110ms         0.02%     126.110ms       5.450us         23140  
autograd::engine::evaluate_function: FusedDropoutBac...         0.00%      10.783ms         0.01%      77.945ms     194.863us       3.704ms         0.00%     117.593ms     293.983us           400  
                                  FusedDropoutBackward0         0.00%       6.991ms         0.01%      63.267ms     158.167us       2.258ms         0.00%     113.889ms     284.723us           400  
                                       aten::empty_like         0.01%      65.567ms         0.02%     146.511ms      48.642us      83.272ms         0.01%     113.062ms      37.537us          3012  
                                    aten::_masked_scale         0.00%      15.855ms         0.01%      51.784ms     129.460us     102.970ms         0.02%     111.631ms     279.077us           400  
                                    aten::empty_strided         0.02%     119.184ms         0.03%     166.584ms      23.098us     110.245ms         0.02%     110.245ms      15.286us          7212  
                                asign frame to nodeflow         0.02%      94.005ms         0.02%     108.748ms     135.935us      99.851ms         0.02%     104.121ms     130.151us           800  
                                              aten::div         0.01%      46.165ms         0.01%      71.812ms      44.883us     100.577ms         0.02%     100.577ms      62.861us          1600  
                                        aten::transpose         0.01%      45.298ms         0.02%     122.254ms      43.662us      57.872ms         0.01%     100.069ms      35.739us          2800  
                                            aten::zero_         0.01%      46.741ms         0.02%     149.300ms      24.023us      40.750ms         0.01%      94.031ms      15.130us          6215  
                                             aten::relu         0.00%      14.627ms         0.01%      66.617ms     166.542us       2.040ms         0.00%      93.899ms     234.748us           400  
autograd::engine::evaluate_function: torch::autograd...         0.01%      56.278ms         0.04%     213.079ms     177.566us      30.264ms         0.00%      90.793ms      75.661us          1200  
                                            aten::fill_         0.01%      75.448ms         0.02%      91.636ms      75.607us      82.742ms         0.01%      82.742ms      68.269us          1212  
                                        aten::new_empty         0.01%      37.950ms         0.01%      88.308ms      55.193us      39.516ms         0.01%      60.650ms      37.906us          1600  
                                           aten::unbind         0.00%      25.625ms         0.01%      73.895ms     369.475us      19.786ms         0.00%      53.632ms     268.160us           200  
                                         aten::new_ones         0.00%      15.026ms         0.01%      77.875ms     129.792us       7.919ms         0.00%      48.890ms      81.483us           600  
                                             aten::add_         0.01%      53.552ms         0.02%      94.842ms      39.617us      45.212ms         0.01%      45.212ms      18.886us          2394  
                                             aten::ones         0.00%      26.342ms         0.01%      59.073ms      98.455us      11.147ms         0.00%      40.971ms      68.285us           600  
                               aten::cross_entropy_loss         0.00%       7.064ms         0.01%      53.105ms     265.525us       3.305ms         0.00%      35.688ms     178.440us           200  
        autograd::engine::evaluate_function: TBackward0         0.00%      10.983ms         0.01%      70.182ms     116.970us       7.566ms         0.00%      35.207ms      58.678us           600  
                                         create sampler         0.01%      33.867ms         0.01%      33.970ms      33.970ms      33.977ms         0.01%      33.992ms      33.992ms             1  
                                           aten::select         0.00%      29.242ms         0.01%      47.294ms      39.412us      31.110ms         0.01%      33.846ms      28.205us          1200  
                        torch::autograd::AccumulateGrad         0.00%      18.168ms         0.01%      80.159ms      66.799us      12.554ms         0.00%      33.632ms      28.027us          1200  
                                      aten::nll_loss_nd         0.00%       3.888ms         0.00%      26.822ms     134.110us       1.201ms         0.00%      28.010ms     140.050us           200  
                                             TBackward0         0.00%       7.560ms         0.01%      53.187ms      88.645us       6.670ms         0.00%      27.641ms      46.068us           600  
                                         aten::nll_loss         0.00%       4.004ms         0.00%      22.418ms     112.090us       1.215ms         0.00%      26.809ms     134.045us           200  
                                 aten::nll_loss_forward         0.00%       9.797ms         0.00%      17.880ms      89.400us      24.746ms         0.00%      25.594ms     127.970us           200  
                                              aten::cat         0.00%       6.934ms         0.01%      43.828ms     219.140us       6.055ms         0.00%      22.908ms     114.540us           200  
                                             aten::mul_         0.00%      26.358ms         0.01%      47.446ms      39.538us      21.824ms         0.00%      21.824ms      18.187us          1200  
autograd::engine::evaluate_function: LogSoftmaxBackw...         0.00%       5.485ms         0.01%      32.562ms     162.810us       7.520ms         0.00%      21.243ms     106.215us           200  
autograd::engine::evaluate_function: NllLossBackward...         0.00%       9.955ms         0.01%      62.061ms     310.305us       2.298ms         0.00%      21.140ms     105.700us           200  
                                             aten::item         0.00%      29.190ms         0.01%      50.008ms      41.673us      14.873ms         0.00%      20.818ms      17.348us          1200  
                                              aten::mul         0.01%      30.786ms         0.01%      50.610ms      42.175us      20.708ms         0.00%      20.708ms      17.257us          1200  
                                         aten::addcmul_         0.00%      13.638ms         0.00%      23.354ms      38.923us      19.300ms         0.00%      19.300ms      32.167us           600  
                                            aten::clamp         0.00%      23.227ms         0.01%      41.987ms      69.978us      13.138ms         0.00%      19.135ms      31.892us           600  
                                       NllLossBackward0         0.00%       5.112ms         0.01%      46.505ms     232.525us       3.756ms         0.00%      18.842ms      94.210us           200  
                                             aten::_cat         0.00%      15.630ms         0.01%      35.922ms     179.610us       8.856ms         0.00%      16.853ms      84.265us           200  
                                         aten::addcdiv_         0.00%      13.280ms         0.00%      22.810ms      38.017us      16.090ms         0.00%      16.090ms      26.817us           600  
                                aten::nll_loss_backward         0.00%      12.446ms         0.01%      38.951ms     194.755us      10.602ms         0.00%      15.086ms      75.430us           200  
                                    LogSoftmaxBackward0         0.00%       4.789ms         0.00%      24.877ms     124.385us       1.433ms         0.00%      13.723ms      68.615us           200  
                       aten::_log_softmax_backward_data         0.00%       9.992ms         0.00%      15.970ms      79.850us      12.290ms         0.00%      12.290ms      61.450us           200  
                                             aten::sqrt         0.00%      16.314ms         0.00%      26.705ms      44.508us       8.781ms         0.00%       8.781ms      14.635us           600  
                                             aten::view         0.00%       8.805ms         0.00%      14.186ms      23.643us       8.739ms         0.00%       8.739ms      14.565us           600  
                                           aten::narrow         0.00%       4.846ms         0.00%      14.842ms      74.210us       4.048ms         0.00%       6.581ms      32.905us           200  
                                        aten::ones_like         0.00%       6.107ms         0.00%      18.695ms      93.475us       2.579ms         0.00%       6.511ms      32.555us           200  
                                      aten::resolve_neg         0.00%       6.390ms         0.00%      12.150ms      10.125us       6.487ms         0.00%       6.487ms       5.406us          1200  
                              aten::_local_scalar_dense         0.00%       6.565ms         0.00%      13.568ms      11.307us       5.945ms         0.00%       5.945ms       4.954us          1200  
                                           aten::expand         0.00%      16.734ms         0.00%      25.620ms      42.700us       3.797ms         0.00%       5.027ms       8.378us           600  
                                      aten::log_softmax         0.00%       6.773ms         0.00%      18.350ms      91.750us       2.141ms         0.00%       4.373ms      21.865us           200  
                                     aten::resolve_conj         0.00%       6.872ms         0.00%      12.787ms      10.656us       4.339ms         0.00%       4.339ms       3.616us          1200  
                aten::_has_compatible_shallow_copy_type         0.00%       5.033ms         0.00%       9.828ms      12.285us       3.977ms         0.00%       3.977ms       4.971us           800  
                                          aten::resize_         0.00%       8.677ms         0.00%      12.846ms      12.846us       2.456ms         0.00%       2.456ms       2.456us          1000  
                                     aten::_log_softmax         0.00%       5.521ms         0.00%       8.319ms      41.595us       1.804ms         0.00%       1.804ms       9.020us           200  
                                             aten::set_         0.00%       1.894ms         0.00%       2.705ms      13.391us     414.000us         0.00%     414.000us       2.050us           202  
                                           aten::detach         0.00%      60.000us         0.00%     204.000us      34.000us      30.000us         0.00%      42.000us       7.000us             6  
                                                 detach         0.00%      69.000us         0.00%     107.000us      17.833us      12.000us         0.00%      12.000us       2.000us             6  
                                          aten::detach_         0.00%      17.000us         0.00%      28.000us      28.000us       5.000us         0.00%       7.000us       7.000us             1  
                                                detach_         0.00%       7.000us         0.00%       9.000us       9.000us       2.000us         0.00%       2.000us       2.000us             1  
                                        cudaEventCreate         0.13%     795.347ms         0.13%     795.353ms       1.445us       0.000us         0.00%       0.000us       0.000us        550574  
                                        cudaEventRecord         0.21%        1.264s         0.21%        1.264s       2.290us       0.000us         0.00%       0.000us       0.000us        551842  
                                  cudaStreamIsCapturing         0.00%     776.000us         0.00%     776.000us       1.228us       0.000us         0.00%       0.000us       0.000us           632  
-------------------------------------------------------  ------------  ------------  ------------  ------------  ------------  ------------  ------------  ------------  ------------  ------------  
Self CPU time total: 607.362s
Self CUDA time total: 607.119s

2023-03-16 19:43:18,095 - INFO - Rank 1 | wait sampler total time: 8.39589524269104, total sub_iters: 200, avg sub_iter time:0.0419794762134552
