2023-11-05 01:57:15,890 - INFO - Rank 0 | Client Args: Namespace(dataset='/home/weijian/gitclone/repgnn/./dist/repgnn_data/reddit0', sampling='2', hidden_size=256, n_classes=60, batch_size=1024, dropout=0.2, lr=0.001, weight_decay=0, model_name='gat', epoch=100, num_worker=1, cache_size=0, seed=None, log=True, eval=True, dist_url='tcp://10.214.241.227:23457', world_size=4, rank=0, gpu=0, grpc_port='10.214.241.227:18116', mlp_layers=1, block='res+', conv='gen', gcn_aggr='max', norm='batch', t=1.0, p=1.0, y=0.0, learn_t=False, learn_p=False, learn_y=False, msg_norm=False, learn_msg_scale=False, distributed=True)
2023-11-05 01:57:16,616 - INFO - Rank 0 | Added key: store_based_barrier_key:1 to store for rank: 0
2023-11-05 01:57:16,627 - INFO - Rank 0 | Rank 0: Completed store-based barrier for key:store_based_barrier_key:1 with 4 nodes.
2023-11-05 01:57:16,627 - INFO - Rank 0 | Using 4 distributed GPUs in total for training...
2023-11-05 01:57:49,101 - INFO - Rank 0 | Reducer buckets have been rebuilt in this iteration.
2023-11-05 01:58:07,424 - INFO - Rank 0 | rank: 0, iter_num: 38
2023-11-05 01:58:07,425 - INFO - Rank 0 | Epoch miss rate ( miss_num/try_num ) for epoch 0 on rank 0: 375477 / 472340 = 0.7949294999364864
2023-11-05 01:58:07,426 - INFO - Rank 0 | Up to now, total_local_feats_gather_time = 0.04 s, total_remote_feats_gather_time = 12.932 s
2023-11-05 01:58:07,426 - INFO - Rank 0 | => cur_epoch 0 finished on rank 0
2023-11-05 01:58:21,874 - INFO - Rank 0 | Epoch: 0, Test Accuracy 0.8339945783889557
2023-11-05 01:58:41,043 - INFO - Rank 0 | rank: 0, iter_num: 38
2023-11-05 01:58:41,044 - INFO - Rank 0 | Epoch miss rate ( miss_num/try_num ) for epoch 1 on rank 0: 982792 / 1253176 = 0.784241000466016
2023-11-05 01:58:41,045 - INFO - Rank 0 | Up to now, total_local_feats_gather_time = 0.151 s, total_remote_feats_gather_time = 35.247 s
2023-11-05 01:58:41,045 - INFO - Rank 0 | => cur_epoch 1 finished on rank 0
2023-11-05 01:58:54,447 - INFO - Rank 0 | Epoch: 1, Test Accuracy 0.8752670412724629
2023-11-05 01:59:13,509 - INFO - Rank 0 | rank: 0, iter_num: 38
2023-11-05 01:59:13,511 - INFO - Rank 0 | Epoch miss rate ( miss_num/try_num ) for epoch 2 on rank 0: 1589205 / 2033210 = 0.7816236394666561
2023-11-05 01:59:13,516 - INFO - Rank 0 | Up to now, total_local_feats_gather_time = 0.248 s, total_remote_feats_gather_time = 56.171 s
2023-11-05 01:59:13,516 - INFO - Rank 0 | => cur_epoch 2 finished on rank 0
2023-11-05 01:59:28,367 - INFO - Rank 0 | Epoch: 2, Test Accuracy 0.8873848805270811
2023-11-05 01:59:47,338 - INFO - Rank 0 | rank: 0, iter_num: 38
2023-11-05 01:59:47,340 - INFO - Rank 0 | Epoch miss rate ( miss_num/try_num ) for epoch 3 on rank 0: 2196680 / 2813417 = 0.7807872064468225
2023-11-05 01:59:47,340 - INFO - Rank 0 | Up to now, total_local_feats_gather_time = 0.359 s, total_remote_feats_gather_time = 78.696 s
2023-11-05 01:59:47,340 - INFO - Rank 0 | => cur_epoch 3 finished on rank 0
2023-11-05 02:00:02,181 - INFO - Rank 0 | Epoch: 3, Test Accuracy 0.8968098666140064
2023-11-05 02:00:21,393 - INFO - Rank 0 | rank: 0, iter_num: 38
2023-11-05 02:00:21,394 - INFO - Rank 0 | Epoch miss rate ( miss_num/try_num ) for epoch 4 on rank 0: 2805475 / 3593981 = 0.7806037371928233
2023-11-05 02:00:21,396 - INFO - Rank 0 | Up to now, total_local_feats_gather_time = 0.47100000000000003 s, total_remote_feats_gather_time = 101.387 s
2023-11-05 02:00:21,396 - INFO - Rank 0 | => cur_epoch 4 finished on rank 0
2023-11-05 02:00:35,838 - INFO - Rank 0 | Epoch: 4, Test Accuracy 0.8989282444392582
2023-11-05 02:00:54,608 - INFO - Rank 0 | rank: 0, iter_num: 38
2023-11-05 02:00:54,610 - INFO - Rank 0 | Epoch miss rate ( miss_num/try_num ) for epoch 5 on rank 0: 3411783 / 4374833 = 0.7798658828805579
2023-11-05 02:00:54,611 - INFO - Rank 0 | Up to now, total_local_feats_gather_time = 0.5720000000000001 s, total_remote_feats_gather_time = 123.366 s
2023-11-05 02:00:54,611 - INFO - Rank 0 | => cur_epoch 5 finished on rank 0
2023-11-05 02:01:07,699 - INFO - Rank 0 | Epoch: 5, Test Accuracy 0.9025725723928694
2023-11-05 02:01:26,579 - INFO - Rank 0 | rank: 0, iter_num: 38
2023-11-05 02:01:26,581 - INFO - Rank 0 | Epoch miss rate ( miss_num/try_num ) for epoch 6 on rank 0: 4018852 / 5154227 = 0.7797196359415292
2023-11-05 02:01:26,581 - INFO - Rank 0 | Up to now, total_local_feats_gather_time = 0.676 s, total_remote_feats_gather_time = 143.93 s
2023-11-05 02:01:26,582 - INFO - Rank 0 | => cur_epoch 6 finished on rank 0
2023-11-05 02:01:40,563 - INFO - Rank 0 | Epoch: 6, Test Accuracy 0.9035779042421413
2023-11-05 02:01:59,769 - INFO - Rank 0 | rank: 0, iter_num: 38
2023-11-05 02:01:59,771 - INFO - Rank 0 | Epoch miss rate ( miss_num/try_num ) for epoch 7 on rank 0: 4626433 / 5934268 = 0.7796130879158137
2023-11-05 02:01:59,772 - INFO - Rank 0 | Up to now, total_local_feats_gather_time = 0.776 s, total_remote_feats_gather_time = 165.591 s
2023-11-05 02:01:59,772 - INFO - Rank 0 | => cur_epoch 7 finished on rank 0
2023-11-05 02:02:13,625 - INFO - Rank 0 | Epoch: 7, Test Accuracy 0.9056603773584906
2023-11-05 02:02:32,786 - INFO - Rank 0 | rank: 0, iter_num: 38
2023-11-05 02:02:32,788 - INFO - Rank 0 | Epoch miss rate ( miss_num/try_num ) for epoch 8 on rank 0: 5233810 / 6714527 = 0.7794756056532351
2023-11-05 02:02:32,789 - INFO - Rank 0 | Up to now, total_local_feats_gather_time = 0.894 s, total_remote_feats_gather_time = 187.446 s
2023-11-05 02:02:32,789 - INFO - Rank 0 | => cur_epoch 8 finished on rank 0
2023-11-05 02:02:46,182 - INFO - Rank 0 | Epoch: 8, Test Accuracy 0.9083711828806348
2023-11-05 02:03:05,396 - INFO - Rank 0 | rank: 0, iter_num: 38
2023-11-05 02:03:05,398 - INFO - Rank 0 | Epoch miss rate ( miss_num/try_num ) for epoch 9 on rank 0: 5840140 / 7495105 = 0.779193887210386
2023-11-05 02:03:05,398 - INFO - Rank 0 | Up to now, total_local_feats_gather_time = 0.991 s, total_remote_feats_gather_time = 208.578 s
2023-11-05 02:03:05,398 - INFO - Rank 0 | => cur_epoch 9 finished on rank 0
2023-11-05 02:03:20,341 - INFO - Rank 0 | Epoch: 9, Test Accuracy 0.9075992316392295
2023-11-05 02:03:39,535 - INFO - Rank 0 | rank: 0, iter_num: 38
2023-11-05 02:03:39,537 - INFO - Rank 0 | Epoch miss rate ( miss_num/try_num ) for epoch 10 on rank 0: 6446929 / 8275155 = 0.7790704826676963
2023-11-05 02:03:39,538 - INFO - Rank 0 | Up to now, total_local_feats_gather_time = 1.097 s, total_remote_feats_gather_time = 230.953 s
2023-11-05 02:03:39,538 - INFO - Rank 0 | => cur_epoch 10 finished on rank 0
2023-11-05 02:03:52,454 - INFO - Rank 0 | Epoch: 10, Test Accuracy 0.9099689424267993
2023-11-05 02:04:11,587 - INFO - Rank 0 | rank: 0, iter_num: 38
2023-11-05 02:04:11,589 - INFO - Rank 0 | Epoch miss rate ( miss_num/try_num ) for epoch 11 on rank 0: 7053063 / 9055300 = 0.7788878336443851
2023-11-05 02:04:11,590 - INFO - Rank 0 | Up to now, total_local_feats_gather_time = 1.198 s, total_remote_feats_gather_time = 251.997 s
2023-11-05 02:04:11,590 - INFO - Rank 0 | => cur_epoch 11 finished on rank 0
2023-11-05 02:04:26,341 - INFO - Rank 0 | Epoch: 11, Test Accuracy 0.9097714665278351
2023-11-05 02:04:45,386 - INFO - Rank 0 | rank: 0, iter_num: 38
2023-11-05 02:04:45,388 - INFO - Rank 0 | Epoch miss rate ( miss_num/try_num ) for epoch 12 on rank 0: 7659209 / 9835400 = 0.7787389430018098
2023-11-05 02:04:45,389 - INFO - Rank 0 | Up to now, total_local_feats_gather_time = 1.304 s, total_remote_feats_gather_time = 274.521 s
2023-11-05 02:04:45,389 - INFO - Rank 0 | => cur_epoch 12 finished on rank 0
2023-11-05 02:05:00,324 - INFO - Rank 0 | Epoch: 12, Test Accuracy 0.9118539396441844
2023-11-05 02:05:19,053 - INFO - Rank 0 | rank: 0, iter_num: 38
2023-11-05 02:05:19,055 - INFO - Rank 0 | Epoch miss rate ( miss_num/try_num ) for epoch 13 on rank 0: 8265675 / 10615536 = 0.7786394394027772
2023-11-05 02:05:19,056 - INFO - Rank 0 | Up to now, total_local_feats_gather_time = 1.4040000000000001 s, total_remote_feats_gather_time = 296.69100000000003 s
2023-11-05 02:05:19,056 - INFO - Rank 0 | => cur_epoch 13 finished on rank 0
2023-11-05 02:05:32,698 - INFO - Rank 0 | Epoch: 13, Test Accuracy 0.9108845125038149
2023-11-05 02:05:51,865 - INFO - Rank 0 | rank: 0, iter_num: 38
2023-11-05 02:05:51,866 - INFO - Rank 0 | Epoch miss rate ( miss_num/try_num ) for epoch 14 on rank 0: 8871901 / 11395928 = 0.7785150099228426
2023-11-05 02:05:51,867 - INFO - Rank 0 | Up to now, total_local_feats_gather_time = 1.51 s, total_remote_feats_gather_time = 318.098 s
2023-11-05 02:05:51,868 - INFO - Rank 0 | => cur_epoch 14 finished on rank 0
2023-11-05 02:06:05,396 - INFO - Rank 0 | Epoch: 14, Test Accuracy 0.910830655440461
2023-11-05 02:06:24,450 - INFO - Rank 0 | rank: 0, iter_num: 38
2023-11-05 02:06:24,452 - INFO - Rank 0 | Epoch miss rate ( miss_num/try_num ) for epoch 15 on rank 0: 9478401 / 12176067 = 0.7784452073070885
2023-11-05 02:06:24,453 - INFO - Rank 0 | Up to now, total_local_feats_gather_time = 1.609 s, total_remote_feats_gather_time = 339.157 s
2023-11-05 02:06:24,453 - INFO - Rank 0 | => cur_epoch 15 finished on rank 0
2023-11-05 02:06:37,907 - INFO - Rank 0 | Epoch: 15, Test Accuracy 0.9116385113907689
2023-11-05 02:06:57,302 - INFO - Rank 0 | rank: 0, iter_num: 38
2023-11-05 02:06:57,303 - INFO - Rank 0 | Epoch miss rate ( miss_num/try_num ) for epoch 16 on rank 0: 10084022 / 12956196 = 0.7783165676098138
2023-11-05 02:06:57,303 - INFO - Rank 0 | Up to now, total_local_feats_gather_time = 1.719 s, total_remote_feats_gather_time = 360.543 s
2023-11-05 02:06:57,304 - INFO - Rank 0 | => cur_epoch 16 finished on rank 0
2023-11-05 02:07:10,218 - INFO - Rank 0 | Epoch: 16, Test Accuracy 0.910453655996984
2023-11-05 02:07:29,223 - INFO - Rank 0 | rank: 0, iter_num: 38
2023-11-05 02:07:29,225 - INFO - Rank 0 | Epoch miss rate ( miss_num/try_num ) for epoch 17 on rank 0: 10690825 / 13736450 = 0.7782815065027718
2023-11-05 02:07:29,226 - INFO - Rank 0 | Up to now, total_local_feats_gather_time = 1.819 s, total_remote_feats_gather_time = 380.909 s
2023-11-05 02:07:29,226 - INFO - Rank 0 | => cur_epoch 17 finished on rank 0
2023-11-05 02:07:43,409 - INFO - Rank 0 | Epoch: 17, Test Accuracy 0.9107229413137533
2023-11-05 02:08:02,269 - INFO - Rank 0 | rank: 0, iter_num: 38
2023-11-05 02:08:02,271 - INFO - Rank 0 | Epoch miss rate ( miss_num/try_num ) for epoch 18 on rank 0: 11297633 / 14516641 = 0.778253936292838
2023-11-05 02:08:02,272 - INFO - Rank 0 | Up to now, total_local_feats_gather_time = 1.923 s, total_remote_feats_gather_time = 402.848 s
2023-11-05 02:08:02,272 - INFO - Rank 0 | => cur_epoch 18 finished on rank 0
2023-11-05 02:08:17,045 - INFO - Rank 0 | Epoch: 18, Test Accuracy 0.9133080803547385
2023-11-05 02:08:35,874 - INFO - Rank 0 | rank: 0, iter_num: 38
2023-11-05 02:08:35,881 - INFO - Rank 0 | Epoch miss rate ( miss_num/try_num ) for epoch 19 on rank 0: 11905155 / 15297610 = 0.7782362735093913
2023-11-05 02:08:35,882 - INFO - Rank 0 | Up to now, total_local_feats_gather_time = 2.021 s, total_remote_feats_gather_time = 425.194 s
2023-11-05 02:08:35,882 - INFO - Rank 0 | => cur_epoch 19 finished on rank 0
2023-11-05 02:08:50,359 - INFO - Rank 0 | Epoch: 19, Test Accuracy 0.9139005080516309
2023-11-05 02:09:09,239 - INFO - Rank 0 | rank: 0, iter_num: 38
2023-11-05 02:09:09,241 - INFO - Rank 0 | Epoch miss rate ( miss_num/try_num ) for epoch 20 on rank 0: 12512144 / 16078238 = 0.7782036812740302
2023-11-05 02:09:09,242 - INFO - Rank 0 | Up to now, total_local_feats_gather_time = 2.12 s, total_remote_feats_gather_time = 446.845 s
2023-11-05 02:09:09,242 - INFO - Rank 0 | => cur_epoch 20 finished on rank 0
2023-11-05 02:09:22,836 - INFO - Rank 0 | Epoch: 20, Test Accuracy 0.9133619374180924
2023-11-05 02:09:41,627 - INFO - Rank 0 | rank: 0, iter_num: 38
2023-11-05 02:09:41,629 - INFO - Rank 0 | Epoch miss rate ( miss_num/try_num ) for epoch 21 on rank 0: 13119780 / 16858795 = 0.7782157621585647
2023-11-05 02:09:41,630 - INFO - Rank 0 | Up to now, total_local_feats_gather_time = 2.229 s, total_remote_feats_gather_time = 467.647 s
2023-11-05 02:09:41,630 - INFO - Rank 0 | => cur_epoch 21 finished on rank 0
2023-11-05 02:09:55,691 - INFO - Rank 0 | Epoch: 21, Test Accuracy 0.9129490332657128
2023-11-05 02:10:14,321 - INFO - Rank 0 | rank: 0, iter_num: 38
2023-11-05 02:10:14,323 - INFO - Rank 0 | Epoch miss rate ( miss_num/try_num ) for epoch 22 on rank 0: 13726009 / 17639829 = 0.7781259670941254
2023-11-05 02:10:14,324 - INFO - Rank 0 | Up to now, total_local_feats_gather_time = 2.349 s, total_remote_feats_gather_time = 489.183 s
2023-11-05 02:10:14,324 - INFO - Rank 0 | => cur_epoch 22 finished on rank 0
2023-11-05 02:10:27,291 - INFO - Rank 0 | Epoch: 22, Test Accuracy 0.9137389368615694
2023-11-05 02:10:46,404 - INFO - Rank 0 | rank: 0, iter_num: 38
2023-11-05 02:10:46,406 - INFO - Rank 0 | Epoch miss rate ( miss_num/try_num ) for epoch 23 on rank 0: 14333037 / 18420846 = 0.7780878793514695
2023-11-05 02:10:46,406 - INFO - Rank 0 | Up to now, total_local_feats_gather_time = 2.452 s, total_remote_feats_gather_time = 509.697 s
2023-11-05 02:10:46,406 - INFO - Rank 0 | => cur_epoch 23 finished on rank 0
2023-11-05 02:11:01,078 - INFO - Rank 0 | Epoch: 23, Test Accuracy 0.9144390786851696
2023-11-05 02:11:20,096 - INFO - Rank 0 | rank: 0, iter_num: 38
2023-11-05 02:11:20,097 - INFO - Rank 0 | Epoch miss rate ( miss_num/try_num ) for epoch 24 on rank 0: 14940351 / 19200991 = 0.7781031197816821
2023-11-05 02:11:20,098 - INFO - Rank 0 | Up to now, total_local_feats_gather_time = 2.5580000000000003 s, total_remote_feats_gather_time = 531.9350000000001 s
2023-11-05 02:11:20,098 - INFO - Rank 0 | => cur_epoch 24 finished on rank 0
2023-11-05 02:11:33,014 - INFO - Rank 0 | Epoch: 24, Test Accuracy 0.9156777911423083
2023-11-05 02:11:52,120 - INFO - Rank 0 | rank: 0, iter_num: 38
2023-11-05 02:11:52,121 - INFO - Rank 0 | Epoch miss rate ( miss_num/try_num ) for epoch 25 on rank 0: 15547151 / 19981657 = 0.7780711579625254
2023-11-05 02:11:52,122 - INFO - Rank 0 | Up to now, total_local_feats_gather_time = 2.6630000000000003 s, total_remote_feats_gather_time = 552.509 s
2023-11-05 02:11:52,122 - INFO - Rank 0 | => cur_epoch 25 finished on rank 0
2023-11-05 02:12:05,940 - INFO - Rank 0 | Epoch: 25, Test Accuracy 0.9153187440532826
2023-11-05 02:12:24,871 - INFO - Rank 0 | rank: 0, iter_num: 38
2023-11-05 02:12:24,872 - INFO - Rank 0 | Epoch miss rate ( miss_num/try_num ) for epoch 26 on rank 0: 16152402 / 20761822 = 0.777985766374454
2023-11-05 02:12:24,873 - INFO - Rank 0 | Up to now, total_local_feats_gather_time = 2.767 s, total_remote_feats_gather_time = 574.142 s
2023-11-05 02:12:24,873 - INFO - Rank 0 | => cur_epoch 26 finished on rank 0
2023-11-05 02:12:39,170 - INFO - Rank 0 | Epoch: 26, Test Accuracy 0.9147981257741953
2023-11-05 02:12:58,350 - INFO - Rank 0 | rank: 0, iter_num: 38
2023-11-05 02:12:58,352 - INFO - Rank 0 | Epoch miss rate ( miss_num/try_num ) for epoch 27 on rank 0: 16759278 / 21542069 = 0.7779790325618212
2023-11-05 02:12:58,353 - INFO - Rank 0 | Up to now, total_local_feats_gather_time = 2.87 s, total_remote_feats_gather_time = 596.351 s
2023-11-05 02:12:58,353 - INFO - Rank 0 | => cur_epoch 27 finished on rank 0
2023-11-05 02:13:11,476 - INFO - Rank 0 | Epoch: 27, Test Accuracy 0.9160727429402367
2023-11-05 02:13:30,581 - INFO - Rank 0 | rank: 0, iter_num: 38
2023-11-05 02:13:30,583 - INFO - Rank 0 | Epoch miss rate ( miss_num/try_num ) for epoch 28 on rank 0: 17364621 / 22321940 = 0.7779171971611787
2023-11-05 02:13:30,584 - INFO - Rank 0 | Up to now, total_local_feats_gather_time = 2.979 s, total_remote_feats_gather_time = 617.23 s
2023-11-05 02:13:30,584 - INFO - Rank 0 | => cur_epoch 28 finished on rank 0
2023-11-05 02:13:44,325 - INFO - Rank 0 | Epoch: 28, Test Accuracy 0.9154623628888929
2023-11-05 02:14:03,207 - INFO - Rank 0 | rank: 0, iter_num: 38
2023-11-05 02:14:03,208 - INFO - Rank 0 | Epoch miss rate ( miss_num/try_num ) for epoch 29 on rank 0: 17970824 / 23102149 = 0.7778853820049382
2023-11-05 02:14:03,209 - INFO - Rank 0 | Up to now, total_local_feats_gather_time = 3.083 s, total_remote_feats_gather_time = 638.559 s
2023-11-05 02:14:03,210 - INFO - Rank 0 | => cur_epoch 29 finished on rank 0
2023-11-05 02:14:16,543 - INFO - Rank 0 | Epoch: 29, Test Accuracy 0.9140979839505952
2023-11-05 02:14:35,764 - INFO - Rank 0 | rank: 0, iter_num: 38
2023-11-05 02:14:35,765 - INFO - Rank 0 | Epoch miss rate ( miss_num/try_num ) for epoch 30 on rank 0: 18578445 / 23882214 = 0.7779197104590052
2023-11-05 02:14:35,766 - INFO - Rank 0 | Up to now, total_local_feats_gather_time = 3.1830000000000003 s, total_remote_feats_gather_time = 659.783 s
2023-11-05 02:14:35,766 - INFO - Rank 0 | => cur_epoch 30 finished on rank 0
2023-11-05 02:14:49,014 - INFO - Rank 0 | Epoch: 30, Test Accuracy 0.9168267418271906
2023-11-05 02:15:08,151 - INFO - Rank 0 | rank: 0, iter_num: 38
2023-11-05 02:15:08,153 - INFO - Rank 0 | Epoch miss rate ( miss_num/try_num ) for epoch 31 on rank 0: 19185885 / 24663029 = 0.7779208709522257
2023-11-05 02:15:08,153 - INFO - Rank 0 | Up to now, total_local_feats_gather_time = 3.287 s, total_remote_feats_gather_time = 680.843 s
2023-11-05 02:15:08,153 - INFO - Rank 0 | => cur_epoch 31 finished on rank 0
2023-11-05 02:15:22,832 - INFO - Rank 0 | Epoch: 31, Test Accuracy 0.9144390786851696
2023-11-05 02:15:41,798 - INFO - Rank 0 | rank: 0, iter_num: 38
2023-11-05 02:15:41,800 - INFO - Rank 0 | Epoch miss rate ( miss_num/try_num ) for epoch 32 on rank 0: 19794281 / 25443558 = 0.777968277864283
2023-11-05 02:15:41,800 - INFO - Rank 0 | Up to now, total_local_feats_gather_time = 3.3810000000000002 s, total_remote_feats_gather_time = 703.111 s
2023-11-05 02:15:41,801 - INFO - Rank 0 | => cur_epoch 32 finished on rank 0
2023-11-05 02:15:55,037 - INFO - Rank 0 | Epoch: 32, Test Accuracy 0.9148160781286466
2023-11-05 02:16:13,796 - INFO - Rank 0 | rank: 0, iter_num: 38
2023-11-05 02:16:13,797 - INFO - Rank 0 | Epoch miss rate ( miss_num/try_num ) for epoch 33 on rank 0: 20402063 / 26224091 = 0.777989330497671
2023-11-05 02:16:13,798 - INFO - Rank 0 | Up to now, total_local_feats_gather_time = 3.478 s, total_remote_feats_gather_time = 724.016 s
2023-11-05 02:16:13,798 - INFO - Rank 0 | => cur_epoch 33 finished on rank 0
2023-11-05 02:16:27,506 - INFO - Rank 0 | Epoch: 33, Test Accuracy 0.916719027700483
2023-11-05 02:16:46,622 - INFO - Rank 0 | rank: 0, iter_num: 38
2023-11-05 02:16:46,624 - INFO - Rank 0 | Epoch miss rate ( miss_num/try_num ) for epoch 34 on rank 0: 21009131 / 27004532 = 0.7779853766767741
2023-11-05 02:16:46,625 - INFO - Rank 0 | Up to now, total_local_feats_gather_time = 3.581 s, total_remote_feats_gather_time = 745.61 s
2023-11-05 02:16:46,625 - INFO - Rank 0 | => cur_epoch 34 finished on rank 0
2023-11-05 02:16:59,834 - INFO - Rank 0 | Epoch: 34, Test Accuracy 0.9165035994470675
2023-11-05 02:17:18,864 - INFO - Rank 0 | rank: 0, iter_num: 38
2023-11-05 02:17:18,866 - INFO - Rank 0 | Epoch miss rate ( miss_num/try_num ) for epoch 35 on rank 0: 21616052 / 27784339 = 0.7779941066800258
2023-11-05 02:17:18,867 - INFO - Rank 0 | Up to now, total_local_feats_gather_time = 3.684 s, total_remote_feats_gather_time = 766.503 s
2023-11-05 02:17:18,867 - INFO - Rank 0 | => cur_epoch 35 finished on rank 0
2023-11-05 02:17:33,346 - INFO - Rank 0 | Epoch: 35, Test Accuracy 0.9173832648151805
2023-11-05 02:17:52,615 - INFO - Rank 0 | rank: 0, iter_num: 38
2023-11-05 02:17:52,617 - INFO - Rank 0 | Epoch miss rate ( miss_num/try_num ) for epoch 36 on rank 0: 22223293 / 28564839 = 0.7779946878048218
2023-11-05 02:17:52,618 - INFO - Rank 0 | Up to now, total_local_feats_gather_time = 3.786 s, total_remote_feats_gather_time = 788.6610000000001 s
2023-11-05 02:17:52,618 - INFO - Rank 0 | => cur_epoch 36 finished on rank 0
2023-11-05 02:18:07,297 - INFO - Rank 0 | Epoch: 36, Test Accuracy 0.91528283934438
2023-11-05 02:18:26,207 - INFO - Rank 0 | rank: 0, iter_num: 38
2023-11-05 02:18:26,209 - INFO - Rank 0 | Epoch miss rate ( miss_num/try_num ) for epoch 37 on rank 0: 22830571 / 29345647 = 0.777988333329301
2023-11-05 02:18:26,210 - INFO - Rank 0 | Up to now, total_local_feats_gather_time = 3.894 s, total_remote_feats_gather_time = 810.49 s
2023-11-05 02:18:26,210 - INFO - Rank 0 | => cur_epoch 37 finished on rank 0
2023-11-05 02:18:40,494 - INFO - Rank 0 | Epoch: 37, Test Accuracy 0.9164138376748111
2023-11-05 02:18:59,882 - INFO - Rank 0 | rank: 0, iter_num: 38
2023-11-05 02:18:59,884 - INFO - Rank 0 | Epoch miss rate ( miss_num/try_num ) for epoch 38 on rank 0: 23437465 / 30125897 = 0.7779839717303687
2023-11-05 02:18:59,884 - INFO - Rank 0 | Up to now, total_local_feats_gather_time = 3.995 s, total_remote_feats_gather_time = 832.691 s
2023-11-05 02:18:59,884 - INFO - Rank 0 | => cur_epoch 38 finished on rank 0
2023-11-05 02:19:14,252 - INFO - Rank 0 | Epoch: 38, Test Accuracy 0.916288171193652
2023-11-05 02:19:33,228 - INFO - Rank 0 | rank: 0, iter_num: 38
2023-11-05 02:19:33,229 - INFO - Rank 0 | Epoch miss rate ( miss_num/try_num ) for epoch 39 on rank 0: 24043923 / 30906389 = 0.7779596315829714
2023-11-05 02:19:33,231 - INFO - Rank 0 | Up to now, total_local_feats_gather_time = 4.103 s, total_remote_feats_gather_time = 854.418 s
2023-11-05 02:19:33,231 - INFO - Rank 0 | => cur_epoch 39 finished on rank 0
2023-11-05 02:19:47,712 - INFO - Rank 0 | Epoch: 39, Test Accuracy 0.9178500260309139
2023-11-05 02:20:06,735 - INFO - Rank 0 | rank: 0, iter_num: 38
2023-11-05 02:20:06,737 - INFO - Rank 0 | Epoch miss rate ( miss_num/try_num ) for epoch 40 on rank 0: 24650135 / 31686342 = 0.7779419599775828
2023-11-05 02:20:06,738 - INFO - Rank 0 | Up to now, total_local_feats_gather_time = 4.212 s, total_remote_feats_gather_time = 876.139 s
2023-11-05 02:20:06,738 - INFO - Rank 0 | => cur_epoch 40 finished on rank 0
2023-11-05 02:20:21,409 - INFO - Rank 0 | Epoch: 40, Test Accuracy 0.9162343141302982
2023-11-05 02:20:40,523 - INFO - Rank 0 | rank: 0, iter_num: 38
2023-11-05 02:20:40,524 - INFO - Rank 0 | Epoch miss rate ( miss_num/try_num ) for epoch 41 on rank 0: 25256969 / 32466139 = 0.7779480337960729
2023-11-05 02:20:40,525 - INFO - Rank 0 | Up to now, total_local_feats_gather_time = 4.3180000000000005 s, total_remote_feats_gather_time = 898.385 s
2023-11-05 02:20:40,525 - INFO - Rank 0 | => cur_epoch 41 finished on rank 0
2023-11-05 02:20:53,930 - INFO - Rank 0 | Epoch: 41, Test Accuracy 0.9171319318528625
2023-11-05 02:21:12,830 - INFO - Rank 0 | rank: 0, iter_num: 38
2023-11-05 02:21:12,832 - INFO - Rank 0 | Epoch miss rate ( miss_num/try_num ) for epoch 42 on rank 0: 25863454 / 33246117 = 0.7779390898491996
2023-11-05 02:21:12,833 - INFO - Rank 0 | Up to now, total_local_feats_gather_time = 4.418 s, total_remote_feats_gather_time = 919.254 s
2023-11-05 02:21:12,833 - INFO - Rank 0 | => cur_epoch 42 finished on rank 0
2023-11-05 02:21:27,513 - INFO - Rank 0 | Epoch: 42, Test Accuracy 0.915911171750175
2023-11-05 02:21:46,657 - INFO - Rank 0 | rank: 0, iter_num: 38
2023-11-05 02:21:46,663 - INFO - Rank 0 | Epoch miss rate ( miss_num/try_num ) for epoch 43 on rank 0: 26469051 / 34026429 = 0.7778968224964189
2023-11-05 02:21:46,664 - INFO - Rank 0 | Up to now, total_local_feats_gather_time = 4.527 s, total_remote_feats_gather_time = 941.287 s
2023-11-05 02:21:46,665 - INFO - Rank 0 | => cur_epoch 43 finished on rank 0
2023-11-05 02:22:01,690 - INFO - Rank 0 | Epoch: 43, Test Accuracy 0.9161445523580417
2023-11-05 02:22:20,762 - INFO - Rank 0 | rank: 0, iter_num: 38
2023-11-05 02:22:20,763 - INFO - Rank 0 | Epoch miss rate ( miss_num/try_num ) for epoch 44 on rank 0: 27075714 / 34806739 = 0.7778871212267257
2023-11-05 02:22:20,764 - INFO - Rank 0 | Up to now, total_local_feats_gather_time = 4.624 s, total_remote_feats_gather_time = 963.302 s
2023-11-05 02:22:20,764 - INFO - Rank 0 | => cur_epoch 44 finished on rank 0
2023-11-05 02:22:33,808 - INFO - Rank 0 | Epoch: 44, Test Accuracy 0.916719027700483
2023-11-05 02:22:53,085 - INFO - Rank 0 | rank: 0, iter_num: 38
2023-11-05 02:22:53,087 - INFO - Rank 0 | Epoch miss rate ( miss_num/try_num ) for epoch 45 on rank 0: 27681730 / 35586907 = 0.7778627684614456
2023-11-05 02:22:53,088 - INFO - Rank 0 | Up to now, total_local_feats_gather_time = 4.727 s, total_remote_feats_gather_time = 984.273 s
2023-11-05 02:22:53,088 - INFO - Rank 0 | => cur_epoch 45 finished on rank 0
2023-11-05 02:23:08,085 - INFO - Rank 0 | Epoch: 45, Test Accuracy 0.9169703606628009
2023-11-05 02:23:27,458 - INFO - Rank 0 | rank: 0, iter_num: 38
2023-11-05 02:23:27,460 - INFO - Rank 0 | Epoch miss rate ( miss_num/try_num ) for epoch 46 on rank 0: 28287967 / 36367498 = 0.7778364901539281
2023-11-05 02:23:27,461 - INFO - Rank 0 | Up to now, total_local_feats_gather_time = 4.828 s, total_remote_feats_gather_time = 1007.039 s
2023-11-05 02:23:27,461 - INFO - Rank 0 | => cur_epoch 46 finished on rank 0
2023-11-05 02:23:42,326 - INFO - Rank 0 | Epoch: 46, Test Accuracy 0.9158214099779186
2023-11-05 02:24:01,599 - INFO - Rank 0 | rank: 0, iter_num: 38
2023-11-05 02:24:01,601 - INFO - Rank 0 | Epoch miss rate ( miss_num/try_num ) for epoch 47 on rank 0: 28895242 / 37147908 = 0.7778430483891583
2023-11-05 02:24:01,602 - INFO - Rank 0 | Up to now, total_local_feats_gather_time = 4.928 s, total_remote_feats_gather_time = 1029.508 s
2023-11-05 02:24:01,602 - INFO - Rank 0 | => cur_epoch 47 finished on rank 0
2023-11-05 02:24:14,722 - INFO - Rank 0 | Epoch: 47, Test Accuracy 0.9162522664847494
2023-11-05 02:24:34,082 - INFO - Rank 0 | rank: 0, iter_num: 38
2023-11-05 02:24:34,084 - INFO - Rank 0 | Epoch miss rate ( miss_num/try_num ) for epoch 48 on rank 0: 29502429 / 37928141 = 0.7778506465687312
2023-11-05 02:24:34,084 - INFO - Rank 0 | Up to now, total_local_feats_gather_time = 5.033 s, total_remote_feats_gather_time = 1050.776 s
2023-11-05 02:24:34,085 - INFO - Rank 0 | => cur_epoch 48 finished on rank 0
2023-11-05 02:24:48,524 - INFO - Rank 0 | Epoch: 48, Test Accuracy 0.9175448360052421
2023-11-05 02:25:07,840 - INFO - Rank 0 | rank: 0, iter_num: 38
2023-11-05 02:25:07,841 - INFO - Rank 0 | Epoch miss rate ( miss_num/try_num ) for epoch 49 on rank 0: 30109355 / 38708371 = 0.7778512559983473
2023-11-05 02:25:07,842 - INFO - Rank 0 | Up to now, total_local_feats_gather_time = 5.1450000000000005 s, total_remote_feats_gather_time = 1073.267 s
2023-11-05 02:25:07,842 - INFO - Rank 0 | => cur_epoch 49 finished on rank 0
2023-11-05 02:25:22,262 - INFO - Rank 0 | Epoch: 49, Test Accuracy 0.918981024361345
2023-11-05 02:25:41,456 - INFO - Rank 0 | rank: 0, iter_num: 38
2023-11-05 02:25:41,457 - INFO - Rank 0 | Epoch miss rate ( miss_num/try_num ) for epoch 50 on rank 0: 30716984 / 39489287 = 0.7778561309552132
2023-11-05 02:25:41,457 - INFO - Rank 0 | Up to now, total_local_feats_gather_time = 5.251 s, total_remote_feats_gather_time = 1095.4850000000001 s
2023-11-05 02:25:41,457 - INFO - Rank 0 | => cur_epoch 50 finished on rank 0
2023-11-05 02:25:56,849 - INFO - Rank 0 | Epoch: 50, Test Accuracy 0.9172575983340215
2023-11-05 02:26:16,306 - INFO - Rank 0 | rank: 0, iter_num: 38
2023-11-05 02:26:16,307 - INFO - Rank 0 | Epoch miss rate ( miss_num/try_num ) for epoch 51 on rank 0: 31323709 / 40269953 = 0.7778431973834189
2023-11-05 02:26:16,308 - INFO - Rank 0 | Up to now, total_local_feats_gather_time = 5.3580000000000005 s, total_remote_feats_gather_time = 1118.406 s
2023-11-05 02:26:16,308 - INFO - Rank 0 | => cur_epoch 51 finished on rank 0
2023-11-05 02:26:30,943 - INFO - Rank 0 | Epoch: 51, Test Accuracy 0.9184424537278064
2023-11-05 02:26:50,220 - INFO - Rank 0 | rank: 0, iter_num: 38
2023-11-05 02:26:50,221 - INFO - Rank 0 | Epoch miss rate ( miss_num/try_num ) for epoch 52 on rank 0: 31931477 / 41050429 = 0.7778597636580119
2023-11-05 02:26:50,222 - INFO - Rank 0 | Up to now, total_local_feats_gather_time = 5.4590000000000005 s, total_remote_feats_gather_time = 1140.986 s
2023-11-05 02:26:50,222 - INFO - Rank 0 | => cur_epoch 52 finished on rank 0
2023-11-05 02:27:04,622 - INFO - Rank 0 | Epoch: 52, Test Accuracy 0.9180834066387806
2023-11-05 02:27:23,945 - INFO - Rank 0 | rank: 0, iter_num: 38
2023-11-05 02:27:23,947 - INFO - Rank 0 | Epoch miss rate ( miss_num/try_num ) for epoch 53 on rank 0: 32538694 / 41830750 = 0.7778654219682889
2023-11-05 02:27:23,948 - INFO - Rank 0 | Up to now, total_local_feats_gather_time = 5.559 s, total_remote_feats_gather_time = 1163.336 s
2023-11-05 02:27:23,948 - INFO - Rank 0 | => cur_epoch 53 finished on rank 0
2023-11-05 02:27:37,261 - INFO - Rank 0 | Epoch: 53, Test Accuracy 0.9195914044126887
2023-11-05 02:27:56,369 - INFO - Rank 0 | rank: 0, iter_num: 38
2023-11-05 02:27:56,370 - INFO - Rank 0 | Epoch miss rate ( miss_num/try_num ) for epoch 54 on rank 0: 33145477 / 42610791 = 0.7778657992995248
2023-11-05 02:27:56,371 - INFO - Rank 0 | Up to now, total_local_feats_gather_time = 5.6610000000000005 s, total_remote_feats_gather_time = 1184.638 s
2023-11-05 02:27:56,371 - INFO - Rank 0 | => cur_epoch 54 finished on rank 0
2023-11-05 02:28:09,773 - INFO - Rank 0 | Epoch: 54, Test Accuracy 0.9186578819812219
2023-11-05 02:28:28,760 - INFO - Rank 0 | rank: 0, iter_num: 38
2023-11-05 02:28:28,761 - INFO - Rank 0 | Epoch miss rate ( miss_num/try_num ) for epoch 55 on rank 0: 33752011 / 43391241 = 0.7778530925169898
2023-11-05 02:28:28,762 - INFO - Rank 0 | Up to now, total_local_feats_gather_time = 5.755 s, total_remote_feats_gather_time = 1205.655 s
2023-11-05 02:28:28,762 - INFO - Rank 0 | => cur_epoch 55 finished on rank 0
2023-11-05 02:28:43,448 - INFO - Rank 0 | Epoch: 55, Test Accuracy 0.9200761179828735
2023-11-05 02:29:02,861 - INFO - Rank 0 | rank: 0, iter_num: 38
2023-11-05 02:29:02,863 - INFO - Rank 0 | Epoch miss rate ( miss_num/try_num ) for epoch 56 on rank 0: 34357615 / 44171893 = 0.777816223542876
2023-11-05 02:29:02,864 - INFO - Rank 0 | Up to now, total_local_feats_gather_time = 5.856 s, total_remote_feats_gather_time = 1228.077 s
2023-11-05 02:29:02,864 - INFO - Rank 0 | => cur_epoch 56 finished on rank 0
2023-11-05 02:29:16,011 - INFO - Rank 0 | Epoch: 56, Test Accuracy 0.9207762598064736
2023-11-05 02:29:35,325 - INFO - Rank 0 | rank: 0, iter_num: 38
2023-11-05 02:29:35,327 - INFO - Rank 0 | Epoch miss rate ( miss_num/try_num ) for epoch 57 on rank 0: 34963999 / 44951913 = 0.7778089221697861
2023-11-05 02:29:35,334 - INFO - Rank 0 | Up to now, total_local_feats_gather_time = 5.964 s, total_remote_feats_gather_time = 1249.093 s
2023-11-05 02:29:35,334 - INFO - Rank 0 | => cur_epoch 57 finished on rank 0
2023-11-05 02:29:50,068 - INFO - Rank 0 | Epoch: 57, Test Accuracy 0.9195375473493349
2023-11-05 02:30:09,317 - INFO - Rank 0 | rank: 0, iter_num: 38
2023-11-05 02:30:09,319 - INFO - Rank 0 | Epoch miss rate ( miss_num/try_num ) for epoch 58 on rank 0: 35571594 / 45732429 = 0.7778199141794984
2023-11-05 02:30:09,320 - INFO - Rank 0 | Up to now, total_local_feats_gather_time = 6.075 s, total_remote_feats_gather_time = 1271.728 s
2023-11-05 02:30:09,320 - INFO - Rank 0 | => cur_epoch 58 finished on rank 0
2023-11-05 02:30:22,426 - INFO - Rank 0 | Epoch: 58, Test Accuracy 0.9194477855770784
2023-11-05 02:30:41,624 - INFO - Rank 0 | rank: 0, iter_num: 38
2023-11-05 02:30:41,625 - INFO - Rank 0 | Epoch miss rate ( miss_num/try_num ) for epoch 59 on rank 0: 36179470 / 46512908 = 0.7778371973646542
2023-11-05 02:30:41,626 - INFO - Rank 0 | Up to now, total_local_feats_gather_time = 6.176 s, total_remote_feats_gather_time = 1292.728 s
2023-11-05 02:30:41,626 - INFO - Rank 0 | => cur_epoch 59 finished on rank 0
2023-11-05 02:30:54,872 - INFO - Rank 0 | Epoch: 59, Test Accuracy 0.9177064071953037
2023-11-05 02:31:13,934 - INFO - Rank 0 | rank: 0, iter_num: 38
2023-11-05 02:31:13,936 - INFO - Rank 0 | Epoch miss rate ( miss_num/try_num ) for epoch 60 on rank 0: 36786116 / 47293441 = 0.777827014109631
2023-11-05 02:31:13,936 - INFO - Rank 0 | Up to now, total_local_feats_gather_time = 6.29 s, total_remote_feats_gather_time = 1313.9180000000001 s
2023-11-05 02:31:13,937 - INFO - Rank 0 | => cur_epoch 60 finished on rank 0
2023-11-05 02:31:27,055 - INFO - Rank 0 | Epoch: 60, Test Accuracy 0.9183526919555499
2023-11-05 02:31:46,533 - INFO - Rank 0 | rank: 0, iter_num: 38
2023-11-05 02:31:46,534 - INFO - Rank 0 | Epoch miss rate ( miss_num/try_num ) for epoch 61 on rank 0: 37392391 / 48073339 = 0.7778197183266176
2023-11-05 02:31:46,535 - INFO - Rank 0 | Up to now, total_local_feats_gather_time = 6.4 s, total_remote_feats_gather_time = 1334.871 s
2023-11-05 02:31:46,535 - INFO - Rank 0 | => cur_epoch 61 finished on rank 0
2023-11-05 02:31:59,197 - INFO - Rank 0 | Epoch: 61, Test Accuracy 0.9195375473493349
2023-11-05 02:32:18,644 - INFO - Rank 0 | rank: 0, iter_num: 38
2023-11-05 02:32:18,646 - INFO - Rank 0 | Epoch miss rate ( miss_num/try_num ) for epoch 62 on rank 0: 37998959 / 48853747 = 0.7778105331408868
2023-11-05 02:32:18,646 - INFO - Rank 0 | Up to now, total_local_feats_gather_time = 6.506 s, total_remote_feats_gather_time = 1355.8 s
2023-11-05 02:32:18,647 - INFO - Rank 0 | => cur_epoch 62 finished on rank 0
2023-11-05 02:32:32,192 - INFO - Rank 0 | Epoch: 62, Test Accuracy 0.9204710697808017
2023-11-05 02:32:51,481 - INFO - Rank 0 | rank: 0, iter_num: 38
2023-11-05 02:32:51,482 - INFO - Rank 0 | Epoch miss rate ( miss_num/try_num ) for epoch 63 on rank 0: 38606206 / 49633686 = 0.7778226666461967
2023-11-05 02:32:51,484 - INFO - Rank 0 | Up to now, total_local_feats_gather_time = 6.615 s, total_remote_feats_gather_time = 1377.352 s
2023-11-05 02:32:51,484 - INFO - Rank 0 | => cur_epoch 63 finished on rank 0
2023-11-05 02:33:04,662 - INFO - Rank 0 | Epoch: 63, Test Accuracy 0.9188194531712834
2023-11-05 02:33:23,444 - INFO - Rank 0 | rank: 0, iter_num: 38
2023-11-05 02:33:23,445 - INFO - Rank 0 | Epoch miss rate ( miss_num/try_num ) for epoch 64 on rank 0: 39213532 / 50414168 = 0.7778276138564857
2023-11-05 02:33:23,446 - INFO - Rank 0 | Up to now, total_local_feats_gather_time = 6.721 s, total_remote_feats_gather_time = 1398.261 s
2023-11-05 02:33:23,446 - INFO - Rank 0 | => cur_epoch 64 finished on rank 0
2023-11-05 02:33:38,059 - INFO - Rank 0 | Epoch: 64, Test Accuracy 0.9202197368184838
2023-11-05 02:33:57,199 - INFO - Rank 0 | rank: 0, iter_num: 38
2023-11-05 02:33:57,200 - INFO - Rank 0 | Epoch miss rate ( miss_num/try_num ) for epoch 65 on rank 0: 39820112 / 51194595 = 0.7778186740221307
2023-11-05 02:33:57,201 - INFO - Rank 0 | Up to now, total_local_feats_gather_time = 6.819 s, total_remote_feats_gather_time = 1420.346 s
2023-11-05 02:33:57,201 - INFO - Rank 0 | => cur_epoch 65 finished on rank 0
2023-11-05 02:34:11,770 - INFO - Rank 0 | Epoch: 65, Test Accuracy 0.919358023804822
2023-11-05 02:34:30,767 - INFO - Rank 0 | rank: 0, iter_num: 38
2023-11-05 02:34:30,768 - INFO - Rank 0 | Epoch miss rate ( miss_num/try_num ) for epoch 66 on rank 0: 40427811 / 51975066 = 0.7778308737501171
2023-11-05 02:34:30,769 - INFO - Rank 0 | Up to now, total_local_feats_gather_time = 6.915 s, total_remote_feats_gather_time = 1442.392 s
2023-11-05 02:34:30,769 - INFO - Rank 0 | => cur_epoch 66 finished on rank 0
2023-11-05 02:34:45,113 - INFO - Rank 0 | Epoch: 66, Test Accuracy 0.9183885966644525
2023-11-05 02:35:04,043 - INFO - Rank 0 | rank: 0, iter_num: 38
2023-11-05 02:35:04,045 - INFO - Rank 0 | Epoch miss rate ( miss_num/try_num ) for epoch 67 on rank 0: 41035157 / 52755612 = 0.7778349154588521
2023-11-05 02:35:04,046 - INFO - Rank 0 | Up to now, total_local_feats_gather_time = 7.017 s, total_remote_feats_gather_time = 1464.531 s
2023-11-05 02:35:04,047 - INFO - Rank 0 | => cur_epoch 67 finished on rank 0
2023-11-05 02:35:17,540 - INFO - Rank 0 | Epoch: 67, Test Accuracy 0.919986356210617
2023-11-05 02:35:36,645 - INFO - Rank 0 | rank: 0, iter_num: 38
2023-11-05 02:35:36,646 - INFO - Rank 0 | Epoch miss rate ( miss_num/try_num ) for epoch 68 on rank 0: 41642433 / 53536060 = 0.7778389556497061
2023-11-05 02:35:36,647 - INFO - Rank 0 | Up to now, total_local_feats_gather_time = 7.1240000000000006 s, total_remote_feats_gather_time = 1485.511 s
2023-11-05 02:35:36,647 - INFO - Rank 0 | => cur_epoch 68 finished on rank 0
2023-11-05 02:35:51,162 - INFO - Rank 0 | Epoch: 68, Test Accuracy 0.9205249268441557
2023-11-05 02:36:09,986 - INFO - Rank 0 | rank: 0, iter_num: 38
2023-11-05 02:36:09,988 - INFO - Rank 0 | Epoch miss rate ( miss_num/try_num ) for epoch 69 on rank 0: 42248680 / 54316064 = 0.7778302934468889
2023-11-05 02:36:09,989 - INFO - Rank 0 | Up to now, total_local_feats_gather_time = 7.227 s, total_remote_feats_gather_time = 1507.576 s
2023-11-05 02:36:09,989 - INFO - Rank 0 | => cur_epoch 69 finished on rank 0
2023-11-05 02:36:23,349 - INFO - Rank 0 | Epoch: 69, Test Accuracy 0.921171211604402
2023-11-05 02:36:42,611 - INFO - Rank 0 | rank: 0, iter_num: 38
2023-11-05 02:36:42,613 - INFO - Rank 0 | Epoch miss rate ( miss_num/try_num ) for epoch 70 on rank 0: 42856805 / 55096125 = 0.7778551576903094
2023-11-05 02:36:42,614 - INFO - Rank 0 | Up to now, total_local_feats_gather_time = 7.325 s, total_remote_feats_gather_time = 1528.8990000000001 s
2023-11-05 02:36:42,614 - INFO - Rank 0 | => cur_epoch 70 finished on rank 0
2023-11-05 02:36:57,788 - INFO - Rank 0 | Epoch: 70, Test Accuracy 0.919483690285981
2023-11-05 02:37:17,182 - INFO - Rank 0 | rank: 0, iter_num: 38
2023-11-05 02:37:17,183 - INFO - Rank 0 | Epoch miss rate ( miss_num/try_num ) for epoch 71 on rank 0: 43464255 / 55876608 = 0.7778613726874759
2023-11-05 02:37:17,184 - INFO - Rank 0 | Up to now, total_local_feats_gather_time = 7.425 s, total_remote_feats_gather_time = 1551.974 s
2023-11-05 02:37:17,185 - INFO - Rank 0 | => cur_epoch 71 finished on rank 0
2023-11-05 02:37:31,478 - INFO - Rank 0 | Epoch: 71, Test Accuracy 0.9212250686677558
2023-11-05 02:37:50,907 - INFO - Rank 0 | rank: 0, iter_num: 38
2023-11-05 02:37:50,908 - INFO - Rank 0 | Epoch miss rate ( miss_num/try_num ) for epoch 72 on rank 0: 44071624 / 56657153 = 0.7778651355813802
2023-11-05 02:37:50,909 - INFO - Rank 0 | Up to now, total_local_feats_gather_time = 7.523000000000001 s, total_remote_feats_gather_time = 1574.409 s
2023-11-05 02:37:50,909 - INFO - Rank 0 | => cur_epoch 72 finished on rank 0
2023-11-05 02:38:04,804 - INFO - Rank 0 | Epoch: 72, Test Accuracy 0.9204172127174479
2023-11-05 02:38:24,143 - INFO - Rank 0 | rank: 0, iter_num: 38
2023-11-05 02:38:24,144 - INFO - Rank 0 | Epoch miss rate ( miss_num/try_num ) for epoch 73 on rank 0: 44678270 / 57436879 = 0.7778673002061968
2023-11-05 02:38:24,145 - INFO - Rank 0 | Up to now, total_local_feats_gather_time = 7.631 s, total_remote_feats_gather_time = 1596.316 s
2023-11-05 02:38:24,145 - INFO - Rank 0 | => cur_epoch 73 finished on rank 0
2023-11-05 02:38:37,422 - INFO - Rank 0 | Epoch: 73, Test Accuracy 0.9204710697808017
2023-11-05 02:38:56,587 - INFO - Rank 0 | rank: 0, iter_num: 38
2023-11-05 02:38:56,588 - INFO - Rank 0 | Epoch miss rate ( miss_num/try_num ) for epoch 74 on rank 0: 45286725 / 58217208 = 0.7778924231474653
2023-11-05 02:38:56,590 - INFO - Rank 0 | Up to now, total_local_feats_gather_time = 7.727 s, total_remote_feats_gather_time = 1617.3220000000001 s
2023-11-05 02:38:56,590 - INFO - Rank 0 | => cur_epoch 74 finished on rank 0
2023-11-05 02:39:09,838 - INFO - Rank 0 | Epoch: 74, Test Accuracy 0.9199145467928119
2023-11-05 02:39:28,818 - INFO - Rank 0 | rank: 0, iter_num: 38
2023-11-05 02:39:28,820 - INFO - Rank 0 | Epoch miss rate ( miss_num/try_num ) for epoch 75 on rank 0: 45895015 / 58998017 = 0.7779077557810121
2023-11-05 02:39:28,821 - INFO - Rank 0 | Up to now, total_local_feats_gather_time = 7.825 s, total_remote_feats_gather_time = 1637.968 s
2023-11-05 02:39:28,821 - INFO - Rank 0 | => cur_epoch 75 finished on rank 0
2023-11-05 02:39:43,249 - INFO - Rank 0 | Epoch: 75, Test Accuracy 0.9196991185393965
2023-11-05 02:40:02,678 - INFO - Rank 0 | rank: 0, iter_num: 38
2023-11-05 02:40:02,679 - INFO - Rank 0 | Epoch miss rate ( miss_num/try_num ) for epoch 76 on rank 0: 46500781 / 59778019 = 0.7778909669121019
2023-11-05 02:40:02,680 - INFO - Rank 0 | Up to now, total_local_feats_gather_time = 7.934 s, total_remote_feats_gather_time = 1660.239 s
2023-11-05 02:40:02,680 - INFO - Rank 0 | => cur_epoch 76 finished on rank 0
2023-11-05 02:40:16,751 - INFO - Rank 0 | Epoch: 76, Test Accuracy 0.9209737357054377
2023-11-05 02:40:35,857 - INFO - Rank 0 | rank: 0, iter_num: 38
2023-11-05 02:40:35,858 - INFO - Rank 0 | Epoch miss rate ( miss_num/try_num ) for epoch 77 on rank 0: 47109308 / 60558544 = 0.7779134848420398
2023-11-05 02:40:35,859 - INFO - Rank 0 | Up to now, total_local_feats_gather_time = 8.044 s, total_remote_feats_gather_time = 1681.963 s
2023-11-05 02:40:35,859 - INFO - Rank 0 | => cur_epoch 77 finished on rank 0
2023-11-05 02:40:48,517 - INFO - Rank 0 | Epoch: 77, Test Accuracy 0.9217995440101969
2023-11-05 02:41:08,780 - INFO - Rank 0 | rank: 0, iter_num: 38
2023-11-05 02:41:08,782 - INFO - Rank 0 | Epoch miss rate ( miss_num/try_num ) for epoch 78 on rank 0: 47716022 / 61338359 = 0.7779148770510799
2023-11-05 02:41:08,783 - INFO - Rank 0 | Up to now, total_local_feats_gather_time = 8.143 s, total_remote_feats_gather_time = 1702.554 s
2023-11-05 02:41:08,783 - INFO - Rank 0 | => cur_epoch 78 finished on rank 0
2023-11-05 02:41:21,575 - INFO - Rank 0 | Epoch: 78, Test Accuracy 0.9214225445667199
2023-11-05 02:41:40,550 - INFO - Rank 0 | rank: 0, iter_num: 38
2023-11-05 02:41:40,552 - INFO - Rank 0 | Epoch miss rate ( miss_num/try_num ) for epoch 79 on rank 0: 48322972 / 62118944 = 0.7779103907497205
2023-11-05 02:41:40,553 - INFO - Rank 0 | Up to now, total_local_feats_gather_time = 8.239 s, total_remote_feats_gather_time = 1723.134 s
2023-11-05 02:41:40,553 - INFO - Rank 0 | => cur_epoch 79 finished on rank 0
2023-11-05 02:41:53,480 - INFO - Rank 0 | Epoch: 79, Test Accuracy 0.9210275927687916
2023-11-05 02:42:12,904 - INFO - Rank 0 | rank: 0, iter_num: 38
2023-11-05 02:42:12,905 - INFO - Rank 0 | Epoch miss rate ( miss_num/try_num ) for epoch 80 on rank 0: 48930905 / 62900062 = 0.7779150519756245
2023-11-05 02:42:12,906 - INFO - Rank 0 | Up to now, total_local_feats_gather_time = 8.348 s, total_remote_feats_gather_time = 1744.175 s
2023-11-05 02:42:12,906 - INFO - Rank 0 | => cur_epoch 80 finished on rank 0
2023-11-05 02:42:27,224 - INFO - Rank 0 | Epoch: 80, Test Accuracy 0.9191785002603091
2023-11-05 02:42:46,221 - INFO - Rank 0 | rank: 0, iter_num: 38
2023-11-05 02:42:46,223 - INFO - Rank 0 | Epoch miss rate ( miss_num/try_num ) for epoch 81 on rank 0: 49537734 / 63680306 = 0.7779129390490052
2023-11-05 02:42:46,229 - INFO - Rank 0 | Up to now, total_local_feats_gather_time = 8.452 s, total_remote_feats_gather_time = 1765.957 s
2023-11-05 02:42:46,229 - INFO - Rank 0 | => cur_epoch 81 finished on rank 0
2023-11-05 02:43:00,295 - INFO - Rank 0 | Epoch: 81, Test Accuracy 0.9214225445667199
2023-11-05 02:43:19,459 - INFO - Rank 0 | rank: 0, iter_num: 38
2023-11-05 02:43:19,461 - INFO - Rank 0 | Epoch miss rate ( miss_num/try_num ) for epoch 82 on rank 0: 50143751 / 64460486 = 0.7778990527623387
2023-11-05 02:43:19,462 - INFO - Rank 0 | Up to now, total_local_feats_gather_time = 8.563 s, total_remote_feats_gather_time = 1787.621 s
2023-11-05 02:43:19,462 - INFO - Rank 0 | => cur_epoch 82 finished on rank 0
2023-11-05 02:43:32,140 - INFO - Rank 0 | Epoch: 82, Test Accuracy 0.9216918298834892
2023-11-05 02:43:51,111 - INFO - Rank 0 | rank: 0, iter_num: 38
2023-11-05 02:43:51,112 - INFO - Rank 0 | Epoch miss rate ( miss_num/try_num ) for epoch 83 on rank 0: 50750738 / 65240542 = 0.7779018451440823
2023-11-05 02:43:51,113 - INFO - Rank 0 | Up to now, total_local_feats_gather_time = 8.664 s, total_remote_feats_gather_time = 1807.752 s
2023-11-05 02:43:51,113 - INFO - Rank 0 | => cur_epoch 83 finished on rank 0
2023-11-05 02:44:04,661 - INFO - Rank 0 | Epoch: 83, Test Accuracy 0.9201479274006786
2023-11-05 02:44:23,560 - INFO - Rank 0 | rank: 0, iter_num: 38
2023-11-05 02:44:23,561 - INFO - Rank 0 | Epoch miss rate ( miss_num/try_num ) for epoch 84 on rank 0: 51357427 / 66020707 = 0.7778987734863245
2023-11-05 02:44:23,562 - INFO - Rank 0 | Up to now, total_local_feats_gather_time = 8.777000000000001 s, total_remote_feats_gather_time = 1828.753 s
2023-11-05 02:44:23,562 - INFO - Rank 0 | => cur_epoch 84 finished on rank 0
2023-11-05 02:44:36,938 - INFO - Rank 0 | Epoch: 84, Test Accuracy 0.9207224027431198
2023-11-05 02:44:56,493 - INFO - Rank 0 | rank: 0, iter_num: 38
2023-11-05 02:44:56,495 - INFO - Rank 0 | Epoch miss rate ( miss_num/try_num ) for epoch 85 on rank 0: 51965456 / 66801394 = 0.7779097543982391
2023-11-05 02:44:56,496 - INFO - Rank 0 | Up to now, total_local_feats_gather_time = 8.902000000000001 s, total_remote_feats_gather_time = 1850.19 s
2023-11-05 02:44:56,496 - INFO - Rank 0 | => cur_epoch 85 finished on rank 0
2023-11-05 02:45:09,434 - INFO - Rank 0 | Epoch: 85, Test Accuracy 0.9200581656284221
2023-11-05 02:45:29,011 - INFO - Rank 0 | rank: 0, iter_num: 38
2023-11-05 02:45:29,012 - INFO - Rank 0 | Epoch miss rate ( miss_num/try_num ) for epoch 86 on rank 0: 52572315 / 67581668 = 0.7779079231959768
2023-11-05 02:45:29,013 - INFO - Rank 0 | Up to now, total_local_feats_gather_time = 9.001 s, total_remote_feats_gather_time = 1871.102 s
2023-11-05 02:45:29,013 - INFO - Rank 0 | => cur_epoch 86 finished on rank 0
2023-11-05 02:45:42,234 - INFO - Rank 0 | Epoch: 86, Test Accuracy 0.9204351650718992
2023-11-05 02:46:01,771 - INFO - Rank 0 | rank: 0, iter_num: 38
2023-11-05 02:46:01,772 - INFO - Rank 0 | Epoch miss rate ( miss_num/try_num ) for epoch 87 on rank 0: 53180672 / 68362309 = 0.7779238703011041
2023-11-05 02:46:01,774 - INFO - Rank 0 | Up to now, total_local_feats_gather_time = 9.103 s, total_remote_feats_gather_time = 1892.544 s
2023-11-05 02:46:01,774 - INFO - Rank 0 | => cur_epoch 87 finished on rank 0
2023-11-05 02:46:14,886 - INFO - Rank 0 | Epoch: 87, Test Accuracy 0.9201299750462273
2023-11-05 02:46:34,457 - INFO - Rank 0 | rank: 0, iter_num: 38
2023-11-05 02:46:34,458 - INFO - Rank 0 | Epoch miss rate ( miss_num/try_num ) for epoch 88 on rank 0: 53788463 / 69142594 = 0.7779352767702062
2023-11-05 02:46:34,458 - INFO - Rank 0 | Up to now, total_local_feats_gather_time = 9.219 s, total_remote_feats_gather_time = 1913.796 s
2023-11-05 02:46:34,458 - INFO - Rank 0 | => cur_epoch 88 finished on rank 0
2023-11-05 02:46:47,678 - INFO - Rank 0 | Epoch: 88, Test Accuracy 0.9216559251745866
2023-11-05 02:47:06,959 - INFO - Rank 0 | rank: 0, iter_num: 38
2023-11-05 02:47:06,961 - INFO - Rank 0 | Epoch miss rate ( miss_num/try_num ) for epoch 89 on rank 0: 54395509 / 69923337 = 0.77793067856587
2023-11-05 02:47:06,962 - INFO - Rank 0 | Up to now, total_local_feats_gather_time = 9.317 s, total_remote_feats_gather_time = 1935.15 s
2023-11-05 02:47:06,962 - INFO - Rank 0 | => cur_epoch 89 finished on rank 0
2023-11-05 02:47:20,422 - INFO - Rank 0 | Epoch: 89, Test Accuracy 0.921243021022207
2023-11-05 02:47:39,673 - INFO - Rank 0 | rank: 0, iter_num: 38
2023-11-05 02:47:39,675 - INFO - Rank 0 | Epoch miss rate ( miss_num/try_num ) for epoch 90 on rank 0: 55001736 / 70703757 = 0.7779181522136087
2023-11-05 02:47:39,675 - INFO - Rank 0 | Up to now, total_local_feats_gather_time = 9.42 s, total_remote_feats_gather_time = 1956.486 s
2023-11-05 02:47:39,675 - INFO - Rank 0 | => cur_epoch 90 finished on rank 0
2023-11-05 02:47:53,720 - INFO - Rank 0 | Epoch: 90, Test Accuracy 0.9221047340358688
2023-11-05 02:48:13,044 - INFO - Rank 0 | rank: 0, iter_num: 38
2023-11-05 02:48:13,045 - INFO - Rank 0 | Epoch miss rate ( miss_num/try_num ) for epoch 91 on rank 0: 55608260 / 71483888 = 0.7779131991253749
2023-11-05 02:48:13,046 - INFO - Rank 0 | Up to now, total_local_feats_gather_time = 9.525 s, total_remote_feats_gather_time = 1978.32 s
2023-11-05 02:48:13,046 - INFO - Rank 0 | => cur_epoch 91 finished on rank 0
2023-11-05 02:48:25,946 - INFO - Rank 0 | Epoch: 91, Test Accuracy 0.9217097822379405
2023-11-05 02:48:45,415 - INFO - Rank 0 | rank: 0, iter_num: 38
2023-11-05 02:48:45,416 - INFO - Rank 0 | Epoch miss rate ( miss_num/try_num ) for epoch 92 on rank 0: 56215577 / 72264185 = 0.7779175396498279
2023-11-05 02:48:45,417 - INFO - Rank 0 | Up to now, total_local_feats_gather_time = 9.626 s, total_remote_feats_gather_time = 1999.39 s
2023-11-05 02:48:45,417 - INFO - Rank 0 | => cur_epoch 92 finished on rank 0
2023-11-05 02:48:59,696 - INFO - Rank 0 | Epoch: 92, Test Accuracy 0.9220688293269662
2023-11-05 02:49:18,889 - INFO - Rank 0 | rank: 0, iter_num: 38
2023-11-05 02:49:18,891 - INFO - Rank 0 | Epoch miss rate ( miss_num/try_num ) for epoch 93 on rank 0: 56822414 / 73044024 = 0.777920093777966
2023-11-05 02:49:18,893 - INFO - Rank 0 | Up to now, total_local_feats_gather_time = 9.736 s, total_remote_feats_gather_time = 2021.6860000000001 s
2023-11-05 02:49:18,893 - INFO - Rank 0 | => cur_epoch 93 finished on rank 0
2023-11-05 02:49:31,958 - INFO - Rank 0 | Epoch: 93, Test Accuracy 0.9222663052259303
2023-11-05 02:49:51,353 - INFO - Rank 0 | rank: 0, iter_num: 38
2023-11-05 02:49:51,354 - INFO - Rank 0 | Epoch miss rate ( miss_num/try_num ) for epoch 94 on rank 0: 57428606 / 73823925 = 0.7779132036125145
2023-11-05 02:49:51,355 - INFO - Rank 0 | Up to now, total_local_feats_gather_time = 9.841000000000001 s, total_remote_feats_gather_time = 2042.208 s
2023-11-05 02:49:51,356 - INFO - Rank 0 | => cur_epoch 94 finished on rank 0
2023-11-05 02:50:05,272 - INFO - Rank 0 | Epoch: 94, Test Accuracy 0.9228407805683715
2023-11-05 02:50:25,607 - INFO - Rank 0 | rank: 0, iter_num: 38
2023-11-05 02:50:25,609 - INFO - Rank 0 | Epoch miss rate ( miss_num/try_num ) for epoch 95 on rank 0: 58035593 / 74604261 = 0.7779125779424315
2023-11-05 02:50:25,610 - INFO - Rank 0 | Up to now, total_local_feats_gather_time = 9.94 s, total_remote_feats_gather_time = 2064.32 s
2023-11-05 02:50:25,610 - INFO - Rank 0 | => cur_epoch 95 finished on rank 0
2023-11-05 02:50:38,663 - INFO - Rank 0 | Epoch: 95, Test Accuracy 0.9212609733766584
2023-11-05 02:50:58,197 - INFO - Rank 0 | rank: 0, iter_num: 38
2023-11-05 02:50:58,199 - INFO - Rank 0 | Epoch miss rate ( miss_num/try_num ) for epoch 96 on rank 0: 58642192 / 75384470 = 0.7779081288228199
2023-11-05 02:50:58,206 - INFO - Rank 0 | Up to now, total_local_feats_gather_time = 10.039 s, total_remote_feats_gather_time = 2085.062 s
2023-11-05 02:50:58,206 - INFO - Rank 0 | => cur_epoch 96 finished on rank 0
2023-11-05 02:51:12,984 - INFO - Rank 0 | Epoch: 96, Test Accuracy 0.9215841157567815
2023-11-05 02:51:31,894 - INFO - Rank 0 | rank: 0, iter_num: 38
2023-11-05 02:51:31,896 - INFO - Rank 0 | Epoch miss rate ( miss_num/try_num ) for epoch 97 on rank 0: 59248951 / 76164847 = 0.7779041557058468
2023-11-05 02:51:31,896 - INFO - Rank 0 | Up to now, total_local_feats_gather_time = 10.146 s, total_remote_feats_gather_time = 2106.824 s
2023-11-05 02:51:31,896 - INFO - Rank 0 | => cur_epoch 97 finished on rank 0
2023-11-05 02:51:46,518 - INFO - Rank 0 | Epoch: 97, Test Accuracy 0.9214225445667199
2023-11-05 02:52:05,763 - INFO - Rank 0 | rank: 0, iter_num: 38
2023-11-05 02:52:05,764 - INFO - Rank 0 | Epoch miss rate ( miss_num/try_num ) for epoch 98 on rank 0: 59857623 / 76945782 = 0.7779194836176985
2023-11-05 02:52:05,765 - INFO - Rank 0 | Up to now, total_local_feats_gather_time = 10.25 s, total_remote_feats_gather_time = 2129.219 s
2023-11-05 02:52:05,765 - INFO - Rank 0 | => cur_epoch 98 finished on rank 0
2023-11-05 02:52:18,981 - INFO - Rank 0 | Epoch: 98, Test Accuracy 0.9217456869468431
2023-11-05 02:52:38,359 - INFO - Rank 0 | rank: 0, iter_num: 38
2023-11-05 02:52:38,360 - INFO - Rank 0 | Epoch miss rate ( miss_num/try_num ) for epoch 99 on rank 0: 60464804 / 77726351 = 0.7779189840006769
2023-11-05 02:52:38,361 - INFO - Rank 0 | Up to now, total_local_feats_gather_time = 10.35 s, total_remote_feats_gather_time = 2150.761 s
2023-11-05 02:52:38,361 - INFO - Rank 0 | => cur_epoch 99 finished on rank 0
2023-11-05 02:52:53,211 - INFO - Rank 0 | Epoch: 99, Test Accuracy 0.9234511606197153
2023-11-05 02:52:53,211 - INFO - Rank 0 | Max acc:0.9234511606197153
2023-11-05 02:52:53,211 - INFO - Rank 0 | wait sampler total time: 0.05126762390136719, total iters: 38, avg iter time:0.0013491479974043997
