2023-10-21 21:43:35,497 - INFO - Rank 0 | Client Args: Namespace(dataset='/home/weijian/gitclone/repgnn/./dist/repgnn_data/ogbn_arxiv0', sampling='2', hidden_size=256, n_classes=60, batch_size=4096, dropout=0.2, lr=0.03, weight_decay=0, model_name='gcn', epoch=100, num_worker=1, cache_size=0, seed=None, log=True, eval=True, dist_url='tcp://10.214.241.227:23457', world_size=4, rank=0, gpu=0, grpc_port='10.214.241.227:18116', mlp_layers=1, block='res+', conv='gen', gcn_aggr='max', norm='batch', t=1.0, p=1.0, y=0.0, learn_t=False, learn_p=False, learn_y=False, msg_norm=False, learn_msg_scale=False, distributed=True)
2023-10-21 21:43:36,054 - INFO - Rank 0 | Added key: store_based_barrier_key:1 to store for rank: 0
2023-10-21 21:43:36,065 - INFO - Rank 0 | Rank 0: Completed store-based barrier for key:store_based_barrier_key:1 with 4 nodes.
2023-10-21 21:43:36,065 - INFO - Rank 0 | Using 4 distributed GPUs in total for training...
2023-10-21 21:43:44,884 - INFO - Rank 0 | Reducer buckets have been rebuilt in this iteration.
2023-10-21 21:43:45,448 - INFO - Rank 0 | rank: 0, iter_num: 7
2023-10-21 21:43:45,448 - INFO - Rank 0 | Epoch miss rate ( miss_num/try_num ) for epoch 0 on rank 0: 30473 / 165675 = 0.18393239776671194
2023-10-21 21:43:45,450 - INFO - Rank 0 | Up to now, total_local_feats_gather_time = 0.038 s, total_remote_feats_gather_time = 0.275 s
2023-10-21 21:43:45,450 - INFO - Rank 0 | => cur_epoch 0 finished on rank 0
2023-10-21 21:43:47,374 - INFO - Rank 0 | Epoch: 0, Test Accuracy 0.3378841202730472
2023-10-21 21:43:48,243 - INFO - Rank 0 | rank: 0, iter_num: 7
2023-10-21 21:43:48,243 - INFO - Rank 0 | Epoch miss rate ( miss_num/try_num ) for epoch 1 on rank 0: 209432 / 529889 = 0.3952374931353548
2023-10-21 21:43:48,245 - INFO - Rank 0 | Up to now, total_local_feats_gather_time = 0.083 s, total_remote_feats_gather_time = 1.758 s
2023-10-21 21:43:48,245 - INFO - Rank 0 | => cur_epoch 1 finished on rank 0
2023-10-21 21:43:50,052 - INFO - Rank 0 | Epoch: 1, Test Accuracy 0.4347497460849848
2023-10-21 21:43:51,031 - INFO - Rank 0 | rank: 0, iter_num: 7
2023-10-21 21:43:51,032 - INFO - Rank 0 | Epoch miss rate ( miss_num/try_num ) for epoch 2 on rank 0: 388263 / 894008 = 0.4342947714114415
2023-10-21 21:43:51,033 - INFO - Rank 0 | Up to now, total_local_feats_gather_time = 0.11900000000000001 s, total_remote_feats_gather_time = 3.128 s
2023-10-21 21:43:51,034 - INFO - Rank 0 | => cur_epoch 2 finished on rank 0
2023-10-21 21:43:52,909 - INFO - Rank 0 | Epoch: 2, Test Accuracy 0.48990244939414695
2023-10-21 21:43:53,818 - INFO - Rank 0 | rank: 0, iter_num: 7
2023-10-21 21:43:53,819 - INFO - Rank 0 | Epoch miss rate ( miss_num/try_num ) for epoch 3 on rank 0: 567280 / 1258058 = 0.4509172073147661
2023-10-21 21:43:53,820 - INFO - Rank 0 | Up to now, total_local_feats_gather_time = 0.152 s, total_remote_feats_gather_time = 4.545 s
2023-10-21 21:43:53,820 - INFO - Rank 0 | => cur_epoch 3 finished on rank 0
2023-10-21 21:43:55,624 - INFO - Rank 0 | Epoch: 3, Test Accuracy 0.5246474714788483
2023-10-21 21:43:56,557 - INFO - Rank 0 | rank: 0, iter_num: 7
2023-10-21 21:43:56,558 - INFO - Rank 0 | Epoch miss rate ( miss_num/try_num ) for epoch 4 on rank 0: 746052 / 1622014 = 0.4599541064380455
2023-10-21 21:43:56,559 - INFO - Rank 0 | Up to now, total_local_feats_gather_time = 0.194 s, total_remote_feats_gather_time = 5.9 s
2023-10-21 21:43:56,559 - INFO - Rank 0 | => cur_epoch 4 finished on rank 0
2023-10-21 21:43:58,348 - INFO - Rank 0 | Epoch: 4, Test Accuracy 0.5363393721803623
2023-10-21 21:43:59,432 - INFO - Rank 0 | rank: 0, iter_num: 7
2023-10-21 21:43:59,433 - INFO - Rank 0 | Epoch miss rate ( miss_num/try_num ) for epoch 5 on rank 0: 924811 / 1986006 = 0.46566374925352694
2023-10-21 21:43:59,434 - INFO - Rank 0 | Up to now, total_local_feats_gather_time = 0.228 s, total_remote_feats_gather_time = 7.266 s
2023-10-21 21:43:59,434 - INFO - Rank 0 | => cur_epoch 5 finished on rank 0
2023-10-21 21:44:01,255 - INFO - Rank 0 | Epoch: 5, Test Accuracy 0.5460944327656659
2023-10-21 21:44:02,175 - INFO - Rank 0 | rank: 0, iter_num: 7
2023-10-21 21:44:02,176 - INFO - Rank 0 | Epoch miss rate ( miss_num/try_num ) for epoch 6 on rank 0: 1103673 / 2350414 = 0.46956536167670887
2023-10-21 21:44:02,177 - INFO - Rank 0 | Up to now, total_local_feats_gather_time = 0.263 s, total_remote_feats_gather_time = 8.649000000000001 s
2023-10-21 21:44:02,178 - INFO - Rank 0 | => cur_epoch 6 finished on rank 0
2023-10-21 21:44:04,126 - INFO - Rank 0 | Epoch: 6, Test Accuracy 0.553416633204998
2023-10-21 21:44:05,136 - INFO - Rank 0 | rank: 0, iter_num: 7
2023-10-21 21:44:05,137 - INFO - Rank 0 | Epoch miss rate ( miss_num/try_num ) for epoch 7 on rank 0: 1282360 / 2714326 = 0.47244140902750814
2023-10-21 21:44:05,138 - INFO - Rank 0 | Up to now, total_local_feats_gather_time = 0.297 s, total_remote_feats_gather_time = 10.144 s
2023-10-21 21:44:05,138 - INFO - Rank 0 | => cur_epoch 7 finished on rank 0
2023-10-21 21:44:07,117 - INFO - Rank 0 | Epoch: 7, Test Accuracy 0.5595814535748872
2023-10-21 21:44:08,104 - INFO - Rank 0 | rank: 0, iter_num: 7
2023-10-21 21:44:08,105 - INFO - Rank 0 | Epoch miss rate ( miss_num/try_num ) for epoch 8 on rank 0: 1461374 / 3078910 = 0.474640051186946
2023-10-21 21:44:08,106 - INFO - Rank 0 | Up to now, total_local_feats_gather_time = 0.336 s, total_remote_feats_gather_time = 11.674 s
2023-10-21 21:44:08,106 - INFO - Rank 0 | => cur_epoch 8 finished on rank 0
2023-10-21 21:44:09,924 - INFO - Rank 0 | Epoch: 8, Test Accuracy 0.5646597538795852
2023-10-21 21:44:10,948 - INFO - Rank 0 | rank: 0, iter_num: 7
2023-10-21 21:44:10,949 - INFO - Rank 0 | Epoch miss rate ( miss_num/try_num ) for epoch 9 on rank 0: 1640256 / 3443030 = 0.47639898577706263
2023-10-21 21:44:10,950 - INFO - Rank 0 | Up to now, total_local_feats_gather_time = 0.371 s, total_remote_feats_gather_time = 13.025 s
2023-10-21 21:44:10,950 - INFO - Rank 0 | => cur_epoch 9 finished on rank 0
2023-10-21 21:44:12,749 - INFO - Rank 0 | Epoch: 9, Test Accuracy 0.5669508940170537
2023-10-21 21:44:13,605 - INFO - Rank 0 | rank: 0, iter_num: 7
2023-10-21 21:44:13,606 - INFO - Rank 0 | Epoch miss rate ( miss_num/try_num ) for epoch 10 on rank 0: 1818836 / 3806971 = 0.47776460603456133
2023-10-21 21:44:13,607 - INFO - Rank 0 | Up to now, total_local_feats_gather_time = 0.402 s, total_remote_feats_gather_time = 14.386000000000001 s
2023-10-21 21:44:13,608 - INFO - Rank 0 | => cur_epoch 10 finished on rank 0
2023-10-21 21:44:15,490 - INFO - Rank 0 | Epoch: 10, Test Accuracy 0.5689822141389328
2023-10-21 21:44:16,407 - INFO - Rank 0 | rank: 0, iter_num: 7
2023-10-21 21:44:16,408 - INFO - Rank 0 | Epoch miss rate ( miss_num/try_num ) for epoch 11 on rank 0: 1997782 / 4171034 = 0.47896564736705577
2023-10-21 21:44:16,408 - INFO - Rank 0 | Up to now, total_local_feats_gather_time = 0.438 s, total_remote_feats_gather_time = 15.794 s
2023-10-21 21:44:16,408 - INFO - Rank 0 | => cur_epoch 11 finished on rank 0
2023-10-21 21:44:18,198 - INFO - Rank 0 | Epoch: 11, Test Accuracy 0.5685806741148405
2023-10-21 21:44:19,169 - INFO - Rank 0 | rank: 0, iter_num: 7
2023-10-21 21:44:19,170 - INFO - Rank 0 | Epoch miss rate ( miss_num/try_num ) for epoch 12 on rank 0: 2176497 / 4534888 = 0.4799450394364756
2023-10-21 21:44:19,178 - INFO - Rank 0 | Up to now, total_local_feats_gather_time = 0.47700000000000004 s, total_remote_feats_gather_time = 17.169 s
2023-10-21 21:44:19,178 - INFO - Rank 0 | => cur_epoch 12 finished on rank 0
2023-10-21 21:44:21,115 - INFO - Rank 0 | Epoch: 12, Test Accuracy 0.5735881144152869
2023-10-21 21:44:22,119 - INFO - Rank 0 | rank: 0, iter_num: 7
2023-10-21 21:44:22,120 - INFO - Rank 0 | Epoch miss rate ( miss_num/try_num ) for epoch 13 on rank 0: 2355555 / 4899090 = 0.4808148043820383
2023-10-21 21:44:22,121 - INFO - Rank 0 | Up to now, total_local_feats_gather_time = 0.515 s, total_remote_feats_gather_time = 18.605 s
2023-10-21 21:44:22,122 - INFO - Rank 0 | => cur_epoch 13 finished on rank 0
2023-10-21 21:44:23,958 - INFO - Rank 0 | Epoch: 13, Test Accuracy 0.5737534544252073
2023-10-21 21:44:24,953 - INFO - Rank 0 | rank: 0, iter_num: 7
2023-10-21 21:44:24,954 - INFO - Rank 0 | Epoch miss rate ( miss_num/try_num ) for epoch 14 on rank 0: 2534357 / 5262938 = 0.4815479490733123
2023-10-21 21:44:24,955 - INFO - Rank 0 | Up to now, total_local_feats_gather_time = 0.551 s, total_remote_feats_gather_time = 19.963 s
2023-10-21 21:44:24,955 - INFO - Rank 0 | => cur_epoch 14 finished on rank 0
2023-10-21 21:44:26,823 - INFO - Rank 0 | Epoch: 14, Test Accuracy 0.5757611545456692
2023-10-21 21:44:27,726 - INFO - Rank 0 | rank: 0, iter_num: 7
2023-10-21 21:44:27,727 - INFO - Rank 0 | Epoch miss rate ( miss_num/try_num ) for epoch 15 on rank 0: 2713270 / 5627046 = 0.48218372481760413
2023-10-21 21:44:27,728 - INFO - Rank 0 | Up to now, total_local_feats_gather_time = 0.589 s, total_remote_feats_gather_time = 21.348 s
2023-10-21 21:44:27,728 - INFO - Rank 0 | => cur_epoch 15 finished on rank 0
2023-10-21 21:44:29,575 - INFO - Rank 0 | Epoch: 15, Test Accuracy 0.5795639747738385
2023-10-21 21:44:30,505 - INFO - Rank 0 | rank: 0, iter_num: 7
2023-10-21 21:44:30,506 - INFO - Rank 0 | Epoch miss rate ( miss_num/try_num ) for epoch 16 on rank 0: 2891901 / 5990916 = 0.4827143294948552
2023-10-21 21:44:30,507 - INFO - Rank 0 | Up to now, total_local_feats_gather_time = 0.626 s, total_remote_feats_gather_time = 22.752 s
2023-10-21 21:44:30,507 - INFO - Rank 0 | => cur_epoch 16 finished on rank 0
2023-10-21 21:44:32,307 - INFO - Rank 0 | Epoch: 16, Test Accuracy 0.5814535748872145
2023-10-21 21:44:33,298 - INFO - Rank 0 | rank: 0, iter_num: 7
2023-10-21 21:44:33,299 - INFO - Rank 0 | Epoch miss rate ( miss_num/try_num ) for epoch 17 on rank 0: 3070980 / 6355536 = 0.4831976406081249
2023-10-21 21:44:33,300 - INFO - Rank 0 | Up to now, total_local_feats_gather_time = 0.66 s, total_remote_feats_gather_time = 24.099 s
2023-10-21 21:44:33,300 - INFO - Rank 0 | => cur_epoch 17 finished on rank 0
2023-10-21 21:44:35,218 - INFO - Rank 0 | Epoch: 17, Test Accuracy 0.5818314949098897
2023-10-21 21:44:36,077 - INFO - Rank 0 | rank: 0, iter_num: 7
2023-10-21 21:44:36,078 - INFO - Rank 0 | Epoch miss rate ( miss_num/try_num ) for epoch 18 on rank 0: 3249904 / 6719836 = 0.48362846950431526
2023-10-21 21:44:36,079 - INFO - Rank 0 | Up to now, total_local_feats_gather_time = 0.6950000000000001 s, total_remote_feats_gather_time = 25.542 s
2023-10-21 21:44:36,079 - INFO - Rank 0 | => cur_epoch 18 finished on rank 0
2023-10-21 21:44:37,999 - INFO - Rank 0 | Epoch: 18, Test Accuracy 0.5802017148121029
2023-10-21 21:44:38,881 - INFO - Rank 0 | rank: 0, iter_num: 7
2023-10-21 21:44:38,883 - INFO - Rank 0 | Epoch miss rate ( miss_num/try_num ) for epoch 19 on rank 0: 3428831 / 7084243 = 0.4840081007949614
2023-10-21 21:44:38,884 - INFO - Rank 0 | Up to now, total_local_feats_gather_time = 0.728 s, total_remote_feats_gather_time = 26.964000000000002 s
2023-10-21 21:44:38,884 - INFO - Rank 0 | => cur_epoch 19 finished on rank 0
2023-10-21 21:44:40,683 - INFO - Rank 0 | Epoch: 19, Test Accuracy 0.5844060750643645
2023-10-21 21:44:41,730 - INFO - Rank 0 | rank: 0, iter_num: 7
2023-10-21 21:44:41,731 - INFO - Rank 0 | Epoch miss rate ( miss_num/try_num ) for epoch 20 on rank 0: 3607673 / 7448735 = 0.48433364859939304
2023-10-21 21:44:41,732 - INFO - Rank 0 | Up to now, total_local_feats_gather_time = 0.764 s, total_remote_feats_gather_time = 28.303 s
2023-10-21 21:44:41,733 - INFO - Rank 0 | => cur_epoch 20 finished on rank 0
2023-10-21 21:44:43,596 - INFO - Rank 0 | Epoch: 20, Test Accuracy 0.5815952948957177
2023-10-21 21:44:44,525 - INFO - Rank 0 | rank: 0, iter_num: 7
2023-10-21 21:44:44,526 - INFO - Rank 0 | Epoch miss rate ( miss_num/try_num ) for epoch 21 on rank 0: 3786689 / 7813023 = 0.4846637466701429
2023-10-21 21:44:44,527 - INFO - Rank 0 | Up to now, total_local_feats_gather_time = 0.802 s, total_remote_feats_gather_time = 29.691 s
2023-10-21 21:44:44,527 - INFO - Rank 0 | => cur_epoch 21 finished on rank 0
2023-10-21 21:44:46,385 - INFO - Rank 0 | Epoch: 21, Test Accuracy 0.5847603750856225
2023-10-21 21:44:47,320 - INFO - Rank 0 | rank: 0, iter_num: 7
2023-10-21 21:44:47,322 - INFO - Rank 0 | Epoch miss rate ( miss_num/try_num ) for epoch 22 on rank 0: 3965518 / 8177379 = 0.4849375331631321
2023-10-21 21:44:47,323 - INFO - Rank 0 | Up to now, total_local_feats_gather_time = 0.833 s, total_remote_feats_gather_time = 31.095000000000002 s
2023-10-21 21:44:47,323 - INFO - Rank 0 | => cur_epoch 22 finished on rank 0
2023-10-21 21:44:49,196 - INFO - Rank 0 | Epoch: 22, Test Accuracy 0.5849729550983773
2023-10-21 21:44:50,152 - INFO - Rank 0 | rank: 0, iter_num: 7
2023-10-21 21:44:50,153 - INFO - Rank 0 | Epoch miss rate ( miss_num/try_num ) for epoch 23 on rank 0: 4144416 / 8541683 = 0.4851989941560697
2023-10-21 21:44:50,154 - INFO - Rank 0 | Up to now, total_local_feats_gather_time = 0.868 s, total_remote_feats_gather_time = 32.498 s
2023-10-21 21:44:50,154 - INFO - Rank 0 | => cur_epoch 23 finished on rank 0
2023-10-21 21:44:51,991 - INFO - Rank 0 | Epoch: 23, Test Accuracy 0.5849729550983773
2023-10-21 21:44:52,939 - INFO - Rank 0 | rank: 0, iter_num: 7
2023-10-21 21:44:52,940 - INFO - Rank 0 | Epoch miss rate ( miss_num/try_num ) for epoch 24 on rank 0: 4323462 / 8905874 = 0.4854618423750437
2023-10-21 21:44:52,941 - INFO - Rank 0 | Up to now, total_local_feats_gather_time = 0.905 s, total_remote_feats_gather_time = 33.865 s
2023-10-21 21:44:52,941 - INFO - Rank 0 | => cur_epoch 24 finished on rank 0
2023-10-21 21:44:54,798 - INFO - Rank 0 | Epoch: 24, Test Accuracy 0.5805323948319437
2023-10-21 21:44:55,773 - INFO - Rank 0 | rank: 0, iter_num: 7
2023-10-21 21:44:55,774 - INFO - Rank 0 | Epoch miss rate ( miss_num/try_num ) for epoch 25 on rank 0: 4502395 / 9270202 = 0.48568467008593774
2023-10-21 21:44:55,775 - INFO - Rank 0 | Up to now, total_local_feats_gather_time = 0.9400000000000001 s, total_remote_feats_gather_time = 35.218 s
2023-10-21 21:44:55,775 - INFO - Rank 0 | => cur_epoch 25 finished on rank 0
2023-10-21 21:44:57,564 - INFO - Rank 0 | Epoch: 25, Test Accuracy 0.5827526749651605
2023-10-21 21:44:58,598 - INFO - Rank 0 | rank: 0, iter_num: 7
2023-10-21 21:44:58,599 - INFO - Rank 0 | Epoch miss rate ( miss_num/try_num ) for epoch 26 on rank 0: 4681571 / 9634708 = 0.48590688996490605
2023-10-21 21:44:58,600 - INFO - Rank 0 | Up to now, total_local_feats_gather_time = 0.974 s, total_remote_feats_gather_time = 36.538000000000004 s
2023-10-21 21:44:58,600 - INFO - Rank 0 | => cur_epoch 26 finished on rank 0
2023-10-21 21:45:00,641 - INFO - Rank 0 | Epoch: 26, Test Accuracy 0.5845714150742849
2023-10-21 21:45:01,564 - INFO - Rank 0 | rank: 0, iter_num: 7
2023-10-21 21:45:01,565 - INFO - Rank 0 | Epoch miss rate ( miss_num/try_num ) for epoch 27 on rank 0: 4860312 / 9998803 = 0.4860893848993725
2023-10-21 21:45:01,566 - INFO - Rank 0 | Up to now, total_local_feats_gather_time = 1.0130000000000001 s, total_remote_feats_gather_time = 38.102000000000004 s
2023-10-21 21:45:01,566 - INFO - Rank 0 | => cur_epoch 27 finished on rank 0
2023-10-21 21:45:03,431 - INFO - Rank 0 | Epoch: 27, Test Accuracy 0.5882088952925337
2023-10-21 21:45:04,311 - INFO - Rank 0 | rank: 0, iter_num: 7
2023-10-21 21:45:04,312 - INFO - Rank 0 | Epoch miss rate ( miss_num/try_num ) for epoch 28 on rank 0: 5039325 / 10362925 = 0.48628403660163516
2023-10-21 21:45:04,313 - INFO - Rank 0 | Up to now, total_local_feats_gather_time = 1.048 s, total_remote_feats_gather_time = 39.442 s
2023-10-21 21:45:04,313 - INFO - Rank 0 | => cur_epoch 28 finished on rank 0
2023-10-21 21:45:06,169 - INFO - Rank 0 | Epoch: 28, Test Accuracy 0.5848312350898741
2023-10-21 21:45:07,057 - INFO - Rank 0 | rank: 0, iter_num: 7
2023-10-21 21:45:07,058 - INFO - Rank 0 | Epoch miss rate ( miss_num/try_num ) for epoch 29 on rank 0: 5218179 / 10727366 = 0.48643618573282577
2023-10-21 21:45:07,059 - INFO - Rank 0 | Up to now, total_local_feats_gather_time = 1.084 s, total_remote_feats_gather_time = 40.883 s
2023-10-21 21:45:07,060 - INFO - Rank 0 | => cur_epoch 29 finished on rank 0
2023-10-21 21:45:08,841 - INFO - Rank 0 | Epoch: 29, Test Accuracy 0.5890355953421357
2023-10-21 21:45:09,865 - INFO - Rank 0 | rank: 0, iter_num: 7
2023-10-21 21:45:09,866 - INFO - Rank 0 | Epoch miss rate ( miss_num/try_num ) for epoch 30 on rank 0: 5396990 / 11091268 = 0.48659810582523116
2023-10-21 21:45:09,867 - INFO - Rank 0 | Up to now, total_local_feats_gather_time = 1.122 s, total_remote_feats_gather_time = 42.244 s
2023-10-21 21:45:09,868 - INFO - Rank 0 | => cur_epoch 30 finished on rank 0
2023-10-21 21:45:11,701 - INFO - Rank 0 | Epoch: 30, Test Accuracy 0.5880907952854477
2023-10-21 21:45:12,672 - INFO - Rank 0 | rank: 0, iter_num: 7
2023-10-21 21:45:12,674 - INFO - Rank 0 | Epoch miss rate ( miss_num/try_num ) for epoch 31 on rank 0: 5576004 / 11455970 = 0.48673346735370293
2023-10-21 21:45:12,674 - INFO - Rank 0 | Up to now, total_local_feats_gather_time = 1.16 s, total_remote_feats_gather_time = 43.601 s
2023-10-21 21:45:12,675 - INFO - Rank 0 | => cur_epoch 31 finished on rank 0
2023-10-21 21:45:14,444 - INFO - Rank 0 | Epoch: 31, Test Accuracy 0.5893426553605593
2023-10-21 21:45:15,473 - INFO - Rank 0 | rank: 0, iter_num: 7
2023-10-21 21:45:15,474 - INFO - Rank 0 | Epoch miss rate ( miss_num/try_num ) for epoch 32 on rank 0: 5754857 / 11820162 = 0.486867861878712
2023-10-21 21:45:15,475 - INFO - Rank 0 | Up to now, total_local_feats_gather_time = 1.199 s, total_remote_feats_gather_time = 44.926 s
2023-10-21 21:45:15,475 - INFO - Rank 0 | => cur_epoch 32 finished on rank 0
2023-10-21 21:45:17,329 - INFO - Rank 0 | Epoch: 32, Test Accuracy 0.5888702553322154
2023-10-21 21:45:18,230 - INFO - Rank 0 | rank: 0, iter_num: 7
2023-10-21 21:45:18,231 - INFO - Rank 0 | Epoch miss rate ( miss_num/try_num ) for epoch 33 on rank 0: 5933780 / 12184384 = 0.48699876825943766
2023-10-21 21:45:18,232 - INFO - Rank 0 | Up to now, total_local_feats_gather_time = 1.238 s, total_remote_feats_gather_time = 46.303000000000004 s
2023-10-21 21:45:18,232 - INFO - Rank 0 | => cur_epoch 33 finished on rank 0
2023-10-21 21:45:20,052 - INFO - Rank 0 | Epoch: 33, Test Accuracy 0.5914684554881073
2023-10-21 21:45:21,121 - INFO - Rank 0 | rank: 0, iter_num: 7
2023-10-21 21:45:21,122 - INFO - Rank 0 | Epoch miss rate ( miss_num/try_num ) for epoch 34 on rank 0: 6112811 / 12548724 = 0.48712610142672674
2023-10-21 21:45:21,123 - INFO - Rank 0 | Up to now, total_local_feats_gather_time = 1.274 s, total_remote_feats_gather_time = 47.659 s
2023-10-21 21:45:21,123 - INFO - Rank 0 | => cur_epoch 34 finished on rank 0
2023-10-21 21:45:23,029 - INFO - Rank 0 | Epoch: 34, Test Accuracy 0.5896260953775657
2023-10-21 21:45:23,919 - INFO - Rank 0 | rank: 0, iter_num: 7
2023-10-21 21:45:23,920 - INFO - Rank 0 | Epoch miss rate ( miss_num/try_num ) for epoch 35 on rank 0: 6291439 / 12912758 = 0.48722658629550714
2023-10-21 21:45:23,921 - INFO - Rank 0 | Up to now, total_local_feats_gather_time = 1.309 s, total_remote_feats_gather_time = 49.093 s
2023-10-21 21:45:23,921 - INFO - Rank 0 | => cur_epoch 35 finished on rank 0
2023-10-21 21:45:25,742 - INFO - Rank 0 | Epoch: 35, Test Accuracy 0.5895552353733141
2023-10-21 21:45:26,685 - INFO - Rank 0 | rank: 0, iter_num: 7
2023-10-21 21:45:26,686 - INFO - Rank 0 | Epoch miss rate ( miss_num/try_num ) for epoch 36 on rank 0: 6470357 / 13276728 = 0.4873457526583357
2023-10-21 21:45:26,687 - INFO - Rank 0 | Up to now, total_local_feats_gather_time = 1.348 s, total_remote_feats_gather_time = 50.453 s
2023-10-21 21:45:26,687 - INFO - Rank 0 | => cur_epoch 36 finished on rank 0
2023-10-21 21:45:28,450 - INFO - Rank 0 | Epoch: 36, Test Accuracy 0.5904527954271678
2023-10-21 21:45:29,458 - INFO - Rank 0 | rank: 0, iter_num: 7
2023-10-21 21:45:29,459 - INFO - Rank 0 | Epoch miss rate ( miss_num/try_num ) for epoch 37 on rank 0: 6649035 / 13640598 = 0.4874445387218361
2023-10-21 21:45:29,461 - INFO - Rank 0 | Up to now, total_local_feats_gather_time = 1.389 s, total_remote_feats_gather_time = 51.769 s
2023-10-21 21:45:29,461 - INFO - Rank 0 | => cur_epoch 37 finished on rank 0
2023-10-21 21:45:31,257 - INFO - Rank 0 | Epoch: 37, Test Accuracy 0.5909488154569289
2023-10-21 21:45:32,229 - INFO - Rank 0 | rank: 0, iter_num: 7
2023-10-21 21:45:32,230 - INFO - Rank 0 | Epoch miss rate ( miss_num/try_num ) for epoch 38 on rank 0: 6827551 / 14004396 = 0.4875291301388507
2023-10-21 21:45:32,231 - INFO - Rank 0 | Up to now, total_local_feats_gather_time = 1.425 s, total_remote_feats_gather_time = 53.162 s
2023-10-21 21:45:32,231 - INFO - Rank 0 | => cur_epoch 38 finished on rank 0
2023-10-21 21:45:34,127 - INFO - Rank 0 | Epoch: 38, Test Accuracy 0.5927675555660533
2023-10-21 21:45:35,121 - INFO - Rank 0 | rank: 0, iter_num: 7
2023-10-21 21:45:35,122 - INFO - Rank 0 | Epoch miss rate ( miss_num/try_num ) for epoch 39 on rank 0: 7006685 / 14368872 = 0.4876294395273338
2023-10-21 21:45:35,123 - INFO - Rank 0 | Up to now, total_local_feats_gather_time = 1.459 s, total_remote_feats_gather_time = 54.618 s
2023-10-21 21:45:35,123 - INFO - Rank 0 | => cur_epoch 39 finished on rank 0
2023-10-21 21:45:36,919 - INFO - Rank 0 | Epoch: 39, Test Accuracy 0.5910196754611805
2023-10-21 21:45:37,939 - INFO - Rank 0 | rank: 0, iter_num: 7
2023-10-21 21:45:37,941 - INFO - Rank 0 | Epoch miss rate ( miss_num/try_num ) for epoch 40 on rank 0: 7185648 / 14733216 = 0.4877175492438311
2023-10-21 21:45:37,942 - INFO - Rank 0 | Up to now, total_local_feats_gather_time = 1.493 s, total_remote_feats_gather_time = 55.96 s
2023-10-21 21:45:37,942 - INFO - Rank 0 | => cur_epoch 40 finished on rank 0
2023-10-21 21:45:39,747 - INFO - Rank 0 | Epoch: 40, Test Accuracy 0.5913031154781869
2023-10-21 21:45:40,859 - INFO - Rank 0 | rank: 0, iter_num: 7
2023-10-21 21:45:40,860 - INFO - Rank 0 | Epoch miss rate ( miss_num/try_num ) for epoch 41 on rank 0: 7364639 / 15097870 = 0.48779324500740834
2023-10-21 21:45:40,862 - INFO - Rank 0 | Up to now, total_local_feats_gather_time = 1.5310000000000001 s, total_remote_feats_gather_time = 57.309000000000005 s
2023-10-21 21:45:40,862 - INFO - Rank 0 | => cur_epoch 41 finished on rank 0
2023-10-21 21:45:42,618 - INFO - Rank 0 | Epoch: 41, Test Accuracy 0.5905945154356709
2023-10-21 21:45:43,645 - INFO - Rank 0 | rank: 0, iter_num: 7
2023-10-21 21:45:43,646 - INFO - Rank 0 | Epoch miss rate ( miss_num/try_num ) for epoch 42 on rank 0: 7543734 / 15462419 = 0.48787540940392315
2023-10-21 21:45:43,647 - INFO - Rank 0 | Up to now, total_local_feats_gather_time = 1.573 s, total_remote_feats_gather_time = 58.661 s
2023-10-21 21:45:43,647 - INFO - Rank 0 | => cur_epoch 42 finished on rank 0
2023-10-21 21:45:45,536 - INFO - Rank 0 | Epoch: 42, Test Accuracy 0.5888938753336325
2023-10-21 21:45:46,423 - INFO - Rank 0 | rank: 0, iter_num: 7
2023-10-21 21:45:46,424 - INFO - Rank 0 | Epoch miss rate ( miss_num/try_num ) for epoch 43 on rank 0: 7722369 / 15826579 = 0.4879367170883866
2023-10-21 21:45:46,426 - INFO - Rank 0 | Up to now, total_local_feats_gather_time = 1.607 s, total_remote_feats_gather_time = 60.095 s
2023-10-21 21:45:46,426 - INFO - Rank 0 | => cur_epoch 43 finished on rank 0
2023-10-21 21:45:48,177 - INFO - Rank 0 | Epoch: 43, Test Accuracy 0.5920589555235374
2023-10-21 21:45:49,274 - INFO - Rank 0 | rank: 0, iter_num: 7
2023-10-21 21:45:49,275 - INFO - Rank 0 | Epoch miss rate ( miss_num/try_num ) for epoch 44 on rank 0: 7901258 / 16191011 = 0.48800275659129627
2023-10-21 21:45:49,276 - INFO - Rank 0 | Up to now, total_local_feats_gather_time = 1.6480000000000001 s, total_remote_feats_gather_time = 61.434000000000005 s
2023-10-21 21:45:49,276 - INFO - Rank 0 | => cur_epoch 44 finished on rank 0
2023-10-21 21:45:51,071 - INFO - Rank 0 | Epoch: 44, Test Accuracy 0.5931454755887285
2023-10-21 21:45:52,077 - INFO - Rank 0 | rank: 0, iter_num: 7
2023-10-21 21:45:52,078 - INFO - Rank 0 | Epoch miss rate ( miss_num/try_num ) for epoch 45 on rank 0: 8080342 / 16555514 = 0.4880755740957363
2023-10-21 21:45:52,079 - INFO - Rank 0 | Up to now, total_local_feats_gather_time = 1.682 s, total_remote_feats_gather_time = 62.786 s
2023-10-21 21:45:52,080 - INFO - Rank 0 | => cur_epoch 45 finished on rank 0
2023-10-21 21:45:53,913 - INFO - Rank 0 | Epoch: 45, Test Accuracy 0.5902165954129958
2023-10-21 21:45:54,848 - INFO - Rank 0 | rank: 0, iter_num: 7
2023-10-21 21:45:54,849 - INFO - Rank 0 | Epoch miss rate ( miss_num/try_num ) for epoch 46 on rank 0: 8259383 / 16919870 = 0.48814695384775414
2023-10-21 21:45:54,850 - INFO - Rank 0 | Up to now, total_local_feats_gather_time = 1.715 s, total_remote_feats_gather_time = 64.128 s
2023-10-21 21:45:54,850 - INFO - Rank 0 | => cur_epoch 46 finished on rank 0
2023-10-21 21:45:56,644 - INFO - Rank 0 | Epoch: 46, Test Accuracy 0.5914920754895245
2023-10-21 21:45:57,661 - INFO - Rank 0 | rank: 0, iter_num: 7
2023-10-21 21:45:57,661 - INFO - Rank 0 | Epoch miss rate ( miss_num/try_num ) for epoch 47 on rank 0: 8438260 / 17283885 = 0.4882154677608651
2023-10-21 21:45:57,662 - INFO - Rank 0 | Up to now, total_local_feats_gather_time = 1.75 s, total_remote_feats_gather_time = 65.446 s
2023-10-21 21:45:57,663 - INFO - Rank 0 | => cur_epoch 47 finished on rank 0
2023-10-21 21:45:59,488 - INFO - Rank 0 | Epoch: 47, Test Accuracy 0.5906417554385053
2023-10-21 21:46:00,376 - INFO - Rank 0 | rank: 0, iter_num: 7
2023-10-21 21:46:00,377 - INFO - Rank 0 | Epoch miss rate ( miss_num/try_num ) for epoch 48 on rank 0: 8617266 / 17648393 = 0.4882748247956627
2023-10-21 21:46:00,378 - INFO - Rank 0 | Up to now, total_local_feats_gather_time = 1.78 s, total_remote_feats_gather_time = 66.762 s
2023-10-21 21:46:00,379 - INFO - Rank 0 | => cur_epoch 48 finished on rank 0
2023-10-21 21:46:02,223 - INFO - Rank 0 | Epoch: 48, Test Accuracy 0.5917046555022794
2023-10-21 21:46:03,169 - INFO - Rank 0 | rank: 0, iter_num: 7
2023-10-21 21:46:03,170 - INFO - Rank 0 | Epoch miss rate ( miss_num/try_num ) for epoch 49 on rank 0: 8796116 / 18012647 = 0.4883300050236925
2023-10-21 21:46:03,171 - INFO - Rank 0 | Up to now, total_local_feats_gather_time = 1.813 s, total_remote_feats_gather_time = 68.167 s
2023-10-21 21:46:03,171 - INFO - Rank 0 | => cur_epoch 49 finished on rank 0
2023-10-21 21:46:04,988 - INFO - Rank 0 | Epoch: 49, Test Accuracy 0.5909960554597633
2023-10-21 21:46:05,917 - INFO - Rank 0 | rank: 0, iter_num: 7
2023-10-21 21:46:05,919 - INFO - Rank 0 | Epoch miss rate ( miss_num/try_num ) for epoch 50 on rank 0: 8974907 / 18377070 = 0.48837529595305457
2023-10-21 21:46:05,920 - INFO - Rank 0 | Up to now, total_local_feats_gather_time = 1.849 s, total_remote_feats_gather_time = 69.542 s
2023-10-21 21:46:05,920 - INFO - Rank 0 | => cur_epoch 50 finished on rank 0
2023-10-21 21:46:07,811 - INFO - Rank 0 | Epoch: 50, Test Accuracy 0.5929801355788081
2023-10-21 21:46:08,729 - INFO - Rank 0 | rank: 0, iter_num: 7
2023-10-21 21:46:08,730 - INFO - Rank 0 | Epoch miss rate ( miss_num/try_num ) for epoch 51 on rank 0: 9153754 / 18741293 = 0.48842702581940317
2023-10-21 21:46:08,731 - INFO - Rank 0 | Up to now, total_local_feats_gather_time = 1.883 s, total_remote_feats_gather_time = 70.949 s
2023-10-21 21:46:08,731 - INFO - Rank 0 | => cur_epoch 51 finished on rank 0
2023-10-21 21:46:10,543 - INFO - Rank 0 | Epoch: 51, Test Accuracy 0.5909960554597633
2023-10-21 21:46:11,467 - INFO - Rank 0 | rank: 0, iter_num: 7
2023-10-21 21:46:11,468 - INFO - Rank 0 | Epoch miss rate ( miss_num/try_num ) for epoch 52 on rank 0: 9332636 / 19105358 = 0.4884826549704015
2023-10-21 21:46:11,468 - INFO - Rank 0 | Up to now, total_local_feats_gather_time = 1.915 s, total_remote_feats_gather_time = 72.275 s
2023-10-21 21:46:11,469 - INFO - Rank 0 | => cur_epoch 52 finished on rank 0
2023-10-21 21:46:13,212 - INFO - Rank 0 | Epoch: 52, Test Accuracy 0.5925077355504641
2023-10-21 21:46:14,323 - INFO - Rank 0 | rank: 0, iter_num: 7
2023-10-21 21:46:14,324 - INFO - Rank 0 | Epoch miss rate ( miss_num/try_num ) for epoch 53 on rank 0: 9511535 / 19469660 = 0.4885311299735075
2023-10-21 21:46:14,325 - INFO - Rank 0 | Up to now, total_local_feats_gather_time = 1.946 s, total_remote_feats_gather_time = 73.58200000000001 s
2023-10-21 21:46:14,325 - INFO - Rank 0 | => cur_epoch 53 finished on rank 0
2023-10-21 21:46:16,083 - INFO - Rank 0 | Epoch: 53, Test Accuracy 0.5953421357205282
2023-10-21 21:46:17,035 - INFO - Rank 0 | rank: 0, iter_num: 7
2023-10-21 21:46:17,035 - INFO - Rank 0 | Epoch miss rate ( miss_num/try_num ) for epoch 54 on rank 0: 9690278 / 19834099 = 0.4885665842446385
2023-10-21 21:46:17,036 - INFO - Rank 0 | Up to now, total_local_feats_gather_time = 1.981 s, total_remote_feats_gather_time = 74.865 s
2023-10-21 21:46:17,037 - INFO - Rank 0 | => cur_epoch 54 finished on rank 0
2023-10-21 21:46:18,811 - INFO - Rank 0 | Epoch: 54, Test Accuracy 0.5912322554739353
2023-10-21 21:46:19,833 - INFO - Rank 0 | rank: 0, iter_num: 7
2023-10-21 21:46:19,834 - INFO - Rank 0 | Epoch miss rate ( miss_num/try_num ) for epoch 55 on rank 0: 9869048 / 20198370 = 0.4886061598039842
2023-10-21 21:46:19,835 - INFO - Rank 0 | Up to now, total_local_feats_gather_time = 2.016 s, total_remote_feats_gather_time = 76.227 s
2023-10-21 21:46:19,836 - INFO - Rank 0 | => cur_epoch 55 finished on rank 0
2023-10-21 21:46:21,605 - INFO - Rank 0 | Epoch: 55, Test Accuracy 0.5950114557006874
2023-10-21 21:46:22,644 - INFO - Rank 0 | rank: 0, iter_num: 7
2023-10-21 21:46:22,645 - INFO - Rank 0 | Epoch miss rate ( miss_num/try_num ) for epoch 56 on rank 0: 10048029 / 20562515 = 0.4886575888212118
2023-10-21 21:46:22,646 - INFO - Rank 0 | Up to now, total_local_feats_gather_time = 2.051 s, total_remote_feats_gather_time = 77.543 s
2023-10-21 21:46:22,646 - INFO - Rank 0 | => cur_epoch 56 finished on rank 0
2023-10-21 21:46:24,450 - INFO - Rank 0 | Epoch: 56, Test Accuracy 0.5926494555589673
2023-10-21 21:46:25,465 - INFO - Rank 0 | rank: 0, iter_num: 7
2023-10-21 21:46:25,466 - INFO - Rank 0 | Epoch miss rate ( miss_num/try_num ) for epoch 57 on rank 0: 10227151 / 20927098 = 0.4887037371354595
2023-10-21 21:46:25,467 - INFO - Rank 0 | Up to now, total_local_feats_gather_time = 2.085 s, total_remote_feats_gather_time = 78.84400000000001 s
2023-10-21 21:46:25,467 - INFO - Rank 0 | => cur_epoch 57 finished on rank 0
2023-10-21 21:46:27,269 - INFO - Rank 0 | Epoch: 57, Test Accuracy 0.5945390556723433
2023-10-21 21:46:28,185 - INFO - Rank 0 | rank: 0, iter_num: 7
2023-10-21 21:46:28,186 - INFO - Rank 0 | Epoch miss rate ( miss_num/try_num ) for epoch 58 on rank 0: 10405865 / 21291024 = 0.4887442238569643
2023-10-21 21:46:28,187 - INFO - Rank 0 | Up to now, total_local_feats_gather_time = 2.121 s, total_remote_feats_gather_time = 80.215 s
2023-10-21 21:46:28,188 - INFO - Rank 0 | => cur_epoch 58 finished on rank 0
2023-10-21 21:46:29,981 - INFO - Rank 0 | Epoch: 58, Test Accuracy 0.5953421357205282
2023-10-21 21:46:31,016 - INFO - Rank 0 | rank: 0, iter_num: 7
2023-10-21 21:46:31,017 - INFO - Rank 0 | Epoch miss rate ( miss_num/try_num ) for epoch 59 on rank 0: 10584691 / 21655023 = 0.48878687406612314
2023-10-21 21:46:31,018 - INFO - Rank 0 | Up to now, total_local_feats_gather_time = 2.156 s, total_remote_feats_gather_time = 81.549 s
2023-10-21 21:46:31,018 - INFO - Rank 0 | => cur_epoch 59 finished on rank 0
2023-10-21 21:46:32,858 - INFO - Rank 0 | Epoch: 59, Test Accuracy 0.5921061955263718
2023-10-21 21:46:33,872 - INFO - Rank 0 | rank: 0, iter_num: 7
2023-10-21 21:46:33,873 - INFO - Rank 0 | Epoch miss rate ( miss_num/try_num ) for epoch 60 on rank 0: 10763646 / 22019113 = 0.48883195249508915
2023-10-21 21:46:33,875 - INFO - Rank 0 | Up to now, total_local_feats_gather_time = 2.191 s, total_remote_feats_gather_time = 82.926 s
2023-10-21 21:46:33,875 - INFO - Rank 0 | => cur_epoch 60 finished on rank 0
2023-10-21 21:46:35,652 - INFO - Rank 0 | Epoch: 60, Test Accuracy 0.5943737156624229
2023-10-21 21:46:36,720 - INFO - Rank 0 | rank: 0, iter_num: 7
2023-10-21 21:46:36,722 - INFO - Rank 0 | Epoch miss rate ( miss_num/try_num ) for epoch 61 on rank 0: 10942331 / 22383266 = 0.488862125839902
2023-10-21 21:46:36,723 - INFO - Rank 0 | Up to now, total_local_feats_gather_time = 2.225 s, total_remote_feats_gather_time = 84.27 s
2023-10-21 21:46:36,723 - INFO - Rank 0 | => cur_epoch 61 finished on rank 0
2023-10-21 21:46:38,651 - INFO - Rank 0 | Epoch: 61, Test Accuracy 0.5917046555022794
2023-10-21 21:46:39,621 - INFO - Rank 0 | rank: 0, iter_num: 7
2023-10-21 21:46:39,622 - INFO - Rank 0 | Epoch miss rate ( miss_num/try_num ) for epoch 62 on rank 0: 11121099 / 22747474 = 0.4888937998126737
2023-10-21 21:46:39,623 - INFO - Rank 0 | Up to now, total_local_feats_gather_time = 2.2600000000000002 s, total_remote_feats_gather_time = 85.69500000000001 s
2023-10-21 21:46:39,623 - INFO - Rank 0 | => cur_epoch 62 finished on rank 0
2023-10-21 21:46:41,377 - INFO - Rank 0 | Epoch: 62, Test Accuracy 0.5956019557361173
2023-10-21 21:46:42,413 - INFO - Rank 0 | rank: 0, iter_num: 7
2023-10-21 21:46:42,414 - INFO - Rank 0 | Epoch miss rate ( miss_num/try_num ) for epoch 63 on rank 0: 11299707 / 23111667 = 0.4889178699225807
2023-10-21 21:46:42,415 - INFO - Rank 0 | Up to now, total_local_feats_gather_time = 2.293 s, total_remote_feats_gather_time = 87.01 s
2023-10-21 21:46:42,415 - INFO - Rank 0 | => cur_epoch 63 finished on rank 0
2023-10-21 21:46:44,300 - INFO - Rank 0 | Epoch: 63, Test Accuracy 0.5914684554881073
2023-10-21 21:46:45,348 - INFO - Rank 0 | rank: 0, iter_num: 7
2023-10-21 21:46:45,349 - INFO - Rank 0 | Epoch miss rate ( miss_num/try_num ) for epoch 64 on rank 0: 11478546 / 23475882 = 0.4889505748921382
2023-10-21 21:46:45,350 - INFO - Rank 0 | Up to now, total_local_feats_gather_time = 2.329 s, total_remote_feats_gather_time = 88.416 s
2023-10-21 21:46:45,351 - INFO - Rank 0 | => cur_epoch 64 finished on rank 0
2023-10-21 21:46:47,109 - INFO - Rank 0 | Epoch: 64, Test Accuracy 0.5940666556439993
2023-10-21 21:46:48,127 - INFO - Rank 0 | rank: 0, iter_num: 7
2023-10-21 21:46:48,128 - INFO - Rank 0 | Epoch miss rate ( miss_num/try_num ) for epoch 65 on rank 0: 11657405 / 23840135 = 0.488982340074836
2023-10-21 21:46:48,129 - INFO - Rank 0 | Up to now, total_local_feats_gather_time = 2.364 s, total_remote_feats_gather_time = 89.72500000000001 s
2023-10-21 21:46:48,129 - INFO - Rank 0 | => cur_epoch 65 finished on rank 0
2023-10-21 21:46:49,911 - INFO - Rank 0 | Epoch: 65, Test Accuracy 0.5944209556652573
2023-10-21 21:46:50,848 - INFO - Rank 0 | rank: 0, iter_num: 7
2023-10-21 21:46:50,849 - INFO - Rank 0 | Epoch miss rate ( miss_num/try_num ) for epoch 66 on rank 0: 11836069 / 24204077 = 0.4890113760586698
2023-10-21 21:46:50,850 - INFO - Rank 0 | Up to now, total_local_feats_gather_time = 2.4010000000000002 s, total_remote_feats_gather_time = 91.065 s
2023-10-21 21:46:50,850 - INFO - Rank 0 | => cur_epoch 66 finished on rank 0
2023-10-21 21:46:52,728 - INFO - Rank 0 | Epoch: 66, Test Accuracy 0.5941375156482509
2023-10-21 21:46:53,683 - INFO - Rank 0 | rank: 0, iter_num: 7
2023-10-21 21:46:53,683 - INFO - Rank 0 | Epoch miss rate ( miss_num/try_num ) for epoch 67 on rank 0: 12014889 / 24568318 = 0.4890399497434053
2023-10-21 21:46:53,685 - INFO - Rank 0 | Up to now, total_local_feats_gather_time = 2.436 s, total_remote_feats_gather_time = 92.46300000000001 s
2023-10-21 21:46:53,685 - INFO - Rank 0 | => cur_epoch 67 finished on rank 0
2023-10-21 21:46:55,509 - INFO - Rank 0 | Epoch: 67, Test Accuracy 0.5929565155773909
2023-10-21 21:46:56,440 - INFO - Rank 0 | rank: 0, iter_num: 7
2023-10-21 21:46:56,441 - INFO - Rank 0 | Epoch miss rate ( miss_num/try_num ) for epoch 68 on rank 0: 12193646 / 24932394 = 0.4890683983254877
2023-10-21 21:46:56,442 - INFO - Rank 0 | Up to now, total_local_feats_gather_time = 2.472 s, total_remote_feats_gather_time = 93.833 s
2023-10-21 21:46:56,442 - INFO - Rank 0 | => cur_epoch 68 finished on rank 0
2023-10-21 21:46:58,141 - INFO - Rank 0 | Epoch: 68, Test Accuracy 0.5945862956751777
2023-10-21 21:46:59,218 - INFO - Rank 0 | rank: 0, iter_num: 7
2023-10-21 21:46:59,219 - INFO - Rank 0 | Epoch miss rate ( miss_num/try_num ) for epoch 69 on rank 0: 12372581 / 25296527 = 0.48910196249469345
2023-10-21 21:46:59,220 - INFO - Rank 0 | Up to now, total_local_feats_gather_time = 2.512 s, total_remote_feats_gather_time = 95.154 s
2023-10-21 21:46:59,220 - INFO - Rank 0 | => cur_epoch 69 finished on rank 0
2023-10-21 21:47:01,029 - INFO - Rank 0 | Epoch: 69, Test Accuracy 0.5945390556723433
2023-10-21 21:47:02,071 - INFO - Rank 0 | rank: 0, iter_num: 7
2023-10-21 21:47:02,072 - INFO - Rank 0 | Epoch miss rate ( miss_num/try_num ) for epoch 70 on rank 0: 12551375 / 25660709 = 0.48912814529013987
2023-10-21 21:47:02,073 - INFO - Rank 0 | Up to now, total_local_feats_gather_time = 2.549 s, total_remote_feats_gather_time = 96.552 s
2023-10-21 21:47:02,073 - INFO - Rank 0 | => cur_epoch 70 finished on rank 0
2023-10-21 21:47:03,866 - INFO - Rank 0 | Epoch: 70, Test Accuracy 0.5959326357559581
2023-10-21 21:47:04,802 - INFO - Rank 0 | rank: 0, iter_num: 7
2023-10-21 21:47:04,802 - INFO - Rank 0 | Epoch miss rate ( miss_num/try_num ) for epoch 71 on rank 0: 12729945 / 26024742 = 0.48914778866972053
2023-10-21 21:47:04,803 - INFO - Rank 0 | Up to now, total_local_feats_gather_time = 2.586 s, total_remote_feats_gather_time = 97.877 s
2023-10-21 21:47:04,803 - INFO - Rank 0 | => cur_epoch 71 finished on rank 0
2023-10-21 21:47:06,604 - INFO - Rank 0 | Epoch: 71, Test Accuracy 0.5961452157687129
2023-10-21 21:47:07,634 - INFO - Rank 0 | rank: 0, iter_num: 7
2023-10-21 21:47:07,635 - INFO - Rank 0 | Epoch miss rate ( miss_num/try_num ) for epoch 72 on rank 0: 12908742 / 26388735 = 0.4891762337224577
2023-10-21 21:47:07,636 - INFO - Rank 0 | Up to now, total_local_feats_gather_time = 2.623 s, total_remote_feats_gather_time = 99.215 s
2023-10-21 21:47:07,636 - INFO - Rank 0 | => cur_epoch 72 finished on rank 0
2023-10-21 21:47:09,387 - INFO - Rank 0 | Epoch: 72, Test Accuracy 0.5934761556085694
2023-10-21 21:47:10,439 - INFO - Rank 0 | rank: 0, iter_num: 7
2023-10-21 21:47:10,440 - INFO - Rank 0 | Epoch miss rate ( miss_num/try_num ) for epoch 73 on rank 0: 13087714 / 26753023 = 0.4892050517057456
2023-10-21 21:47:10,441 - INFO - Rank 0 | Up to now, total_local_feats_gather_time = 2.66 s, total_remote_feats_gather_time = 100.56400000000001 s
2023-10-21 21:47:10,441 - INFO - Rank 0 | => cur_epoch 73 finished on rank 0
2023-10-21 21:47:12,280 - INFO - Rank 0 | Epoch: 73, Test Accuracy 0.5939485556369133
2023-10-21 21:47:13,165 - INFO - Rank 0 | rank: 0, iter_num: 7
2023-10-21 21:47:13,166 - INFO - Rank 0 | Epoch miss rate ( miss_num/try_num ) for epoch 74 on rank 0: 13266581 / 27117203 = 0.4892311718137007
2023-10-21 21:47:13,167 - INFO - Rank 0 | Up to now, total_local_feats_gather_time = 2.694 s, total_remote_feats_gather_time = 101.947 s
2023-10-21 21:47:13,167 - INFO - Rank 0 | => cur_epoch 74 finished on rank 0
2023-10-21 21:47:14,937 - INFO - Rank 0 | Epoch: 74, Test Accuracy 0.5957909157474549
2023-10-21 21:47:15,948 - INFO - Rank 0 | rank: 0, iter_num: 7
2023-10-21 21:47:15,948 - INFO - Rank 0 | Epoch miss rate ( miss_num/try_num ) for epoch 75 on rank 0: 13445405 / 27481334 = 0.4892559073005699
2023-10-21 21:47:15,950 - INFO - Rank 0 | Up to now, total_local_feats_gather_time = 2.726 s, total_remote_feats_gather_time = 103.276 s
2023-10-21 21:47:15,950 - INFO - Rank 0 | => cur_epoch 75 finished on rank 0
2023-10-21 21:47:17,789 - INFO - Rank 0 | Epoch: 75, Test Accuracy 0.591893615513617
2023-10-21 21:47:18,786 - INFO - Rank 0 | rank: 0, iter_num: 7
2023-10-21 21:47:18,787 - INFO - Rank 0 | Epoch miss rate ( miss_num/try_num ) for epoch 76 on rank 0: 13624371 / 27845723 = 0.4892805620453813
2023-10-21 21:47:18,789 - INFO - Rank 0 | Up to now, total_local_feats_gather_time = 2.765 s, total_remote_feats_gather_time = 104.602 s
2023-10-21 21:47:18,789 - INFO - Rank 0 | => cur_epoch 76 finished on rank 0
2023-10-21 21:47:20,691 - INFO - Rank 0 | Epoch: 76, Test Accuracy 0.5934052956043178
2023-10-21 21:47:21,697 - INFO - Rank 0 | rank: 0, iter_num: 7
2023-10-21 21:47:21,699 - INFO - Rank 0 | Epoch miss rate ( miss_num/try_num ) for epoch 77 on rank 0: 13803114 / 28209837 = 0.48930144474071224
2023-10-21 21:47:21,700 - INFO - Rank 0 | Up to now, total_local_feats_gather_time = 2.795 s, total_remote_feats_gather_time = 106.039 s
2023-10-21 21:47:21,700 - INFO - Rank 0 | => cur_epoch 77 finished on rank 0
2023-10-21 21:47:23,545 - INFO - Rank 0 | Epoch: 77, Test Accuracy 0.5945154356709261
2023-10-21 21:47:24,546 - INFO - Rank 0 | rank: 0, iter_num: 7
2023-10-21 21:47:24,547 - INFO - Rank 0 | Epoch miss rate ( miss_num/try_num ) for epoch 78 on rank 0: 13982034 / 28574484 = 0.48931886224087195
2023-10-21 21:47:24,548 - INFO - Rank 0 | Up to now, total_local_feats_gather_time = 2.828 s, total_remote_feats_gather_time = 107.418 s
2023-10-21 21:47:24,549 - INFO - Rank 0 | => cur_epoch 78 finished on rank 0
2023-10-21 21:47:26,320 - INFO - Rank 0 | Epoch: 78, Test Accuracy 0.5953657557219454
2023-10-21 21:47:27,331 - INFO - Rank 0 | rank: 0, iter_num: 7
2023-10-21 21:47:27,332 - INFO - Rank 0 | Epoch miss rate ( miss_num/try_num ) for epoch 79 on rank 0: 14161025 / 28938622 = 0.4893469011758749
2023-10-21 21:47:27,334 - INFO - Rank 0 | Up to now, total_local_feats_gather_time = 2.862 s, total_remote_feats_gather_time = 108.74000000000001 s
2023-10-21 21:47:27,334 - INFO - Rank 0 | => cur_epoch 79 finished on rank 0
2023-10-21 21:47:29,116 - INFO - Rank 0 | Epoch: 79, Test Accuracy 0.5966884758013086
2023-10-21 21:47:30,196 - INFO - Rank 0 | rank: 0, iter_num: 7
2023-10-21 21:47:30,198 - INFO - Rank 0 | Epoch miss rate ( miss_num/try_num ) for epoch 80 on rank 0: 14339837 / 29302722 = 0.48936876922219036
2023-10-21 21:47:30,199 - INFO - Rank 0 | Up to now, total_local_feats_gather_time = 2.8970000000000002 s, total_remote_feats_gather_time = 110.04 s
2023-10-21 21:47:30,199 - INFO - Rank 0 | => cur_epoch 80 finished on rank 0
2023-10-21 21:47:31,982 - INFO - Rank 0 | Epoch: 80, Test Accuracy 0.593428915605735
2023-10-21 21:47:33,077 - INFO - Rank 0 | rank: 0, iter_num: 7
2023-10-21 21:47:33,078 - INFO - Rank 0 | Epoch miss rate ( miss_num/try_num ) for epoch 81 on rank 0: 14518603 / 29667055 = 0.4893847063687312
2023-10-21 21:47:33,079 - INFO - Rank 0 | Up to now, total_local_feats_gather_time = 2.931 s, total_remote_feats_gather_time = 111.36800000000001 s
2023-10-21 21:47:33,079 - INFO - Rank 0 | => cur_epoch 81 finished on rank 0
2023-10-21 21:47:34,942 - INFO - Rank 0 | Epoch: 81, Test Accuracy 0.5932635755958146
2023-10-21 21:47:35,841 - INFO - Rank 0 | rank: 0, iter_num: 7
2023-10-21 21:47:35,841 - INFO - Rank 0 | Epoch miss rate ( miss_num/try_num ) for epoch 82 on rank 0: 14697284 / 30031068 = 0.48940264129134536
2023-10-21 21:47:35,842 - INFO - Rank 0 | Up to now, total_local_feats_gather_time = 2.967 s, total_remote_feats_gather_time = 112.762 s
2023-10-21 21:47:35,843 - INFO - Rank 0 | => cur_epoch 82 finished on rank 0
2023-10-21 21:47:37,603 - INFO - Rank 0 | Epoch: 82, Test Accuracy 0.5965703757942226
2023-10-21 21:47:38,707 - INFO - Rank 0 | rank: 0, iter_num: 7
2023-10-21 21:47:38,708 - INFO - Rank 0 | Epoch miss rate ( miss_num/try_num ) for epoch 83 on rank 0: 14876172 / 30395558 = 0.48941927632978477
2023-10-21 21:47:38,709 - INFO - Rank 0 | Up to now, total_local_feats_gather_time = 3.0060000000000002 s, total_remote_feats_gather_time = 114.071 s
2023-10-21 21:47:38,709 - INFO - Rank 0 | => cur_epoch 83 finished on rank 0
2023-10-21 21:47:40,602 - INFO - Rank 0 | Epoch: 83, Test Accuracy 0.5941138956468337
2023-10-21 21:47:41,576 - INFO - Rank 0 | rank: 0, iter_num: 7
2023-10-21 21:47:41,577 - INFO - Rank 0 | Epoch miss rate ( miss_num/try_num ) for epoch 84 on rank 0: 15055323 / 30760481 = 0.4894371775265803
2023-10-21 21:47:41,578 - INFO - Rank 0 | Up to now, total_local_feats_gather_time = 3.041 s, total_remote_feats_gather_time = 115.461 s
2023-10-21 21:47:41,579 - INFO - Rank 0 | => cur_epoch 84 finished on rank 0
2023-10-21 21:47:43,378 - INFO - Rank 0 | Epoch: 84, Test Accuracy 0.596735715804143
2023-10-21 21:47:44,502 - INFO - Rank 0 | rank: 0, iter_num: 7
2023-10-21 21:47:44,503 - INFO - Rank 0 | Epoch miss rate ( miss_num/try_num ) for epoch 85 on rank 0: 15234460 / 31124857 = 0.489462811025927
2023-10-21 21:47:44,504 - INFO - Rank 0 | Up to now, total_local_feats_gather_time = 3.072 s, total_remote_feats_gather_time = 116.791 s
2023-10-21 21:47:44,504 - INFO - Rank 0 | => cur_epoch 85 finished on rank 0
2023-10-21 21:47:46,380 - INFO - Rank 0 | Epoch: 85, Test Accuracy 0.593428915605735
2023-10-21 21:47:47,334 - INFO - Rank 0 | rank: 0, iter_num: 7
2023-10-21 21:47:47,335 - INFO - Rank 0 | Epoch miss rate ( miss_num/try_num ) for epoch 86 on rank 0: 15413419 / 31489201 = 0.4894826959883803
2023-10-21 21:47:47,337 - INFO - Rank 0 | Up to now, total_local_feats_gather_time = 3.106 s, total_remote_feats_gather_time = 118.203 s
2023-10-21 21:47:47,337 - INFO - Rank 0 | => cur_epoch 86 finished on rank 0
2023-10-21 21:47:49,250 - INFO - Rank 0 | Epoch: 86, Test Accuracy 0.5931690955901457
2023-10-21 21:47:50,220 - INFO - Rank 0 | rank: 0, iter_num: 7
2023-10-21 21:47:50,221 - INFO - Rank 0 | Epoch miss rate ( miss_num/try_num ) for epoch 87 on rank 0: 15592292 / 31853381 = 0.4895019464338809
2023-10-21 21:47:50,222 - INFO - Rank 0 | Up to now, total_local_feats_gather_time = 3.1430000000000002 s, total_remote_feats_gather_time = 119.632 s
2023-10-21 21:47:50,222 - INFO - Rank 0 | => cur_epoch 87 finished on rank 0
2023-10-21 21:47:52,053 - INFO - Rank 0 | Epoch: 87, Test Accuracy 0.593783215626993
2023-10-21 21:47:53,316 - INFO - Rank 0 | rank: 0, iter_num: 7
2023-10-21 21:47:53,317 - INFO - Rank 0 | Epoch miss rate ( miss_num/try_num ) for epoch 88 on rank 0: 15771163 / 32217411 = 0.4895229787396635
2023-10-21 21:47:53,318 - INFO - Rank 0 | Up to now, total_local_feats_gather_time = 3.178 s, total_remote_feats_gather_time = 120.99600000000001 s
2023-10-21 21:47:53,318 - INFO - Rank 0 | => cur_epoch 88 finished on rank 0
2023-10-21 21:47:55,176 - INFO - Rank 0 | Epoch: 88, Test Accuracy 0.5960507357630441
2023-10-21 21:47:56,347 - INFO - Rank 0 | rank: 0, iter_num: 7
2023-10-21 21:47:56,347 - INFO - Rank 0 | Epoch miss rate ( miss_num/try_num ) for epoch 89 on rank 0: 15950180 / 32581734 = 0.4895436197471872
2023-10-21 21:47:56,349 - INFO - Rank 0 | Up to now, total_local_feats_gather_time = 3.212 s, total_remote_feats_gather_time = 122.429 s
2023-10-21 21:47:56,349 - INFO - Rank 0 | => cur_epoch 89 finished on rank 0
2023-10-21 21:47:58,124 - INFO - Rank 0 | Epoch: 89, Test Accuracy 0.5951767957106078
2023-10-21 21:47:59,269 - INFO - Rank 0 | rank: 0, iter_num: 7
2023-10-21 21:47:59,270 - INFO - Rank 0 | Epoch miss rate ( miss_num/try_num ) for epoch 90 on rank 0: 16129203 / 32946244 = 0.48956120764479255
2023-10-21 21:47:59,271 - INFO - Rank 0 | Up to now, total_local_feats_gather_time = 3.246 s, total_remote_feats_gather_time = 123.71000000000001 s
2023-10-21 21:47:59,271 - INFO - Rank 0 | => cur_epoch 90 finished on rank 0
2023-10-21 21:48:01,248 - INFO - Rank 0 | Epoch: 90, Test Accuracy 0.5947752556865153
2023-10-21 21:48:02,280 - INFO - Rank 0 | rank: 0, iter_num: 7
2023-10-21 21:48:02,280 - INFO - Rank 0 | Epoch miss rate ( miss_num/try_num ) for epoch 91 on rank 0: 16307920 / 33310664 = 0.48957054713769743
2023-10-21 21:48:02,282 - INFO - Rank 0 | Up to now, total_local_feats_gather_time = 3.2800000000000002 s, total_remote_feats_gather_time = 125.217 s
2023-10-21 21:48:02,282 - INFO - Rank 0 | => cur_epoch 91 finished on rank 0
2023-10-21 21:48:04,085 - INFO - Rank 0 | Epoch: 91, Test Accuracy 0.5953893757233626
2023-10-21 21:48:05,245 - INFO - Rank 0 | rank: 0, iter_num: 7
2023-10-21 21:48:05,247 - INFO - Rank 0 | Epoch miss rate ( miss_num/try_num ) for epoch 92 on rank 0: 16486817 / 33674658 = 0.48959122316847287
2023-10-21 21:48:05,248 - INFO - Rank 0 | Up to now, total_local_feats_gather_time = 3.318 s, total_remote_feats_gather_time = 126.595 s
2023-10-21 21:48:05,248 - INFO - Rank 0 | => cur_epoch 92 finished on rank 0
2023-10-21 21:48:07,150 - INFO - Rank 0 | Epoch: 92, Test Accuracy 0.5931218555873113
2023-10-21 21:48:08,295 - INFO - Rank 0 | rank: 0, iter_num: 7
2023-10-21 21:48:08,296 - INFO - Rank 0 | Epoch miss rate ( miss_num/try_num ) for epoch 93 on rank 0: 16665700 / 34038883 = 0.48960772302663397
2023-10-21 21:48:08,297 - INFO - Rank 0 | Up to now, total_local_feats_gather_time = 3.349 s, total_remote_feats_gather_time = 128.044 s
2023-10-21 21:48:08,297 - INFO - Rank 0 | => cur_epoch 93 finished on rank 0
2023-10-21 21:48:10,193 - INFO - Rank 0 | Epoch: 93, Test Accuracy 0.5970663958239838
2023-10-21 21:48:11,451 - INFO - Rank 0 | rank: 0, iter_num: 7
2023-10-21 21:48:11,452 - INFO - Rank 0 | Epoch miss rate ( miss_num/try_num ) for epoch 94 on rank 0: 16844389 / 34403110 = 0.4896182060284666
2023-10-21 21:48:11,454 - INFO - Rank 0 | Up to now, total_local_feats_gather_time = 3.383 s, total_remote_feats_gather_time = 129.495 s
2023-10-21 21:48:11,454 - INFO - Rank 0 | => cur_epoch 94 finished on rank 0
2023-10-21 21:48:13,237 - INFO - Rank 0 | Epoch: 94, Test Accuracy 0.5964758957885538
2023-10-21 21:48:14,664 - INFO - Rank 0 | rank: 0, iter_num: 7
2023-10-21 21:48:14,665 - INFO - Rank 0 | Epoch miss rate ( miss_num/try_num ) for epoch 95 on rank 0: 17023389 / 34767377 = 0.48963685123557066
2023-10-21 21:48:14,667 - INFO - Rank 0 | Up to now, total_local_feats_gather_time = 3.414 s, total_remote_feats_gather_time = 130.80700000000002 s
2023-10-21 21:48:14,667 - INFO - Rank 0 | => cur_epoch 95 finished on rank 0
2023-10-21 21:48:16,518 - INFO - Rank 0 | Epoch: 95, Test Accuracy 0.5955783357347001
2023-10-21 21:48:17,569 - INFO - Rank 0 | rank: 0, iter_num: 7
2023-10-21 21:48:17,570 - INFO - Rank 0 | Epoch miss rate ( miss_num/try_num ) for epoch 96 on rank 0: 17202249 / 35131652 = 0.4896510132799904
2023-10-21 21:48:17,572 - INFO - Rank 0 | Up to now, total_local_feats_gather_time = 3.443 s, total_remote_feats_gather_time = 132.178 s
2023-10-21 21:48:17,572 - INFO - Rank 0 | => cur_epoch 96 finished on rank 0
2023-10-21 21:48:19,438 - INFO - Rank 0 | Epoch: 96, Test Accuracy 0.5951531757091906
2023-10-21 21:48:20,622 - INFO - Rank 0 | rank: 0, iter_num: 7
2023-10-21 21:48:20,623 - INFO - Rank 0 | Epoch miss rate ( miss_num/try_num ) for epoch 97 on rank 0: 17381125 / 35495866 = 0.4896661769007129
2023-10-21 21:48:20,624 - INFO - Rank 0 | Up to now, total_local_feats_gather_time = 3.478 s, total_remote_feats_gather_time = 133.54 s
2023-10-21 21:48:20,625 - INFO - Rank 0 | => cur_epoch 97 finished on rank 0
2023-10-21 21:48:22,451 - INFO - Rank 0 | Epoch: 97, Test Accuracy 0.5945390556723433
2023-10-21 21:48:23,525 - INFO - Rank 0 | rank: 0, iter_num: 7
2023-10-21 21:48:23,526 - INFO - Rank 0 | Epoch miss rate ( miss_num/try_num ) for epoch 98 on rank 0: 17560062 / 35860012 = 0.4896836621248203
2023-10-21 21:48:23,527 - INFO - Rank 0 | Up to now, total_local_feats_gather_time = 3.515 s, total_remote_feats_gather_time = 134.93 s
2023-10-21 21:48:23,527 - INFO - Rank 0 | => cur_epoch 98 finished on rank 0
2023-10-21 21:48:25,371 - INFO - Rank 0 | Epoch: 98, Test Accuracy 0.5961452157687129
2023-10-21 21:48:26,435 - INFO - Rank 0 | rank: 0, iter_num: 7
2023-10-21 21:48:26,436 - INFO - Rank 0 | Epoch miss rate ( miss_num/try_num ) for epoch 99 on rank 0: 17738938 / 36224474 = 0.4896948400134119
2023-10-21 21:48:26,437 - INFO - Rank 0 | Up to now, total_local_feats_gather_time = 3.5460000000000003 s, total_remote_feats_gather_time = 136.284 s
2023-10-21 21:48:26,437 - INFO - Rank 0 | => cur_epoch 99 finished on rank 0
2023-10-21 21:48:28,388 - INFO - Rank 0 | Epoch: 99, Test Accuracy 0.594846115690767
2023-10-21 21:48:28,388 - INFO - Rank 0 | Max acc:0.5970663958239838
2023-10-21 21:48:28,388 - INFO - Rank 0 | wait sampler total time: 0.028280258178710938, total iters: 7, avg iter time:0.0040400368826729914
