2023-11-06 15:45:04,044 - INFO - Rank 0 | Client Args: Namespace(dataset='/home/weijian/gitclone/repgnn/./dist/repgnn_data/reddit0', sampling='2', hidden_size=256, n_classes=60, batch_size=1024, dropout=0.2, lr=0.001, weight_decay=0, model_name='gcn', epoch=100, num_worker=1, cache_size=0, seed=None, log=True, eval=True, dist_url='tcp://10.214.241.227:23457', world_size=4, rank=0, gpu=0, grpc_port='10.214.241.227:18116', mlp_layers=1, block='res+', conv='gen', gcn_aggr='max', norm='batch', t=1.0, p=1.0, y=0.0, learn_t=False, learn_p=False, learn_y=False, msg_norm=False, learn_msg_scale=False, distributed=True)
2023-11-06 15:45:04,860 - INFO - Rank 0 | Added key: store_based_barrier_key:1 to store for rank: 0
2023-11-06 15:45:04,880 - INFO - Rank 0 | Rank 0: Completed store-based barrier for key:store_based_barrier_key:1 with 4 nodes.
2023-11-06 15:45:04,881 - INFO - Rank 0 | Using 4 distributed GPUs in total for training...
2023-11-06 15:45:41,581 - INFO - Rank 0 | Reducer buckets have been rebuilt in this iteration.
2023-11-06 15:45:58,466 - INFO - Rank 0 | rank: 0, iter_num: 38
2023-11-06 15:45:58,468 - INFO - Rank 0 | Epoch miss rate ( miss_num/try_num ) for epoch 0 on rank 0: 375527 / 472390 = 0.7949512055716674
2023-11-06 15:45:58,469 - INFO - Rank 0 | Up to now, total_local_feats_gather_time = 0.058 s, total_remote_feats_gather_time = 12.962 s
2023-11-06 15:45:58,469 - INFO - Rank 0 | => cur_epoch 0 finished on rank 0
2023-11-06 15:46:10,441 - INFO - Rank 0 | Epoch: 0, Test Accuracy 0.7069098612283001
2023-11-06 15:46:28,840 - INFO - Rank 0 | rank: 0, iter_num: 38
2023-11-06 15:46:28,842 - INFO - Rank 0 | Epoch miss rate ( miss_num/try_num ) for epoch 1 on rank 0: 982603 / 1252709 = 0.7843824862757433
2023-11-06 15:46:28,843 - INFO - Rank 0 | Up to now, total_local_feats_gather_time = 0.153 s, total_remote_feats_gather_time = 33.796 s
2023-11-06 15:46:28,843 - INFO - Rank 0 | => cur_epoch 1 finished on rank 0
2023-11-06 15:46:40,244 - INFO - Rank 0 | Epoch: 1, Test Accuracy 0.8128826095542431
2023-11-06 15:46:58,082 - INFO - Rank 0 | rank: 0, iter_num: 38
2023-11-06 15:46:58,083 - INFO - Rank 0 | Epoch miss rate ( miss_num/try_num ) for epoch 2 on rank 0: 1589137 / 2032967 = 0.781683618081356
2023-11-06 15:46:58,084 - INFO - Rank 0 | Up to now, total_local_feats_gather_time = 0.247 s, total_remote_feats_gather_time = 53.419000000000004 s
2023-11-06 15:46:58,084 - INFO - Rank 0 | => cur_epoch 2 finished on rank 0
2023-11-06 15:47:09,635 - INFO - Rank 0 | Epoch: 2, Test Accuracy 0.8419474714108756
2023-11-06 15:47:27,427 - INFO - Rank 0 | rank: 0, iter_num: 38
2023-11-06 15:47:27,429 - INFO - Rank 0 | Epoch miss rate ( miss_num/try_num ) for epoch 3 on rank 0: 2196698 / 2812966 = 0.7809187882114466
2023-11-06 15:47:27,430 - INFO - Rank 0 | Up to now, total_local_feats_gather_time = 0.337 s, total_remote_feats_gather_time = 73.046 s
2023-11-06 15:47:27,431 - INFO - Rank 0 | => cur_epoch 3 finished on rank 0
2023-11-06 15:47:40,735 - INFO - Rank 0 | Epoch: 3, Test Accuracy 0.855142451932571
2023-11-06 15:47:58,534 - INFO - Rank 0 | rank: 0, iter_num: 38
2023-11-06 15:47:58,536 - INFO - Rank 0 | Epoch miss rate ( miss_num/try_num ) for epoch 4 on rank 0: 2805192 / 3593301 = 0.7806727017859066
2023-11-06 15:47:58,537 - INFO - Rank 0 | Up to now, total_local_feats_gather_time = 0.43 s, total_remote_feats_gather_time = 95.182 s
2023-11-06 15:47:58,537 - INFO - Rank 0 | => cur_epoch 4 finished on rank 0
2023-11-06 15:48:10,500 - INFO - Rank 0 | Epoch: 4, Test Accuracy 0.8638493438414448
2023-11-06 15:48:28,847 - INFO - Rank 0 | rank: 0, iter_num: 38
2023-11-06 15:48:28,849 - INFO - Rank 0 | Epoch miss rate ( miss_num/try_num ) for epoch 5 on rank 0: 3411202 / 4373705 = 0.7799341748014555
2023-11-06 15:48:28,849 - INFO - Rank 0 | Up to now, total_local_feats_gather_time = 0.529 s, total_remote_feats_gather_time = 115.895 s
2023-11-06 15:48:28,849 - INFO - Rank 0 | => cur_epoch 5 finished on rank 0
2023-11-06 15:48:41,142 - INFO - Rank 0 | Epoch: 5, Test Accuracy 0.8678706712385329
2023-11-06 15:48:58,117 - INFO - Rank 0 | rank: 0, iter_num: 38
2023-11-06 15:48:58,119 - INFO - Rank 0 | Epoch miss rate ( miss_num/try_num ) for epoch 6 on rank 0: 4018800 / 5153533 = 0.7798145466420803
2023-11-06 15:48:58,120 - INFO - Rank 0 | Up to now, total_local_feats_gather_time = 0.626 s, total_remote_feats_gather_time = 135.978 s
2023-11-06 15:48:58,120 - INFO - Rank 0 | => cur_epoch 6 finished on rank 0
2023-11-06 15:49:09,746 - INFO - Rank 0 | Epoch: 6, Test Accuracy 0.8722689980790981
2023-11-06 15:49:27,262 - INFO - Rank 0 | rank: 0, iter_num: 38
2023-11-06 15:49:27,263 - INFO - Rank 0 | Epoch miss rate ( miss_num/try_num ) for epoch 7 on rank 0: 4626063 / 5933772 = 0.7796159003075952
2023-11-06 15:49:27,265 - INFO - Rank 0 | Up to now, total_local_feats_gather_time = 0.715 s, total_remote_feats_gather_time = 155.614 s
2023-11-06 15:49:27,265 - INFO - Rank 0 | => cur_epoch 7 finished on rank 0
2023-11-06 15:49:39,276 - INFO - Rank 0 | Epoch: 7, Test Accuracy 0.8745668994488627
2023-11-06 15:49:56,931 - INFO - Rank 0 | rank: 0, iter_num: 38
2023-11-06 15:49:56,933 - INFO - Rank 0 | Epoch miss rate ( miss_num/try_num ) for epoch 8 on rank 0: 5233760 / 6714239 = 0.7795015935536402
2023-11-06 15:49:56,934 - INFO - Rank 0 | Up to now, total_local_feats_gather_time = 0.807 s, total_remote_feats_gather_time = 175.762 s
2023-11-06 15:49:56,934 - INFO - Rank 0 | => cur_epoch 8 finished on rank 0
2023-11-06 15:50:10,175 - INFO - Rank 0 | Epoch: 8, Test Accuracy 0.8758594689693553
2023-11-06 15:50:27,781 - INFO - Rank 0 | rank: 0, iter_num: 38
2023-11-06 15:50:27,783 - INFO - Rank 0 | Epoch miss rate ( miss_num/try_num ) for epoch 9 on rank 0: 5839591 / 7494592 = 0.7791739697104259
2023-11-06 15:50:27,784 - INFO - Rank 0 | Up to now, total_local_feats_gather_time = 0.898 s, total_remote_feats_gather_time = 197.013 s
2023-11-06 15:50:27,784 - INFO - Rank 0 | => cur_epoch 9 finished on rank 0
2023-11-06 15:50:39,650 - INFO - Rank 0 | Epoch: 9, Test Accuracy 0.8782291797569252
2023-11-06 15:50:57,326 - INFO - Rank 0 | rank: 0, iter_num: 38
2023-11-06 15:50:57,327 - INFO - Rank 0 | Epoch miss rate ( miss_num/try_num ) for epoch 10 on rank 0: 6446624 / 8274616 = 0.7790843708034306
2023-11-06 15:50:57,328 - INFO - Rank 0 | Up to now, total_local_feats_gather_time = 0.99 s, total_remote_feats_gather_time = 217.114 s
2023-11-06 15:50:57,328 - INFO - Rank 0 | => cur_epoch 10 finished on rank 0
2023-11-06 15:51:11,099 - INFO - Rank 0 | Epoch: 10, Test Accuracy 0.8781394179846687
2023-11-06 15:51:29,318 - INFO - Rank 0 | rank: 0, iter_num: 38
2023-11-06 15:51:29,319 - INFO - Rank 0 | Epoch miss rate ( miss_num/try_num ) for epoch 11 on rank 0: 7053080 / 9054849 = 0.7789285055995964
2023-11-06 15:51:29,320 - INFO - Rank 0 | Up to now, total_local_feats_gather_time = 1.1 s, total_remote_feats_gather_time = 238.707 s
2023-11-06 15:51:29,320 - INFO - Rank 0 | => cur_epoch 11 finished on rank 0
2023-11-06 15:51:42,151 - INFO - Rank 0 | Epoch: 11, Test Accuracy 0.8805091287722385
2023-11-06 15:52:00,347 - INFO - Rank 0 | rank: 0, iter_num: 38
2023-11-06 15:52:00,348 - INFO - Rank 0 | Epoch miss rate ( miss_num/try_num ) for epoch 12 on rank 0: 7660095 / 9835236 = 0.7788420125353372
2023-11-06 15:52:00,349 - INFO - Rank 0 | Up to now, total_local_feats_gather_time = 1.199 s, total_remote_feats_gather_time = 259.79200000000003 s
2023-11-06 15:52:00,349 - INFO - Rank 0 | => cur_epoch 12 finished on rank 0
2023-11-06 15:52:12,388 - INFO - Rank 0 | Epoch: 12, Test Accuracy 0.8822505071540132
2023-11-06 15:52:30,188 - INFO - Rank 0 | rank: 0, iter_num: 38
2023-11-06 15:52:30,189 - INFO - Rank 0 | Epoch miss rate ( miss_num/try_num ) for epoch 13 on rank 0: 8266810 / 10615751 = 0.7787305862769388
2023-11-06 15:52:30,190 - INFO - Rank 0 | Up to now, total_local_feats_gather_time = 1.3 s, total_remote_feats_gather_time = 280.44100000000003 s
2023-11-06 15:52:30,190 - INFO - Rank 0 | => cur_epoch 13 finished on rank 0
2023-11-06 15:52:42,368 - INFO - Rank 0 | Epoch: 13, Test Accuracy 0.8823402689262697
2023-11-06 15:53:00,361 - INFO - Rank 0 | rank: 0, iter_num: 38
2023-11-06 15:53:00,363 - INFO - Rank 0 | Epoch miss rate ( miss_num/try_num ) for epoch 14 on rank 0: 8872519 / 11396038 = 0.7785617246976537
2023-11-06 15:53:00,364 - INFO - Rank 0 | Up to now, total_local_feats_gather_time = 1.3980000000000001 s, total_remote_feats_gather_time = 300.89300000000003 s
2023-11-06 15:53:00,364 - INFO - Rank 0 | => cur_epoch 14 finished on rank 0
2023-11-06 15:53:12,431 - INFO - Rank 0 | Epoch: 14, Test Accuracy 0.8833456007755417
2023-11-06 15:53:30,232 - INFO - Rank 0 | rank: 0, iter_num: 38
2023-11-06 15:53:30,235 - INFO - Rank 0 | Epoch miss rate ( miss_num/try_num ) for epoch 15 on rank 0: 9479321 / 12175938 = 0.7785290135347273
2023-11-06 15:53:30,236 - INFO - Rank 0 | Up to now, total_local_feats_gather_time = 1.488 s, total_remote_feats_gather_time = 320.856 s
2023-11-06 15:53:30,236 - INFO - Rank 0 | => cur_epoch 15 finished on rank 0
2023-11-06 15:53:41,809 - INFO - Rank 0 | Epoch: 15, Test Accuracy 0.8821607453817568
2023-11-06 15:53:59,723 - INFO - Rank 0 | rank: 0, iter_num: 38
2023-11-06 15:53:59,727 - INFO - Rank 0 | Epoch miss rate ( miss_num/try_num ) for epoch 16 on rank 0: 10084846 / 12956328 = 0.778372236331158
2023-11-06 15:53:59,727 - INFO - Rank 0 | Up to now, total_local_feats_gather_time = 1.58 s, total_remote_feats_gather_time = 340.257 s
2023-11-06 15:53:59,728 - INFO - Rank 0 | => cur_epoch 16 finished on rank 0
2023-11-06 15:54:11,574 - INFO - Rank 0 | Epoch: 16, Test Accuracy 0.8848535985494498
2023-11-06 15:54:29,796 - INFO - Rank 0 | rank: 0, iter_num: 38
2023-11-06 15:54:29,797 - INFO - Rank 0 | Epoch miss rate ( miss_num/try_num ) for epoch 17 on rank 0: 10692598 / 13736828 = 0.7783891594187538
2023-11-06 15:54:29,798 - INFO - Rank 0 | Up to now, total_local_feats_gather_time = 1.678 s, total_remote_feats_gather_time = 359.67400000000004 s
2023-11-06 15:54:29,798 - INFO - Rank 0 | => cur_epoch 17 finished on rank 0
2023-11-06 15:54:41,414 - INFO - Rank 0 | Epoch: 17, Test Accuracy 0.8849972173850601
2023-11-06 15:54:59,667 - INFO - Rank 0 | rank: 0, iter_num: 38
2023-11-06 15:54:59,669 - INFO - Rank 0 | Epoch miss rate ( miss_num/try_num ) for epoch 18 on rank 0: 11299379 / 14516856 = 0.7783626840412277
2023-11-06 15:54:59,670 - INFO - Rank 0 | Up to now, total_local_feats_gather_time = 1.768 s, total_remote_feats_gather_time = 378.996 s
2023-11-06 15:54:59,670 - INFO - Rank 0 | => cur_epoch 18 finished on rank 0
2023-11-06 15:55:11,240 - INFO - Rank 0 | Epoch: 18, Test Accuracy 0.885679406854209
2023-11-06 15:55:28,753 - INFO - Rank 0 | rank: 0, iter_num: 38
2023-11-06 15:55:28,754 - INFO - Rank 0 | Epoch miss rate ( miss_num/try_num ) for epoch 19 on rank 0: 11906623 / 15297142 = 0.7783560484697076
2023-11-06 15:55:28,755 - INFO - Rank 0 | Up to now, total_local_feats_gather_time = 1.859 s, total_remote_feats_gather_time = 398.379 s
2023-11-06 15:55:28,756 - INFO - Rank 0 | => cur_epoch 19 finished on rank 0
2023-11-06 15:55:41,949 - INFO - Rank 0 | Epoch: 19, Test Accuracy 0.8863615963233578
2023-11-06 15:55:59,336 - INFO - Rank 0 | rank: 0, iter_num: 38
2023-11-06 15:55:59,338 - INFO - Rank 0 | Epoch miss rate ( miss_num/try_num ) for epoch 20 on rank 0: 12513197 / 16077108 = 0.778323875164613
2023-11-06 15:55:59,339 - INFO - Rank 0 | Up to now, total_local_feats_gather_time = 1.95 s, total_remote_feats_gather_time = 419.314 s
2023-11-06 15:55:59,339 - INFO - Rank 0 | => cur_epoch 20 finished on rank 0
2023-11-06 15:56:12,152 - INFO - Rank 0 | Epoch: 20, Test Accuracy 0.8863256916144553
2023-11-06 15:56:29,830 - INFO - Rank 0 | rank: 0, iter_num: 38
2023-11-06 15:56:29,832 - INFO - Rank 0 | Epoch miss rate ( miss_num/try_num ) for epoch 21 on rank 0: 13120582 / 16857045 = 0.778344128523119
2023-11-06 15:56:29,833 - INFO - Rank 0 | Up to now, total_local_feats_gather_time = 2.04 s, total_remote_feats_gather_time = 440.069 s
2023-11-06 15:56:29,833 - INFO - Rank 0 | => cur_epoch 21 finished on rank 0
2023-11-06 15:56:42,479 - INFO - Rank 0 | Epoch: 21, Test Accuracy 0.8841534567258496
2023-11-06 15:57:00,259 - INFO - Rank 0 | rank: 0, iter_num: 38
2023-11-06 15:57:00,260 - INFO - Rank 0 | Epoch miss rate ( miss_num/try_num ) for epoch 22 on rank 0: 13726231 / 17637267 = 0.7782515851237043
2023-11-06 15:57:00,261 - INFO - Rank 0 | Up to now, total_local_feats_gather_time = 2.1310000000000002 s, total_remote_feats_gather_time = 460.25600000000003 s
2023-11-06 15:57:00,261 - INFO - Rank 0 | => cur_epoch 22 finished on rank 0
2023-11-06 15:57:13,262 - INFO - Rank 0 | Epoch: 22, Test Accuracy 0.8868822146024451
2023-11-06 15:57:32,575 - INFO - Rank 0 | rank: 0, iter_num: 38
2023-11-06 15:57:32,577 - INFO - Rank 0 | Epoch miss rate ( miss_num/try_num ) for epoch 23 on rank 0: 14332720 / 18417383 = 0.7782169703480674
2023-11-06 15:57:32,577 - INFO - Rank 0 | Up to now, total_local_feats_gather_time = 2.222 s, total_remote_feats_gather_time = 481.582 s
2023-11-06 15:57:32,577 - INFO - Rank 0 | => cur_epoch 23 finished on rank 0
2023-11-06 15:57:45,198 - INFO - Rank 0 | Epoch: 23, Test Accuracy 0.8858948351076243
2023-11-06 15:58:03,614 - INFO - Rank 0 | rank: 0, iter_num: 38
2023-11-06 15:58:03,617 - INFO - Rank 0 | Epoch miss rate ( miss_num/try_num ) for epoch 24 on rank 0: 14939898 / 19197747 = 0.7782110056976999
2023-11-06 15:58:03,618 - INFO - Rank 0 | Up to now, total_local_feats_gather_time = 2.324 s, total_remote_feats_gather_time = 502.23400000000004 s
2023-11-06 15:58:03,618 - INFO - Rank 0 | => cur_epoch 24 finished on rank 0
2023-11-06 15:58:15,892 - INFO - Rank 0 | Epoch: 24, Test Accuracy 0.887061738146958
2023-11-06 15:58:34,550 - INFO - Rank 0 | rank: 0, iter_num: 38
2023-11-06 15:58:34,552 - INFO - Rank 0 | Epoch miss rate ( miss_num/try_num ) for epoch 25 on rank 0: 15547027 / 19978030 = 0.778206209521159
2023-11-06 15:58:34,552 - INFO - Rank 0 | Up to now, total_local_feats_gather_time = 2.428 s, total_remote_feats_gather_time = 522.726 s
2023-11-06 15:58:34,552 - INFO - Rank 0 | => cur_epoch 25 finished on rank 0
2023-11-06 15:58:47,753 - INFO - Rank 0 | Epoch: 25, Test Accuracy 0.8870796905014092
2023-11-06 15:59:05,920 - INFO - Rank 0 | rank: 0, iter_num: 38
2023-11-06 15:59:05,921 - INFO - Rank 0 | Epoch miss rate ( miss_num/try_num ) for epoch 26 on rank 0: 16151875 / 20757880 = 0.7781081208678343
2023-11-06 15:59:05,922 - INFO - Rank 0 | Up to now, total_local_feats_gather_time = 2.521 s, total_remote_feats_gather_time = 543.606 s
2023-11-06 15:59:05,922 - INFO - Rank 0 | => cur_epoch 26 finished on rank 0
2023-11-06 15:59:18,094 - INFO - Rank 0 | Epoch: 26, Test Accuracy 0.8874746422993376
2023-11-06 15:59:36,002 - INFO - Rank 0 | rank: 0, iter_num: 38
2023-11-06 15:59:36,004 - INFO - Rank 0 | Epoch miss rate ( miss_num/try_num ) for epoch 27 on rank 0: 16758941 / 21538100 = 0.7781067503633097
2023-11-06 15:59:36,005 - INFO - Rank 0 | Up to now, total_local_feats_gather_time = 2.613 s, total_remote_feats_gather_time = 563.564 s
2023-11-06 15:59:36,005 - INFO - Rank 0 | => cur_epoch 27 finished on rank 0
2023-11-06 15:59:47,666 - INFO - Rank 0 | Epoch: 27, Test Accuracy 0.8868283575390913
2023-11-06 16:00:06,103 - INFO - Rank 0 | rank: 0, iter_num: 38
2023-11-06 16:00:06,104 - INFO - Rank 0 | Epoch miss rate ( miss_num/try_num ) for epoch 28 on rank 0: 17364365 / 22318035 = 0.778041839256906
2023-11-06 16:00:06,105 - INFO - Rank 0 | Up to now, total_local_feats_gather_time = 2.705 s, total_remote_feats_gather_time = 583.2760000000001 s
2023-11-06 16:00:06,105 - INFO - Rank 0 | => cur_epoch 28 finished on rank 0
2023-11-06 16:00:19,459 - INFO - Rank 0 | Epoch: 28, Test Accuracy 0.8855357880185987
2023-11-06 16:00:38,106 - INFO - Rank 0 | rank: 0, iter_num: 38
2023-11-06 16:00:38,110 - INFO - Rank 0 | Epoch miss rate ( miss_num/try_num ) for epoch 29 on rank 0: 17971269 / 23098430 = 0.7780298920749159
2023-11-06 16:00:38,111 - INFO - Rank 0 | Up to now, total_local_feats_gather_time = 2.7960000000000003 s, total_remote_feats_gather_time = 604.2860000000001 s
2023-11-06 16:00:38,111 - INFO - Rank 0 | => cur_epoch 29 finished on rank 0
2023-11-06 16:00:51,344 - INFO - Rank 0 | Epoch: 29, Test Accuracy 0.8865770245767732
2023-11-06 16:01:09,734 - INFO - Rank 0 | rank: 0, iter_num: 38
2023-11-06 16:01:09,735 - INFO - Rank 0 | Epoch miss rate ( miss_num/try_num ) for epoch 30 on rank 0: 18579266 / 23879081 = 0.7780561571862836
2023-11-06 16:01:09,736 - INFO - Rank 0 | Up to now, total_local_feats_gather_time = 2.8930000000000002 s, total_remote_feats_gather_time = 625.617 s
2023-11-06 16:01:09,736 - INFO - Rank 0 | => cur_epoch 30 finished on rank 0
2023-11-06 16:01:23,007 - INFO - Rank 0 | Epoch: 30, Test Accuracy 0.8863615963233578
2023-11-06 16:01:42,799 - INFO - Rank 0 | rank: 0, iter_num: 38
2023-11-06 16:01:42,801 - INFO - Rank 0 | Epoch miss rate ( miss_num/try_num ) for epoch 31 on rank 0: 19186844 / 24659437 = 0.7780730760398139
2023-11-06 16:01:42,803 - INFO - Rank 0 | Up to now, total_local_feats_gather_time = 2.989 s, total_remote_feats_gather_time = 647.065 s
2023-11-06 16:01:42,803 - INFO - Rank 0 | => cur_epoch 31 finished on rank 0
2023-11-06 16:01:54,736 - INFO - Rank 0 | Epoch: 31, Test Accuracy 0.8868822146024451
2023-11-06 16:02:12,564 - INFO - Rank 0 | rank: 0, iter_num: 38
2023-11-06 16:02:12,567 - INFO - Rank 0 | Epoch miss rate ( miss_num/try_num ) for epoch 32 on rank 0: 19794412 / 25438922 = 0.7781152047244769
2023-11-06 16:02:12,568 - INFO - Rank 0 | Up to now, total_local_feats_gather_time = 3.083 s, total_remote_feats_gather_time = 666.872 s
2023-11-06 16:02:12,568 - INFO - Rank 0 | => cur_epoch 32 finished on rank 0
2023-11-06 16:02:25,320 - INFO - Rank 0 | Epoch: 32, Test Accuracy 0.888946735364343
2023-11-06 16:02:44,638 - INFO - Rank 0 | rank: 0, iter_num: 38
2023-11-06 16:02:44,641 - INFO - Rank 0 | Epoch miss rate ( miss_num/try_num ) for epoch 33 on rank 0: 20401003 / 26218163 = 0.7781248060743233
2023-11-06 16:02:44,642 - INFO - Rank 0 | Up to now, total_local_feats_gather_time = 3.1910000000000003 s, total_remote_feats_gather_time = 687.7040000000001 s
2023-11-06 16:02:44,642 - INFO - Rank 0 | => cur_epoch 33 finished on rank 0
2023-11-06 16:02:56,485 - INFO - Rank 0 | Epoch: 33, Test Accuracy 0.8876721181983017
2023-11-06 16:03:14,658 - INFO - Rank 0 | rank: 0, iter_num: 38
2023-11-06 16:03:14,659 - INFO - Rank 0 | Epoch miss rate ( miss_num/try_num ) for epoch 34 on rank 0: 21007594 / 26998177 = 0.7781115739777541
2023-11-06 16:03:14,661 - INFO - Rank 0 | Up to now, total_local_feats_gather_time = 3.286 s, total_remote_feats_gather_time = 707.921 s
2023-11-06 16:03:14,661 - INFO - Rank 0 | => cur_epoch 34 finished on rank 0
2023-11-06 16:03:26,533 - INFO - Rank 0 | Epoch: 34, Test Accuracy 0.8855537403730499
2023-11-06 16:03:44,733 - INFO - Rank 0 | rank: 0, iter_num: 38
2023-11-06 16:03:44,734 - INFO - Rank 0 | Epoch miss rate ( miss_num/try_num ) for epoch 35 on rank 0: 21614258 / 27777880 = 0.7781104245536377
2023-11-06 16:03:44,735 - INFO - Rank 0 | Up to now, total_local_feats_gather_time = 3.3770000000000002 s, total_remote_feats_gather_time = 727.9250000000001 s
2023-11-06 16:03:44,735 - INFO - Rank 0 | => cur_epoch 35 finished on rank 0
2023-11-06 16:03:56,242 - INFO - Rank 0 | Epoch: 35, Test Accuracy 0.8876362134893991
2023-11-06 16:04:15,056 - INFO - Rank 0 | rank: 0, iter_num: 38
2023-11-06 16:04:15,058 - INFO - Rank 0 | Epoch miss rate ( miss_num/try_num ) for epoch 36 on rank 0: 22221907 / 28558637 = 0.7781151110257818
2023-11-06 16:04:15,059 - INFO - Rank 0 | Up to now, total_local_feats_gather_time = 3.469 s, total_remote_feats_gather_time = 747.65 s
2023-11-06 16:04:15,060 - INFO - Rank 0 | => cur_epoch 36 finished on rank 0
2023-11-06 16:04:28,337 - INFO - Rank 0 | Epoch: 36, Test Accuracy 0.8864154533867117
2023-11-06 16:04:47,236 - INFO - Rank 0 | rank: 0, iter_num: 38
2023-11-06 16:04:47,238 - INFO - Rank 0 | Epoch miss rate ( miss_num/try_num ) for epoch 37 on rank 0: 22828512 / 29338666 = 0.7781032716347771
2023-11-06 16:04:47,239 - INFO - Rank 0 | Up to now, total_local_feats_gather_time = 3.5660000000000003 s, total_remote_feats_gather_time = 768.895 s
2023-11-06 16:04:47,239 - INFO - Rank 0 | => cur_epoch 37 finished on rank 0
2023-11-06 16:04:59,423 - INFO - Rank 0 | Epoch: 37, Test Accuracy 0.8866488339945784
2023-11-06 16:05:17,564 - INFO - Rank 0 | rank: 0, iter_num: 38
2023-11-06 16:05:17,566 - INFO - Rank 0 | Epoch miss rate ( miss_num/try_num ) for epoch 38 on rank 0: 23435434 / 30118946 = 0.7780960860980992
2023-11-06 16:05:17,567 - INFO - Rank 0 | Up to now, total_local_feats_gather_time = 3.658 s, total_remote_feats_gather_time = 789.136 s
2023-11-06 16:05:17,567 - INFO - Rank 0 | => cur_epoch 38 finished on rank 0
2023-11-06 16:05:29,670 - INFO - Rank 0 | Epoch: 38, Test Accuracy 0.8884620217941583
2023-11-06 16:05:48,428 - INFO - Rank 0 | rank: 0, iter_num: 38
2023-11-06 16:05:48,429 - INFO - Rank 0 | Epoch miss rate ( miss_num/try_num ) for epoch 39 on rank 0: 24041909 / 30899521 = 0.77806736874659
2023-11-06 16:05:48,430 - INFO - Rank 0 | Up to now, total_local_feats_gather_time = 3.7520000000000002 s, total_remote_feats_gather_time = 809.419 s
2023-11-06 16:05:48,430 - INFO - Rank 0 | => cur_epoch 39 finished on rank 0
2023-11-06 16:06:00,038 - INFO - Rank 0 | Epoch: 39, Test Accuracy 0.8876003087804966
2023-11-06 16:06:18,711 - INFO - Rank 0 | rank: 0, iter_num: 38
2023-11-06 16:06:18,713 - INFO - Rank 0 | Epoch miss rate ( miss_num/try_num ) for epoch 40 on rank 0: 24648733 / 31680077 = 0.7780515495590493
2023-11-06 16:06:18,714 - INFO - Rank 0 | Up to now, total_local_feats_gather_time = 3.845 s, total_remote_feats_gather_time = 828.809 s
2023-11-06 16:06:18,715 - INFO - Rank 0 | => cur_epoch 40 finished on rank 0
2023-11-06 16:06:31,671 - INFO - Rank 0 | Epoch: 40, Test Accuracy 0.8879952605784248
2023-11-06 16:06:50,162 - INFO - Rank 0 | rank: 0, iter_num: 38
2023-11-06 16:06:50,163 - INFO - Rank 0 | Epoch miss rate ( miss_num/try_num ) for epoch 41 on rank 0: 25256417 / 32460492 = 0.7780663644901008
2023-11-06 16:06:50,165 - INFO - Rank 0 | Up to now, total_local_feats_gather_time = 3.94 s, total_remote_feats_gather_time = 849.945 s
2023-11-06 16:06:50,165 - INFO - Rank 0 | => cur_epoch 41 finished on rank 0
2023-11-06 16:07:02,616 - INFO - Rank 0 | Epoch: 41, Test Accuracy 0.8879952605784248
2023-11-06 16:07:20,493 - INFO - Rank 0 | rank: 0, iter_num: 38
2023-11-06 16:07:20,495 - INFO - Rank 0 | Epoch miss rate ( miss_num/try_num ) for epoch 42 on rank 0: 25863141 / 33240846 = 0.7780530315022668
2023-11-06 16:07:20,496 - INFO - Rank 0 | Up to now, total_local_feats_gather_time = 4.033 s, total_remote_feats_gather_time = 870.865 s
2023-11-06 16:07:20,496 - INFO - Rank 0 | => cur_epoch 42 finished on rank 0
2023-11-06 16:07:32,337 - INFO - Rank 0 | Epoch: 42, Test Accuracy 0.8879773082239736
2023-11-06 16:07:50,926 - INFO - Rank 0 | rank: 0, iter_num: 38
2023-11-06 16:07:50,928 - INFO - Rank 0 | Epoch miss rate ( miss_num/try_num ) for epoch 43 on rank 0: 26468538 / 34021199 = 0.7780013279367374
2023-11-06 16:07:50,929 - INFO - Rank 0 | Up to now, total_local_feats_gather_time = 4.134 s, total_remote_feats_gather_time = 891.181 s
2023-11-06 16:07:50,929 - INFO - Rank 0 | => cur_epoch 43 finished on rank 0
2023-11-06 16:08:03,270 - INFO - Rank 0 | Epoch: 43, Test Accuracy 0.8886415453386711
2023-11-06 16:08:22,203 - INFO - Rank 0 | rank: 0, iter_num: 38
2023-11-06 16:08:22,204 - INFO - Rank 0 | Epoch miss rate ( miss_num/try_num ) for epoch 44 on rank 0: 27074922 / 34801275 = 0.7779864961844071
2023-11-06 16:08:22,205 - INFO - Rank 0 | Up to now, total_local_feats_gather_time = 4.235 s, total_remote_feats_gather_time = 912.124 s
2023-11-06 16:08:22,205 - INFO - Rank 0 | => cur_epoch 44 finished on rank 0
2023-11-06 16:08:35,343 - INFO - Rank 0 | Epoch: 44, Test Accuracy 0.8885158788575122
2023-11-06 16:08:53,427 - INFO - Rank 0 | rank: 0, iter_num: 38
2023-11-06 16:08:53,428 - INFO - Rank 0 | Epoch miss rate ( miss_num/try_num ) for epoch 45 on rank 0: 27681255 / 35581776 = 0.7779615891011173
2023-11-06 16:08:53,429 - INFO - Rank 0 | Up to now, total_local_feats_gather_time = 4.343 s, total_remote_feats_gather_time = 933.251 s
2023-11-06 16:08:53,429 - INFO - Rank 0 | => cur_epoch 45 finished on rank 0
2023-11-06 16:09:06,670 - INFO - Rank 0 | Epoch: 45, Test Accuracy 0.8864693104500655
2023-11-06 16:09:24,998 - INFO - Rank 0 | rank: 0, iter_num: 38
2023-11-06 16:09:24,999 - INFO - Rank 0 | Epoch miss rate ( miss_num/try_num ) for epoch 46 on rank 0: 28286803 / 36361566 = 0.77793137402278
2023-11-06 16:09:25,001 - INFO - Rank 0 | Up to now, total_local_feats_gather_time = 4.439 s, total_remote_feats_gather_time = 954.605 s
2023-11-06 16:09:25,001 - INFO - Rank 0 | => cur_epoch 46 finished on rank 0
2023-11-06 16:09:36,606 - INFO - Rank 0 | Epoch: 46, Test Accuracy 0.8883004506040967
2023-11-06 16:09:55,151 - INFO - Rank 0 | rank: 0, iter_num: 38
2023-11-06 16:09:55,153 - INFO - Rank 0 | Epoch miss rate ( miss_num/try_num ) for epoch 47 on rank 0: 28894329 / 37142397 = 0.7779338797116406
2023-11-06 16:09:55,154 - INFO - Rank 0 | Up to now, total_local_feats_gather_time = 4.531 s, total_remote_feats_gather_time = 974.102 s
2023-11-06 16:09:55,155 - INFO - Rank 0 | => cur_epoch 47 finished on rank 0
2023-11-06 16:10:06,928 - INFO - Rank 0 | Epoch: 47, Test Accuracy 0.8893057824533688
2023-11-06 16:10:24,610 - INFO - Rank 0 | rank: 0, iter_num: 38
2023-11-06 16:10:24,611 - INFO - Rank 0 | Epoch miss rate ( miss_num/try_num ) for epoch 48 on rank 0: 29501083 / 37922739 = 0.7779259562448799
2023-11-06 16:10:24,612 - INFO - Rank 0 | Up to now, total_local_feats_gather_time = 4.622 s, total_remote_feats_gather_time = 993.73 s
2023-11-06 16:10:24,612 - INFO - Rank 0 | => cur_epoch 48 finished on rank 0
2023-11-06 16:10:36,483 - INFO - Rank 0 | Epoch: 48, Test Accuracy 0.8893955442256252
2023-11-06 16:10:55,381 - INFO - Rank 0 | rank: 0, iter_num: 38
2023-11-06 16:10:55,383 - INFO - Rank 0 | Epoch miss rate ( miss_num/try_num ) for epoch 49 on rank 0: 30108009 / 38702736 = 0.7779297308593377
2023-11-06 16:10:55,384 - INFO - Rank 0 | Up to now, total_local_feats_gather_time = 4.719 s, total_remote_feats_gather_time = 1014.129 s
2023-11-06 16:10:55,384 - INFO - Rank 0 | => cur_epoch 49 finished on rank 0
2023-11-06 16:11:08,241 - INFO - Rank 0 | Epoch: 49, Test Accuracy 0.8891442112633072
2023-11-06 16:11:27,316 - INFO - Rank 0 | rank: 0, iter_num: 38
2023-11-06 16:11:27,318 - INFO - Rank 0 | Epoch miss rate ( miss_num/try_num ) for epoch 50 on rank 0: 30715866 / 39483929 = 0.7779333713217851
2023-11-06 16:11:27,319 - INFO - Rank 0 | Up to now, total_local_feats_gather_time = 4.815 s, total_remote_feats_gather_time = 1034.958 s
2023-11-06 16:11:27,319 - INFO - Rank 0 | => cur_epoch 50 finished on rank 0
2023-11-06 16:11:39,282 - INFO - Rank 0 | Epoch: 50, Test Accuracy 0.8903290666570921
2023-11-06 16:11:57,013 - INFO - Rank 0 | rank: 0, iter_num: 38
2023-11-06 16:11:57,015 - INFO - Rank 0 | Epoch miss rate ( miss_num/try_num ) for epoch 51 on rank 0: 31321994 / 40263771 = 0.7779200313850384
2023-11-06 16:11:57,016 - INFO - Rank 0 | Up to now, total_local_feats_gather_time = 4.917 s, total_remote_feats_gather_time = 1054.344 s
2023-11-06 16:11:57,016 - INFO - Rank 0 | => cur_epoch 51 finished on rank 0
2023-11-06 16:12:08,777 - INFO - Rank 0 | Epoch: 51, Test Accuracy 0.8882286411862916
2023-11-06 16:12:26,784 - INFO - Rank 0 | rank: 0, iter_num: 38
2023-11-06 16:12:26,786 - INFO - Rank 0 | Epoch miss rate ( miss_num/try_num ) for epoch 52 on rank 0: 31929222 / 41043917 = 0.7779282372099134
2023-11-06 16:12:26,787 - INFO - Rank 0 | Up to now, total_local_feats_gather_time = 5.008 s, total_remote_feats_gather_time = 1074.061 s
2023-11-06 16:12:26,787 - INFO - Rank 0 | => cur_epoch 52 finished on rank 0
2023-11-06 16:12:38,763 - INFO - Rank 0 | Epoch: 52, Test Accuracy 0.8909933037717896
2023-11-06 16:12:55,931 - INFO - Rank 0 | rank: 0, iter_num: 38
2023-11-06 16:12:55,933 - INFO - Rank 0 | Epoch miss rate ( miss_num/try_num ) for epoch 53 on rank 0: 32535943 / 41824275 = 0.7779200715374026
2023-11-06 16:12:55,934 - INFO - Rank 0 | Up to now, total_local_feats_gather_time = 5.102 s, total_remote_feats_gather_time = 1094.0330000000001 s
2023-11-06 16:12:55,934 - INFO - Rank 0 | => cur_epoch 53 finished on rank 0
2023-11-06 16:13:07,633 - INFO - Rank 0 | Epoch: 53, Test Accuracy 0.8893416871622714
2023-11-06 16:13:25,050 - INFO - Rank 0 | rank: 0, iter_num: 38
2023-11-06 16:13:25,052 - INFO - Rank 0 | Epoch miss rate ( miss_num/try_num ) for epoch 54 on rank 0: 33143320 / 42604926 = 0.7779222524644216
2023-11-06 16:13:25,053 - INFO - Rank 0 | Up to now, total_local_feats_gather_time = 5.194 s, total_remote_feats_gather_time = 1113.707 s
2023-11-06 16:13:25,053 - INFO - Rank 0 | => cur_epoch 54 finished on rank 0
2023-11-06 16:13:37,173 - INFO - Rank 0 | Epoch: 54, Test Accuracy 0.8893775918711739
2023-11-06 16:13:54,953 - INFO - Rank 0 | rank: 0, iter_num: 38
2023-11-06 16:13:54,954 - INFO - Rank 0 | Epoch miss rate ( miss_num/try_num ) for epoch 55 on rank 0: 33749804 / 43385369 = 0.7779075014897303
2023-11-06 16:13:54,955 - INFO - Rank 0 | Up to now, total_local_feats_gather_time = 5.285 s, total_remote_feats_gather_time = 1133.848 s
2023-11-06 16:13:54,956 - INFO - Rank 0 | => cur_epoch 55 finished on rank 0
2023-11-06 16:14:06,915 - INFO - Rank 0 | Epoch: 55, Test Accuracy 0.889198068326661
2023-11-06 16:14:24,176 - INFO - Rank 0 | rank: 0, iter_num: 38
2023-11-06 16:14:24,177 - INFO - Rank 0 | Epoch miss rate ( miss_num/try_num ) for epoch 56 on rank 0: 34355601 / 44166091 = 0.7778728029157029
2023-11-06 16:14:24,178 - INFO - Rank 0 | Up to now, total_local_feats_gather_time = 5.376 s, total_remote_feats_gather_time = 1153.819 s
2023-11-06 16:14:24,178 - INFO - Rank 0 | => cur_epoch 56 finished on rank 0
2023-11-06 16:14:36,323 - INFO - Rank 0 | Epoch: 56, Test Accuracy 0.889198068326661
2023-11-06 16:14:53,714 - INFO - Rank 0 | rank: 0, iter_num: 38
2023-11-06 16:14:53,715 - INFO - Rank 0 | Epoch miss rate ( miss_num/try_num ) for epoch 57 on rank 0: 34961828 / 44946256 = 0.7778585161798571
2023-11-06 16:14:53,716 - INFO - Rank 0 | Up to now, total_local_feats_gather_time = 5.466 s, total_remote_feats_gather_time = 1174.04 s
2023-11-06 16:14:53,716 - INFO - Rank 0 | => cur_epoch 57 finished on rank 0
2023-11-06 16:15:05,646 - INFO - Rank 0 | Epoch: 57, Test Accuracy 0.8915498267597796
2023-11-06 16:15:23,425 - INFO - Rank 0 | rank: 0, iter_num: 38
2023-11-06 16:15:23,426 - INFO - Rank 0 | Epoch miss rate ( miss_num/try_num ) for epoch 58 on rank 0: 35568945 / 45726558 = 0.777861849999731
2023-11-06 16:15:23,427 - INFO - Rank 0 | Up to now, total_local_feats_gather_time = 5.557 s, total_remote_feats_gather_time = 1193.971 s
2023-11-06 16:15:23,427 - INFO - Rank 0 | => cur_epoch 58 finished on rank 0
2023-11-06 16:15:35,106 - INFO - Rank 0 | Epoch: 58, Test Accuracy 0.8874746422993376
2023-11-06 16:15:52,800 - INFO - Rank 0 | rank: 0, iter_num: 38
2023-11-06 16:15:52,802 - INFO - Rank 0 | Epoch miss rate ( miss_num/try_num ) for epoch 59 on rank 0: 36176943 / 46507520 = 0.7778729762412616
2023-11-06 16:15:52,803 - INFO - Rank 0 | Up to now, total_local_feats_gather_time = 5.65 s, total_remote_feats_gather_time = 1213.816 s
2023-11-06 16:15:52,803 - INFO - Rank 0 | => cur_epoch 59 finished on rank 0
2023-11-06 16:16:04,819 - INFO - Rank 0 | Epoch: 59, Test Accuracy 0.8896289248334919
2023-11-06 16:16:23,169 - INFO - Rank 0 | rank: 0, iter_num: 38
2023-11-06 16:16:23,170 - INFO - Rank 0 | Epoch miss rate ( miss_num/try_num ) for epoch 60 on rank 0: 36783670 / 47287875 = 0.7778668421873471
2023-11-06 16:16:23,171 - INFO - Rank 0 | Up to now, total_local_feats_gather_time = 5.7410000000000005 s, total_remote_feats_gather_time = 1233.743 s
2023-11-06 16:16:23,172 - INFO - Rank 0 | => cur_epoch 60 finished on rank 0
2023-11-06 16:16:34,588 - INFO - Rank 0 | Epoch: 60, Test Accuracy 0.8887133547564763
2023-11-06 16:16:51,985 - INFO - Rank 0 | rank: 0, iter_num: 38
2023-11-06 16:16:51,988 - INFO - Rank 0 | Epoch miss rate ( miss_num/try_num ) for epoch 61 on rank 0: 37390767 / 48068641 = 0.7778619537007505
2023-11-06 16:16:51,989 - INFO - Rank 0 | Up to now, total_local_feats_gather_time = 5.832 s, total_remote_feats_gather_time = 1253.011 s
2023-11-06 16:16:51,989 - INFO - Rank 0 | => cur_epoch 61 finished on rank 0
2023-11-06 16:17:05,121 - INFO - Rank 0 | Epoch: 61, Test Accuracy 0.8900418289858715
2023-11-06 16:17:23,274 - INFO - Rank 0 | rank: 0, iter_num: 38
2023-11-06 16:17:23,276 - INFO - Rank 0 | Epoch miss rate ( miss_num/try_num ) for epoch 62 on rank 0: 37996406 / 48848418 = 0.7778431227803528
2023-11-06 16:17:23,277 - INFO - Rank 0 | Up to now, total_local_feats_gather_time = 5.926 s, total_remote_feats_gather_time = 1274.2730000000001 s
2023-11-06 16:17:23,277 - INFO - Rank 0 | => cur_epoch 62 finished on rank 0
2023-11-06 16:17:35,467 - INFO - Rank 0 | Epoch: 62, Test Accuracy 0.8898982101502612
2023-11-06 16:17:53,383 - INFO - Rank 0 | rank: 0, iter_num: 38
2023-11-06 16:17:53,384 - INFO - Rank 0 | Epoch miss rate ( miss_num/try_num ) for epoch 63 on rank 0: 38604068 / 49628436 = 0.7778618693524817
2023-11-06 16:17:53,385 - INFO - Rank 0 | Up to now, total_local_feats_gather_time = 6.025 s, total_remote_feats_gather_time = 1294.334 s
2023-11-06 16:17:53,385 - INFO - Rank 0 | => cur_epoch 63 finished on rank 0
2023-11-06 16:18:05,224 - INFO - Rank 0 | Epoch: 63, Test Accuracy 0.889700734251297
2023-11-06 16:18:23,218 - INFO - Rank 0 | rank: 0, iter_num: 38
2023-11-06 16:18:23,220 - INFO - Rank 0 | Epoch miss rate ( miss_num/try_num ) for epoch 64 on rank 0: 39209988 / 50408205 = 0.7778493203636194
2023-11-06 16:18:23,221 - INFO - Rank 0 | Up to now, total_local_feats_gather_time = 6.128 s, total_remote_feats_gather_time = 1314.356 s
2023-11-06 16:18:23,221 - INFO - Rank 0 | => cur_epoch 64 finished on rank 0
2023-11-06 16:18:35,813 - INFO - Rank 0 | Epoch: 64, Test Accuracy 0.8907240184550204
2023-11-06 16:18:53,232 - INFO - Rank 0 | rank: 0, iter_num: 38
2023-11-06 16:18:53,233 - INFO - Rank 0 | Epoch miss rate ( miss_num/try_num ) for epoch 65 on rank 0: 39816635 / 51188602 = 0.7778418133005469
2023-11-06 16:18:53,234 - INFO - Rank 0 | Up to now, total_local_feats_gather_time = 6.223 s, total_remote_feats_gather_time = 1334.9180000000001 s
2023-11-06 16:18:53,234 - INFO - Rank 0 | => cur_epoch 65 finished on rank 0
2023-11-06 16:19:05,016 - INFO - Rank 0 | Epoch: 65, Test Accuracy 0.8904906378471537
2023-11-06 16:19:22,392 - INFO - Rank 0 | rank: 0, iter_num: 38
2023-11-06 16:19:22,395 - INFO - Rank 0 | Epoch miss rate ( miss_num/try_num ) for epoch 66 on rank 0: 40423722 / 51969054 = 0.7778421750759597
2023-11-06 16:19:22,396 - INFO - Rank 0 | Up to now, total_local_feats_gather_time = 6.321 s, total_remote_feats_gather_time = 1354.603 s
2023-11-06 16:19:22,396 - INFO - Rank 0 | => cur_epoch 66 finished on rank 0
2023-11-06 16:19:34,036 - INFO - Rank 0 | Epoch: 66, Test Accuracy 0.890257257239287
2023-11-06 16:19:52,345 - INFO - Rank 0 | rank: 0, iter_num: 38
2023-11-06 16:19:52,347 - INFO - Rank 0 | Epoch miss rate ( miss_num/try_num ) for epoch 67 on rank 0: 41030748 / 52749612 = 0.7778398066700472
2023-11-06 16:19:52,348 - INFO - Rank 0 | Up to now, total_local_feats_gather_time = 6.4110000000000005 s, total_remote_feats_gather_time = 1373.8410000000001 s
2023-11-06 16:19:52,348 - INFO - Rank 0 | => cur_epoch 67 finished on rank 0
2023-11-06 16:20:04,106 - INFO - Rank 0 | Epoch: 67, Test Accuracy 0.8914600649875231
2023-11-06 16:20:22,506 - INFO - Rank 0 | rank: 0, iter_num: 38
2023-11-06 16:20:22,508 - INFO - Rank 0 | Epoch miss rate ( miss_num/try_num ) for epoch 68 on rank 0: 41637860 / 53530246 = 0.7778380095619213
2023-11-06 16:20:22,509 - INFO - Rank 0 | Up to now, total_local_feats_gather_time = 6.503 s, total_remote_feats_gather_time = 1393.1480000000001 s
2023-11-06 16:20:22,509 - INFO - Rank 0 | => cur_epoch 68 finished on rank 0
2023-11-06 16:20:35,674 - INFO - Rank 0 | Epoch: 68, Test Accuracy 0.8896468771879432
2023-11-06 16:20:54,055 - INFO - Rank 0 | rank: 0, iter_num: 38
2023-11-06 16:20:54,057 - INFO - Rank 0 | Epoch miss rate ( miss_num/try_num ) for epoch 69 on rank 0: 42244880 / 54310852 = 0.7778349711766628
2023-11-06 16:20:54,057 - INFO - Rank 0 | Up to now, total_local_feats_gather_time = 6.594 s, total_remote_feats_gather_time = 1414.219 s
2023-11-06 16:20:54,058 - INFO - Rank 0 | => cur_epoch 69 finished on rank 0
2023-11-06 16:21:05,716 - INFO - Rank 0 | Epoch: 69, Test Accuracy 0.8900238766314202
2023-11-06 16:21:23,068 - INFO - Rank 0 | rank: 0, iter_num: 38
2023-11-06 16:21:23,069 - INFO - Rank 0 | Epoch miss rate ( miss_num/try_num ) for epoch 70 on rank 0: 42852238 / 55090547 = 0.7778510167996698
2023-11-06 16:21:23,070 - INFO - Rank 0 | Up to now, total_local_feats_gather_time = 6.684 s, total_remote_feats_gather_time = 1433.493 s
2023-11-06 16:21:23,071 - INFO - Rank 0 | => cur_epoch 70 finished on rank 0
2023-11-06 16:21:36,968 - INFO - Rank 0 | Epoch: 70, Test Accuracy 0.8900418289858715
2023-11-06 16:21:54,786 - INFO - Rank 0 | rank: 0, iter_num: 38
2023-11-06 16:21:54,788 - INFO - Rank 0 | Epoch miss rate ( miss_num/try_num ) for epoch 71 on rank 0: 43459712 / 55871102 = 0.7778567174135924
2023-11-06 16:21:54,789 - INFO - Rank 0 | Up to now, total_local_feats_gather_time = 6.774 s, total_remote_feats_gather_time = 1454.921 s
2023-11-06 16:21:54,789 - INFO - Rank 0 | => cur_epoch 71 finished on rank 0
2023-11-06 16:22:07,411 - INFO - Rank 0 | Epoch: 71, Test Accuracy 0.8887672118198302
2023-11-06 16:22:24,974 - INFO - Rank 0 | rank: 0, iter_num: 38
2023-11-06 16:22:24,976 - INFO - Rank 0 | Epoch miss rate ( miss_num/try_num ) for epoch 72 on rank 0: 44067673 / 56651891 = 0.7778676443474765
2023-11-06 16:22:24,978 - INFO - Rank 0 | Up to now, total_local_feats_gather_time = 6.864 s, total_remote_feats_gather_time = 1475.46 s
2023-11-06 16:22:24,978 - INFO - Rank 0 | => cur_epoch 72 finished on rank 0
2023-11-06 16:22:37,149 - INFO - Rank 0 | Epoch: 72, Test Accuracy 0.8899341148591637
2023-11-06 16:22:56,345 - INFO - Rank 0 | rank: 0, iter_num: 38
2023-11-06 16:22:56,347 - INFO - Rank 0 | Epoch miss rate ( miss_num/try_num ) for epoch 73 on rank 0: 44674970 / 57431979 = 0.7778762072607667
2023-11-06 16:22:56,348 - INFO - Rank 0 | Up to now, total_local_feats_gather_time = 6.957 s, total_remote_feats_gather_time = 1495.563 s
2023-11-06 16:22:56,348 - INFO - Rank 0 | => cur_epoch 73 finished on rank 0
2023-11-06 16:23:08,630 - INFO - Rank 0 | Epoch: 73, Test Accuracy 0.8904367807837998
2023-11-06 16:23:26,369 - INFO - Rank 0 | rank: 0, iter_num: 38
2023-11-06 16:23:26,370 - INFO - Rank 0 | Epoch miss rate ( miss_num/try_num ) for epoch 74 on rank 0: 45282871 / 58211777 = 0.7778987918544387
2023-11-06 16:23:26,371 - INFO - Rank 0 | Up to now, total_local_feats_gather_time = 7.05 s, total_remote_feats_gather_time = 1515.712 s
2023-11-06 16:23:26,371 - INFO - Rank 0 | => cur_epoch 74 finished on rank 0
2023-11-06 16:23:38,063 - INFO - Rank 0 | Epoch: 74, Test Accuracy 0.8912087320252051
2023-11-06 16:23:55,946 - INFO - Rank 0 | rank: 0, iter_num: 38
2023-11-06 16:23:55,949 - INFO - Rank 0 | Epoch miss rate ( miss_num/try_num ) for epoch 75 on rank 0: 45890461 / 58992277 = 0.7779062503384977
2023-11-06 16:23:55,950 - INFO - Rank 0 | Up to now, total_local_feats_gather_time = 7.143 s, total_remote_feats_gather_time = 1535.478 s
2023-11-06 16:23:55,950 - INFO - Rank 0 | => cur_epoch 75 finished on rank 0
2023-11-06 16:24:08,103 - INFO - Rank 0 | Epoch: 75, Test Accuracy 0.8899879719225177
2023-11-06 16:24:26,294 - INFO - Rank 0 | rank: 0, iter_num: 38
2023-11-06 16:24:26,295 - INFO - Rank 0 | Epoch miss rate ( miss_num/try_num ) for epoch 76 on rank 0: 46496101 / 59772505 = 0.7778844303078816
2023-11-06 16:24:26,296 - INFO - Rank 0 | Up to now, total_local_feats_gather_time = 7.2330000000000005 s, total_remote_feats_gather_time = 1555.577 s
2023-11-06 16:24:26,296 - INFO - Rank 0 | => cur_epoch 76 finished on rank 0
2023-11-06 16:24:37,730 - INFO - Rank 0 | Epoch: 76, Test Accuracy 0.891513922050877
2023-11-06 16:24:55,615 - INFO - Rank 0 | rank: 0, iter_num: 38
2023-11-06 16:24:55,616 - INFO - Rank 0 | Epoch miss rate ( miss_num/try_num ) for epoch 77 on rank 0: 47103828 / 60552973 = 0.7778945552351327
2023-11-06 16:24:55,618 - INFO - Rank 0 | Up to now, total_local_feats_gather_time = 7.323 s, total_remote_feats_gather_time = 1575.038 s
2023-11-06 16:24:55,618 - INFO - Rank 0 | => cur_epoch 77 finished on rank 0
2023-11-06 16:25:07,386 - INFO - Rank 0 | Epoch: 77, Test Accuracy 0.8900059242769689
2023-11-06 16:25:26,260 - INFO - Rank 0 | rank: 0, iter_num: 38
2023-11-06 16:25:26,262 - INFO - Rank 0 | Epoch miss rate ( miss_num/try_num ) for epoch 78 on rank 0: 47711043 / 61333642 = 0.7778935253836712
2023-11-06 16:25:26,263 - INFO - Rank 0 | Up to now, total_local_feats_gather_time = 7.413 s, total_remote_feats_gather_time = 1594.548 s
2023-11-06 16:25:26,266 - INFO - Rank 0 | => cur_epoch 78 finished on rank 0
2023-11-06 16:25:37,496 - INFO - Rank 0 | Epoch: 78, Test Accuracy 0.8918729691399027
2023-11-06 16:25:55,342 - INFO - Rank 0 | rank: 0, iter_num: 38
2023-11-06 16:25:55,345 - INFO - Rank 0 | Epoch miss rate ( miss_num/try_num ) for epoch 79 on rank 0: 48318369 / 62114726 = 0.7778891111907987
2023-11-06 16:25:55,346 - INFO - Rank 0 | Up to now, total_local_feats_gather_time = 7.503 s, total_remote_feats_gather_time = 1613.7 s
2023-11-06 16:25:55,346 - INFO - Rank 0 | => cur_epoch 79 finished on rank 0
2023-11-06 16:26:08,155 - INFO - Rank 0 | Epoch: 79, Test Accuracy 0.8882106888318403
2023-11-06 16:26:27,443 - INFO - Rank 0 | rank: 0, iter_num: 38
2023-11-06 16:26:27,444 - INFO - Rank 0 | Epoch miss rate ( miss_num/try_num ) for epoch 80 on rank 0: 48926405 / 62895467 = 0.7779003373963341
2023-11-06 16:26:27,446 - INFO - Rank 0 | Up to now, total_local_feats_gather_time = 7.595 s, total_remote_feats_gather_time = 1634.409 s
2023-11-06 16:26:27,446 - INFO - Rank 0 | => cur_epoch 80 finished on rank 0
2023-11-06 16:26:38,714 - INFO - Rank 0 | Epoch: 80, Test Accuracy 0.8911010178984974
2023-11-06 16:26:56,879 - INFO - Rank 0 | rank: 0, iter_num: 38
2023-11-06 16:26:56,880 - INFO - Rank 0 | Epoch miss rate ( miss_num/try_num ) for epoch 81 on rank 0: 49533536 / 63675879 = 0.7779010950127598
2023-11-06 16:26:56,882 - INFO - Rank 0 | Up to now, total_local_feats_gather_time = 7.689 s, total_remote_feats_gather_time = 1653.307 s
2023-11-06 16:26:56,882 - INFO - Rank 0 | => cur_epoch 81 finished on rank 0
2023-11-06 16:27:08,346 - INFO - Rank 0 | Epoch: 81, Test Accuracy 0.891765255013195
2023-11-06 16:27:26,426 - INFO - Rank 0 | rank: 0, iter_num: 38
2023-11-06 16:27:26,427 - INFO - Rank 0 | Epoch miss rate ( miss_num/try_num ) for epoch 82 on rank 0: 50139797 / 64455859 = 0.7778935503753042
2023-11-06 16:27:26,428 - INFO - Rank 0 | Up to now, total_local_feats_gather_time = 7.78 s, total_remote_feats_gather_time = 1672.9940000000001 s
2023-11-06 16:27:26,429 - INFO - Rank 0 | => cur_epoch 82 finished on rank 0
2023-11-06 16:27:39,030 - INFO - Rank 0 | Epoch: 82, Test Accuracy 0.8884979265030609
2023-11-06 16:27:57,192 - INFO - Rank 0 | rank: 0, iter_num: 38
2023-11-06 16:27:57,194 - INFO - Rank 0 | Epoch miss rate ( miss_num/try_num ) for epoch 83 on rank 0: 50746503 / 65235495 = 0.7778971095413624
2023-11-06 16:27:57,195 - INFO - Rank 0 | Up to now, total_local_feats_gather_time = 7.881 s, total_remote_feats_gather_time = 1693.567 s
2023-11-06 16:27:57,195 - INFO - Rank 0 | => cur_epoch 83 finished on rank 0
2023-11-06 16:28:10,127 - INFO - Rank 0 | Epoch: 83, Test Accuracy 0.891388255569718
2023-11-06 16:28:27,813 - INFO - Rank 0 | rank: 0, iter_num: 38
2023-11-06 16:28:27,814 - INFO - Rank 0 | Epoch miss rate ( miss_num/try_num ) for epoch 84 on rank 0: 51352588 / 66015274 = 0.7778894926649854
2023-11-06 16:28:27,815 - INFO - Rank 0 | Up to now, total_local_feats_gather_time = 7.981 s, total_remote_feats_gather_time = 1714.376 s
2023-11-06 16:28:27,816 - INFO - Rank 0 | => cur_epoch 84 finished on rank 0
2023-11-06 16:28:39,575 - INFO - Rank 0 | Epoch: 84, Test Accuracy 0.8909573990628871
2023-11-06 16:28:57,818 - INFO - Rank 0 | rank: 0, iter_num: 38
2023-11-06 16:28:57,821 - INFO - Rank 0 | Epoch miss rate ( miss_num/try_num ) for epoch 85 on rank 0: 51960099 / 66795526 = 0.7778978939397827
2023-11-06 16:28:57,822 - INFO - Rank 0 | Up to now, total_local_feats_gather_time = 8.073 s, total_remote_feats_gather_time = 1734.109 s
2023-11-06 16:28:57,822 - INFO - Rank 0 | => cur_epoch 85 finished on rank 0
2023-11-06 16:29:09,722 - INFO - Rank 0 | Epoch: 85, Test Accuracy 0.8907599231639229
2023-11-06 16:29:27,973 - INFO - Rank 0 | rank: 0, iter_num: 38
2023-11-06 16:29:27,975 - INFO - Rank 0 | Epoch miss rate ( miss_num/try_num ) for epoch 86 on rank 0: 52566823 / 67575727 = 0.7778950421058733
2023-11-06 16:29:27,976 - INFO - Rank 0 | Up to now, total_local_feats_gather_time = 8.17 s, total_remote_feats_gather_time = 1754.285 s
2023-11-06 16:29:27,977 - INFO - Rank 0 | => cur_epoch 86 finished on rank 0
2023-11-06 16:29:40,037 - INFO - Rank 0 | Epoch: 86, Test Accuracy 0.8903829237204459
2023-11-06 16:29:58,411 - INFO - Rank 0 | rank: 0, iter_num: 38
2023-11-06 16:29:58,413 - INFO - Rank 0 | Epoch miss rate ( miss_num/try_num ) for epoch 87 on rank 0: 53174827 / 68355989 = 0.777910286690461
2023-11-06 16:29:58,414 - INFO - Rank 0 | Up to now, total_local_feats_gather_time = 8.262 s, total_remote_feats_gather_time = 1774.246 s
2023-11-06 16:29:58,414 - INFO - Rank 0 | => cur_epoch 87 finished on rank 0
2023-11-06 16:30:10,231 - INFO - Rank 0 | Epoch: 87, Test Accuracy 0.8918370644310001
2023-11-06 16:30:27,911 - INFO - Rank 0 | rank: 0, iter_num: 38
2023-11-06 16:30:27,913 - INFO - Rank 0 | Epoch miss rate ( miss_num/try_num ) for epoch 88 on rank 0: 53782015 / 69135872 = 0.7779176488871075
2023-11-06 16:30:27,915 - INFO - Rank 0 | Up to now, total_local_feats_gather_time = 8.364 s, total_remote_feats_gather_time = 1793.8590000000002 s
2023-11-06 16:30:27,915 - INFO - Rank 0 | => cur_epoch 88 finished on rank 0
2023-11-06 16:30:39,369 - INFO - Rank 0 | Epoch: 88, Test Accuracy 0.891011256126241
2023-11-06 16:30:57,466 - INFO - Rank 0 | rank: 0, iter_num: 38
2023-11-06 16:30:57,468 - INFO - Rank 0 | Epoch miss rate ( miss_num/try_num ) for epoch 89 on rank 0: 54388658 / 69916469 = 0.7779091075094196
2023-11-06 16:30:57,469 - INFO - Rank 0 | Up to now, total_local_feats_gather_time = 8.455 s, total_remote_feats_gather_time = 1813.2630000000001 s
2023-11-06 16:30:57,470 - INFO - Rank 0 | => cur_epoch 89 finished on rank 0
2023-11-06 16:31:09,071 - INFO - Rank 0 | Epoch: 89, Test Accuracy 0.8910471608351436
2023-11-06 16:31:26,752 - INFO - Rank 0 | rank: 0, iter_num: 38
2023-11-06 16:31:26,753 - INFO - Rank 0 | Epoch miss rate ( miss_num/try_num ) for epoch 90 on rank 0: 54995352 / 70697128 = 0.7779007939332415
2023-11-06 16:31:26,754 - INFO - Rank 0 | Up to now, total_local_feats_gather_time = 8.546 s, total_remote_feats_gather_time = 1832.4660000000001 s
2023-11-06 16:31:26,754 - INFO - Rank 0 | => cur_epoch 90 finished on rank 0
2023-11-06 16:31:38,525 - INFO - Rank 0 | Epoch: 90, Test Accuracy 0.8914241602786206
2023-11-06 16:31:56,342 - INFO - Rank 0 | rank: 0, iter_num: 38
2023-11-06 16:31:56,347 - INFO - Rank 0 | Epoch miss rate ( miss_num/try_num ) for epoch 91 on rank 0: 55601768 / 71477622 = 0.7778905683236076
2023-11-06 16:31:56,348 - INFO - Rank 0 | Up to now, total_local_feats_gather_time = 8.639 s, total_remote_feats_gather_time = 1851.789 s
2023-11-06 16:31:56,349 - INFO - Rank 0 | => cur_epoch 91 finished on rank 0
2023-11-06 16:32:08,784 - INFO - Rank 0 | Epoch: 91, Test Accuracy 0.8912446367341077
2023-11-06 16:32:27,324 - INFO - Rank 0 | rank: 0, iter_num: 38
2023-11-06 16:32:27,326 - INFO - Rank 0 | Epoch miss rate ( miss_num/try_num ) for epoch 92 on rank 0: 56209206 / 72257975 = 0.7778962252955469
2023-11-06 16:32:27,327 - INFO - Rank 0 | Up to now, total_local_feats_gather_time = 8.731 s, total_remote_feats_gather_time = 1871.7830000000001 s
2023-11-06 16:32:27,327 - INFO - Rank 0 | => cur_epoch 92 finished on rank 0
2023-11-06 16:32:39,253 - INFO - Rank 0 | Epoch: 92, Test Accuracy 0.8932553004326518
2023-11-06 16:32:57,197 - INFO - Rank 0 | rank: 0, iter_num: 38
2023-11-06 16:32:57,199 - INFO - Rank 0 | Epoch miss rate ( miss_num/try_num ) for epoch 93 on rank 0: 56816130 / 73037985 = 0.7778983771252725
2023-11-06 16:32:57,200 - INFO - Rank 0 | Up to now, total_local_feats_gather_time = 8.822000000000001 s, total_remote_feats_gather_time = 1891.723 s
2023-11-06 16:32:57,200 - INFO - Rank 0 | => cur_epoch 93 finished on rank 0
2023-11-06 16:33:08,781 - INFO - Rank 0 | Epoch: 93, Test Accuracy 0.8900956860492254
2023-11-06 16:33:28,393 - INFO - Rank 0 | rank: 0, iter_num: 38
2023-11-06 16:33:28,395 - INFO - Rank 0 | Epoch miss rate ( miss_num/try_num ) for epoch 94 on rank 0: 57422536 / 73818522 = 0.7778879127382149
2023-11-06 16:33:28,396 - INFO - Rank 0 | Up to now, total_local_feats_gather_time = 8.913 s, total_remote_feats_gather_time = 1911.0620000000001 s
2023-11-06 16:33:28,396 - INFO - Rank 0 | => cur_epoch 94 finished on rank 0
2023-11-06 16:33:39,956 - INFO - Rank 0 | Epoch: 94, Test Accuracy 0.8911369226074
2023-11-06 16:33:58,322 - INFO - Rank 0 | rank: 0, iter_num: 38
2023-11-06 16:33:58,323 - INFO - Rank 0 | Epoch miss rate ( miss_num/try_num ) for epoch 95 on rank 0: 58029215 / 74598632 = 0.7778857794604062
2023-11-06 16:33:58,325 - INFO - Rank 0 | Up to now, total_local_feats_gather_time = 9.006 s, total_remote_feats_gather_time = 1930.329 s
2023-11-06 16:33:58,325 - INFO - Rank 0 | => cur_epoch 95 finished on rank 0
2023-11-06 16:34:09,886 - INFO - Rank 0 | Epoch: 95, Test Accuracy 0.8906163043283126
2023-11-06 16:34:28,448 - INFO - Rank 0 | rank: 0, iter_num: 38
2023-11-06 16:34:28,450 - INFO - Rank 0 | Epoch miss rate ( miss_num/try_num ) for epoch 96 on rank 0: 58635586 / 75378314 = 0.7778840211257577
2023-11-06 16:34:28,452 - INFO - Rank 0 | Up to now, total_local_feats_gather_time = 9.096 s, total_remote_feats_gather_time = 1949.9460000000001 s
2023-11-06 16:34:28,452 - INFO - Rank 0 | => cur_epoch 96 finished on rank 0
2023-11-06 16:34:40,035 - INFO - Rank 0 | Epoch: 96, Test Accuracy 0.8895391630612355
2023-11-06 16:34:57,902 - INFO - Rank 0 | rank: 0, iter_num: 38
2023-11-06 16:34:57,903 - INFO - Rank 0 | Epoch miss rate ( miss_num/try_num ) for epoch 97 on rank 0: 59242753 / 76159322 = 0.777879206960377
2023-11-06 16:34:57,905 - INFO - Rank 0 | Up to now, total_local_feats_gather_time = 9.188 s, total_remote_feats_gather_time = 1969.426 s
2023-11-06 16:34:57,905 - INFO - Rank 0 | => cur_epoch 97 finished on rank 0
2023-11-06 16:35:09,793 - INFO - Rank 0 | Epoch: 97, Test Accuracy 0.8899161625047125
2023-11-06 16:35:28,179 - INFO - Rank 0 | rank: 0, iter_num: 38
2023-11-06 16:35:28,180 - INFO - Rank 0 | Epoch miss rate ( miss_num/try_num ) for epoch 98 on rank 0: 59850710 / 76939499 = 0.7778931599229675
2023-11-06 16:35:28,182 - INFO - Rank 0 | Up to now, total_local_feats_gather_time = 9.279 s, total_remote_feats_gather_time = 1989.335 s
2023-11-06 16:35:28,182 - INFO - Rank 0 | => cur_epoch 98 finished on rank 0
2023-11-06 16:35:39,895 - INFO - Rank 0 | Epoch: 98, Test Accuracy 0.8905624472649588
2023-11-06 16:35:58,211 - INFO - Rank 0 | rank: 0, iter_num: 38
2023-11-06 16:35:58,213 - INFO - Rank 0 | Epoch miss rate ( miss_num/try_num ) for epoch 99 on rank 0: 60457356 / 77719557 = 0.7778911555041417
2023-11-06 16:35:58,214 - INFO - Rank 0 | Up to now, total_local_feats_gather_time = 9.369 s, total_remote_feats_gather_time = 2008.856 s
2023-11-06 16:35:58,214 - INFO - Rank 0 | => cur_epoch 99 finished on rank 0
2023-11-06 16:36:10,463 - INFO - Rank 0 | Epoch: 99, Test Accuracy 0.8916754932409385
2023-11-06 16:36:10,464 - INFO - Rank 0 | Max acc:0.8932553004326518
2023-11-06 16:36:10,464 - INFO - Rank 0 | wait sampler total time: 0.04619646072387695, total iters: 38, avg iter time:0.0012156963348388672
