2023-11-07 14:51:08,911 - INFO - Rank 0 | Client Args: Namespace(dataset='/home/weijian/gitclone/repgnn/./dist/repgnn_data/reddit0', num_gpu=1, sampling='2', hidden_size=256, n_classes=60, batch_size=1024, dropout=0.2, lr=0.001, weight_decay=0, model_name='gcn', epoch=100, num_worker=1, cache_size=0, ckpt_path='/dev/shm', seed=None, log=True, eval=True, dist_url='tcp://10.214.241.227:23457', world_size=4, rank=0, gpu=0, grpc_port='10.214.241.227:18116', distributed=True)
2023-11-07 14:51:10,025 - INFO - Rank 0 | Added key: store_based_barrier_key:1 to store for rank: 0
2023-11-07 14:51:10,046 - INFO - Rank 0 | Rank 0: Completed store-based barrier for key:store_based_barrier_key:1 with 4 nodes.
2023-11-07 14:51:10,046 - INFO - Rank 0 | Using 4 distributed GPUs in total for training...
2023-11-07 14:51:24,514 - INFO - Rank 0 | n_sub_batches:37508
2023-11-07 14:51:44,494 - INFO - Rank 0 | Reducer buckets have been rebuilt in this iteration.
2023-11-07 14:52:01,285 - INFO - Rank 0 | Epoch miss rate ( miss_num/try_num ) for epoch 0 on rank 0: 107616 / 465542 = 0.23116281667389837
2023-11-07 14:52:01,287 - INFO - Rank 0 | Up to now, total_local_feats_gather_time = 0.219 s, total_remote_feats_gather_time = 4.6080000000000005 s
2023-11-07 14:52:01,287 - INFO - Rank 0 | => cur_epoch 0 finished on rank 0
2023-11-07 14:52:15,152 - INFO - Rank 0 | Epoch: 0, Test Accuracy 0.7150422777947327
2023-11-07 14:52:15,252 - INFO - Rank 0 | n_sub_batches:37509
2023-11-07 14:52:31,828 - INFO - Rank 0 | Epoch miss rate ( miss_num/try_num ) for epoch 1 on rank 0: 448648 / 1239422 = 0.36198163337426636
2023-11-07 14:52:31,829 - INFO - Rank 0 | Up to now, total_local_feats_gather_time = 0.584 s, total_remote_feats_gather_time = 18.113 s
2023-11-07 14:52:31,829 - INFO - Rank 0 | => cur_epoch 1 finished on rank 0
2023-11-07 14:52:45,549 - INFO - Rank 0 | Epoch: 1, Test Accuracy 0.8120568012494839
2023-11-07 14:52:45,639 - INFO - Rank 0 | n_sub_batches:37509
2023-11-07 14:53:01,863 - INFO - Rank 0 | Epoch miss rate ( miss_num/try_num ) for epoch 2 on rank 0: 789571 / 2012923 = 0.39225097035505085
2023-11-07 14:53:01,867 - INFO - Rank 0 | Up to now, total_local_feats_gather_time = 0.85 s, total_remote_feats_gather_time = 31.014 s
2023-11-07 14:53:01,867 - INFO - Rank 0 | => cur_epoch 2 finished on rank 0
2023-11-07 14:53:15,333 - INFO - Rank 0 | Epoch: 2, Test Accuracy 0.8453045616932661
2023-11-07 14:53:15,444 - INFO - Rank 0 | n_sub_batches:37509
2023-11-07 14:53:31,924 - INFO - Rank 0 | Epoch miss rate ( miss_num/try_num ) for epoch 3 on rank 0: 1130264 / 2786425 = 0.4056323066294625
2023-11-07 14:53:31,926 - INFO - Rank 0 | Up to now, total_local_feats_gather_time = 1.052 s, total_remote_feats_gather_time = 44.668 s
2023-11-07 14:53:31,926 - INFO - Rank 0 | => cur_epoch 3 finished on rank 0
2023-11-07 14:53:44,954 - INFO - Rank 0 | Epoch: 3, Test Accuracy 0.8571890203400175
2023-11-07 14:53:45,042 - INFO - Rank 0 | n_sub_batches:37509
2023-11-07 14:54:01,088 - INFO - Rank 0 | Epoch miss rate ( miss_num/try_num ) for epoch 4 on rank 0: 1470994 / 3559827 = 0.41322064246380513
2023-11-07 14:54:01,090 - INFO - Rank 0 | Up to now, total_local_feats_gather_time = 1.2550000000000001 s, total_remote_feats_gather_time = 57.85 s
2023-11-07 14:54:01,090 - INFO - Rank 0 | => cur_epoch 4 finished on rank 0
2023-11-07 14:54:15,327 - INFO - Rank 0 | Epoch: 4, Test Accuracy 0.8645135809561424
2023-11-07 14:54:15,497 - INFO - Rank 0 | n_sub_batches:37509
2023-11-07 14:54:32,365 - INFO - Rank 0 | Epoch miss rate ( miss_num/try_num ) for epoch 5 on rank 0: 1811221 / 4333016 = 0.4180046877279013
2023-11-07 14:54:32,366 - INFO - Rank 0 | Up to now, total_local_feats_gather_time = 1.457 s, total_remote_feats_gather_time = 72.005 s
2023-11-07 14:54:32,366 - INFO - Rank 0 | => cur_epoch 5 finished on rank 0
2023-11-07 14:54:46,465 - INFO - Rank 0 | Epoch: 5, Test Accuracy 0.8694863831391487
2023-11-07 14:54:46,554 - INFO - Rank 0 | n_sub_batches:37509
2023-11-07 14:55:02,776 - INFO - Rank 0 | Epoch miss rate ( miss_num/try_num ) for epoch 6 on rank 0: 2152252 / 5106625 = 0.4214627077570803
2023-11-07 14:55:02,778 - INFO - Rank 0 | Up to now, total_local_feats_gather_time = 1.673 s, total_remote_feats_gather_time = 86.108 s
2023-11-07 14:55:02,778 - INFO - Rank 0 | => cur_epoch 6 finished on rank 0
2023-11-07 14:55:16,961 - INFO - Rank 0 | Epoch: 6, Test Accuracy 0.8732204728650163
2023-11-07 14:55:17,054 - INFO - Rank 0 | n_sub_batches:37509
2023-11-07 14:55:33,639 - INFO - Rank 0 | Epoch miss rate ( miss_num/try_num ) for epoch 7 on rank 0: 2492729 / 5880329 = 0.42390978463960094
2023-11-07 14:55:33,640 - INFO - Rank 0 | Up to now, total_local_feats_gather_time = 1.877 s, total_remote_feats_gather_time = 100.403 s
2023-11-07 14:55:33,641 - INFO - Rank 0 | => cur_epoch 7 finished on rank 0
2023-11-07 14:55:47,478 - INFO - Rank 0 | Epoch: 7, Test Accuracy 0.8752670412724629
2023-11-07 14:55:47,569 - INFO - Rank 0 | n_sub_batches:37509
2023-11-07 14:56:03,719 - INFO - Rank 0 | Epoch miss rate ( miss_num/try_num ) for epoch 8 on rank 0: 2833717 / 6654236 = 0.42585159288008423
2023-11-07 14:56:03,720 - INFO - Rank 0 | Up to now, total_local_feats_gather_time = 2.088 s, total_remote_feats_gather_time = 114.315 s
2023-11-07 14:56:03,720 - INFO - Rank 0 | => cur_epoch 8 finished on rank 0
2023-11-07 14:56:16,898 - INFO - Rank 0 | Epoch: 8, Test Accuracy 0.874836184765632
2023-11-07 14:56:16,984 - INFO - Rank 0 | n_sub_batches:37509
2023-11-07 14:56:33,203 - INFO - Rank 0 | Epoch miss rate ( miss_num/try_num ) for epoch 9 on rank 0: 3175030 / 7427970 = 0.42744249101706117
2023-11-07 14:56:33,205 - INFO - Rank 0 | Up to now, total_local_feats_gather_time = 2.297 s, total_remote_feats_gather_time = 127.803 s
2023-11-07 14:56:33,205 - INFO - Rank 0 | => cur_epoch 9 finished on rank 0
2023-11-07 14:56:46,861 - INFO - Rank 0 | Epoch: 9, Test Accuracy 0.879539701631869
2023-11-07 14:56:46,947 - INFO - Rank 0 | n_sub_batches:37509
2023-11-07 14:57:03,207 - INFO - Rank 0 | Epoch miss rate ( miss_num/try_num ) for epoch 10 on rank 0: 3515960 / 8201829 = 0.42867999320639333
2023-11-07 14:57:03,209 - INFO - Rank 0 | Up to now, total_local_feats_gather_time = 2.507 s, total_remote_feats_gather_time = 141.695 s
2023-11-07 14:57:03,209 - INFO - Rank 0 | => cur_epoch 10 finished on rank 0
2023-11-07 14:57:16,403 - INFO - Rank 0 | Epoch: 10, Test Accuracy 0.8810836041146797
2023-11-07 14:57:16,492 - INFO - Rank 0 | n_sub_batches:37508
2023-11-07 14:57:33,384 - INFO - Rank 0 | Epoch miss rate ( miss_num/try_num ) for epoch 11 on rank 0: 3856978 / 8975925 = 0.4297025654737534
2023-11-07 14:57:33,385 - INFO - Rank 0 | Up to now, total_local_feats_gather_time = 2.721 s, total_remote_feats_gather_time = 155.23 s
2023-11-07 14:57:33,385 - INFO - Rank 0 | => cur_epoch 11 finished on rank 0
2023-11-07 14:57:47,548 - INFO - Rank 0 | Epoch: 11, Test Accuracy 0.8828070301420031
2023-11-07 14:57:47,642 - INFO - Rank 0 | n_sub_batches:37508
2023-11-07 14:58:04,312 - INFO - Rank 0 | Epoch miss rate ( miss_num/try_num ) for epoch 12 on rank 0: 4198338 / 9749661 = 0.43061374133931424
2023-11-07 14:58:04,314 - INFO - Rank 0 | Up to now, total_local_feats_gather_time = 2.9330000000000003 s, total_remote_feats_gather_time = 169.484 s
2023-11-07 14:58:04,314 - INFO - Rank 0 | => cur_epoch 12 finished on rank 0
2023-11-07 14:58:17,090 - INFO - Rank 0 | Epoch: 12, Test Accuracy 0.8809758899879719
2023-11-07 14:58:17,176 - INFO - Rank 0 | n_sub_batches:37508
2023-11-07 14:58:33,234 - INFO - Rank 0 | Epoch miss rate ( miss_num/try_num ) for epoch 13 on rank 0: 4539649 / 10523289 = 0.43139069923861256
2023-11-07 14:58:33,237 - INFO - Rank 0 | Up to now, total_local_feats_gather_time = 3.136 s, total_remote_feats_gather_time = 182.865 s
2023-11-07 14:58:33,237 - INFO - Rank 0 | => cur_epoch 13 finished on rank 0
2023-11-07 14:58:45,745 - INFO - Rank 0 | Epoch: 13, Test Accuracy 0.8807425093801052
2023-11-07 14:58:45,832 - INFO - Rank 0 | n_sub_batches:37509
2023-11-07 14:59:02,970 - INFO - Rank 0 | Epoch miss rate ( miss_num/try_num ) for epoch 14 on rank 0: 4880736 / 11297123 = 0.4320335363260186
2023-11-07 14:59:02,971 - INFO - Rank 0 | Up to now, total_local_feats_gather_time = 3.338 s, total_remote_feats_gather_time = 195.844 s
2023-11-07 14:59:02,971 - INFO - Rank 0 | => cur_epoch 14 finished on rank 0
2023-11-07 14:59:15,977 - INFO - Rank 0 | Epoch: 14, Test Accuracy 0.8838482667001777
2023-11-07 14:59:16,068 - INFO - Rank 0 | n_sub_batches:37509
2023-11-07 14:59:32,082 - INFO - Rank 0 | Epoch miss rate ( miss_num/try_num ) for epoch 15 on rank 0: 5221911 / 12070753 = 0.432608553915402
2023-11-07 14:59:32,083 - INFO - Rank 0 | Up to now, total_local_feats_gather_time = 3.5460000000000003 s, total_remote_feats_gather_time = 209.401 s
2023-11-07 14:59:32,083 - INFO - Rank 0 | => cur_epoch 15 finished on rank 0
2023-11-07 14:59:45,373 - INFO - Rank 0 | Epoch: 15, Test Accuracy 0.8845663608782292
2023-11-07 14:59:45,459 - INFO - Rank 0 | n_sub_batches:37508
2023-11-07 15:00:01,573 - INFO - Rank 0 | Epoch miss rate ( miss_num/try_num ) for epoch 16 on rank 0: 5562478 / 12844478 = 0.43306376483341713
2023-11-07 15:00:01,574 - INFO - Rank 0 | Up to now, total_local_feats_gather_time = 3.7560000000000002 s, total_remote_feats_gather_time = 222.943 s
2023-11-07 15:00:01,574 - INFO - Rank 0 | => cur_epoch 16 finished on rank 0
2023-11-07 15:00:13,688 - INFO - Rank 0 | Epoch: 16, Test Accuracy 0.8843868373337164
2023-11-07 15:00:13,774 - INFO - Rank 0 | n_sub_batches:37509
2023-11-07 15:00:30,003 - INFO - Rank 0 | Epoch miss rate ( miss_num/try_num ) for epoch 17 on rank 0: 5903140 / 13618037 = 0.4334795095651451
2023-11-07 15:00:30,005 - INFO - Rank 0 | Up to now, total_local_feats_gather_time = 3.958 s, total_remote_feats_gather_time = 235.523 s
2023-11-07 15:00:30,005 - INFO - Rank 0 | => cur_epoch 17 finished on rank 0
2023-11-07 15:00:42,403 - INFO - Rank 0 | Epoch: 17, Test Accuracy 0.883866219054629
2023-11-07 15:00:42,488 - INFO - Rank 0 | n_sub_batches:37509
2023-11-07 15:00:58,599 - INFO - Rank 0 | Epoch miss rate ( miss_num/try_num ) for epoch 18 on rank 0: 6244474 / 14392127 = 0.4338812463230765
2023-11-07 15:00:58,601 - INFO - Rank 0 | Up to now, total_local_feats_gather_time = 4.16 s, total_remote_feats_gather_time = 248.552 s
2023-11-07 15:00:58,602 - INFO - Rank 0 | => cur_epoch 18 finished on rank 0
2023-11-07 15:01:11,137 - INFO - Rank 0 | Epoch: 18, Test Accuracy 0.8848895032583524
2023-11-07 15:01:11,223 - INFO - Rank 0 | n_sub_batches:37508
2023-11-07 15:01:27,857 - INFO - Rank 0 | Epoch miss rate ( miss_num/try_num ) for epoch 19 on rank 0: 6585415 / 15165801 = 0.4342279712096974
2023-11-07 15:01:27,859 - INFO - Rank 0 | Up to now, total_local_feats_gather_time = 4.368 s, total_remote_feats_gather_time = 261.639 s
2023-11-07 15:01:27,859 - INFO - Rank 0 | => cur_epoch 19 finished on rank 0
2023-11-07 15:01:40,898 - INFO - Rank 0 | Epoch: 19, Test Accuracy 0.8838123619912751
2023-11-07 15:01:40,989 - INFO - Rank 0 | n_sub_batches:37509
2023-11-07 15:01:58,602 - INFO - Rank 0 | Epoch miss rate ( miss_num/try_num ) for epoch 20 on rank 0: 6926442 / 15938917 = 0.4345616455622424
2023-11-07 15:01:58,603 - INFO - Rank 0 | Up to now, total_local_feats_gather_time = 4.582 s, total_remote_feats_gather_time = 275.378 s
2023-11-07 15:01:58,603 - INFO - Rank 0 | => cur_epoch 20 finished on rank 0
2023-11-07 15:02:10,791 - INFO - Rank 0 | Epoch: 20, Test Accuracy 0.8843329802703624
2023-11-07 15:02:10,876 - INFO - Rank 0 | n_sub_batches:37508
2023-11-07 15:02:28,154 - INFO - Rank 0 | Epoch miss rate ( miss_num/try_num ) for epoch 21 on rank 0: 7267101 / 16712602 = 0.4348276228919949
2023-11-07 15:02:28,155 - INFO - Rank 0 | Up to now, total_local_feats_gather_time = 4.787 s, total_remote_feats_gather_time = 288.278 s
2023-11-07 15:02:28,155 - INFO - Rank 0 | => cur_epoch 21 finished on rank 0
2023-11-07 15:02:41,494 - INFO - Rank 0 | Epoch: 21, Test Accuracy 0.8859307398165269
2023-11-07 15:02:41,581 - INFO - Rank 0 | n_sub_batches:37507
2023-11-07 15:02:59,626 - INFO - Rank 0 | Epoch miss rate ( miss_num/try_num ) for epoch 22 on rank 0: 7608110 / 17486425 = 0.43508664578380085
2023-11-07 15:02:59,627 - INFO - Rank 0 | Up to now, total_local_feats_gather_time = 4.9910000000000005 s, total_remote_feats_gather_time = 302.228 s
2023-11-07 15:02:59,627 - INFO - Rank 0 | => cur_epoch 22 finished on rank 0
2023-11-07 15:03:12,955 - INFO - Rank 0 | Epoch: 22, Test Accuracy 0.8850510744484139
2023-11-07 15:03:13,040 - INFO - Rank 0 | n_sub_batches:37509
2023-11-07 15:03:30,048 - INFO - Rank 0 | Epoch miss rate ( miss_num/try_num ) for epoch 23 on rank 0: 7948670 / 18259823 = 0.4353092579265418
2023-11-07 15:03:30,050 - INFO - Rank 0 | Up to now, total_local_feats_gather_time = 5.194 s, total_remote_feats_gather_time = 316.175 s
2023-11-07 15:03:30,050 - INFO - Rank 0 | => cur_epoch 23 finished on rank 0
2023-11-07 15:03:43,522 - INFO - Rank 0 | Epoch: 23, Test Accuracy 0.885302407410732
2023-11-07 15:03:43,609 - INFO - Rank 0 | n_sub_batches:37509
2023-11-07 15:04:01,996 - INFO - Rank 0 | Epoch miss rate ( miss_num/try_num ) for epoch 24 on rank 0: 8290035 / 19033761 = 0.4355437162418925
2023-11-07 15:04:01,997 - INFO - Rank 0 | Up to now, total_local_feats_gather_time = 5.396 s, total_remote_feats_gather_time = 330.211 s
2023-11-07 15:04:01,997 - INFO - Rank 0 | => cur_epoch 24 finished on rank 0
2023-11-07 15:04:15,808 - INFO - Rank 0 | Epoch: 24, Test Accuracy 0.8876721181983017
2023-11-07 15:04:15,898 - INFO - Rank 0 | n_sub_batches:37508
2023-11-07 15:04:32,715 - INFO - Rank 0 | Epoch miss rate ( miss_num/try_num ) for epoch 25 on rank 0: 8630931 / 19807848 = 0.43573289738491533
2023-11-07 15:04:32,716 - INFO - Rank 0 | Up to now, total_local_feats_gather_time = 5.626 s, total_remote_feats_gather_time = 344.121 s
2023-11-07 15:04:32,716 - INFO - Rank 0 | => cur_epoch 25 finished on rank 0
2023-11-07 15:04:46,543 - INFO - Rank 0 | Epoch: 25, Test Accuracy 0.8865052151589681
2023-11-07 15:04:46,710 - INFO - Rank 0 | n_sub_batches:37509
2023-11-07 15:05:03,469 - INFO - Rank 0 | Epoch miss rate ( miss_num/try_num ) for epoch 26 on rank 0: 8971621 / 20581858 = 0.43589947030049475
2023-11-07 15:05:03,470 - INFO - Rank 0 | Up to now, total_local_feats_gather_time = 5.929 s, total_remote_feats_gather_time = 358.068 s
2023-11-07 15:05:03,470 - INFO - Rank 0 | => cur_epoch 26 finished on rank 0
2023-11-07 15:05:17,229 - INFO - Rank 0 | Epoch: 26, Test Accuracy 0.8853383121196345
2023-11-07 15:05:17,323 - INFO - Rank 0 | n_sub_batches:37508
2023-11-07 15:05:33,728 - INFO - Rank 0 | Epoch miss rate ( miss_num/try_num ) for epoch 27 on rank 0: 9311973 / 21355125 = 0.43605331272937997
2023-11-07 15:05:33,729 - INFO - Rank 0 | Up to now, total_local_feats_gather_time = 6.144 s, total_remote_feats_gather_time = 371.894 s
2023-11-07 15:05:33,730 - INFO - Rank 0 | => cur_epoch 27 finished on rank 0
2023-11-07 15:05:46,144 - INFO - Rank 0 | Epoch: 27, Test Accuracy 0.8843868373337164
2023-11-07 15:05:46,231 - INFO - Rank 0 | n_sub_batches:37509
2023-11-07 15:06:05,053 - INFO - Rank 0 | Epoch miss rate ( miss_num/try_num ) for epoch 28 on rank 0: 9653363 / 22128945 = 0.4362324096336269
2023-11-07 15:06:05,055 - INFO - Rank 0 | Up to now, total_local_feats_gather_time = 6.352 s, total_remote_feats_gather_time = 384.939 s
2023-11-07 15:06:05,055 - INFO - Rank 0 | => cur_epoch 28 finished on rank 0
2023-11-07 15:06:18,611 - INFO - Rank 0 | Epoch: 28, Test Accuracy 0.8876721181983017
2023-11-07 15:06:18,698 - INFO - Rank 0 | n_sub_batches:37509
2023-11-07 15:06:35,132 - INFO - Rank 0 | Epoch miss rate ( miss_num/try_num ) for epoch 29 on rank 0: 9994198 / 22902925 = 0.4363721227747111
2023-11-07 15:06:35,134 - INFO - Rank 0 | Up to now, total_local_feats_gather_time = 6.562 s, total_remote_feats_gather_time = 398.89 s
2023-11-07 15:06:35,134 - INFO - Rank 0 | => cur_epoch 29 finished on rank 0
2023-11-07 15:06:49,067 - INFO - Rank 0 | Epoch: 29, Test Accuracy 0.8860384539432347
2023-11-07 15:06:49,155 - INFO - Rank 0 | n_sub_batches:37507
2023-11-07 15:07:05,600 - INFO - Rank 0 | Epoch miss rate ( miss_num/try_num ) for epoch 30 on rank 0: 10334901 / 23676535 = 0.43650394789609204
2023-11-07 15:07:05,601 - INFO - Rank 0 | Up to now, total_local_feats_gather_time = 6.764 s, total_remote_feats_gather_time = 413.111 s
2023-11-07 15:07:05,601 - INFO - Rank 0 | => cur_epoch 30 finished on rank 0
2023-11-07 15:07:18,981 - INFO - Rank 0 | Epoch: 30, Test Accuracy 0.8879234511606198
2023-11-07 15:07:19,069 - INFO - Rank 0 | n_sub_batches:37508
2023-11-07 15:07:35,919 - INFO - Rank 0 | Epoch miss rate ( miss_num/try_num ) for epoch 31 on rank 0: 10675850 / 24450571 = 0.4366298848399082
2023-11-07 15:07:35,921 - INFO - Rank 0 | Up to now, total_local_feats_gather_time = 6.965 s, total_remote_feats_gather_time = 426.69800000000004 s
2023-11-07 15:07:35,921 - INFO - Rank 0 | => cur_epoch 31 finished on rank 0
2023-11-07 15:07:50,297 - INFO - Rank 0 | Epoch: 31, Test Accuracy 0.8871514999192144
2023-11-07 15:07:50,394 - INFO - Rank 0 | n_sub_batches:37508
2023-11-07 15:08:07,070 - INFO - Rank 0 | Epoch miss rate ( miss_num/try_num ) for epoch 32 on rank 0: 11016577 / 25224224 = 0.4367459232839036
2023-11-07 15:08:07,072 - INFO - Rank 0 | Up to now, total_local_feats_gather_time = 7.2410000000000005 s, total_remote_feats_gather_time = 440.72 s
2023-11-07 15:08:07,072 - INFO - Rank 0 | => cur_epoch 32 finished on rank 0
2023-11-07 15:08:21,065 - INFO - Rank 0 | Epoch: 32, Test Accuracy 0.8893057824533688
2023-11-07 15:08:21,152 - INFO - Rank 0 | n_sub_batches:37508
2023-11-07 15:08:38,176 - INFO - Rank 0 | Epoch miss rate ( miss_num/try_num ) for epoch 33 on rank 0: 11357372 / 25997997 = 0.4368556546875515
2023-11-07 15:08:38,177 - INFO - Rank 0 | Up to now, total_local_feats_gather_time = 7.447 s, total_remote_feats_gather_time = 455.089 s
2023-11-07 15:08:38,177 - INFO - Rank 0 | => cur_epoch 33 finished on rank 0
2023-11-07 15:08:52,185 - INFO - Rank 0 | Epoch: 33, Test Accuracy 0.8878875464517172
2023-11-07 15:08:52,279 - INFO - Rank 0 | n_sub_batches:37509
2023-11-07 15:09:08,743 - INFO - Rank 0 | Epoch miss rate ( miss_num/try_num ) for epoch 34 on rank 0: 11697823 / 26771553 = 0.43694973541505044
2023-11-07 15:09:08,745 - INFO - Rank 0 | Up to now, total_local_feats_gather_time = 7.6610000000000005 s, total_remote_feats_gather_time = 469.148 s
2023-11-07 15:09:08,745 - INFO - Rank 0 | => cur_epoch 34 finished on rank 0
2023-11-07 15:09:21,940 - INFO - Rank 0 | Epoch: 34, Test Accuracy 0.8884979265030609
2023-11-07 15:09:22,026 - INFO - Rank 0 | n_sub_batches:37508
2023-11-07 15:09:38,624 - INFO - Rank 0 | Epoch miss rate ( miss_num/try_num ) for epoch 35 on rank 0: 12037894 / 27544954 = 0.43702719561630055
2023-11-07 15:09:38,626 - INFO - Rank 0 | Up to now, total_local_feats_gather_time = 7.865 s, total_remote_feats_gather_time = 482.773 s
2023-11-07 15:09:38,626 - INFO - Rank 0 | => cur_epoch 35 finished on rank 0
2023-11-07 15:09:51,950 - INFO - Rank 0 | Epoch: 35, Test Accuracy 0.8885876882753173
2023-11-07 15:09:52,040 - INFO - Rank 0 | n_sub_batches:37508
2023-11-07 15:10:08,195 - INFO - Rank 0 | Epoch miss rate ( miss_num/try_num ) for epoch 36 on rank 0: 12378585 / 28318877 = 0.4371142612752617
2023-11-07 15:10:08,196 - INFO - Rank 0 | Up to now, total_local_feats_gather_time = 8.082 s, total_remote_feats_gather_time = 496.368 s
2023-11-07 15:10:08,197 - INFO - Rank 0 | => cur_epoch 36 finished on rank 0
2023-11-07 15:10:21,283 - INFO - Rank 0 | Epoch: 36, Test Accuracy 0.8874746422993376
2023-11-07 15:10:21,379 - INFO - Rank 0 | n_sub_batches:37506
2023-11-07 15:10:38,174 - INFO - Rank 0 | Epoch miss rate ( miss_num/try_num ) for epoch 37 on rank 0: 12719287 / 29092522 = 0.43720125054816494
2023-11-07 15:10:38,176 - INFO - Rank 0 | Up to now, total_local_feats_gather_time = 8.285 s, total_remote_feats_gather_time = 509.956 s
2023-11-07 15:10:38,176 - INFO - Rank 0 | => cur_epoch 37 finished on rank 0
2023-11-07 15:10:51,744 - INFO - Rank 0 | Epoch: 37, Test Accuracy 0.888569735920866
2023-11-07 15:10:51,831 - INFO - Rank 0 | n_sub_batches:37507
2023-11-07 15:11:08,059 - INFO - Rank 0 | Epoch miss rate ( miss_num/try_num ) for epoch 38 on rank 0: 13059750 / 29866126 = 0.43727633105143937
2023-11-07 15:11:08,060 - INFO - Rank 0 | Up to now, total_local_feats_gather_time = 8.491 s, total_remote_feats_gather_time = 523.814 s
2023-11-07 15:11:08,060 - INFO - Rank 0 | => cur_epoch 38 finished on rank 0
2023-11-07 15:11:21,381 - INFO - Rank 0 | Epoch: 38, Test Accuracy 0.889754591314651
2023-11-07 15:11:21,469 - INFO - Rank 0 | n_sub_batches:37509
2023-11-07 15:11:38,110 - INFO - Rank 0 | Epoch miss rate ( miss_num/try_num ) for epoch 39 on rank 0: 13400681 / 30640102 = 0.4373575845145685
2023-11-07 15:11:38,112 - INFO - Rank 0 | Up to now, total_local_feats_gather_time = 8.695 s, total_remote_feats_gather_time = 537.451 s
2023-11-07 15:11:38,112 - INFO - Rank 0 | => cur_epoch 39 finished on rank 0
2023-11-07 15:11:51,420 - INFO - Rank 0 | Epoch: 39, Test Accuracy 0.8876003087804966
2023-11-07 15:11:51,506 - INFO - Rank 0 | n_sub_batches:37508
2023-11-07 15:12:07,657 - INFO - Rank 0 | Epoch miss rate ( miss_num/try_num ) for epoch 40 on rank 0: 13741000 / 31413586 = 0.4374222032467099
2023-11-07 15:12:07,658 - INFO - Rank 0 | Up to now, total_local_feats_gather_time = 8.902000000000001 s, total_remote_feats_gather_time = 551.04 s
2023-11-07 15:12:07,659 - INFO - Rank 0 | => cur_epoch 40 finished on rank 0
2023-11-07 15:12:21,590 - INFO - Rank 0 | Epoch: 40, Test Accuracy 0.8880850223506813
2023-11-07 15:12:21,678 - INFO - Rank 0 | n_sub_batches:37507
2023-11-07 15:12:38,094 - INFO - Rank 0 | Epoch miss rate ( miss_num/try_num ) for epoch 41 on rank 0: 14081194 / 32187441 = 0.4374747902450524
2023-11-07 15:12:38,095 - INFO - Rank 0 | Up to now, total_local_feats_gather_time = 9.106 s, total_remote_feats_gather_time = 565.133 s
2023-11-07 15:12:38,095 - INFO - Rank 0 | => cur_epoch 41 finished on rank 0
2023-11-07 15:12:51,810 - INFO - Rank 0 | Epoch: 41, Test Accuracy 0.8884081647308044
2023-11-07 15:12:51,896 - INFO - Rank 0 | n_sub_batches:37508
2023-11-07 15:13:07,971 - INFO - Rank 0 | Epoch miss rate ( miss_num/try_num ) for epoch 42 on rank 0: 14422508 / 32961078 = 0.4375617812014522
2023-11-07 15:13:07,972 - INFO - Rank 0 | Up to now, total_local_feats_gather_time = 9.312 s, total_remote_feats_gather_time = 579.343 s
2023-11-07 15:13:07,972 - INFO - Rank 0 | => cur_epoch 42 finished on rank 0
2023-11-07 15:13:21,946 - INFO - Rank 0 | Epoch: 42, Test Accuracy 0.8889108306554404
2023-11-07 15:13:22,033 - INFO - Rank 0 | n_sub_batches:37507
2023-11-07 15:13:38,247 - INFO - Rank 0 | Epoch miss rate ( miss_num/try_num ) for epoch 43 on rank 0: 14763328 / 33734789 = 0.43762917859068273
2023-11-07 15:13:38,248 - INFO - Rank 0 | Up to now, total_local_feats_gather_time = 9.519 s, total_remote_feats_gather_time = 593.356 s
2023-11-07 15:13:38,248 - INFO - Rank 0 | => cur_epoch 43 finished on rank 0
2023-11-07 15:13:51,858 - INFO - Rank 0 | Epoch: 43, Test Accuracy 0.8894134965800765
2023-11-07 15:13:51,945 - INFO - Rank 0 | n_sub_batches:37508
2023-11-07 15:14:08,168 - INFO - Rank 0 | Epoch miss rate ( miss_num/try_num ) for epoch 44 on rank 0: 15104250 / 34508597 = 0.4376952792372289
2023-11-07 15:14:08,169 - INFO - Rank 0 | Up to now, total_local_feats_gather_time = 9.726 s, total_remote_feats_gather_time = 606.759 s
2023-11-07 15:14:08,170 - INFO - Rank 0 | => cur_epoch 44 finished on rank 0
2023-11-07 15:14:21,924 - INFO - Rank 0 | Epoch: 44, Test Accuracy 0.8896109724790406
2023-11-07 15:14:22,009 - INFO - Rank 0 | n_sub_batches:37508
2023-11-07 15:14:38,092 - INFO - Rank 0 | Epoch miss rate ( miss_num/try_num ) for epoch 45 on rank 0: 15444662 / 35282288 = 0.43774547727743734
2023-11-07 15:14:38,093 - INFO - Rank 0 | Up to now, total_local_feats_gather_time = 9.928 s, total_remote_feats_gather_time = 620.427 s
2023-11-07 15:14:38,094 - INFO - Rank 0 | => cur_epoch 45 finished on rank 0
2023-11-07 15:14:52,541 - INFO - Rank 0 | Epoch: 45, Test Accuracy 0.8900418289858715
2023-11-07 15:14:52,634 - INFO - Rank 0 | n_sub_batches:37508
2023-11-07 15:15:09,081 - INFO - Rank 0 | Epoch miss rate ( miss_num/try_num ) for epoch 46 on rank 0: 15786063 / 36055792 = 0.4378232213010326
2023-11-07 15:15:09,083 - INFO - Rank 0 | Up to now, total_local_feats_gather_time = 10.129 s, total_remote_feats_gather_time = 634.716 s
2023-11-07 15:15:09,083 - INFO - Rank 0 | => cur_epoch 46 finished on rank 0
2023-11-07 15:15:22,563 - INFO - Rank 0 | Epoch: 46, Test Accuracy 0.8907599231639229
2023-11-07 15:15:22,651 - INFO - Rank 0 | n_sub_batches:37509
2023-11-07 15:15:38,907 - INFO - Rank 0 | Epoch miss rate ( miss_num/try_num ) for epoch 47 on rank 0: 16126726 / 36829586 = 0.4378742134109246
2023-11-07 15:15:38,909 - INFO - Rank 0 | Up to now, total_local_feats_gather_time = 10.331 s, total_remote_feats_gather_time = 648.069 s
2023-11-07 15:15:38,909 - INFO - Rank 0 | => cur_epoch 47 finished on rank 0
2023-11-07 15:15:53,212 - INFO - Rank 0 | Epoch: 47, Test Accuracy 0.8889646877187943
2023-11-07 15:15:53,307 - INFO - Rank 0 | n_sub_batches:37509
2023-11-07 15:16:09,703 - INFO - Rank 0 | Epoch miss rate ( miss_num/try_num ) for epoch 48 on rank 0: 16467446 / 37603349 = 0.43792498375610106
2023-11-07 15:16:09,705 - INFO - Rank 0 | Up to now, total_local_feats_gather_time = 10.533 s, total_remote_feats_gather_time = 662.082 s
2023-11-07 15:16:09,705 - INFO - Rank 0 | => cur_epoch 48 finished on rank 0
2023-11-07 15:16:23,211 - INFO - Rank 0 | Epoch: 48, Test Accuracy 0.8886235929842199
2023-11-07 15:16:23,307 - INFO - Rank 0 | n_sub_batches:37509
2023-11-07 15:16:39,977 - INFO - Rank 0 | Epoch miss rate ( miss_num/try_num ) for epoch 49 on rank 0: 16808319 / 38377083 = 0.437978024541365
2023-11-07 15:16:39,978 - INFO - Rank 0 | Up to now, total_local_feats_gather_time = 10.734 s, total_remote_feats_gather_time = 675.167 s
2023-11-07 15:16:39,979 - INFO - Rank 0 | => cur_epoch 49 finished on rank 0
2023-11-07 15:16:53,738 - INFO - Rank 0 | Epoch: 49, Test Accuracy 0.8881388794140351
2023-11-07 15:16:53,830 - INFO - Rank 0 | n_sub_batches:37508
2023-11-07 15:17:10,272 - INFO - Rank 0 | Epoch miss rate ( miss_num/try_num ) for epoch 50 on rank 0: 17149317 / 39150566 = 0.4380349699158883
2023-11-07 15:17:10,274 - INFO - Rank 0 | Up to now, total_local_feats_gather_time = 10.937 s, total_remote_feats_gather_time = 688.92 s
2023-11-07 15:17:10,274 - INFO - Rank 0 | => cur_epoch 50 finished on rank 0
2023-11-07 15:17:23,796 - INFO - Rank 0 | Epoch: 50, Test Accuracy 0.8883722600219018
2023-11-07 15:17:23,893 - INFO - Rank 0 | n_sub_batches:37507
2023-11-07 15:17:41,037 - INFO - Rank 0 | Epoch miss rate ( miss_num/try_num ) for epoch 51 on rank 0: 17490712 / 39925200 = 0.43808702273250977
2023-11-07 15:17:41,038 - INFO - Rank 0 | Up to now, total_local_feats_gather_time = 11.144 s, total_remote_feats_gather_time = 702.342 s
2023-11-07 15:17:41,038 - INFO - Rank 0 | => cur_epoch 51 finished on rank 0
2023-11-07 15:17:54,741 - INFO - Rank 0 | Epoch: 51, Test Accuracy 0.8886774500475737
2023-11-07 15:17:54,838 - INFO - Rank 0 | n_sub_batches:37508
2023-11-07 15:18:11,983 - INFO - Rank 0 | Epoch miss rate ( miss_num/try_num ) for epoch 52 on rank 0: 17831216 / 40698874 = 0.43812553634776236
2023-11-07 15:18:11,984 - INFO - Rank 0 | Up to now, total_local_feats_gather_time = 11.349 s, total_remote_feats_gather_time = 715.809 s
2023-11-07 15:18:11,984 - INFO - Rank 0 | => cur_epoch 52 finished on rank 0
2023-11-07 15:18:27,153 - INFO - Rank 0 | Epoch: 52, Test Accuracy 0.8911010178984974
2023-11-07 15:18:27,243 - INFO - Rank 0 | n_sub_batches:37508
2023-11-07 15:18:44,338 - INFO - Rank 0 | Epoch miss rate ( miss_num/try_num ) for epoch 53 on rank 0: 18171595 / 41472305 = 0.43816216629386767
2023-11-07 15:18:44,339 - INFO - Rank 0 | Up to now, total_local_feats_gather_time = 11.551 s, total_remote_feats_gather_time = 730.023 s
2023-11-07 15:18:44,340 - INFO - Rank 0 | => cur_epoch 53 finished on rank 0
2023-11-07 15:18:59,235 - INFO - Rank 0 | Epoch: 53, Test Accuracy 0.8890544494910507
2023-11-07 15:18:59,329 - INFO - Rank 0 | n_sub_batches:37509
2023-11-07 15:19:16,016 - INFO - Rank 0 | Epoch miss rate ( miss_num/try_num ) for epoch 54 on rank 0: 18511844 / 42246230 = 0.43818925381034
2023-11-07 15:19:16,017 - INFO - Rank 0 | Up to now, total_local_feats_gather_time = 11.762 s, total_remote_feats_gather_time = 744.0020000000001 s
2023-11-07 15:19:16,017 - INFO - Rank 0 | => cur_epoch 54 finished on rank 0
2023-11-07 15:19:29,754 - INFO - Rank 0 | Epoch: 54, Test Accuracy 0.8904367807837998
2023-11-07 15:19:29,853 - INFO - Rank 0 | n_sub_batches:37507
2023-11-07 15:19:46,180 - INFO - Rank 0 | Epoch miss rate ( miss_num/try_num ) for epoch 55 on rank 0: 18852752 / 43019837 = 0.43823392450324716
2023-11-07 15:19:46,182 - INFO - Rank 0 | Up to now, total_local_feats_gather_time = 11.966000000000001 s, total_remote_feats_gather_time = 757.527 s
2023-11-07 15:19:46,182 - INFO - Rank 0 | => cur_epoch 55 finished on rank 0
2023-11-07 15:19:59,914 - INFO - Rank 0 | Epoch: 55, Test Accuracy 0.8894314489345277
2023-11-07 15:20:00,010 - INFO - Rank 0 | n_sub_batches:37507
2023-11-07 15:20:21,757 - INFO - Rank 0 | Epoch miss rate ( miss_num/try_num ) for epoch 56 on rank 0: 19193424 / 43793479 = 0.43827127778544384
2023-11-07 15:20:21,759 - INFO - Rank 0 | Up to now, total_local_feats_gather_time = 12.167 s, total_remote_feats_gather_time = 771.087 s
2023-11-07 15:20:21,759 - INFO - Rank 0 | => cur_epoch 56 finished on rank 0
2023-11-07 15:20:35,922 - INFO - Rank 0 | Epoch: 56, Test Accuracy 0.8879054988061684
2023-11-07 15:20:36,010 - INFO - Rank 0 | n_sub_batches:37508
2023-11-07 15:20:52,297 - INFO - Rank 0 | Epoch miss rate ( miss_num/try_num ) for epoch 57 on rank 0: 19533891 / 44566871 = 0.4383051931108199
2023-11-07 15:20:52,299 - INFO - Rank 0 | Up to now, total_local_feats_gather_time = 12.374 s, total_remote_feats_gather_time = 785.104 s
2023-11-07 15:20:52,299 - INFO - Rank 0 | => cur_epoch 57 finished on rank 0
2023-11-07 15:21:05,573 - INFO - Rank 0 | Epoch: 57, Test Accuracy 0.8892878300989174
2023-11-07 15:21:05,669 - INFO - Rank 0 | n_sub_batches:37508
2023-11-07 15:21:22,468 - INFO - Rank 0 | Epoch miss rate ( miss_num/try_num ) for epoch 58 on rank 0: 19875125 / 45340646 = 0.4383511650892667
2023-11-07 15:21:22,469 - INFO - Rank 0 | Up to now, total_local_feats_gather_time = 12.582 s, total_remote_feats_gather_time = 798.299 s
2023-11-07 15:21:22,469 - INFO - Rank 0 | => cur_epoch 58 finished on rank 0
2023-11-07 15:21:36,565 - INFO - Rank 0 | Epoch: 58, Test Accuracy 0.888318402958548
2023-11-07 15:21:36,653 - INFO - Rank 0 | n_sub_batches:37508
2023-11-07 15:21:52,716 - INFO - Rank 0 | Epoch miss rate ( miss_num/try_num ) for epoch 59 on rank 0: 20215746 / 46114198 = 0.4383844212144815
2023-11-07 15:21:52,718 - INFO - Rank 0 | Up to now, total_local_feats_gather_time = 12.798 s, total_remote_feats_gather_time = 812.284 s
2023-11-07 15:21:52,718 - INFO - Rank 0 | => cur_epoch 59 finished on rank 0
2023-11-07 15:22:06,881 - INFO - Rank 0 | Epoch: 59, Test Accuracy 0.8911369226074
2023-11-07 15:22:06,967 - INFO - Rank 0 | n_sub_batches:37508
2023-11-07 15:22:23,424 - INFO - Rank 0 | Epoch miss rate ( miss_num/try_num ) for epoch 60 on rank 0: 20556758 / 46887830 = 0.43842417104822295
2023-11-07 15:22:23,426 - INFO - Rank 0 | Up to now, total_local_feats_gather_time = 13.001 s, total_remote_feats_gather_time = 826.362 s
2023-11-07 15:22:23,427 - INFO - Rank 0 | => cur_epoch 60 finished on rank 0
2023-11-07 15:22:37,877 - INFO - Rank 0 | Epoch: 60, Test Accuracy 0.8888928783009892
2023-11-07 15:22:37,965 - INFO - Rank 0 | n_sub_batches:37508
2023-11-07 15:22:54,189 - INFO - Rank 0 | Epoch miss rate ( miss_num/try_num ) for epoch 61 on rank 0: 20897232 / 47661645 = 0.43844965904974537
2023-11-07 15:22:54,191 - INFO - Rank 0 | Up to now, total_local_feats_gather_time = 13.205 s, total_remote_feats_gather_time = 840.186 s
2023-11-07 15:22:54,191 - INFO - Rank 0 | => cur_epoch 61 finished on rank 0
2023-11-07 15:23:08,888 - INFO - Rank 0 | Epoch: 61, Test Accuracy 0.8898623054413586
2023-11-07 15:23:08,977 - INFO - Rank 0 | n_sub_batches:37507
2023-11-07 15:23:25,057 - INFO - Rank 0 | Epoch miss rate ( miss_num/try_num ) for epoch 62 on rank 0: 21237952 / 48435632 = 0.4384778544853095
2023-11-07 15:23:25,060 - INFO - Rank 0 | Up to now, total_local_feats_gather_time = 13.413 s, total_remote_feats_gather_time = 854.452 s
2023-11-07 15:23:25,060 - INFO - Rank 0 | => cur_epoch 62 finished on rank 0
2023-11-07 15:23:38,195 - INFO - Rank 0 | Epoch: 62, Test Accuracy 0.88932373480782
2023-11-07 15:23:38,283 - INFO - Rank 0 | n_sub_batches:37507
2023-11-07 15:23:55,135 - INFO - Rank 0 | Epoch miss rate ( miss_num/try_num ) for epoch 63 on rank 0: 21579072 / 49209466 = 0.43851465488367625
2023-11-07 15:23:55,136 - INFO - Rank 0 | Up to now, total_local_feats_gather_time = 13.620000000000001 s, total_remote_feats_gather_time = 867.643 s
2023-11-07 15:23:55,137 - INFO - Rank 0 | => cur_epoch 63 finished on rank 0
2023-11-07 15:24:08,265 - INFO - Rank 0 | Epoch: 63, Test Accuracy 0.8895930201245893
2023-11-07 15:24:08,354 - INFO - Rank 0 | n_sub_batches:37508
2023-11-07 15:24:24,987 - INFO - Rank 0 | Epoch miss rate ( miss_num/try_num ) for epoch 64 on rank 0: 21919703 / 49982792 = 0.43854498964363575
2023-11-07 15:24:24,988 - INFO - Rank 0 | Up to now, total_local_feats_gather_time = 13.823 s, total_remote_feats_gather_time = 880.235 s
2023-11-07 15:24:24,988 - INFO - Rank 0 | => cur_epoch 64 finished on rank 0
2023-11-07 15:24:37,856 - INFO - Rank 0 | Epoch: 64, Test Accuracy 0.8912266843796564
2023-11-07 15:24:37,941 - INFO - Rank 0 | n_sub_batches:37507
2023-11-07 15:24:55,185 - INFO - Rank 0 | Epoch miss rate ( miss_num/try_num ) for epoch 65 on rank 0: 22260694 / 50756777 = 0.43857579845938605
2023-11-07 15:24:55,187 - INFO - Rank 0 | Up to now, total_local_feats_gather_time = 14.027000000000001 s, total_remote_feats_gather_time = 892.919 s
2023-11-07 15:24:55,187 - INFO - Rank 0 | => cur_epoch 65 finished on rank 0
2023-11-07 15:25:08,206 - INFO - Rank 0 | Epoch: 65, Test Accuracy 0.8919447785577078
2023-11-07 15:25:08,295 - INFO - Rank 0 | n_sub_batches:37508
2023-11-07 15:25:24,968 - INFO - Rank 0 | Epoch miss rate ( miss_num/try_num ) for epoch 66 on rank 0: 22602291 / 51530591 = 0.43861889726822656
2023-11-07 15:25:24,970 - INFO - Rank 0 | Up to now, total_local_feats_gather_time = 14.232000000000001 s, total_remote_feats_gather_time = 905.357 s
2023-11-07 15:25:24,970 - INFO - Rank 0 | => cur_epoch 66 finished on rank 0
2023-11-07 15:25:37,764 - INFO - Rank 0 | Epoch: 66, Test Accuracy 0.8914421126330718
2023-11-07 15:25:37,850 - INFO - Rank 0 | n_sub_batches:37508
2023-11-07 15:25:54,516 - INFO - Rank 0 | Epoch miss rate ( miss_num/try_num ) for epoch 67 on rank 0: 22943308 / 52304514 = 0.4386487177760604
2023-11-07 15:25:54,517 - INFO - Rank 0 | Up to now, total_local_feats_gather_time = 14.434000000000001 s, total_remote_feats_gather_time = 918.34 s
2023-11-07 15:25:54,517 - INFO - Rank 0 | => cur_epoch 67 finished on rank 0
2023-11-07 15:26:07,221 - INFO - Rank 0 | Epoch: 67, Test Accuracy 0.8905444949105075
2023-11-07 15:26:07,320 - INFO - Rank 0 | n_sub_batches:37508
2023-11-07 15:26:24,634 - INFO - Rank 0 | Epoch miss rate ( miss_num/try_num ) for epoch 68 on rank 0: 23284394 / 53078286 = 0.4386802166143797
2023-11-07 15:26:24,635 - INFO - Rank 0 | Up to now, total_local_feats_gather_time = 14.635 s, total_remote_feats_gather_time = 931.134 s
2023-11-07 15:26:24,635 - INFO - Rank 0 | => cur_epoch 68 finished on rank 0
2023-11-07 15:26:38,569 - INFO - Rank 0 | Epoch: 68, Test Accuracy 0.8905444949105075
2023-11-07 15:26:38,656 - INFO - Rank 0 | n_sub_batches:37508
2023-11-07 15:26:54,915 - INFO - Rank 0 | Epoch miss rate ( miss_num/try_num ) for epoch 69 on rank 0: 23625113 / 53852211 = 0.4387027488992049
2023-11-07 15:26:54,917 - INFO - Rank 0 | Up to now, total_local_feats_gather_time = 14.843 s, total_remote_feats_gather_time = 944.625 s
2023-11-07 15:26:54,917 - INFO - Rank 0 | => cur_epoch 69 finished on rank 0
2023-11-07 15:27:08,538 - INFO - Rank 0 | Epoch: 69, Test Accuracy 0.8896468771879432
2023-11-07 15:27:08,634 - INFO - Rank 0 | n_sub_batches:37508
2023-11-07 15:27:25,766 - INFO - Rank 0 | Epoch miss rate ( miss_num/try_num ) for epoch 70 on rank 0: 23965965 / 54625510 = 0.43873210520139766
2023-11-07 15:27:25,767 - INFO - Rank 0 | Up to now, total_local_feats_gather_time = 15.059000000000001 s, total_remote_feats_gather_time = 957.714 s
2023-11-07 15:27:25,767 - INFO - Rank 0 | => cur_epoch 70 finished on rank 0
2023-11-07 15:27:41,380 - INFO - Rank 0 | Epoch: 70, Test Accuracy 0.8899161625047125
2023-11-07 15:27:41,474 - INFO - Rank 0 | n_sub_batches:37508
2023-11-07 15:27:58,487 - INFO - Rank 0 | Epoch miss rate ( miss_num/try_num ) for epoch 71 on rank 0: 24306859 / 55399203 = 0.438758279609185
2023-11-07 15:27:58,488 - INFO - Rank 0 | Up to now, total_local_feats_gather_time = 15.278 s, total_remote_feats_gather_time = 972.355 s
2023-11-07 15:27:58,488 - INFO - Rank 0 | => cur_epoch 71 finished on rank 0
2023-11-07 15:28:14,839 - INFO - Rank 0 | Epoch: 71, Test Accuracy 0.8919627309121592
2023-11-07 15:28:14,929 - INFO - Rank 0 | n_sub_batches:37508
2023-11-07 15:28:31,856 - INFO - Rank 0 | Epoch miss rate ( miss_num/try_num ) for epoch 72 on rank 0: 24648002 / 56173080 = 0.43878672844714944
2023-11-07 15:28:31,858 - INFO - Rank 0 | Up to now, total_local_feats_gather_time = 15.483 s, total_remote_feats_gather_time = 987.596 s
2023-11-07 15:28:31,858 - INFO - Rank 0 | => cur_epoch 72 finished on rank 0
2023-11-07 15:28:46,797 - INFO - Rank 0 | Epoch: 72, Test Accuracy 0.8909214943539845
2023-11-07 15:28:46,885 - INFO - Rank 0 | n_sub_batches:37507
2023-11-07 15:29:03,751 - INFO - Rank 0 | Epoch miss rate ( miss_num/try_num ) for epoch 73 on rank 0: 24988773 / 56946576 = 0.43881080751896306
2023-11-07 15:29:03,751 - INFO - Rank 0 | Up to now, total_local_feats_gather_time = 15.693 s, total_remote_feats_gather_time = 1002.094 s
2023-11-07 15:29:03,751 - INFO - Rank 0 | => cur_epoch 73 finished on rank 0
2023-11-07 15:29:16,701 - INFO - Rank 0 | Epoch: 73, Test Accuracy 0.8904188284293485
2023-11-07 15:29:16,787 - INFO - Rank 0 | n_sub_batches:37509
2023-11-07 15:29:33,463 - INFO - Rank 0 | Epoch miss rate ( miss_num/try_num ) for epoch 74 on rank 0: 25329586 / 57720510 = 0.43883163887498566
2023-11-07 15:29:33,464 - INFO - Rank 0 | Up to now, total_local_feats_gather_time = 15.918000000000001 s, total_remote_feats_gather_time = 1015.203 s
2023-11-07 15:29:33,464 - INFO - Rank 0 | => cur_epoch 74 finished on rank 0
2023-11-07 15:29:46,278 - INFO - Rank 0 | Epoch: 74, Test Accuracy 0.8910830655440461
2023-11-07 15:29:46,366 - INFO - Rank 0 | n_sub_batches:37508
2023-11-07 15:30:03,447 - INFO - Rank 0 | Epoch miss rate ( miss_num/try_num ) for epoch 75 on rank 0: 25669837 / 58493891 = 0.4388464600517001
2023-11-07 15:30:03,448 - INFO - Rank 0 | Up to now, total_local_feats_gather_time = 16.125 s, total_remote_feats_gather_time = 1028.045 s
2023-11-07 15:30:03,448 - INFO - Rank 0 | => cur_epoch 75 finished on rank 0
2023-11-07 15:30:16,724 - INFO - Rank 0 | Epoch: 75, Test Accuracy 0.8893416871622714
2023-11-07 15:30:16,811 - INFO - Rank 0 | n_sub_batches:37509
2023-11-07 15:30:33,396 - INFO - Rank 0 | Epoch miss rate ( miss_num/try_num ) for epoch 76 on rank 0: 26010594 / 59267569 = 0.43886723276940887
2023-11-07 15:30:33,398 - INFO - Rank 0 | Up to now, total_local_feats_gather_time = 16.339 s, total_remote_feats_gather_time = 1040.614 s
2023-11-07 15:30:33,398 - INFO - Rank 0 | => cur_epoch 76 finished on rank 0
2023-11-07 15:30:47,794 - INFO - Rank 0 | Epoch: 76, Test Accuracy 0.891388255569718
2023-11-07 15:30:47,882 - INFO - Rank 0 | n_sub_batches:37508
2023-11-07 15:31:04,483 - INFO - Rank 0 | Epoch miss rate ( miss_num/try_num ) for epoch 77 on rank 0: 26351612 / 60041047 = 0.43889327912619513
2023-11-07 15:31:04,484 - INFO - Rank 0 | Up to now, total_local_feats_gather_time = 16.55 s, total_remote_feats_gather_time = 1054.5520000000001 s
2023-11-07 15:31:04,485 - INFO - Rank 0 | => cur_epoch 77 finished on rank 0
2023-11-07 15:31:17,945 - INFO - Rank 0 | Epoch: 77, Test Accuracy 0.8896109724790406
2023-11-07 15:31:18,032 - INFO - Rank 0 | n_sub_batches:37508
2023-11-07 15:31:34,790 - INFO - Rank 0 | Epoch miss rate ( miss_num/try_num ) for epoch 78 on rank 0: 26692144 / 60814559 = 0.4389104260379492
2023-11-07 15:31:34,792 - INFO - Rank 0 | Up to now, total_local_feats_gather_time = 16.76 s, total_remote_feats_gather_time = 1067.28 s
2023-11-07 15:31:34,793 - INFO - Rank 0 | => cur_epoch 78 finished on rank 0
2023-11-07 15:31:50,152 - INFO - Rank 0 | Epoch: 78, Test Accuracy 0.8893955442256252
2023-11-07 15:31:50,246 - INFO - Rank 0 | n_sub_batches:37509
2023-11-07 15:32:06,593 - INFO - Rank 0 | Epoch miss rate ( miss_num/try_num ) for epoch 79 on rank 0: 27033284 / 61588276 = 0.43893555325367445
2023-11-07 15:32:06,594 - INFO - Rank 0 | Up to now, total_local_feats_gather_time = 16.971 s, total_remote_feats_gather_time = 1081.545 s
2023-11-07 15:32:06,595 - INFO - Rank 0 | => cur_epoch 79 finished on rank 0
2023-11-07 15:32:21,465 - INFO - Rank 0 | Epoch: 79, Test Accuracy 0.8909394467084358
2023-11-07 15:32:21,551 - INFO - Rank 0 | n_sub_batches:37509
2023-11-07 15:32:38,052 - INFO - Rank 0 | Epoch miss rate ( miss_num/try_num ) for epoch 80 on rank 0: 27373392 / 62361304 = 0.4389483581036086
2023-11-07 15:32:38,053 - INFO - Rank 0 | Up to now, total_local_feats_gather_time = 17.184 s, total_remote_feats_gather_time = 1095.929 s
2023-11-07 15:32:38,054 - INFO - Rank 0 | => cur_epoch 80 finished on rank 0
2023-11-07 15:32:52,983 - INFO - Rank 0 | Epoch: 80, Test Accuracy 0.8905265425560562
2023-11-07 15:32:53,073 - INFO - Rank 0 | n_sub_batches:37507
2023-11-07 15:33:09,307 - INFO - Rank 0 | Epoch miss rate ( miss_num/try_num ) for epoch 81 on rank 0: 27714588 / 63134793 = 0.43897487713312056
2023-11-07 15:33:09,308 - INFO - Rank 0 | Up to now, total_local_feats_gather_time = 17.39 s, total_remote_feats_gather_time = 1109.8500000000001 s
2023-11-07 15:33:09,308 - INFO - Rank 0 | => cur_epoch 81 finished on rank 0
2023-11-07 15:33:23,526 - INFO - Rank 0 | Epoch: 81, Test Accuracy 0.8911369226074
2023-11-07 15:33:23,613 - INFO - Rank 0 | n_sub_batches:37509
2023-11-07 15:33:39,530 - INFO - Rank 0 | Epoch miss rate ( miss_num/try_num ) for epoch 82 on rank 0: 28055204 / 63908479 = 0.43899032552472417
2023-11-07 15:33:39,531 - INFO - Rank 0 | Up to now, total_local_feats_gather_time = 17.601 s, total_remote_feats_gather_time = 1123.478 s
2023-11-07 15:33:39,532 - INFO - Rank 0 | => cur_epoch 82 finished on rank 0
2023-11-07 15:33:54,358 - INFO - Rank 0 | Epoch: 82, Test Accuracy 0.8916036838231334
2023-11-07 15:33:54,444 - INFO - Rank 0 | n_sub_batches:37509
2023-11-07 15:34:11,232 - INFO - Rank 0 | Epoch miss rate ( miss_num/try_num ) for epoch 83 on rank 0: 28395714 / 64681794 = 0.4390062835919486
2023-11-07 15:34:11,233 - INFO - Rank 0 | Up to now, total_local_feats_gather_time = 17.814 s, total_remote_feats_gather_time = 1137.318 s
2023-11-07 15:34:11,234 - INFO - Rank 0 | => cur_epoch 83 finished on rank 0
2023-11-07 15:34:25,199 - INFO - Rank 0 | Epoch: 83, Test Accuracy 0.8896468771879432
2023-11-07 15:34:25,291 - INFO - Rank 0 | n_sub_batches:37508
2023-11-07 15:34:41,686 - INFO - Rank 0 | Epoch miss rate ( miss_num/try_num ) for epoch 84 on rank 0: 28736382 / 65455549 = 0.4390213272827335
2023-11-07 15:34:41,688 - INFO - Rank 0 | Up to now, total_local_feats_gather_time = 18.026 s, total_remote_feats_gather_time = 1151.012 s
2023-11-07 15:34:41,688 - INFO - Rank 0 | => cur_epoch 84 finished on rank 0
2023-11-07 15:34:55,669 - INFO - Rank 0 | Epoch: 84, Test Accuracy 0.8912446367341077
2023-11-07 15:34:55,755 - INFO - Rank 0 | n_sub_batches:37508
2023-11-07 15:35:12,135 - INFO - Rank 0 | Epoch miss rate ( miss_num/try_num ) for epoch 85 on rank 0: 29076639 / 66229059 = 0.4390314378466407
2023-11-07 15:35:12,136 - INFO - Rank 0 | Up to now, total_local_feats_gather_time = 18.238 s, total_remote_feats_gather_time = 1164.436 s
2023-11-07 15:35:12,136 - INFO - Rank 0 | => cur_epoch 85 finished on rank 0
2023-11-07 15:35:25,990 - INFO - Rank 0 | Epoch: 85, Test Accuracy 0.890203400175933
2023-11-07 15:35:26,077 - INFO - Rank 0 | n_sub_batches:37508
2023-11-07 15:35:42,442 - INFO - Rank 0 | Epoch miss rate ( miss_num/try_num ) for epoch 86 on rank 0: 29418011 / 67002685 = 0.4390571959914741
2023-11-07 15:35:42,444 - INFO - Rank 0 | Up to now, total_local_feats_gather_time = 18.445 s, total_remote_feats_gather_time = 1177.541 s
2023-11-07 15:35:42,444 - INFO - Rank 0 | => cur_epoch 86 finished on rank 0
2023-11-07 15:35:57,439 - INFO - Rank 0 | Epoch: 86, Test Accuracy 0.8897186866057484
2023-11-07 15:35:57,534 - INFO - Rank 0 | n_sub_batches:37508
2023-11-07 15:36:13,795 - INFO - Rank 0 | Epoch miss rate ( miss_num/try_num ) for epoch 87 on rank 0: 29758778 / 67776599 = 0.4390715739513575
2023-11-07 15:36:13,797 - INFO - Rank 0 | Up to now, total_local_feats_gather_time = 18.657 s, total_remote_feats_gather_time = 1192.04 s
2023-11-07 15:36:13,797 - INFO - Rank 0 | => cur_epoch 87 finished on rank 0
2023-11-07 15:36:28,427 - INFO - Rank 0 | Epoch: 87, Test Accuracy 0.8901674954670306
2023-11-07 15:36:28,515 - INFO - Rank 0 | n_sub_batches:37507
2023-11-07 15:36:44,654 - INFO - Rank 0 | Epoch miss rate ( miss_num/try_num ) for epoch 88 on rank 0: 30099935 / 68550430 = 0.439091848147415
2023-11-07 15:36:44,656 - INFO - Rank 0 | Up to now, total_local_feats_gather_time = 18.862000000000002 s, total_remote_feats_gather_time = 1205.814 s
2023-11-07 15:36:44,656 - INFO - Rank 0 | => cur_epoch 88 finished on rank 0
2023-11-07 15:36:59,629 - INFO - Rank 0 | Epoch: 88, Test Accuracy 0.8894673536434303
2023-11-07 15:36:59,724 - INFO - Rank 0 | n_sub_batches:37507
2023-11-07 15:37:16,149 - INFO - Rank 0 | Epoch miss rate ( miss_num/try_num ) for epoch 89 on rank 0: 30440442 / 69323847 = 0.43910491580191735
2023-11-07 15:37:16,150 - INFO - Rank 0 | Up to now, total_local_feats_gather_time = 19.073 s, total_remote_feats_gather_time = 1220.013 s
2023-11-07 15:37:16,151 - INFO - Rank 0 | => cur_epoch 89 finished on rank 0
2023-11-07 15:37:30,973 - INFO - Rank 0 | Epoch: 89, Test Accuracy 0.8907958278728255
2023-11-07 15:37:31,061 - INFO - Rank 0 | n_sub_batches:37508
2023-11-07 15:37:47,667 - INFO - Rank 0 | Epoch miss rate ( miss_num/try_num ) for epoch 90 on rank 0: 30780914 / 70097229 = 0.4391174150407572
2023-11-07 15:37:47,668 - INFO - Rank 0 | Up to now, total_local_feats_gather_time = 19.276 s, total_remote_feats_gather_time = 1234.318 s
2023-11-07 15:37:47,668 - INFO - Rank 0 | => cur_epoch 90 finished on rank 0
2023-11-07 15:38:02,719 - INFO - Rank 0 | Epoch: 90, Test Accuracy 0.890634256682764
2023-11-07 15:38:02,807 - INFO - Rank 0 | n_sub_batches:37509
2023-11-07 15:38:19,884 - INFO - Rank 0 | Epoch miss rate ( miss_num/try_num ) for epoch 91 on rank 0: 31121104 / 70870849 = 0.43912418771785844
2023-11-07 15:38:19,886 - INFO - Rank 0 | Up to now, total_local_feats_gather_time = 19.488 s, total_remote_feats_gather_time = 1248.351 s
2023-11-07 15:38:19,886 - INFO - Rank 0 | => cur_epoch 91 finished on rank 0
2023-11-07 15:38:35,161 - INFO - Rank 0 | Epoch: 91, Test Accuracy 0.8908676372906307
2023-11-07 15:38:35,247 - INFO - Rank 0 | n_sub_batches:37509
2023-11-07 15:38:51,996 - INFO - Rank 0 | Epoch miss rate ( miss_num/try_num ) for epoch 92 on rank 0: 31462091 / 71644888 = 0.43913937027858846
2023-11-07 15:38:51,997 - INFO - Rank 0 | Up to now, total_local_feats_gather_time = 19.715 s, total_remote_feats_gather_time = 1262.878 s
2023-11-07 15:38:51,998 - INFO - Rank 0 | => cur_epoch 92 finished on rank 0
2023-11-07 15:39:07,156 - INFO - Rank 0 | Epoch: 92, Test Accuracy 0.8920883973933181
2023-11-07 15:39:07,243 - INFO - Rank 0 | n_sub_batches:37509
2023-11-07 15:39:23,678 - INFO - Rank 0 | Epoch miss rate ( miss_num/try_num ) for epoch 93 on rank 0: 31803153 / 72418750 = 0.4391563372745318
2023-11-07 15:39:23,680 - INFO - Rank 0 | Up to now, total_local_feats_gather_time = 19.925 s, total_remote_feats_gather_time = 1277.185 s
2023-11-07 15:39:23,680 - INFO - Rank 0 | => cur_epoch 93 finished on rank 0
2023-11-07 15:39:38,404 - INFO - Rank 0 | Epoch: 93, Test Accuracy 0.888695402402025
2023-11-07 15:39:38,493 - INFO - Rank 0 | n_sub_batches:37507
2023-11-07 15:39:54,775 - INFO - Rank 0 | Epoch miss rate ( miss_num/try_num ) for epoch 94 on rank 0: 32144480 / 73192783 = 0.43917554002557874
2023-11-07 15:39:54,779 - INFO - Rank 0 | Up to now, total_local_feats_gather_time = 20.133 s, total_remote_feats_gather_time = 1291.736 s
2023-11-07 15:39:54,779 - INFO - Rank 0 | => cur_epoch 94 finished on rank 0
2023-11-07 15:40:07,695 - INFO - Rank 0 | Epoch: 94, Test Accuracy 0.8912446367341077
2023-11-07 15:40:07,790 - INFO - Rank 0 | n_sub_batches:37509
2023-11-07 15:40:24,260 - INFO - Rank 0 | Epoch miss rate ( miss_num/try_num ) for epoch 95 on rank 0: 32485428 / 73966602 = 0.4391904876203452
2023-11-07 15:40:24,262 - INFO - Rank 0 | Up to now, total_local_feats_gather_time = 20.343 s, total_remote_feats_gather_time = 1304.876 s
2023-11-07 15:40:24,262 - INFO - Rank 0 | => cur_epoch 95 finished on rank 0
2023-11-07 15:40:36,563 - INFO - Rank 0 | Epoch: 95, Test Accuracy 0.8902393048848356
2023-11-07 15:40:36,651 - INFO - Rank 0 | n_sub_batches:37509
2023-11-07 15:40:54,150 - INFO - Rank 0 | Epoch miss rate ( miss_num/try_num ) for epoch 96 on rank 0: 32826073 / 74740689 = 0.43919949680956244
2023-11-07 15:40:54,151 - INFO - Rank 0 | Up to now, total_local_feats_gather_time = 20.549 s, total_remote_feats_gather_time = 1317.65 s
2023-11-07 15:40:54,152 - INFO - Rank 0 | => cur_epoch 96 finished on rank 0
2023-11-07 15:41:08,374 - INFO - Rank 0 | Epoch: 96, Test Accuracy 0.8907060661005691
2023-11-07 15:41:08,461 - INFO - Rank 0 | n_sub_batches:37508
2023-11-07 15:41:25,288 - INFO - Rank 0 | Epoch miss rate ( miss_num/try_num ) for epoch 97 on rank 0: 33167099 / 75514829 = 0.43921305840472735
2023-11-07 15:41:25,290 - INFO - Rank 0 | Up to now, total_local_feats_gather_time = 20.759 s, total_remote_feats_gather_time = 1331.762 s
2023-11-07 15:41:25,290 - INFO - Rank 0 | => cur_epoch 97 finished on rank 0
2023-11-07 15:41:40,884 - INFO - Rank 0 | Epoch: 97, Test Accuracy 0.8905265425560562
2023-11-07 15:41:40,972 - INFO - Rank 0 | n_sub_batches:37509
2023-11-07 15:41:56,914 - INFO - Rank 0 | Epoch miss rate ( miss_num/try_num ) for epoch 98 on rank 0: 33507455 / 76288563 = 0.439219899842654
2023-11-07 15:41:56,915 - INFO - Rank 0 | Up to now, total_local_feats_gather_time = 20.962 s, total_remote_feats_gather_time = 1347.128 s
2023-11-07 15:41:56,915 - INFO - Rank 0 | => cur_epoch 98 finished on rank 0
2023-11-07 15:42:10,822 - INFO - Rank 0 | Epoch: 98, Test Accuracy 0.8899700195680663
2023-11-07 15:42:10,909 - INFO - Rank 0 | n_sub_batches:37508
2023-11-07 15:42:27,277 - INFO - Rank 0 | Epoch miss rate ( miss_num/try_num ) for epoch 99 on rank 0: 33848717 / 77062453 = 0.4392374714570791
2023-11-07 15:42:27,279 - INFO - Rank 0 | Up to now, total_local_feats_gather_time = 21.164 s, total_remote_feats_gather_time = 1360.415 s
2023-11-07 15:42:27,279 - INFO - Rank 0 | => cur_epoch 99 finished on rank 0
2023-11-07 15:42:41,906 - INFO - Rank 0 | Epoch: 99, Test Accuracy 0.8902213525303844
