INFO Tue, 07 Mar 2023 14:21:06 dgl_default_sampling_simulate.py 246 : ngpus_per_trainer: 1
INFO Tue, 07 Mar 2023 14:21:06 dgl_default_sampling_simulate.py 38 : Total number of trainers: 4
INFO Tue, 07 Mar 2023 14:21:06 dgl_default_sampling_simulate.py 54 : Client Args: Namespace(dataset='./dist/repgnn_data/ogbn_arxiv128/', sampling='2-2-2-2-2-2-2-2-2-2-2-2-2-2-2-2-2-2-2-2-2-2-2-2-2-2-2-2-2-2-2-2-2-2-2-2-2-2-2-2-2-2-2-2-2-2-2-2-2-2-2-2-2-2-2-2-2-2-2-2-2-2-2-2-2-2-2-2-2-2-2-2-2-2-2-2-2-2-2-2-2-2-2-2-2-2-2-2-2-2-2-2-2-2-2-2-2-2-2-2-2-2-2-2-2-2-2-2-2-2-2', hidden_size=256, n_classes=60, batch_size=256, dropout=0.2, lr=0.03, weight_decay=0, model_name='deepergcn', epoch=1, num_worker=1, cache_size=0, seed=None, log=False, world_size=4, ngpus_per_node=1, featdim=128, mlp_layers=1, block='res+', conv='gen', gcn_aggr='max', norm='batch', t=1.0, p=1.0, y=0.0, learn_t=False, learn_p=False, learn_y=False, msg_norm=False, learn_msg_scale=False)
INFO Tue, 07 Mar 2023 14:21:06 dgl_default_sampling_simulate.py 67 : metis分图已经完成
INFO Tue, 07 Mar 2023 14:21:07 dgl_default_sampling_simulate.py 90 : fg_train_nid: 110072 ntrain_per_GPU: 27518
INFO Tue, 07 Mar 2023 14:21:07 dgl_default_sampling_simulate.py 90 : fg_train_nid: 110072 ntrain_per_GPU: 27518
INFO Tue, 07 Mar 2023 14:21:07 dgl_default_sampling_simulate.py 90 : fg_train_nid: 110072 ntrain_per_GPU: 27518
INFO Tue, 07 Mar 2023 14:21:07 dgl_default_sampling_simulate.py 90 : fg_train_nid: 110072 ntrain_per_GPU: 27518
INFO Tue, 07 Mar 2023 14:31:51 dgl_default_sampling_simulate.py 149 : => cur_epoch 0 finished on rank 3
INFO Tue, 07 Mar 2023 14:31:51 dgl_default_sampling_simulate.py 150 : ==================== | rank=3,epoch=0 采样node信息输出 | ====================
INFO Tue, 07 Mar 2023 14:31:51 dgl_default_sampling_simulate.py 151 : rank=3, number of training batches: 108
INFO Tue, 07 Mar 2023 14:31:51 dgl_default_sampling_simulate.py 152 : rank=3, the number of nodes for each tree spand by batch: [5544303, 5917833, 7060630, 5721556, 5501161, 6238893, 6105050, 5494671, 6118188, 6724340, 6084895, 6324007, 5725290, 6518039, 6543083, 6379554, 7105992, 7299030, 6226337, 7089060, 5411016, 6409327, 6379756, 5643356, 5886096, 5471129, 6689572, 6255875, 7127118, 4684801, 6182038, 6242881, 6236775, 6382486, 6814085, 5942157, 5427785, 6012285, 6158485, 5151079, 6008799, 5022656, 5661620, 5500698, 5702646, 6053572, 5871724, 6443184, 4995366, 5897294, 5851305, 6022164, 7312231, 6029925, 6131399, 6839787, 5764511, 6302845, 6885304, 6696926, 6141380, 6777952, 6667446, 6137031, 6078979, 5827393, 5020913, 6254011, 5429353, 6696802, 5930820, 6849535, 5680815, 5952859, 6340982, 6643680, 6700883, 5791596, 5602378, 5621373, 6118614, 5876710, 6876728, 6770714, 7100756, 5048705, 6073433, 6437846, 5703366, 6043919, 5696425, 5735542, 5894408, 6754585, 6837732, 4449020, 6284262, 6565428, 6826574, 5563891, 6128056, 5373160, 7068864, 6328650, 6662245, 6173245, 6684606, 6563355], total nodes: 663010990
INFO Tue, 07 Mar 2023 14:31:51 dgl_default_sampling_simulate.py 153 : rank=3, the number of nodes hits on other trainers: [267304111, 172445336, 92345133, 0]
INFO Tue, 07 Mar 2023 14:31:54 dgl_default_sampling_simulate.py 149 : => cur_epoch 0 finished on rank 1
INFO Tue, 07 Mar 2023 14:31:54 dgl_default_sampling_simulate.py 150 : ==================== | rank=1,epoch=0 采样node信息输出 | ====================
INFO Tue, 07 Mar 2023 14:31:54 dgl_default_sampling_simulate.py 151 : rank=1, number of training batches: 108
INFO Tue, 07 Mar 2023 14:31:54 dgl_default_sampling_simulate.py 152 : rank=1, the number of nodes for each tree spand by batch: [6529860, 7009397, 5033902, 5568813, 5466698, 5892530, 6166339, 5406609, 5956067, 5696960, 5803949, 5996477, 6068709, 5108439, 6509104, 6363710, 6219501, 6038111, 6507127, 5409070, 6174356, 6379049, 6324920, 4514813, 5422522, 6476858, 6378016, 5155042, 6352257, 5628064, 6115108, 6405932, 7227089, 5800639, 6027104, 6410068, 5848770, 6736815, 4830861, 6133765, 6549115, 5809476, 6116210, 4962253, 6585595, 6767464, 6453924, 6154256, 5318457, 5915254, 6324376, 5528905, 6311105, 6120171, 6046010, 6438936, 5694826, 5840546, 5850091, 5244194, 7313020, 6940746, 5735346, 5696065, 5521525, 7174796, 5565663, 6313800, 5939855, 5107463, 5560613, 6460994, 6174736, 5106508, 5758589, 5532508, 5862356, 6740698, 6311989, 5892681, 5964307, 5814489, 6597363, 5470323, 6288871, 6217085, 5695630, 6707752, 5826977, 5431412, 5712852, 5609997, 7062434, 6638744, 5212938, 5992664, 6604986, 5432108, 6221303, 6579249, 5865907, 5996383, 7256813, 5830551, 5895474, 5456766, 6280280, 4531972], total nodes: 648030165
INFO Tue, 07 Mar 2023 14:31:54 dgl_default_sampling_simulate.py 153 : rank=1, the number of nodes hits on other trainers: [262471850, 0, 89221206, 130352951]
INFO Tue, 07 Mar 2023 14:31:55 dgl_default_sampling_simulate.py 149 : => cur_epoch 0 finished on rank 0
INFO Tue, 07 Mar 2023 14:31:55 dgl_default_sampling_simulate.py 150 : ==================== | rank=0,epoch=0 采样node信息输出 | ====================
INFO Tue, 07 Mar 2023 14:31:55 dgl_default_sampling_simulate.py 151 : rank=0, number of training batches: 108
INFO Tue, 07 Mar 2023 14:31:55 dgl_default_sampling_simulate.py 152 : rank=0, the number of nodes for each tree spand by batch: [7129676, 6245793, 6983215, 6236549, 5167704, 6120639, 6483587, 6192470, 6033023, 5035348, 5874285, 7019514, 5919728, 5579090, 7054012, 6058602, 6516518, 5637834, 5552998, 6833411, 5445649, 6102122, 5212157, 5722176, 6018679, 7502889, 6048305, 6157334, 5030548, 5568369, 5452361, 6319932, 6594704, 5404908, 7089456, 6838618, 6486163, 5422656, 5273825, 6303539, 6901024, 6026138, 6037386, 6187452, 7380740, 5109841, 6030546, 4935250, 6233259, 6054154, 6630702, 6642257, 6375563, 6061586, 6713996, 6121222, 6307141, 5519721, 5938436, 5049392, 6115226, 6241195, 6031005, 6049579, 6428063, 6158824, 5601914, 6800272, 6025712, 6093398, 6396376, 5146953, 5935667, 6318061, 6514991, 5847621, 7203788, 6200295, 4841752, 7284562, 6445608, 5935634, 6112743, 6126289, 5239412, 6389277, 5794184, 5450523, 5697433, 6204501, 7501360, 6963274, 5754048, 5489122, 5588619, 5730452, 6399434, 5583153, 6436146, 7082683, 6184859, 5601776, 5565063, 6303436, 5567145, 6042026, 5928621, 5234153], total nodes: 657510420
INFO Tue, 07 Mar 2023 14:31:55 dgl_default_sampling_simulate.py 153 : rank=0, the number of nodes hits on other trainers: [0, 170776015, 91050644, 130839845]
INFO Tue, 07 Mar 2023 14:32:01 dgl_default_sampling_simulate.py 149 : => cur_epoch 0 finished on rank 2
INFO Tue, 07 Mar 2023 14:32:01 dgl_default_sampling_simulate.py 150 : ==================== | rank=2,epoch=0 采样node信息输出 | ====================
INFO Tue, 07 Mar 2023 14:32:01 dgl_default_sampling_simulate.py 151 : rank=2, number of training batches: 108
INFO Tue, 07 Mar 2023 14:32:01 dgl_default_sampling_simulate.py 152 : rank=2, the number of nodes for each tree spand by batch: [5983199, 5953408, 6127769, 5380916, 7230155, 6105631, 6445980, 6445229, 7154295, 4795276, 5812298, 6088506, 5727155, 5502488, 7107629, 5525307, 6798003, 5737618, 6098029, 6159014, 6134586, 6037114, 5533153, 6442735, 5919370, 5454830, 5859896, 5631710, 6095926, 6326019, 5735905, 5799901, 6225375, 6801790, 7167234, 6542197, 5672639, 6044458, 6374831, 5569035, 6019780, 6075904, 6198945, 6996774, 5457518, 5552893, 5711184, 5518242, 6210054, 5984355, 5528863, 7652100, 5683584, 6142697, 6298775, 5375343, 5364913, 6435615, 5947246, 5599583, 6528766, 6222915, 5527101, 5654912, 6810993, 6371335, 6417009, 5715444, 5520726, 5894678, 6785108, 5650676, 6857004, 6285750, 6283546, 6653631, 5522592, 5981873, 6133472, 6708709, 6627310, 5622533, 6565786, 4721413, 6112355, 7491278, 6207429, 6481999, 6110669, 5516464, 6750390, 6432446, 6297677, 6993690, 5228957, 6046727, 5554664, 6277873, 6331681, 6503247, 5533462, 6463143, 6209672, 6120872, 6024292, 6893041, 5796685, 5275966], total nodes: 659018938
INFO Tue, 07 Mar 2023 14:32:01 dgl_default_sampling_simulate.py 153 : rank=2, the number of nodes hits on other trainers: [267516717, 170842896, 0, 128896953]
