INFO Fri, 30 Dec 2022 17:51:29 dgl_jpgnn_sampling_simulate.py 218 : ngpus_per_trainer: 1
INFO Fri, 30 Dec 2022 17:51:29 dgl_jpgnn_sampling_simulate.py 38 : Total number of trainers: 4
INFO Fri, 30 Dec 2022 17:51:29 dgl_jpgnn_sampling_simulate.py 54 : Client Args: Namespace(dataset='./dist/repgnn_data/ogbn_arxiv128/', sampling='2-2-2', hidden_size=256, n_classes=60, batch_size=1000, dropout=0.2, lr=0.03, weight_decay=0, model_name='graphsage', epoch=1, num_worker=1, cache_size=0, seed=None, log=False, world_size=4, ngpus_per_node=1, featdim=128)
INFO Fri, 30 Dec 2022 17:51:29 dgl_jpgnn_sampling_simulate.py 67 : metis分图已经完成
INFO Fri, 30 Dec 2022 17:51:29 dgl_jpgnn_sampling_simulate.py 90 : fg_train_nid: 110072 ntrain_per_GPU: 27518
INFO Fri, 30 Dec 2022 17:51:29 dgl_jpgnn_sampling_simulate.py 90 : fg_train_nid: 110072 ntrain_per_GPU: 27518
INFO Fri, 30 Dec 2022 17:51:29 dgl_jpgnn_sampling_simulate.py 90 : fg_train_nid: 110072 ntrain_per_GPU: 27518
INFO Fri, 30 Dec 2022 17:51:29 dgl_jpgnn_sampling_simulate.py 90 : fg_train_nid: 110072 ntrain_per_GPU: 27518
INFO Fri, 30 Dec 2022 17:51:31 dgl_jpgnn_sampling_simulate.py 153 : => cur_epoch 0 finished on rank 3
INFO Fri, 30 Dec 2022 17:51:31 dgl_jpgnn_sampling_simulate.py 154 : ==================== | rank=3,epoch=0 采样node信息输出 | ====================
INFO Fri, 30 Dec 2022 17:51:31 dgl_jpgnn_sampling_simulate.py 155 : rank=3, number of training batches: 112
INFO Fri, 30 Dec 2022 17:51:31 dgl_jpgnn_sampling_simulate.py 156 : rank=3, the number of nodes for each tree spand by batch: [4908, 5141, 5021, 4919, 4679, 5330, 4978, 4707, 4524, 4273, 4541, 4685, 4444, 4567, 5918, 5722, 4970, 5131, 4684, 5016, 4931, 4948, 5467, 5431, 5257, 4592, 4942, 5103, 4441, 4999, 5483, 4962, 4561, 4706, 4825, 5037, 5256, 4882, 5002, 5263, 4872, 5209, 4679, 4574, 5232, 4769, 5201, 4595, 5326, 5257, 5132, 4968, 4646, 4531, 5301, 4906, 4760, 4980, 5339, 5517, 5344, 5161, 4597, 5066, 5476, 5949, 4652, 4500, 4513, 5024, 4709, 4237, 4249, 4588, 4511, 4886, 5522, 5009, 4331, 5150, 5306, 4666, 4879, 4775, 4805, 4983, 4804, 4618, 5263, 4941, 5474, 5052, 4437, 4147, 4376, 4697, 4891, 4659, 4729, 5027, 5045, 4645, 5181, 5474, 4686, 4854, 4485, 4884, 2392, 2888, 2441, 2414], total nodes: 541432
INFO Fri, 30 Dec 2022 17:51:31 dgl_jpgnn_sampling_simulate.py 157 : rank=3, the number of nodes hits on other trainers: [28221, 39125, 78719, 0]
INFO Fri, 30 Dec 2022 17:51:31 dgl_jpgnn_sampling_simulate.py 153 : => cur_epoch 0 finished on rank 1
INFO Fri, 30 Dec 2022 17:51:31 dgl_jpgnn_sampling_simulate.py 154 : ==================== | rank=1,epoch=0 采样node信息输出 | ====================
INFO Fri, 30 Dec 2022 17:51:31 dgl_jpgnn_sampling_simulate.py 155 : rank=1, number of training batches: 112
INFO Fri, 30 Dec 2022 17:51:31 dgl_jpgnn_sampling_simulate.py 156 : rank=1, the number of nodes for each tree spand by batch: [5319, 4344, 5007, 5142, 5621, 4459, 4733, 5626, 4877, 4827, 5077, 5201, 5651, 5319, 4765, 5441, 5363, 4717, 5275, 5550, 5040, 4637, 4928, 5446, 4377, 5035, 5069, 5035, 5049, 5062, 4900, 4700, 5233, 4932, 4732, 5886, 5101, 4772, 4698, 4477, 4995, 4776, 5183, 5489, 4933, 4318, 4812, 5015, 5084, 4876, 5121, 4313, 5286, 4886, 5522, 4975, 5557, 5456, 4692, 5080, 4795, 4510, 5127, 5032, 5077, 5089, 5128, 4759, 4711, 5290, 4261, 5300, 5069, 5236, 4595, 4454, 4582, 5156, 5375, 4358, 4606, 4953, 4571, 5179, 4489, 4747, 5135, 5135, 5268, 4937, 4476, 5414, 4647, 5802, 5150, 5239, 4959, 4716, 5558, 5469, 4812, 5074, 4913, 5423, 5272, 4353, 5849, 4865, 2811, 2554, 2269, 2688], total nodes: 551029
INFO Fri, 30 Dec 2022 17:51:31 dgl_jpgnn_sampling_simulate.py 157 : rank=1, the number of nodes hits on other trainers: [89943, 0, 57826, 51363]
INFO Fri, 30 Dec 2022 17:51:31 dgl_jpgnn_sampling_simulate.py 153 : => cur_epoch 0 finished on rank 2
INFO Fri, 30 Dec 2022 17:51:31 dgl_jpgnn_sampling_simulate.py 154 : ==================== | rank=2,epoch=0 采样node信息输出 | ====================
INFO Fri, 30 Dec 2022 17:51:31 dgl_jpgnn_sampling_simulate.py 155 : rank=2, number of training batches: 112
INFO Fri, 30 Dec 2022 17:51:31 dgl_jpgnn_sampling_simulate.py 156 : rank=2, the number of nodes for each tree spand by batch: [4155, 4372, 3802, 4592, 4444, 4479, 4734, 4820, 3910, 4184, 4828, 4564, 4371, 3966, 4573, 3873, 4297, 4017, 4133, 3981, 4392, 4091, 4240, 4621, 4882, 4827, 3855, 4867, 4686, 4323, 4706, 4327, 4111, 4087, 4184, 4279, 3994, 4063, 4237, 4615, 4449, 4875, 4510, 4119, 3982, 4114, 4510, 4160, 4084, 4483, 3617, 4541, 4255, 4793, 3803, 4251, 4238, 3860, 4277, 4400, 4028, 4611, 4381, 4013, 4047, 4005, 5157, 4623, 4329, 4164, 4562, 4525, 4550, 4694, 4523, 4238, 4286, 4703, 4699, 4233, 4247, 4878, 4626, 4316, 4467, 4461, 4464, 4657, 4515, 4288, 4519, 4409, 5259, 4489, 4628, 4593, 4590, 4116, 3889, 3624, 4504, 4125, 4388, 3883, 3746, 4232, 3780, 4627, 2417, 2466, 1999, 2583], total nodes: 478959
INFO Fri, 30 Dec 2022 17:51:31 dgl_jpgnn_sampling_simulate.py 157 : rank=2, the number of nodes hits on other trainers: [35521, 47604, 0, 70046]
INFO Fri, 30 Dec 2022 17:51:31 dgl_jpgnn_sampling_simulate.py 153 : => cur_epoch 0 finished on rank 0
INFO Fri, 30 Dec 2022 17:51:31 dgl_jpgnn_sampling_simulate.py 154 : ==================== | rank=0,epoch=0 采样node信息输出 | ====================
INFO Fri, 30 Dec 2022 17:51:31 dgl_jpgnn_sampling_simulate.py 155 : rank=0, number of training batches: 112
INFO Fri, 30 Dec 2022 17:51:31 dgl_jpgnn_sampling_simulate.py 156 : rank=0, the number of nodes for each tree spand by batch: [4763, 5393, 4785, 4565, 4473, 4643, 4795, 4317, 4864, 4945, 4305, 4642, 4994, 4843, 4661, 4588, 4071, 5015, 4766, 4896, 5451, 5114, 4673, 4329, 4292, 4380, 5013, 4642, 5349, 4404, 4170, 4460, 5191, 4588, 5139, 4602, 4419, 4268, 4883, 4057, 5523, 3960, 4163, 5299, 4580, 5767, 4624, 5364, 4476, 4490, 4501, 4917, 4631, 4712, 4473, 5168, 5139, 4887, 4724, 4805, 4577, 4779, 4530, 4544, 4401, 4718, 4364, 4694, 5297, 5145, 5285, 4535, 4478, 4511, 5631, 4931, 4825, 4795, 4793, 4398, 5317, 4533, 4587, 4205, 4950, 5185, 5564, 4546, 4522, 4962, 4543, 4518, 4399, 5330, 4839, 5381, 4526, 5266, 4501, 5029, 4264, 4332, 4910, 4652, 4769, 4290, 4734, 4390, 2583, 2602, 2895, 2521], total nodes: 522827
INFO Fri, 30 Dec 2022 17:51:31 dgl_jpgnn_sampling_simulate.py 157 : rank=0, the number of nodes hits on other trainers: [0, 59866, 5833, 4900]
