INFO Fri, 30 Dec 2022 20:12:24 dgl_jpgnn_sampling_simulate.py 218 : ngpus_per_trainer: 1
INFO Fri, 30 Dec 2022 20:12:24 dgl_jpgnn_sampling_simulate.py 38 : Total number of trainers: 8
INFO Fri, 30 Dec 2022 20:12:24 dgl_jpgnn_sampling_simulate.py 54 : Client Args: Namespace(dataset='./dist/repgnn_data/ogbn_arxiv128/', sampling='10-10-10', hidden_size=256, n_classes=60, batch_size=8000, dropout=0.2, lr=0.03, weight_decay=0, model_name='graphsage', epoch=1, num_worker=1, cache_size=0, seed=None, log=False, world_size=8, ngpus_per_node=1, featdim=128)
INFO Fri, 30 Dec 2022 20:14:12 dgl_jpgnn_sampling_simulate.py 67 : metis分图已经完成
INFO Fri, 30 Dec 2022 20:14:13 dgl_jpgnn_sampling_simulate.py 90 : fg_train_nid: 110072 ntrain_per_GPU: 13759
INFO Fri, 30 Dec 2022 20:14:13 dgl_jpgnn_sampling_simulate.py 90 : fg_train_nid: 110072 ntrain_per_GPU: 13759
INFO Fri, 30 Dec 2022 20:14:13 dgl_jpgnn_sampling_simulate.py 90 : fg_train_nid: 110072 ntrain_per_GPU: 13759
INFO Fri, 30 Dec 2022 20:14:13 dgl_jpgnn_sampling_simulate.py 90 : fg_train_nid: 110072 ntrain_per_GPU: 13759
INFO Fri, 30 Dec 2022 20:14:13 dgl_jpgnn_sampling_simulate.py 90 : fg_train_nid: 110072 ntrain_per_GPU: 13759
INFO Fri, 30 Dec 2022 20:14:13 dgl_jpgnn_sampling_simulate.py 90 : fg_train_nid: 110072 ntrain_per_GPU: 13759
INFO Fri, 30 Dec 2022 20:14:13 dgl_jpgnn_sampling_simulate.py 90 : fg_train_nid: 110072 ntrain_per_GPU: 13759
INFO Fri, 30 Dec 2022 20:14:13 dgl_jpgnn_sampling_simulate.py 90 : fg_train_nid: 110072 ntrain_per_GPU: 13759
INFO Fri, 30 Dec 2022 20:14:14 dgl_jpgnn_sampling_simulate.py 153 : => cur_epoch 0 finished on rank 5
INFO Fri, 30 Dec 2022 20:14:14 dgl_jpgnn_sampling_simulate.py 154 : ==================== | rank=5,epoch=0 采样node信息输出 | ====================
INFO Fri, 30 Dec 2022 20:14:14 dgl_jpgnn_sampling_simulate.py 155 : rank=5, number of training batches: 16
INFO Fri, 30 Dec 2022 20:14:14 dgl_jpgnn_sampling_simulate.py 156 : rank=5, the number of nodes for each tree spand by batch: [46010, 48490, 44896, 47577, 45539, 43353, 46907, 46085, 41943, 35066, 35041, 37560, 37173, 34801, 34276, 34136], total nodes: 658853
INFO Fri, 30 Dec 2022 20:14:14 dgl_jpgnn_sampling_simulate.py 157 : rank=5, the number of nodes hits on other trainers: [59640, 59809, 51890, 53501, 83207, 0, 73140, 77930]
INFO Fri, 30 Dec 2022 20:14:14 dgl_jpgnn_sampling_simulate.py 153 : => cur_epoch 0 finished on rank 4
INFO Fri, 30 Dec 2022 20:14:14 dgl_jpgnn_sampling_simulate.py 154 : ==================== | rank=4,epoch=0 采样node信息输出 | ====================
INFO Fri, 30 Dec 2022 20:14:14 dgl_jpgnn_sampling_simulate.py 155 : rank=4, number of training batches: 16
INFO Fri, 30 Dec 2022 20:14:14 dgl_jpgnn_sampling_simulate.py 156 : rank=4, the number of nodes for each tree spand by batch: [40793, 43668, 41928, 40456, 43762, 47325, 41065, 44313, 31416, 35851, 37355, 29115, 33592, 30546, 32841, 32030], total nodes: 606056
INFO Fri, 30 Dec 2022 20:14:14 dgl_jpgnn_sampling_simulate.py 157 : rank=4, the number of nodes hits on other trainers: [39445, 47019, 41687, 45450, 0, 84978, 65461, 62500]
INFO Fri, 30 Dec 2022 20:14:14 dgl_jpgnn_sampling_simulate.py 153 : => cur_epoch 0 finished on rank 7
INFO Fri, 30 Dec 2022 20:14:14 dgl_jpgnn_sampling_simulate.py 154 : ==================== | rank=7,epoch=0 采样node信息输出 | ====================
INFO Fri, 30 Dec 2022 20:14:14 dgl_jpgnn_sampling_simulate.py 155 : rank=7, number of training batches: 16
INFO Fri, 30 Dec 2022 20:14:14 dgl_jpgnn_sampling_simulate.py 156 : rank=7, the number of nodes for each tree spand by batch: [50243, 48395, 56914, 57767, 55475, 49906, 54902, 52914, 40367, 37102, 42999, 41626, 43855, 42137, 44281, 39355], total nodes: 758238
INFO Fri, 30 Dec 2022 20:14:14 dgl_jpgnn_sampling_simulate.py 157 : rank=7, the number of nodes hits on other trainers: [52284, 60030, 53377, 49301, 61422, 62695, 148731, 0]
INFO Fri, 30 Dec 2022 20:14:14 dgl_jpgnn_sampling_simulate.py 153 : => cur_epoch 0 finished on rank 6
INFO Fri, 30 Dec 2022 20:14:14 dgl_jpgnn_sampling_simulate.py 154 : ==================== | rank=6,epoch=0 采样node信息输出 | ====================
INFO Fri, 30 Dec 2022 20:14:14 dgl_jpgnn_sampling_simulate.py 155 : rank=6, number of training batches: 16
INFO Fri, 30 Dec 2022 20:14:14 dgl_jpgnn_sampling_simulate.py 156 : rank=6, the number of nodes for each tree spand by batch: [50357, 48226, 44502, 44440, 50137, 50989, 54310, 48002, 34157, 39432, 37189, 38901, 36397, 35755, 37057, 42032], total nodes: 691883
INFO Fri, 30 Dec 2022 20:14:14 dgl_jpgnn_sampling_simulate.py 157 : rank=6, the number of nodes hits on other trainers: [51050, 73894, 53380, 51586, 66779, 53616, 0, 88167]
INFO Fri, 30 Dec 2022 20:14:14 dgl_jpgnn_sampling_simulate.py 153 : => cur_epoch 0 finished on rank 1
INFO Fri, 30 Dec 2022 20:14:14 dgl_jpgnn_sampling_simulate.py 154 : ==================== | rank=1,epoch=0 采样node信息输出 | ====================
INFO Fri, 30 Dec 2022 20:14:14 dgl_jpgnn_sampling_simulate.py 155 : rank=1, number of training batches: 16
INFO Fri, 30 Dec 2022 20:14:14 dgl_jpgnn_sampling_simulate.py 156 : rank=1, the number of nodes for each tree spand by batch: [54059, 52834, 54297, 52567, 54995, 51410, 48077, 50666, 44349, 43726, 42715, 44788, 41164, 44366, 44700, 44917], total nodes: 769630
INFO Fri, 30 Dec 2022 20:14:14 dgl_jpgnn_sampling_simulate.py 157 : rank=1, the number of nodes hits on other trainers: [232165, 0, 54762, 86494, 9192, 7991, 8926, 5557]
INFO Fri, 30 Dec 2022 20:14:14 dgl_jpgnn_sampling_simulate.py 153 : => cur_epoch 0 finished on rank 0
INFO Fri, 30 Dec 2022 20:14:14 dgl_jpgnn_sampling_simulate.py 154 : ==================== | rank=0,epoch=0 采样node信息输出 | ====================
INFO Fri, 30 Dec 2022 20:14:14 dgl_jpgnn_sampling_simulate.py 155 : rank=0, number of training batches: 16
INFO Fri, 30 Dec 2022 20:14:14 dgl_jpgnn_sampling_simulate.py 156 : rank=0, the number of nodes for each tree spand by batch: [49998, 50995, 52950, 47996, 47787, 50085, 47373, 48197, 41824, 39380, 40418, 40949, 40580, 40693, 42208, 40142], total nodes: 721575
INFO Fri, 30 Dec 2022 20:14:14 dgl_jpgnn_sampling_simulate.py 157 : rank=0, the number of nodes hits on other trainers: [0, 160356, 42337, 80885, 5467, 4976, 8330, 5039]
INFO Fri, 30 Dec 2022 20:14:14 dgl_jpgnn_sampling_simulate.py 153 : => cur_epoch 0 finished on rank 3
INFO Fri, 30 Dec 2022 20:14:14 dgl_jpgnn_sampling_simulate.py 154 : ==================== | rank=3,epoch=0 采样node信息输出 | ====================
INFO Fri, 30 Dec 2022 20:14:14 dgl_jpgnn_sampling_simulate.py 155 : rank=3, number of training batches: 16
INFO Fri, 30 Dec 2022 20:14:14 dgl_jpgnn_sampling_simulate.py 156 : rank=3, the number of nodes for each tree spand by batch: [55447, 55374, 50265, 57101, 57716, 55628, 60188, 57036, 44337, 50117, 38083, 50290, 47418, 48828, 45395, 48286], total nodes: 821509
INFO Fri, 30 Dec 2022 20:14:14 dgl_jpgnn_sampling_simulate.py 157 : rank=3, the number of nodes hits on other trainers: [97391, 193670, 84409, 0, 33346, 33389, 30909, 29363]
INFO Fri, 30 Dec 2022 20:14:14 dgl_jpgnn_sampling_simulate.py 153 : => cur_epoch 0 finished on rank 2
INFO Fri, 30 Dec 2022 20:14:14 dgl_jpgnn_sampling_simulate.py 154 : ==================== | rank=2,epoch=0 采样node信息输出 | ====================
INFO Fri, 30 Dec 2022 20:14:14 dgl_jpgnn_sampling_simulate.py 155 : rank=2, number of training batches: 16
INFO Fri, 30 Dec 2022 20:14:14 dgl_jpgnn_sampling_simulate.py 156 : rank=2, the number of nodes for each tree spand by batch: [62743, 62945, 58574, 61073, 59100, 58040, 60791, 65721, 50669, 49486, 44329, 42227, 50080, 51843, 49336, 52604], total nodes: 879561
INFO Fri, 30 Dec 2022 20:14:14 dgl_jpgnn_sampling_simulate.py 157 : rank=2, the number of nodes hits on other trainers: [82868, 90715, 0, 101176, 83149, 86474, 79223, 84130]
