2023-03-16 11:02:48,257 - INFO - Rank 0 | Client Args: Namespace(dataset='./dist/repgnn_data/ogbn_products0/', num_gpu=1, sampling='10-10', hidden_size=256, n_classes=60, batch_size=8000, dropout=0.2, lr=0.03, weight_decay=0, model_name='gcn', epoch=1, num_worker=1, cache_size=0, ckpt_path='/dev/shm', seed=None, log=True, dist_url='tcp://10.214.242.140:23456', world_size=2, rank=0, gpu=0, grpc_port='10.214.242.140:18110', distributed=True)
2023-03-16 11:02:49,024 - INFO - Rank 0 | Added key: store_based_barrier_key:1 to store for rank: 0
2023-03-16 11:02:49,024 - INFO - Rank 0 | Rank 0: Completed store-based barrier for key:store_based_barrier_key:1 with 2 nodes.
2023-03-16 11:02:49,025 - INFO - Rank 0 | Using 2 distributed GPUs in total for training...
2023-03-16 11:03:04,208 - INFO - Rank 0 | n_sub_batches:796102
2023-03-16 11:03:25,693 - INFO - Rank 0 | rank: 0 sub_batch backward done.
2023-03-16 11:03:28,039 - INFO - Rank 0 | Reducer buckets have been rebuilt in this iteration.
2023-03-16 11:03:28,686 - INFO - Rank 0 | rank: 0 sub_batch backward done.
2023-03-16 11:03:31,691 - INFO - Rank 0 | rank: 0 sub_batch backward done.
2023-03-16 11:03:34,605 - INFO - Rank 0 | rank: 0 sub_batch backward done.
2023-03-16 11:03:37,464 - INFO - Rank 0 | rank: 0 sub_batch backward done.
2023-03-16 11:03:40,438 - INFO - Rank 0 | rank: 0 sub_batch backward done.
2023-03-16 11:03:43,568 - INFO - Rank 0 | rank: 0 sub_batch backward done.
2023-03-16 11:03:46,657 - INFO - Rank 0 | rank: 0 sub_batch backward done.
2023-03-16 11:03:49,730 - INFO - Rank 0 | rank: 0 sub_batch backward done.
2023-03-16 11:03:52,746 - INFO - Rank 0 | rank: 0 sub_batch backward done.
2023-03-16 11:03:55,750 - INFO - Rank 0 | rank: 0 sub_batch backward done.
2023-03-16 11:03:58,811 - INFO - Rank 0 | rank: 0 sub_batch backward done.
2023-03-16 11:04:01,720 - INFO - Rank 0 | rank: 0 sub_batch backward done.
2023-03-16 11:04:04,691 - INFO - Rank 0 | rank: 0 sub_batch backward done.
2023-03-16 11:04:07,676 - INFO - Rank 0 | rank: 0 sub_batch backward done.
2023-03-16 11:04:10,661 - INFO - Rank 0 | rank: 0 sub_batch backward done.
2023-03-16 11:04:13,642 - INFO - Rank 0 | rank: 0 sub_batch backward done.
2023-03-16 11:04:16,655 - INFO - Rank 0 | rank: 0 sub_batch backward done.
2023-03-16 11:04:19,598 - INFO - Rank 0 | rank: 0 sub_batch backward done.
2023-03-16 11:04:22,592 - INFO - Rank 0 | rank: 0 sub_batch backward done.
2023-03-16 11:04:25,508 - INFO - Rank 0 | rank: 0 sub_batch backward done.
2023-03-16 11:04:28,454 - INFO - Rank 0 | rank: 0 sub_batch backward done.
2023-03-16 11:04:31,546 - INFO - Rank 0 | rank: 0 sub_batch backward done.
2023-03-16 11:04:34,613 - INFO - Rank 0 | rank: 0 sub_batch backward done.
2023-03-16 11:04:37,675 - INFO - Rank 0 | rank: 0 sub_batch backward done.
2023-03-16 11:04:40,659 - INFO - Rank 0 | rank: 0 sub_batch backward done.
2023-03-16 11:04:43,587 - INFO - Rank 0 | rank: 0 sub_batch backward done.
2023-03-16 11:04:46,608 - INFO - Rank 0 | rank: 0 sub_batch backward done.
2023-03-16 11:04:49,590 - INFO - Rank 0 | rank: 0 sub_batch backward done.
2023-03-16 11:04:52,468 - INFO - Rank 0 | rank: 0 sub_batch backward done.
2023-03-16 11:04:55,279 - INFO - Rank 0 | rank: 0 sub_batch backward done.
2023-03-16 11:04:58,135 - INFO - Rank 0 | rank: 0 sub_batch backward done.
2023-03-16 11:05:00,923 - INFO - Rank 0 | rank: 0 sub_batch backward done.
2023-03-16 11:05:03,823 - INFO - Rank 0 | rank: 0 sub_batch backward done.
2023-03-16 11:05:06,655 - INFO - Rank 0 | rank: 0 sub_batch backward done.
2023-03-16 11:05:09,616 - INFO - Rank 0 | rank: 0 sub_batch backward done.
2023-03-16 11:05:12,514 - INFO - Rank 0 | rank: 0 sub_batch backward done.
2023-03-16 11:05:15,317 - INFO - Rank 0 | rank: 0 sub_batch backward done.
2023-03-16 11:05:18,150 - INFO - Rank 0 | rank: 0 sub_batch backward done.
2023-03-16 11:05:20,877 - INFO - Rank 0 | rank: 0 sub_batch backward done.
2023-03-16 11:05:23,534 - INFO - Rank 0 | rank: 0 sub_batch backward done.
2023-03-16 11:05:26,211 - INFO - Rank 0 | rank: 0 sub_batch backward done.
2023-03-16 11:05:28,866 - INFO - Rank 0 | rank: 0 sub_batch backward done.
2023-03-16 11:05:31,540 - INFO - Rank 0 | rank: 0 sub_batch backward done.
2023-03-16 11:05:34,289 - INFO - Rank 0 | rank: 0 sub_batch backward done.
2023-03-16 11:05:37,122 - INFO - Rank 0 | rank: 0 sub_batch backward done.
2023-03-16 11:05:39,855 - INFO - Rank 0 | rank: 0 sub_batch backward done.
2023-03-16 11:05:42,544 - INFO - Rank 0 | rank: 0 sub_batch backward done.
2023-03-16 11:05:45,183 - INFO - Rank 0 | rank: 0 sub_batch backward done.
2023-03-16 11:05:48,067 - INFO - Rank 0 | rank: 0 sub_batch backward done.
2023-03-16 11:05:50,812 - INFO - Rank 0 | rank: 0 sub_batch backward done.
2023-03-16 11:05:53,425 - INFO - Rank 0 | rank: 0 sub_batch backward done.
2023-03-16 11:05:56,119 - INFO - Rank 0 | rank: 0 sub_batch backward done.
2023-03-16 11:05:58,654 - INFO - Rank 0 | rank: 0 sub_batch backward done.
2023-03-16 11:06:01,250 - INFO - Rank 0 | rank: 0 sub_batch backward done.
2023-03-16 11:06:03,909 - INFO - Rank 0 | rank: 0 sub_batch backward done.
2023-03-16 11:06:06,602 - INFO - Rank 0 | rank: 0 sub_batch backward done.
2023-03-16 11:06:09,218 - INFO - Rank 0 | rank: 0 sub_batch backward done.
2023-03-16 11:06:11,756 - INFO - Rank 0 | rank: 0 sub_batch backward done.
2023-03-16 11:06:14,336 - INFO - Rank 0 | rank: 0 sub_batch backward done.
2023-03-16 11:06:17,276 - INFO - Rank 0 | rank: 0 sub_batch backward done.
2023-03-16 11:06:20,167 - INFO - Rank 0 | rank: 0 sub_batch backward done.
2023-03-16 11:06:22,769 - INFO - Rank 0 | rank: 0 sub_batch backward done.
2023-03-16 11:06:25,341 - INFO - Rank 0 | rank: 0 sub_batch backward done.
2023-03-16 11:06:27,963 - INFO - Rank 0 | rank: 0 sub_batch backward done.
2023-03-16 11:06:30,501 - INFO - Rank 0 | rank: 0 sub_batch backward done.
2023-03-16 11:06:33,081 - INFO - Rank 0 | rank: 0 sub_batch backward done.
2023-03-16 11:06:35,667 - INFO - Rank 0 | rank: 0 sub_batch backward done.
2023-03-16 11:06:38,316 - INFO - Rank 0 | rank: 0 sub_batch backward done.
2023-03-16 11:06:40,892 - INFO - Rank 0 | rank: 0 sub_batch backward done.
2023-03-16 11:06:43,534 - INFO - Rank 0 | rank: 0 sub_batch backward done.
2023-03-16 11:06:46,342 - INFO - Rank 0 | rank: 0 sub_batch backward done.
2023-03-16 11:06:48,965 - INFO - Rank 0 | rank: 0 sub_batch backward done.
2023-03-16 11:06:51,768 - INFO - Rank 0 | rank: 0 sub_batch backward done.
2023-03-16 11:06:54,449 - INFO - Rank 0 | rank: 0 sub_batch backward done.
2023-03-16 11:06:57,142 - INFO - Rank 0 | rank: 0 sub_batch backward done.
2023-03-16 11:06:59,810 - INFO - Rank 0 | rank: 0 sub_batch backward done.
2023-03-16 11:07:02,479 - INFO - Rank 0 | rank: 0 sub_batch backward done.
2023-03-16 11:07:05,108 - INFO - Rank 0 | rank: 0 sub_batch backward done.
2023-03-16 11:07:07,777 - INFO - Rank 0 | rank: 0 sub_batch backward done.
2023-03-16 11:07:10,421 - INFO - Rank 0 | rank: 0 sub_batch backward done.
2023-03-16 11:07:13,058 - INFO - Rank 0 | rank: 0 sub_batch backward done.
2023-03-16 11:07:15,605 - INFO - Rank 0 | rank: 0 sub_batch backward done.
2023-03-16 11:07:18,192 - INFO - Rank 0 | rank: 0 sub_batch backward done.
2023-03-16 11:07:21,009 - INFO - Rank 0 | rank: 0 sub_batch backward done.
2023-03-16 11:07:23,602 - INFO - Rank 0 | rank: 0 sub_batch backward done.
2023-03-16 11:07:26,242 - INFO - Rank 0 | rank: 0 sub_batch backward done.
2023-03-16 11:07:28,851 - INFO - Rank 0 | rank: 0 sub_batch backward done.
2023-03-16 11:07:31,491 - INFO - Rank 0 | rank: 0 sub_batch backward done.
2023-03-16 11:07:34,281 - INFO - Rank 0 | rank: 0 sub_batch backward done.
2023-03-16 11:07:37,247 - INFO - Rank 0 | rank: 0 sub_batch backward done.
2023-03-16 11:07:40,313 - INFO - Rank 0 | rank: 0 sub_batch backward done.
2023-03-16 11:07:43,393 - INFO - Rank 0 | rank: 0 sub_batch backward done.
2023-03-16 11:07:46,340 - INFO - Rank 0 | rank: 0 sub_batch backward done.
2023-03-16 11:07:49,093 - INFO - Rank 0 | rank: 0 sub_batch backward done.
2023-03-16 11:07:51,839 - INFO - Rank 0 | rank: 0 sub_batch backward done.
2023-03-16 11:07:54,450 - INFO - Rank 0 | rank: 0 sub_batch backward done.
2023-03-16 11:07:57,422 - INFO - Rank 0 | rank: 0 sub_batch backward done.
2023-03-16 11:08:00,375 - INFO - Rank 0 | rank: 0 sub_batch backward done.
2023-03-16 11:08:03,490 - INFO - Rank 0 | rank: 0 sub_batch backward done.
2023-03-16 11:08:06,510 - INFO - Rank 0 | rank: 0 sub_batch backward done.
2023-03-16 11:08:09,309 - INFO - Rank 0 | rank: 0 sub_batch backward done.
2023-03-16 11:08:11,996 - INFO - Rank 0 | rank: 0 sub_batch backward done.
2023-03-16 11:08:14,677 - INFO - Rank 0 | rank: 0 sub_batch backward done.
2023-03-16 11:08:17,400 - INFO - Rank 0 | rank: 0 sub_batch backward done.
2023-03-16 11:08:20,046 - INFO - Rank 0 | rank: 0 sub_batch backward done.
2023-03-16 11:08:22,665 - INFO - Rank 0 | rank: 0 sub_batch backward done.
2023-03-16 11:08:25,373 - INFO - Rank 0 | rank: 0 sub_batch backward done.
2023-03-16 11:08:28,279 - INFO - Rank 0 | rank: 0 sub_batch backward done.
2023-03-16 11:08:31,325 - INFO - Rank 0 | rank: 0 sub_batch backward done.
2023-03-16 11:08:34,277 - INFO - Rank 0 | rank: 0 sub_batch backward done.
2023-03-16 11:08:37,224 - INFO - Rank 0 | rank: 0 sub_batch backward done.
2023-03-16 11:08:40,216 - INFO - Rank 0 | rank: 0 sub_batch backward done.
2023-03-16 11:08:43,194 - INFO - Rank 0 | rank: 0 sub_batch backward done.
2023-03-16 11:08:46,184 - INFO - Rank 0 | rank: 0 sub_batch backward done.
2023-03-16 11:08:48,926 - INFO - Rank 0 | rank: 0 sub_batch backward done.
2023-03-16 11:08:51,764 - INFO - Rank 0 | rank: 0 sub_batch backward done.
2023-03-16 11:08:54,528 - INFO - Rank 0 | rank: 0 sub_batch backward done.
2023-03-16 11:08:57,290 - INFO - Rank 0 | rank: 0 sub_batch backward done.
2023-03-16 11:09:00,036 - INFO - Rank 0 | rank: 0 sub_batch backward done.
2023-03-16 11:09:02,764 - INFO - Rank 0 | rank: 0 sub_batch backward done.
2023-03-16 11:09:05,431 - INFO - Rank 0 | rank: 0 sub_batch backward done.
2023-03-16 11:09:08,283 - INFO - Rank 0 | rank: 0 sub_batch backward done.
2023-03-16 11:09:11,409 - INFO - Rank 0 | rank: 0 sub_batch backward done.
2023-03-16 11:09:14,249 - INFO - Rank 0 | rank: 0 sub_batch backward done.
2023-03-16 11:09:16,988 - INFO - Rank 0 | rank: 0 sub_batch backward done.
2023-03-16 11:09:19,823 - INFO - Rank 0 | rank: 0 sub_batch backward done.
2023-03-16 11:09:22,496 - INFO - Rank 0 | rank: 0 sub_batch backward done.
2023-03-16 11:09:25,210 - INFO - Rank 0 | rank: 0 sub_batch backward done.
2023-03-16 11:09:27,926 - INFO - Rank 0 | rank: 0 sub_batch backward done.
2023-03-16 11:09:30,604 - INFO - Rank 0 | rank: 0 sub_batch backward done.
2023-03-16 11:09:33,347 - INFO - Rank 0 | rank: 0 sub_batch backward done.
2023-03-16 11:09:36,000 - INFO - Rank 0 | rank: 0 sub_batch backward done.
2023-03-16 11:09:38,743 - INFO - Rank 0 | rank: 0 sub_batch backward done.
2023-03-16 11:09:41,629 - INFO - Rank 0 | rank: 0 sub_batch backward done.
2023-03-16 11:09:44,277 - INFO - Rank 0 | rank: 0 sub_batch backward done.
2023-03-16 11:09:47,085 - INFO - Rank 0 | rank: 0 sub_batch backward done.
2023-03-16 11:09:49,696 - INFO - Rank 0 | rank: 0 sub_batch backward done.
2023-03-16 11:09:52,413 - INFO - Rank 0 | rank: 0 sub_batch backward done.
2023-03-16 11:09:55,151 - INFO - Rank 0 | rank: 0 sub_batch backward done.
2023-03-16 11:09:57,801 - INFO - Rank 0 | rank: 0 sub_batch backward done.
2023-03-16 11:10:00,495 - INFO - Rank 0 | rank: 0 sub_batch backward done.
2023-03-16 11:10:03,192 - INFO - Rank 0 | rank: 0 sub_batch backward done.
2023-03-16 11:10:06,033 - INFO - Rank 0 | rank: 0 sub_batch backward done.
2023-03-16 11:10:09,141 - INFO - Rank 0 | rank: 0 sub_batch backward done.
2023-03-16 11:10:12,199 - INFO - Rank 0 | rank: 0 sub_batch backward done.
2023-03-16 11:10:15,385 - INFO - Rank 0 | rank: 0 sub_batch backward done.
2023-03-16 11:10:18,377 - INFO - Rank 0 | rank: 0 sub_batch backward done.
2023-03-16 11:10:21,454 - INFO - Rank 0 | rank: 0 sub_batch backward done.
2023-03-16 11:10:24,172 - INFO - Rank 0 | rank: 0 sub_batch backward done.
2023-03-16 11:10:26,971 - INFO - Rank 0 | rank: 0 sub_batch backward done.
2023-03-16 11:10:29,765 - INFO - Rank 0 | rank: 0 sub_batch backward done.
2023-03-16 11:10:32,560 - INFO - Rank 0 | rank: 0 sub_batch backward done.
2023-03-16 11:10:35,174 - INFO - Rank 0 | rank: 0 sub_batch backward done.
2023-03-16 11:10:37,834 - INFO - Rank 0 | rank: 0 sub_batch backward done.
2023-03-16 11:10:40,453 - INFO - Rank 0 | rank: 0 sub_batch backward done.
2023-03-16 11:10:43,227 - INFO - Rank 0 | rank: 0 sub_batch backward done.
2023-03-16 11:10:45,966 - INFO - Rank 0 | rank: 0 sub_batch backward done.
2023-03-16 11:10:48,732 - INFO - Rank 0 | rank: 0 sub_batch backward done.
2023-03-16 11:10:51,370 - INFO - Rank 0 | rank: 0 sub_batch backward done.
2023-03-16 11:10:53,995 - INFO - Rank 0 | rank: 0 sub_batch backward done.
2023-03-16 11:10:56,859 - INFO - Rank 0 | rank: 0 sub_batch backward done.
2023-03-16 11:10:59,582 - INFO - Rank 0 | rank: 0 sub_batch backward done.
2023-03-16 11:11:02,214 - INFO - Rank 0 | rank: 0 sub_batch backward done.
2023-03-16 11:11:04,952 - INFO - Rank 0 | rank: 0 sub_batch backward done.
2023-03-16 11:11:07,604 - INFO - Rank 0 | rank: 0 sub_batch backward done.
2023-03-16 11:11:10,260 - INFO - Rank 0 | rank: 0 sub_batch backward done.
2023-03-16 11:11:12,955 - INFO - Rank 0 | rank: 0 sub_batch backward done.
2023-03-16 11:11:15,617 - INFO - Rank 0 | rank: 0 sub_batch backward done.
2023-03-16 11:11:18,366 - INFO - Rank 0 | rank: 0 sub_batch backward done.
2023-03-16 11:11:21,026 - INFO - Rank 0 | rank: 0 sub_batch backward done.
2023-03-16 11:11:23,686 - INFO - Rank 0 | rank: 0 sub_batch backward done.
2023-03-16 11:11:26,390 - INFO - Rank 0 | rank: 0 sub_batch backward done.
2023-03-16 11:11:29,038 - INFO - Rank 0 | rank: 0 sub_batch backward done.
2023-03-16 11:11:31,712 - INFO - Rank 0 | rank: 0 sub_batch backward done.
2023-03-16 11:11:34,497 - INFO - Rank 0 | rank: 0 sub_batch backward done.
2023-03-16 11:11:37,152 - INFO - Rank 0 | rank: 0 sub_batch backward done.
2023-03-16 11:11:39,807 - INFO - Rank 0 | rank: 0 sub_batch backward done.
2023-03-16 11:11:42,446 - INFO - Rank 0 | rank: 0 sub_batch backward done.
2023-03-16 11:11:45,174 - INFO - Rank 0 | rank: 0 sub_batch backward done.
2023-03-16 11:11:47,831 - INFO - Rank 0 | rank: 0 sub_batch backward done.
2023-03-16 11:11:50,486 - INFO - Rank 0 | rank: 0 sub_batch backward done.
2023-03-16 11:11:53,154 - INFO - Rank 0 | rank: 0 sub_batch backward done.
2023-03-16 11:11:55,855 - INFO - Rank 0 | rank: 0 sub_batch backward done.
2023-03-16 11:11:58,484 - INFO - Rank 0 | rank: 0 sub_batch backward done.
2023-03-16 11:12:01,102 - INFO - Rank 0 | rank: 0 sub_batch backward done.
2023-03-16 11:12:03,822 - INFO - Rank 0 | rank: 0 sub_batch backward done.
2023-03-16 11:12:06,459 - INFO - Rank 0 | rank: 0 sub_batch backward done.
2023-03-16 11:12:09,260 - INFO - Rank 0 | rank: 0 sub_batch backward done.
2023-03-16 11:12:11,841 - INFO - Rank 0 | rank: 0 sub_batch backward done.
2023-03-16 11:12:14,519 - INFO - Rank 0 | rank: 0 sub_batch backward done.
2023-03-16 11:12:17,211 - INFO - Rank 0 | rank: 0 sub_batch backward done.
2023-03-16 11:12:20,360 - INFO - Rank 0 | rank: 0 sub_batch backward done.
2023-03-16 11:12:23,383 - INFO - Rank 0 | rank: 0 sub_batch backward done.
2023-03-16 11:12:26,462 - INFO - Rank 0 | rank: 0 sub_batch backward done.
2023-03-16 11:12:29,553 - INFO - Rank 0 | rank: 0 sub_batch backward done.
2023-03-16 11:12:32,608 - INFO - Rank 0 | rank: 0 sub_batch backward done.
2023-03-16 11:12:35,628 - INFO - Rank 0 | rank: 0 sub_batch backward done.
2023-03-16 11:12:37,895 - INFO - Rank 0 | rank: 0 sub_batch backward done.
2023-03-16 11:12:39,495 - INFO - Rank 0 | rank: 0 sub_batch backward done.
2023-03-16 11:14:14,292 - INFO - Rank 0 | -------------------------------------------------------  ------------  ------------  ------------  ------------  ------------  ------------  ------------  ------------  ------------  ------------  
                                                   Name    Self CPU %      Self CPU   CPU total %     CPU total  CPU time avg     Self CUDA   Self CUDA %    CUDA total  CUDA time avg    # of Calls  
-------------------------------------------------------  ------------  ------------  ------------  ------------  ------------  ------------  ------------  ------------  ------------  ------------  
                                      total epochs time         3.17%       18.378s        99.41%      575.540s      575.540s       18.432s         3.18%      575.553s      575.553s             1  
                                             fetch feat         0.52%        3.006s        71.56%      414.273s        2.071s        3.108s         0.54%      414.279s        2.071s           200  
                           fetch feat from cache server        57.93%      335.396s        62.81%      363.642s     454.552ms      337.106s        58.24%      363.642s     454.553ms           800  
                                            gpu-compute         0.81%        4.711s        23.91%      138.413s     461.378ms        4.720s         0.82%      138.411s     461.369ms           300  
                        DistributedDataParallel.forward        21.15%      122.454s        23.00%      133.157s     665.784ms      126.353s        21.83%      133.157s     665.785ms           200  
                                            aten::copy_         3.76%       21.750s         9.76%       56.506s       2.126ms       56.092s         9.69%       56.092s       2.111ms         26575  
                             move feats from CPU to GPU         0.58%        3.368s         6.52%       37.721s      47.151ms        3.401s         0.59%       37.702s      47.128ms           800  
                                               aten::to         0.03%     180.894ms         6.18%       35.794s       7.454ms     227.756ms         0.04%       35.741s       7.443ms          4802  
                                         aten::_to_copy         0.06%     344.793ms         6.14%       35.561s       7.731ms     451.795ms         0.08%       35.513s       7.720ms          4600  
                                          create frames         1.39%        8.041s         1.40%        8.131s      10.164ms        8.082s         1.40%        8.123s      10.153ms           800  
                                            aten::slice         0.41%        2.367s         0.75%        4.368s     101.720us        3.037s         0.52%        3.683s      85.778us         42938  
                                         model transfer         0.42%        2.403s         0.61%        3.514s      17.570ms        2.476s         0.43%        3.512s      17.560ms           200  
                                            aten::index         0.46%        2.653s         0.48%        2.808s       2.006ms        2.682s         0.46%        2.783s       1.988ms          1400  
                                          aten::reshape         0.24%        1.409s         0.51%        2.948s     136.673us        1.580s         0.27%        2.176s     100.883us         21569  
                                             CopyReduce         0.05%     313.504ms         0.20%        1.141s       1.902ms        1.826s         0.32%        2.044s       3.407ms           600  
autograd::engine::evaluate_function: CopyReduceBackw...         0.00%      18.840ms         0.24%        1.385s       3.462ms      26.033ms         0.00%        1.379s       3.447ms           400  
                                     CopyReduceBackward         0.05%     306.073ms         0.23%        1.359s       3.398ms        1.261s         0.22%        1.353s       3.382ms           400  
                                            get nf_nids         0.09%     509.772ms         0.19%        1.090s       5.451ms     565.627ms         0.10%        1.087s       5.436ms           200  
    autograd::engine::evaluate_function: AddmmBackward0         0.01%      36.900ms         0.09%     544.037ms     906.728us      25.744ms         0.00%     875.998ms       1.460ms           600  
                                       aten::as_strided         0.12%     667.552ms         0.25%        1.448s      28.868us     726.761ms         0.13%     726.761ms      14.493us         50144  
                                         AddmmBackward0         0.01%      32.943ms         0.07%     399.340ms     665.567us      35.941ms         0.01%     721.668ms       1.203ms           600  
                                          aten::dropout         0.01%      29.649ms         0.04%     235.214ms     392.023us      21.368ms         0.00%     671.921ms       1.120ms           600  
                                   aten::_fused_dropout         0.01%      70.249ms         0.03%     197.859ms     329.765us     573.059ms         0.10%     650.553ms       1.084ms           600  
                                               aten::mm         0.02%     117.670ms         0.03%     181.396ms     181.396us     605.649ms         0.10%     605.649ms     605.649us          1000  
                                   aten::_reshape_alias         0.10%     573.558ms         0.16%     920.764ms      42.689us     595.993ms         0.10%     595.993ms      27.632us         21569  
                                           aten::linear         0.01%      37.716ms         0.04%     241.054ms     401.757us      15.808ms         0.00%     591.602ms     986.003us           600  
                                            aten::zeros         0.06%     351.238ms         0.11%     664.896ms     138.433us     458.230ms         0.08%     581.338ms     121.036us          4803  
                                            aten::addmm         0.01%      85.771ms         0.02%     140.087ms     233.478us     542.274ms         0.09%     554.465ms     924.108us           600  
                                            fetch label         0.01%      38.308ms         0.08%     439.283ms       2.196ms      47.102ms         0.01%     436.520ms       2.183ms           200  
                                        aten::clamp_min         0.01%      51.105ms         0.02%     114.545ms      81.818us     204.973ms         0.04%     402.460ms     287.471us          1400  
                               Optimizer.step#Adam.step         0.03%     199.936ms         0.07%     400.819ms       4.008ms     249.555ms         0.04%     399.871ms       3.999ms           100  
     autograd::engine::evaluate_function: ReluBackward0         0.00%      13.216ms         0.01%      73.138ms     182.845us       1.410ms         0.00%     303.723ms     759.308us           400  
                                          ReluBackward0         0.00%      11.161ms         0.01%      53.354ms     133.385us       2.880ms         0.00%     302.313ms     755.783us           400  
autograd::engine::evaluate_function: FusedDropoutBac...         0.00%      15.931ms         0.02%     118.053ms     295.132us       8.621ms         0.00%     299.641ms     749.102us           400  
                               aten::threshold_backward         0.00%      20.661ms         0.01%      36.256ms      90.640us     299.433ms         0.05%     299.433ms     748.582us           400  
                                  FusedDropoutBackward0         0.00%      10.607ms         0.02%      95.510ms     238.775us      10.795ms         0.00%     291.020ms     727.550us           400  
                                    aten::_masked_scale         0.00%      24.318ms         0.01%      78.626ms     196.565us     249.089ms         0.04%     280.225ms     700.562us           400  
                                       aten::zeros_like         0.01%      77.223ms         0.05%     283.842ms     234.193us     104.569ms         0.02%     270.041ms     222.806us          1212  
                                            aten::empty         0.04%     235.905ms         0.07%     403.434ms      26.517us     227.184ms         0.04%     227.184ms      14.933us         15214  
                                    aten::empty_strided         0.03%     190.346ms         0.05%     292.233ms      40.520us     208.112ms         0.04%     208.112ms      28.856us          7212  
                                             aten::relu         0.00%      18.107ms         0.01%      83.542ms     208.855us       1.252ms         0.00%     200.785ms     501.962us           400  
                                           aten::unbind         0.01%      69.990ms         0.03%     198.078ms     990.390us      86.155ms         0.01%     195.198ms     975.990us           200  
                                       aten::empty_like         0.02%     105.451ms         0.04%     239.956ms      79.667us     126.468ms         0.02%     191.975ms      63.737us          3012  
                                     train data prepare         0.03%     185.179ms         0.03%     185.214ms     185.214ms     185.204ms         0.03%     185.209ms     185.209ms             1  
                                              aten::div         0.01%      56.617ms         0.02%      92.047ms      57.529us     180.990ms         0.03%     180.990ms     113.119us          1600  
                                            aten::zero_         0.01%      73.754ms         0.04%     237.190ms      38.164us      81.875ms         0.01%     166.376ms      26.770us          6215  
autograd::engine::evaluate_function: torch::autograd...         0.02%      95.115ms         0.06%     364.432ms     303.693us      50.913ms         0.01%     160.553ms     133.794us          1200  
                                asign frame to nodeflow         0.02%     140.323ms         0.03%     165.480ms     206.850us     149.020ms         0.03%     156.903ms     196.129us           800  
                                                aten::t         0.01%      78.469ms         0.05%     299.251ms     106.875us      65.103ms         0.01%     143.053ms      51.090us          2800  
                                              aten::sum         0.01%      47.431ms         0.01%      73.966ms     123.277us     123.197ms         0.02%     123.197ms     205.328us           600  
                                             aten::item         0.01%      77.325ms         0.02%     128.784ms     107.320us      93.493ms         0.02%     109.862ms      91.552us          1200  
                                           aten::select         0.01%      77.994ms         0.02%     125.091ms     104.243us      94.531ms         0.02%     109.043ms      90.869us          1200  
                                              aten::cat         0.00%      15.709ms         0.02%     111.384ms     556.920us      18.334ms         0.00%     108.281ms     541.405us           200  
                                 sync for each sub_iter         0.02%      98.813ms         0.02%     105.183ms     525.915us     101.325ms         0.02%     103.225ms     516.125us           200  
                                        aten::new_empty         0.01%      69.525ms         0.02%     136.098ms      85.061us      68.004ms         0.01%     102.057ms      63.786us          1600  
                                            aten::fill_         0.02%      94.185ms         0.02%     119.488ms      98.587us      95.797ms         0.02%      95.797ms      79.040us          1212  
                                             aten::_cat         0.01%      38.928ms         0.02%      92.644ms     463.220us      50.357ms         0.01%      89.947ms     449.735us           200  
autograd::engine::evaluate_function: NllLossBackward...         0.00%      14.781ms         0.02%      91.469ms     457.345us      14.972ms         0.00%      78.917ms     394.585us           200  
                                        aten::transpose         0.01%      60.254ms         0.03%     179.832ms      64.226us      50.374ms         0.01%      77.950ms      27.839us          2800  
        autograd::engine::evaluate_function: TBackward0         0.00%      16.277ms         0.02%     113.598ms     189.330us      16.555ms         0.00%      74.261ms     123.768us           600  
                                             aten::add_         0.01%      70.135ms         0.02%     130.370ms      54.457us      72.638ms         0.01%      72.638ms      30.342us          2394  
                               aten::cross_entropy_loss         0.00%       8.516ms         0.01%      61.627ms     308.135us       9.553ms         0.00%      70.750ms     353.750us           200  
                        torch::autograd::AccumulateGrad         0.00%      26.568ms         0.02%     132.371ms     110.309us      25.996ms         0.00%      64.773ms      53.977us          1200  
                                       NllLossBackward0         0.00%       7.276ms         0.01%      67.333ms     336.665us       7.973ms         0.00%      63.945ms     319.725us           200  
                                             TBackward0         0.00%      10.551ms         0.01%      85.784ms     142.973us      16.060ms         0.00%      57.706ms      96.177us           600  
                                aten::nll_loss_backward         0.00%      17.325ms         0.01%      56.465ms     282.325us      28.171ms         0.00%      55.972ms     279.860us           200  
                                      aten::nll_loss_nd         0.00%       4.194ms         0.01%      30.417ms     152.085us       4.379ms         0.00%      40.856ms     204.280us           200  
                                         create sampler         0.01%      39.864ms         0.01%      39.988ms      39.988ms      39.928ms         0.01%      39.983ms      39.983ms             1  
autograd::engine::evaluate_function: LogSoftmaxBackw...         0.00%       7.544ms         0.01%      39.824ms     199.120us      10.587ms         0.00%      36.700ms     183.500us           200  
                                         aten::nll_loss         0.00%       4.216ms         0.00%      25.156ms     125.780us       4.311ms         0.00%      36.477ms     182.385us           200  
                                              aten::mul         0.01%      48.077ms         0.01%      86.392ms      71.993us      35.792ms         0.01%      35.792ms      29.827us          1200  
                                             aten::mul_         0.00%      26.266ms         0.01%      47.103ms      39.252us      35.292ms         0.01%      35.292ms      29.410us          1200  
                                           aten::narrow         0.00%      12.619ms         0.01%      37.714ms     188.570us      15.486ms         0.00%      33.521ms     167.605us           200  
                                 aten::nll_loss_forward         0.00%      10.996ms         0.00%      19.891ms      99.455us      30.309ms         0.01%      32.166ms     160.830us           200  
                                    LogSoftmaxBackward0         0.00%       6.435ms         0.00%      28.871ms     144.355us       9.848ms         0.00%      26.113ms     130.565us           200  
                                             aten::sqrt         0.00%      16.396ms         0.00%      27.113ms      45.188us      21.521ms         0.00%      21.521ms      35.868us           600  
                                        aten::ones_like         0.00%       7.009ms         0.00%      22.871ms     114.355us       9.034ms         0.00%      21.506ms     107.530us           200  
                                      aten::log_softmax         0.00%       7.746ms         0.00%      21.542ms     107.710us      10.100ms         0.00%      20.341ms     101.705us           200  
                                         aten::new_ones         0.00%      16.451ms         0.02%      93.839ms     156.398us       3.707ms         0.00%      19.551ms      32.585us           600  
                                         aten::addcdiv_         0.00%      14.053ms         0.00%      25.323ms      42.205us      18.405ms         0.00%      18.405ms      30.675us           600  
                                         aten::addcmul_         0.00%      13.568ms         0.00%      23.648ms      39.413us      17.975ms         0.00%      17.975ms      29.958us           600  
                                            aten::clamp         0.00%      26.663ms         0.01%      49.557ms      82.595us      10.761ms         0.00%      17.077ms      28.462us           600  
                              aten::_local_scalar_dense         0.00%      14.296ms         0.01%      31.908ms      26.590us      16.369ms         0.00%      16.369ms      13.641us          1200  
                       aten::_log_softmax_backward_data         0.00%      10.439ms         0.00%      19.244ms      96.220us      16.265ms         0.00%      16.265ms      81.325us           200  
                                             aten::ones         0.01%      29.218ms         0.01%      72.867ms     121.445us       7.593ms         0.00%      15.844ms      26.407us           600  
                                           aten::expand         0.00%      18.714ms         0.01%      31.058ms      51.763us       8.741ms         0.00%      12.191ms      20.318us           600  
                                     aten::resolve_conj         0.00%      11.158ms         0.00%      26.942ms      22.452us      11.008ms         0.00%      11.008ms       9.173us          1200  
                                      aten::resolve_neg         0.00%      10.800ms         0.00%      25.059ms      20.883us      10.416ms         0.00%      10.416ms       8.680us          1200  
                                     aten::_log_softmax         0.00%       6.611ms         0.00%      10.421ms      52.105us       9.217ms         0.00%       9.217ms      46.085us           200  
                aten::_has_compatible_shallow_copy_type         0.00%       7.118ms         0.00%      16.090ms      20.113us       6.828ms         0.00%       6.828ms       8.535us           800  
                                          aten::resize_         0.00%      11.433ms         0.00%      18.850ms      18.850us       5.437ms         0.00%       5.437ms       5.437us          1000  
                                             aten::view         0.00%      12.670ms         0.00%      23.837ms      39.728us       5.389ms         0.00%       5.389ms       8.982us           600  
                                             aten::set_         0.00%       3.361ms         0.00%       5.746ms      28.446us     226.000us         0.00%     226.000us       1.119us           202  
                                           aten::detach         0.00%      88.000us         0.00%     329.000us      54.833us      98.000us         0.00%     156.000us      26.000us             6  
                                                 detach         0.00%      94.000us         0.00%     166.000us      27.667us      58.000us         0.00%      58.000us       9.667us             6  
                                          aten::detach_         0.00%      18.000us         0.00%      36.000us      36.000us      24.000us         0.00%      31.000us      31.000us             1  
                                                detach_         0.00%       8.000us         0.00%      13.000us      13.000us       7.000us         0.00%       7.000us       7.000us             1  
                                        cudaEventCreate         0.29%        1.695s         0.29%        1.695s       3.206us       0.000us         0.00%       0.000us       0.000us        528584  
                                        cudaEventRecord         0.46%        2.635s         0.46%        2.635s       4.973us       0.000us         0.00%       0.000us       0.000us        529853  
                                  cudaStreamIsCapturing         0.00%       1.486ms         0.00%       1.486ms       2.359us       0.000us         0.00%       0.000us       0.000us           630  
-------------------------------------------------------  ------------  ------------  ------------  ------------  ------------  ------------  ------------  ------------  ------------  ------------  
Self CPU time total: 578.941s
Self CUDA time total: 578.831s

2023-03-16 11:14:14,292 - INFO - Rank 0 | wait sampler total time: 18.186537742614746, total sub_iters: 200, avg sub_iter time:0.09093268871307374
