INFO Fri, 30 Dec 2022 17:48:54 dgl_default_sampling_simulate.py 198 : ngpus_per_trainer: 1
INFO Fri, 30 Dec 2022 17:48:54 dgl_default_sampling_simulate.py 37 : Total number of trainers: 4
INFO Fri, 30 Dec 2022 17:48:54 dgl_default_sampling_simulate.py 53 : Client Args: Namespace(dataset='./dist/repgnn_data/ogbn_arxiv128/', sampling='2-2-2', hidden_size=256, n_classes=60, batch_size=8000, dropout=0.2, lr=0.03, weight_decay=0, model_name='graphsage', epoch=1, num_worker=1, cache_size=0, seed=None, log=False, world_size=4, ngpus_per_node=1, featdim=128)
INFO Fri, 30 Dec 2022 17:48:54 dgl_default_sampling_simulate.py 66 : metis分图已经完成
INFO Fri, 30 Dec 2022 17:48:54 dgl_default_sampling_simulate.py 89 : fg_train_nid: 110072 ntrain_per_GPU: 27518
INFO Fri, 30 Dec 2022 17:48:54 dgl_default_sampling_simulate.py 89 : fg_train_nid: 110072 ntrain_per_GPU: 27518
INFO Fri, 30 Dec 2022 17:48:54 dgl_default_sampling_simulate.py 89 : fg_train_nid: 110072 ntrain_per_GPU: 27518
INFO Fri, 30 Dec 2022 17:48:54 dgl_default_sampling_simulate.py 89 : fg_train_nid: 110072 ntrain_per_GPU: 27518
INFO Fri, 30 Dec 2022 17:48:55 dgl_default_sampling_simulate.py 132 : => cur_epoch 0 finished on rank 0
INFO Fri, 30 Dec 2022 17:48:55 dgl_default_sampling_simulate.py 133 : ==================== | rank=0,epoch=0 采样node信息输出 | ====================
INFO Fri, 30 Dec 2022 17:48:55 dgl_default_sampling_simulate.py 134 : rank=0, number of training batches: 4
INFO Fri, 30 Dec 2022 17:48:55 dgl_default_sampling_simulate.py 135 : rank=0, the number of nodes for each tree spand by batch: [120379, 121026, 121422, 60385], total nodes: 423212
INFO Fri, 30 Dec 2022 17:48:55 dgl_default_sampling_simulate.py 136 : rank=0, the number of nodes hits on other trainers: [0, 100150, 97843, 106941]
INFO Fri, 30 Dec 2022 17:48:55 dgl_default_sampling_simulate.py 132 : => cur_epoch 0 finished on rank 1
INFO Fri, 30 Dec 2022 17:48:55 dgl_default_sampling_simulate.py 133 : ==================== | rank=1,epoch=0 采样node信息输出 | ====================
INFO Fri, 30 Dec 2022 17:48:55 dgl_default_sampling_simulate.py 134 : rank=1, number of training batches: 4
INFO Fri, 30 Dec 2022 17:48:55 dgl_default_sampling_simulate.py 135 : rank=1, the number of nodes for each tree spand by batch: [122027, 120855, 118918, 58619], total nodes: 420419
INFO Fri, 30 Dec 2022 17:48:55 dgl_default_sampling_simulate.py 136 : rank=1, the number of nodes hits on other trainers: [116805, 0, 98769, 106101]
INFO Fri, 30 Dec 2022 17:48:55 dgl_default_sampling_simulate.py 132 : => cur_epoch 0 finished on rank 3
INFO Fri, 30 Dec 2022 17:48:55 dgl_default_sampling_simulate.py 133 : ==================== | rank=3,epoch=0 采样node信息输出 | ====================
INFO Fri, 30 Dec 2022 17:48:55 dgl_default_sampling_simulate.py 134 : rank=3, number of training batches: 4
INFO Fri, 30 Dec 2022 17:48:55 dgl_default_sampling_simulate.py 135 : rank=3, the number of nodes for each tree spand by batch: [120605, 120727, 122864, 60175], total nodes: 424371
INFO Fri, 30 Dec 2022 17:48:55 dgl_default_sampling_simulate.py 136 : rank=3, the number of nodes hits on other trainers: [118013, 101118, 98243, 0]
INFO Fri, 30 Dec 2022 17:48:55 dgl_default_sampling_simulate.py 132 : => cur_epoch 0 finished on rank 2
INFO Fri, 30 Dec 2022 17:48:55 dgl_default_sampling_simulate.py 133 : ==================== | rank=2,epoch=0 采样node信息输出 | ====================
INFO Fri, 30 Dec 2022 17:48:55 dgl_default_sampling_simulate.py 134 : rank=2, number of training batches: 4
INFO Fri, 30 Dec 2022 17:48:55 dgl_default_sampling_simulate.py 135 : rank=2, the number of nodes for each tree spand by batch: [120644, 120090, 121070, 60165], total nodes: 421969
INFO Fri, 30 Dec 2022 17:48:55 dgl_default_sampling_simulate.py 136 : rank=2, the number of nodes hits on other trainers: [119508, 100610, 0, 104658]
