INFO Fri, 30 Dec 2022 17:48:18 dgl_default_sampling_simulate.py 198 : ngpus_per_trainer: 1
INFO Fri, 30 Dec 2022 17:48:18 dgl_default_sampling_simulate.py 37 : Total number of trainers: 4
INFO Fri, 30 Dec 2022 17:48:18 dgl_default_sampling_simulate.py 53 : Client Args: Namespace(dataset='./dist/repgnn_data/ogbn_arxiv128/', sampling='2-2-2', hidden_size=256, n_classes=60, batch_size=1000, dropout=0.2, lr=0.03, weight_decay=0, model_name='graphsage', epoch=1, num_worker=1, cache_size=0, seed=None, log=False, world_size=4, ngpus_per_node=1, featdim=128)
INFO Fri, 30 Dec 2022 17:48:18 dgl_default_sampling_simulate.py 66 : metis分图已经完成
INFO Fri, 30 Dec 2022 17:48:19 dgl_default_sampling_simulate.py 89 : fg_train_nid: 110072 ntrain_per_GPU: 27518
INFO Fri, 30 Dec 2022 17:48:19 dgl_default_sampling_simulate.py 89 : fg_train_nid: 110072 ntrain_per_GPU: 27518
INFO Fri, 30 Dec 2022 17:48:19 dgl_default_sampling_simulate.py 89 : fg_train_nid: 110072 ntrain_per_GPU: 27518
INFO Fri, 30 Dec 2022 17:48:19 dgl_default_sampling_simulate.py 89 : fg_train_nid: 110072 ntrain_per_GPU: 27518
INFO Fri, 30 Dec 2022 17:48:19 dgl_default_sampling_simulate.py 132 : => cur_epoch 0 finished on rank 1
INFO Fri, 30 Dec 2022 17:48:19 dgl_default_sampling_simulate.py 133 : ==================== | rank=1,epoch=0 采样node信息输出 | ====================
INFO Fri, 30 Dec 2022 17:48:19 dgl_default_sampling_simulate.py 134 : rank=1, number of training batches: 28
INFO Fri, 30 Dec 2022 17:48:19 dgl_default_sampling_simulate.py 135 : rank=1, the number of nodes for each tree spand by batch: [18591, 19632, 18327, 18354, 18305, 19212, 18837, 18654, 17739, 17836, 18600, 18097, 18419, 18711, 18370, 18928, 18893, 18415, 19007, 19158, 18839, 18577, 19330, 18137, 18260, 18076, 18449, 9759], total nodes: 511512
INFO Fri, 30 Dec 2022 17:48:19 dgl_default_sampling_simulate.py 136 : rank=1, the number of nodes hits on other trainers: [147597, 0, 115489, 128489]
INFO Fri, 30 Dec 2022 17:48:19 dgl_default_sampling_simulate.py 132 : => cur_epoch 0 finished on rank 3
INFO Fri, 30 Dec 2022 17:48:19 dgl_default_sampling_simulate.py 133 : ==================== | rank=3,epoch=0 采样node信息输出 | ====================
INFO Fri, 30 Dec 2022 17:48:19 dgl_default_sampling_simulate.py 134 : rank=3, number of training batches: 28
INFO Fri, 30 Dec 2022 17:48:19 dgl_default_sampling_simulate.py 135 : rank=3, the number of nodes for each tree spand by batch: [19280, 18729, 19497, 18239, 18193, 18570, 18429, 18090, 18871, 18972, 19245, 18472, 18638, 18749, 18662, 18560, 18581, 18475, 18732, 19444, 18859, 18782, 18629, 18442, 19173, 19173, 18413, 10052], total nodes: 515951
INFO Fri, 30 Dec 2022 17:48:19 dgl_default_sampling_simulate.py 136 : rank=3, the number of nodes hits on other trainers: [148471, 122432, 115506, 0]
INFO Fri, 30 Dec 2022 17:48:19 dgl_default_sampling_simulate.py 132 : => cur_epoch 0 finished on rank 2
INFO Fri, 30 Dec 2022 17:48:19 dgl_default_sampling_simulate.py 132 : => cur_epoch 0 finished on rank 0
INFO Fri, 30 Dec 2022 17:48:19 dgl_default_sampling_simulate.py 133 : ==================== | rank=2,epoch=0 采样node信息输出 | ====================
INFO Fri, 30 Dec 2022 17:48:19 dgl_default_sampling_simulate.py 134 : rank=2, number of training batches: 28
INFO Fri, 30 Dec 2022 17:48:19 dgl_default_sampling_simulate.py 133 : ==================== | rank=0,epoch=0 采样node信息输出 | ====================
INFO Fri, 30 Dec 2022 17:48:19 dgl_default_sampling_simulate.py 134 : rank=0, number of training batches: 28
INFO Fri, 30 Dec 2022 17:48:19 dgl_default_sampling_simulate.py 135 : rank=2, the number of nodes for each tree spand by batch: [18893, 19352, 18863, 19132, 19025, 18893, 18981, 18669, 18882, 18772, 18463, 18745, 17804, 18199, 18744, 18353, 18851, 18148, 17742, 18277, 18436, 18710, 18411, 18688, 18964, 18115, 18523, 9652], total nodes: 512287
INFO Fri, 30 Dec 2022 17:48:19 dgl_default_sampling_simulate.py 135 : rank=0, the number of nodes for each tree spand by batch: [18176, 18816, 18416, 18039, 18188, 18383, 18733, 19042, 18926, 18791, 19207, 19286, 19965, 17567, 18939, 17739, 18783, 18854, 18250, 18876, 18683, 19594, 18490, 18544, 18616, 18582, 18711, 9628], total nodes: 513824
INFO Fri, 30 Dec 2022 17:48:19 dgl_default_sampling_simulate.py 136 : rank=2, the number of nodes hits on other trainers: [150033, 121536, 0, 126766]
INFO Fri, 30 Dec 2022 17:48:19 dgl_default_sampling_simulate.py 136 : rank=0, the number of nodes hits on other trainers: [0, 121136, 115518, 130057]
