INFO Fri, 30 Dec 2022 17:52:12 dgl_jpgnn_sampling_simulate.py 218 : ngpus_per_trainer: 1
INFO Fri, 30 Dec 2022 17:52:12 dgl_jpgnn_sampling_simulate.py 38 : Total number of trainers: 4
INFO Fri, 30 Dec 2022 17:52:12 dgl_jpgnn_sampling_simulate.py 54 : Client Args: Namespace(dataset='./dist/repgnn_data/ogbn_arxiv128/', sampling='2-2-2', hidden_size=256, n_classes=60, batch_size=8000, dropout=0.2, lr=0.03, weight_decay=0, model_name='graphsage', epoch=1, num_worker=1, cache_size=0, seed=None, log=False, world_size=4, ngpus_per_node=1, featdim=128)
INFO Fri, 30 Dec 2022 17:52:12 dgl_jpgnn_sampling_simulate.py 67 : metis分图已经完成
INFO Fri, 30 Dec 2022 17:52:12 dgl_jpgnn_sampling_simulate.py 90 : fg_train_nid: 110072 ntrain_per_GPU: 27518
INFO Fri, 30 Dec 2022 17:52:12 dgl_jpgnn_sampling_simulate.py 90 : fg_train_nid: 110072 ntrain_per_GPU: 27518
INFO Fri, 30 Dec 2022 17:52:12 dgl_jpgnn_sampling_simulate.py 90 : fg_train_nid: 110072 ntrain_per_GPU: 27518
INFO Fri, 30 Dec 2022 17:52:12 dgl_jpgnn_sampling_simulate.py 90 : fg_train_nid: 110072 ntrain_per_GPU: 27518
INFO Fri, 30 Dec 2022 17:52:13 dgl_jpgnn_sampling_simulate.py 153 : => cur_epoch 0 finished on rank 0
INFO Fri, 30 Dec 2022 17:52:13 dgl_jpgnn_sampling_simulate.py 154 : ==================== | rank=0,epoch=0 采样node信息输出 | ====================
INFO Fri, 30 Dec 2022 17:52:13 dgl_jpgnn_sampling_simulate.py 155 : rank=0, number of training batches: 16
INFO Fri, 30 Dec 2022 17:52:13 dgl_jpgnn_sampling_simulate.py 156 : rank=0, the number of nodes for each tree spand by batch: [31552, 32039, 31322, 30154, 32337, 31372, 30998, 32187, 31580, 32447, 32636, 30744, 15096, 15180, 15431, 15177], total nodes: 440252
INFO Fri, 30 Dec 2022 17:52:13 dgl_jpgnn_sampling_simulate.py 157 : rank=0, the number of nodes hits on other trainers: [0, 50972, 5587, 4494]
INFO Fri, 30 Dec 2022 17:52:13 dgl_jpgnn_sampling_simulate.py 153 : => cur_epoch 0 finished on rank 3
INFO Fri, 30 Dec 2022 17:52:13 dgl_jpgnn_sampling_simulate.py 153 : => cur_epoch 0 finished on rank 1
INFO Fri, 30 Dec 2022 17:52:13 dgl_jpgnn_sampling_simulate.py 154 : ==================== | rank=1,epoch=0 采样node信息输出 | ====================
INFO Fri, 30 Dec 2022 17:52:13 dgl_jpgnn_sampling_simulate.py 154 : ==================== | rank=3,epoch=0 采样node信息输出 | ====================
INFO Fri, 30 Dec 2022 17:52:13 dgl_jpgnn_sampling_simulate.py 155 : rank=1, number of training batches: 16
INFO Fri, 30 Dec 2022 17:52:13 dgl_jpgnn_sampling_simulate.py 155 : rank=3, number of training batches: 16
INFO Fri, 30 Dec 2022 17:52:13 dgl_jpgnn_sampling_simulate.py 156 : rank=1, the number of nodes for each tree spand by batch: [36616, 34228, 35274, 36451, 36194, 34232, 35484, 35550, 34824, 36045, 34657, 35059, 16804, 15679, 17933, 17405], total nodes: 492435
INFO Fri, 30 Dec 2022 17:52:13 dgl_jpgnn_sampling_simulate.py 156 : rank=3, the number of nodes for each tree spand by batch: [32776, 33872, 34943, 35667, 34560, 34359, 34531, 35004, 34417, 33999, 33053, 33304, 16120, 15971, 15574, 16820], total nodes: 474970
INFO Fri, 30 Dec 2022 17:52:13 dgl_jpgnn_sampling_simulate.py 157 : rank=1, the number of nodes hits on other trainers: [78641, 0, 53741, 48196]
INFO Fri, 30 Dec 2022 17:52:13 dgl_jpgnn_sampling_simulate.py 157 : rank=3, the number of nodes hits on other trainers: [26689, 35860, 72709, 0]
INFO Fri, 30 Dec 2022 17:52:13 dgl_jpgnn_sampling_simulate.py 153 : => cur_epoch 0 finished on rank 2
INFO Fri, 30 Dec 2022 17:52:13 dgl_jpgnn_sampling_simulate.py 154 : ==================== | rank=2,epoch=0 采样node信息输出 | ====================
INFO Fri, 30 Dec 2022 17:52:13 dgl_jpgnn_sampling_simulate.py 155 : rank=2, number of training batches: 16
INFO Fri, 30 Dec 2022 17:52:13 dgl_jpgnn_sampling_simulate.py 156 : rank=2, the number of nodes for each tree spand by batch: [32161, 31357, 31801, 32457, 30117, 31526, 30439, 31532, 32474, 32231, 33238, 32114, 14654, 14391, 13612, 14471], total nodes: 438575
INFO Fri, 30 Dec 2022 17:52:13 dgl_jpgnn_sampling_simulate.py 157 : rank=2, the number of nodes hits on other trainers: [33596, 43932, 0, 65989]
