INFO Fri, 30 Dec 2022 20:35:40 dgl_default_sampling_simulate.py 198 : ngpus_per_trainer: 1
INFO Fri, 30 Dec 2022 20:35:40 dgl_default_sampling_simulate.py 37 : Total number of trainers: 8
INFO Fri, 30 Dec 2022 20:35:40 dgl_default_sampling_simulate.py 53 : Client Args: Namespace(dataset='./dist/repgnn_data/ogbn_arxiv128/', sampling='10-10-10', hidden_size=256, n_classes=60, batch_size=8000, dropout=0.2, lr=0.03, weight_decay=0, model_name='graphsage', epoch=1, num_worker=1, cache_size=0, seed=None, log=False, world_size=8, ngpus_per_node=1, featdim=128)
INFO Fri, 30 Dec 2022 20:35:40 dgl_default_sampling_simulate.py 66 : metis分图已经完成
INFO Fri, 30 Dec 2022 20:35:40 dgl_default_sampling_simulate.py 89 : fg_train_nid: 110072 ntrain_per_GPU: 13759
INFO Fri, 30 Dec 2022 20:35:40 dgl_default_sampling_simulate.py 89 : fg_train_nid: 110072 ntrain_per_GPU: 13759
INFO Fri, 30 Dec 2022 20:35:40 dgl_default_sampling_simulate.py 89 : fg_train_nid: 110072 ntrain_per_GPU: 13759
INFO Fri, 30 Dec 2022 20:35:40 dgl_default_sampling_simulate.py 89 : fg_train_nid: 110072 ntrain_per_GPU: 13759
INFO Fri, 30 Dec 2022 20:35:40 dgl_default_sampling_simulate.py 89 : fg_train_nid: 110072 ntrain_per_GPU: 13759
INFO Fri, 30 Dec 2022 20:35:40 dgl_default_sampling_simulate.py 89 : fg_train_nid: 110072 ntrain_per_GPU: 13759
INFO Fri, 30 Dec 2022 20:35:40 dgl_default_sampling_simulate.py 89 : fg_train_nid: 110072 ntrain_per_GPU: 13759
INFO Fri, 30 Dec 2022 20:35:40 dgl_default_sampling_simulate.py 89 : fg_train_nid: 110072 ntrain_per_GPU: 13759
INFO Fri, 30 Dec 2022 20:35:41 dgl_default_sampling_simulate.py 132 : => cur_epoch 0 finished on rank 4
INFO Fri, 30 Dec 2022 20:35:41 dgl_default_sampling_simulate.py 133 : ==================== | rank=4,epoch=0 采样node信息输出 | ====================
INFO Fri, 30 Dec 2022 20:35:41 dgl_default_sampling_simulate.py 134 : rank=4, number of training batches: 2
INFO Fri, 30 Dec 2022 20:35:41 dgl_default_sampling_simulate.py 135 : rank=4, the number of nodes for each tree spand by batch: [244014, 201542], total nodes: 445556
INFO Fri, 30 Dec 2022 20:35:41 dgl_default_sampling_simulate.py 136 : rank=4, the number of nodes hits on other trainers: [71991, 71727, 49908, 58380, 0, 44147, 50734, 51707]
INFO Fri, 30 Dec 2022 20:35:41 dgl_default_sampling_simulate.py 132 : => cur_epoch 0 finished on rank 2
INFO Fri, 30 Dec 2022 20:35:41 dgl_default_sampling_simulate.py 133 : ==================== | rank=2,epoch=0 采样node信息输出 | ====================
INFO Fri, 30 Dec 2022 20:35:41 dgl_default_sampling_simulate.py 134 : rank=2, number of training batches: 2
INFO Fri, 30 Dec 2022 20:35:41 dgl_default_sampling_simulate.py 135 : rank=2, the number of nodes for each tree spand by batch: [243098, 197717], total nodes: 440815
INFO Fri, 30 Dec 2022 20:35:41 dgl_default_sampling_simulate.py 136 : rank=2, the number of nodes hits on other trainers: [70087, 68361, 0, 56313, 47734, 45590, 51879, 53011]
INFO Fri, 30 Dec 2022 20:35:41 dgl_default_sampling_simulate.py 132 : => cur_epoch 0 finished on rank 5
INFO Fri, 30 Dec 2022 20:35:41 dgl_default_sampling_simulate.py 133 : ==================== | rank=5,epoch=0 采样node信息输出 | ====================
INFO Fri, 30 Dec 2022 20:35:41 dgl_default_sampling_simulate.py 134 : rank=5, number of training batches: 2
INFO Fri, 30 Dec 2022 20:35:41 dgl_default_sampling_simulate.py 135 : rank=5, the number of nodes for each tree spand by batch: [245362, 204079], total nodes: 449441
INFO Fri, 30 Dec 2022 20:35:41 dgl_default_sampling_simulate.py 136 : rank=5, the number of nodes hits on other trainers: [71984, 71063, 50266, 59105, 47520, 0, 51807, 51029]
INFO Fri, 30 Dec 2022 20:35:41 dgl_default_sampling_simulate.py 132 : => cur_epoch 0 finished on rank 0
INFO Fri, 30 Dec 2022 20:35:41 dgl_default_sampling_simulate.py 132 : => cur_epoch 0 finished on rank 1
INFO Fri, 30 Dec 2022 20:35:41 dgl_default_sampling_simulate.py 133 : ==================== | rank=0,epoch=0 采样node信息输出 | ====================
INFO Fri, 30 Dec 2022 20:35:41 dgl_default_sampling_simulate.py 134 : rank=0, number of training batches: 2
INFO Fri, 30 Dec 2022 20:35:41 dgl_default_sampling_simulate.py 135 : rank=0, the number of nodes for each tree spand by batch: [244237, 202518], total nodes: 446755
INFO Fri, 30 Dec 2022 20:35:41 dgl_default_sampling_simulate.py 133 : ==================== | rank=1,epoch=0 采样node信息输出 | ====================
INFO Fri, 30 Dec 2022 20:35:41 dgl_default_sampling_simulate.py 134 : rank=1, number of training batches: 2
INFO Fri, 30 Dec 2022 20:35:41 dgl_default_sampling_simulate.py 136 : rank=0, the number of nodes hits on other trainers: [0, 70574, 49281, 57744, 47213, 45915, 51786, 52232]
INFO Fri, 30 Dec 2022 20:35:41 dgl_default_sampling_simulate.py 135 : rank=1, the number of nodes for each tree spand by batch: [246831, 203381], total nodes: 450212
INFO Fri, 30 Dec 2022 20:35:41 dgl_default_sampling_simulate.py 136 : rank=1, the number of nodes hits on other trainers: [71826, 0, 50270, 59096, 48515, 46332, 51865, 51551]
INFO Fri, 30 Dec 2022 20:35:41 dgl_default_sampling_simulate.py 132 : => cur_epoch 0 finished on rank 3
INFO Fri, 30 Dec 2022 20:35:41 dgl_default_sampling_simulate.py 133 : ==================== | rank=3,epoch=0 采样node信息输出 | ====================
INFO Fri, 30 Dec 2022 20:35:41 dgl_default_sampling_simulate.py 134 : rank=3, number of training batches: 2
INFO Fri, 30 Dec 2022 20:35:41 dgl_default_sampling_simulate.py 135 : rank=3, the number of nodes for each tree spand by batch: [244054, 204319], total nodes: 448373
INFO Fri, 30 Dec 2022 20:35:41 dgl_default_sampling_simulate.py 136 : rank=3, the number of nodes hits on other trainers: [71883, 70796, 50350, 0, 48210, 44994, 51725, 51707]
INFO Fri, 30 Dec 2022 20:35:41 dgl_default_sampling_simulate.py 132 : => cur_epoch 0 finished on rank 7
INFO Fri, 30 Dec 2022 20:35:41 dgl_default_sampling_simulate.py 133 : ==================== | rank=7,epoch=0 采样node信息输出 | ====================
INFO Fri, 30 Dec 2022 20:35:41 dgl_default_sampling_simulate.py 134 : rank=7, number of training batches: 2
INFO Fri, 30 Dec 2022 20:35:41 dgl_default_sampling_simulate.py 135 : rank=7, the number of nodes for each tree spand by batch: [245898, 203421], total nodes: 449319
INFO Fri, 30 Dec 2022 20:35:41 dgl_default_sampling_simulate.py 136 : rank=7, the number of nodes hits on other trainers: [73088, 69886, 50526, 57836, 48638, 45182, 51850, 0]
INFO Fri, 30 Dec 2022 20:35:41 dgl_default_sampling_simulate.py 132 : => cur_epoch 0 finished on rank 6
INFO Fri, 30 Dec 2022 20:35:41 dgl_default_sampling_simulate.py 133 : ==================== | rank=6,epoch=0 采样node信息输出 | ====================
INFO Fri, 30 Dec 2022 20:35:41 dgl_default_sampling_simulate.py 134 : rank=6, number of training batches: 2
INFO Fri, 30 Dec 2022 20:35:41 dgl_default_sampling_simulate.py 135 : rank=6, the number of nodes for each tree spand by batch: [246245, 202933], total nodes: 449178
INFO Fri, 30 Dec 2022 20:35:41 dgl_default_sampling_simulate.py 136 : rank=6, the number of nodes hits on other trainers: [71898, 70376, 50408, 59510, 47948, 45144, 0, 52426]
