INFO Fri, 30 Dec 2022 17:49:13 dgl_default_sampling_simulate.py 198 : ngpus_per_trainer: 1
INFO Fri, 30 Dec 2022 17:49:13 dgl_default_sampling_simulate.py 37 : Total number of trainers: 4
INFO Fri, 30 Dec 2022 17:49:13 dgl_default_sampling_simulate.py 53 : Client Args: Namespace(dataset='./dist/repgnn_data/ogbn_arxiv128/', sampling='10-10-10', hidden_size=256, n_classes=60, batch_size=8000, dropout=0.2, lr=0.03, weight_decay=0, model_name='graphsage', epoch=1, num_worker=1, cache_size=0, seed=None, log=False, world_size=4, ngpus_per_node=1, featdim=128)
INFO Fri, 30 Dec 2022 17:49:13 dgl_default_sampling_simulate.py 66 : metis分图已经完成
INFO Fri, 30 Dec 2022 17:49:13 dgl_default_sampling_simulate.py 89 : fg_train_nid: 110072 ntrain_per_GPU: 27518
INFO Fri, 30 Dec 2022 17:49:13 dgl_default_sampling_simulate.py 89 : fg_train_nid: 110072 ntrain_per_GPU: 27518
INFO Fri, 30 Dec 2022 17:49:13 dgl_default_sampling_simulate.py 89 : fg_train_nid: 110072 ntrain_per_GPU: 27518
INFO Fri, 30 Dec 2022 17:49:13 dgl_default_sampling_simulate.py 89 : fg_train_nid: 110072 ntrain_per_GPU: 27518
INFO Fri, 30 Dec 2022 17:49:14 dgl_default_sampling_simulate.py 132 : => cur_epoch 0 finished on rank 3
INFO Fri, 30 Dec 2022 17:49:14 dgl_default_sampling_simulate.py 133 : ==================== | rank=3,epoch=0 采样node信息输出 | ====================
INFO Fri, 30 Dec 2022 17:49:14 dgl_default_sampling_simulate.py 134 : rank=3, number of training batches: 4
INFO Fri, 30 Dec 2022 17:49:14 dgl_default_sampling_simulate.py 135 : rank=3, the number of nodes for each tree spand by batch: [246361, 244568, 241511, 159339], total nodes: 891779
INFO Fri, 30 Dec 2022 17:49:14 dgl_default_sampling_simulate.py 136 : rank=3, the number of nodes hits on other trainers: [282506, 216749, 180962, 0]
INFO Fri, 30 Dec 2022 17:49:14 dgl_default_sampling_simulate.py 132 : => cur_epoch 0 finished on rank 2
INFO Fri, 30 Dec 2022 17:49:14 dgl_default_sampling_simulate.py 133 : ==================== | rank=2,epoch=0 采样node信息输出 | ====================
INFO Fri, 30 Dec 2022 17:49:14 dgl_default_sampling_simulate.py 134 : rank=2, number of training batches: 4
INFO Fri, 30 Dec 2022 17:49:14 dgl_default_sampling_simulate.py 135 : rank=2, the number of nodes for each tree spand by batch: [243699, 241061, 246207, 151710], total nodes: 882677
INFO Fri, 30 Dec 2022 17:49:14 dgl_default_sampling_simulate.py 136 : rank=2, the number of nodes hits on other trainers: [284214, 214280, 0, 207218]
INFO Fri, 30 Dec 2022 17:49:14 dgl_default_sampling_simulate.py 132 : => cur_epoch 0 finished on rank 0
INFO Fri, 30 Dec 2022 17:49:14 dgl_default_sampling_simulate.py 133 : ==================== | rank=0,epoch=0 采样node信息输出 | ====================
INFO Fri, 30 Dec 2022 17:49:14 dgl_default_sampling_simulate.py 134 : rank=0, number of training batches: 4
INFO Fri, 30 Dec 2022 17:49:14 dgl_default_sampling_simulate.py 135 : rank=0, the number of nodes for each tree spand by batch: [244620, 242286, 244350, 157337], total nodes: 888593
INFO Fri, 30 Dec 2022 17:49:14 dgl_default_sampling_simulate.py 136 : rank=0, the number of nodes hits on other trainers: [0, 214276, 181307, 210787]
INFO Fri, 30 Dec 2022 17:49:14 dgl_default_sampling_simulate.py 132 : => cur_epoch 0 finished on rank 1
INFO Fri, 30 Dec 2022 17:49:14 dgl_default_sampling_simulate.py 133 : ==================== | rank=1,epoch=0 采样node信息输出 | ====================
INFO Fri, 30 Dec 2022 17:49:14 dgl_default_sampling_simulate.py 134 : rank=1, number of training batches: 4
INFO Fri, 30 Dec 2022 17:49:14 dgl_default_sampling_simulate.py 135 : rank=1, the number of nodes for each tree spand by batch: [245531, 240412, 241798, 153229], total nodes: 880970
INFO Fri, 30 Dec 2022 17:49:14 dgl_default_sampling_simulate.py 136 : rank=1, the number of nodes hits on other trainers: [279280, 0, 180201, 210241]
