INFO Mon, 06 Feb 2023 21:07:14 dgl_default_sampling_simulate.py 198 : ngpus_per_trainer: 1
INFO Mon, 06 Feb 2023 21:07:14 dgl_default_sampling_simulate.py 37 : Total number of trainers: 4
INFO Mon, 06 Feb 2023 21:07:14 dgl_default_sampling_simulate.py 53 : Client Args: Namespace(dataset='./dist/repgnn_data/ogbn_arxiv128/', sampling='10', hidden_size=256, n_classes=60, batch_size=8000, dropout=0.2, lr=0.03, weight_decay=0, model_name='graphsage', epoch=1, num_worker=1, cache_size=0, seed=None, log=False, world_size=4, ngpus_per_node=1, featdim=128)
INFO Mon, 06 Feb 2023 21:07:20 dgl_default_sampling_simulate.py 66 : metis分图已经完成
INFO Mon, 06 Feb 2023 21:07:20 dgl_default_sampling_simulate.py 89 : fg_train_nid: 110072 ntrain_per_GPU: 27518
INFO Mon, 06 Feb 2023 21:07:20 dgl_default_sampling_simulate.py 89 : fg_train_nid: 110072 ntrain_per_GPU: 27518
INFO Mon, 06 Feb 2023 21:07:20 dgl_default_sampling_simulate.py 89 : fg_train_nid: 110072 ntrain_per_GPU: 27518
INFO Mon, 06 Feb 2023 21:07:20 dgl_default_sampling_simulate.py 89 : fg_train_nid: 110072 ntrain_per_GPU: 27518
INFO Mon, 06 Feb 2023 21:07:21 dgl_default_sampling_simulate.py 132 : => cur_epoch 0 finished on rank 1
INFO Mon, 06 Feb 2023 21:07:21 dgl_default_sampling_simulate.py 133 : ==================== | rank=1,epoch=0 采样node信息输出 | ====================
INFO Mon, 06 Feb 2023 21:07:21 dgl_default_sampling_simulate.py 134 : rank=1, number of training batches: 4
INFO Mon, 06 Feb 2023 21:07:21 dgl_default_sampling_simulate.py 135 : rank=1, the number of nodes for each tree spand by batch: [85729, 85992, 86072, 43534], total nodes: 301327
INFO Mon, 06 Feb 2023 21:07:21 dgl_default_sampling_simulate.py 136 : rank=1, the number of nodes hits on other trainers: [76601, 0, 65723, 79715]
INFO Mon, 06 Feb 2023 21:07:21 dgl_default_sampling_simulate.py 132 : => cur_epoch 0 finished on rank 0
INFO Mon, 06 Feb 2023 21:07:21 dgl_default_sampling_simulate.py 133 : ==================== | rank=0,epoch=0 采样node信息输出 | ====================
INFO Mon, 06 Feb 2023 21:07:21 dgl_default_sampling_simulate.py 134 : rank=0, number of training batches: 4
INFO Mon, 06 Feb 2023 21:07:21 dgl_default_sampling_simulate.py 135 : rank=0, the number of nodes for each tree spand by batch: [86631, 86247, 86193, 45066], total nodes: 304137
INFO Mon, 06 Feb 2023 21:07:21 dgl_default_sampling_simulate.py 136 : rank=0, the number of nodes hits on other trainers: [0, 80861, 66451, 81225]
INFO Mon, 06 Feb 2023 21:07:21 dgl_default_sampling_simulate.py 132 : => cur_epoch 0 finished on rank 3
INFO Mon, 06 Feb 2023 21:07:21 dgl_default_sampling_simulate.py 133 : ==================== | rank=3,epoch=0 采样node信息输出 | ====================
INFO Mon, 06 Feb 2023 21:07:21 dgl_default_sampling_simulate.py 134 : rank=3, number of training batches: 4
INFO Mon, 06 Feb 2023 21:07:21 dgl_default_sampling_simulate.py 135 : rank=3, the number of nodes for each tree spand by batch: [85653, 86788, 86419, 45612], total nodes: 304472
INFO Mon, 06 Feb 2023 21:07:21 dgl_default_sampling_simulate.py 136 : rank=3, the number of nodes hits on other trainers: [75765, 80346, 66910, 0]
INFO Mon, 06 Feb 2023 21:07:21 dgl_default_sampling_simulate.py 132 : => cur_epoch 0 finished on rank 2
INFO Mon, 06 Feb 2023 21:07:21 dgl_default_sampling_simulate.py 133 : ==================== | rank=2,epoch=0 采样node信息输出 | ====================
INFO Mon, 06 Feb 2023 21:07:21 dgl_default_sampling_simulate.py 134 : rank=2, number of training batches: 4
INFO Mon, 06 Feb 2023 21:07:21 dgl_default_sampling_simulate.py 135 : rank=2, the number of nodes for each tree spand by batch: [86063, 85836, 87787, 44246], total nodes: 303932
INFO Mon, 06 Feb 2023 21:07:21 dgl_default_sampling_simulate.py 136 : rank=2, the number of nodes hits on other trainers: [76560, 81669, 0, 79662]
