INFO Mon, 06 Feb 2023 21:11:53 dgl_default_sampling_simulate.py 198 : ngpus_per_trainer: 1
INFO Mon, 06 Feb 2023 21:11:53 dgl_default_sampling_simulate.py 37 : Total number of trainers: 8
INFO Mon, 06 Feb 2023 21:11:53 dgl_default_sampling_simulate.py 53 : Client Args: Namespace(dataset='./dist/repgnn_data/ogbn_arxiv128/', sampling='10', hidden_size=256, n_classes=60, batch_size=8000, dropout=0.2, lr=0.03, weight_decay=0, model_name='graphsage', epoch=1, num_worker=1, cache_size=0, seed=None, log=False, world_size=8, ngpus_per_node=1, featdim=128)
INFO Mon, 06 Feb 2023 21:11:59 dgl_default_sampling_simulate.py 66 : metis分图已经完成
INFO Mon, 06 Feb 2023 21:12:00 dgl_default_sampling_simulate.py 89 : fg_train_nid: 110072 ntrain_per_GPU: 13759
INFO Mon, 06 Feb 2023 21:12:00 dgl_default_sampling_simulate.py 89 : fg_train_nid: 110072 ntrain_per_GPU: 13759
INFO Mon, 06 Feb 2023 21:12:00 dgl_default_sampling_simulate.py 89 : fg_train_nid: 110072 ntrain_per_GPU: 13759
INFO Mon, 06 Feb 2023 21:12:00 dgl_default_sampling_simulate.py 89 : fg_train_nid: 110072 ntrain_per_GPU: 13759
INFO Mon, 06 Feb 2023 21:12:00 dgl_default_sampling_simulate.py 89 : fg_train_nid: 110072 ntrain_per_GPU: 13759
INFO Mon, 06 Feb 2023 21:12:00 dgl_default_sampling_simulate.py 89 : fg_train_nid: 110072 ntrain_per_GPU: 13759
INFO Mon, 06 Feb 2023 21:12:00 dgl_default_sampling_simulate.py 89 : fg_train_nid: 110072 ntrain_per_GPU: 13759
INFO Mon, 06 Feb 2023 21:12:00 dgl_default_sampling_simulate.py 89 : fg_train_nid: 110072 ntrain_per_GPU: 13759
INFO Mon, 06 Feb 2023 21:12:00 dgl_default_sampling_simulate.py 132 : => cur_epoch 0 finished on rank 3
INFO Mon, 06 Feb 2023 21:12:00 dgl_default_sampling_simulate.py 133 : ==================== | rank=3,epoch=0 采样node信息输出 | ====================
INFO Mon, 06 Feb 2023 21:12:00 dgl_default_sampling_simulate.py 134 : rank=3, number of training batches: 2
INFO Mon, 06 Feb 2023 21:12:00 dgl_default_sampling_simulate.py 135 : rank=3, the number of nodes for each tree spand by batch: [85853, 67708], total nodes: 153561
INFO Mon, 06 Feb 2023 21:12:00 dgl_default_sampling_simulate.py 136 : rank=3, the number of nodes hits on other trainers: [18939, 20542, 20775, 0, 20831, 18567, 17233, 16444]
INFO Mon, 06 Feb 2023 21:12:00 dgl_default_sampling_simulate.py 132 : => cur_epoch 0 finished on rank 7
INFO Mon, 06 Feb 2023 21:12:00 dgl_default_sampling_simulate.py 133 : ==================== | rank=7,epoch=0 采样node信息输出 | ====================
INFO Mon, 06 Feb 2023 21:12:00 dgl_default_sampling_simulate.py 134 : rank=7, number of training batches: 2
INFO Mon, 06 Feb 2023 21:12:00 dgl_default_sampling_simulate.py 135 : rank=7, the number of nodes for each tree spand by batch: [87628, 65353], total nodes: 152981
INFO Mon, 06 Feb 2023 21:12:00 dgl_default_sampling_simulate.py 136 : rank=7, the number of nodes hits on other trainers: [18395, 20061, 19630, 20293, 21454, 18335, 18182, 0]
INFO Mon, 06 Feb 2023 21:12:00 dgl_default_sampling_simulate.py 132 : => cur_epoch 0 finished on rank 4
INFO Mon, 06 Feb 2023 21:12:00 dgl_default_sampling_simulate.py 133 : ==================== | rank=4,epoch=0 采样node信息输出 | ====================
INFO Mon, 06 Feb 2023 21:12:00 dgl_default_sampling_simulate.py 134 : rank=4, number of training batches: 2
INFO Mon, 06 Feb 2023 21:12:00 dgl_default_sampling_simulate.py 135 : rank=4, the number of nodes for each tree spand by batch: [87036, 65570], total nodes: 152606
INFO Mon, 06 Feb 2023 21:12:00 dgl_default_sampling_simulate.py 136 : rank=4, the number of nodes hits on other trainers: [18366, 20406, 20618, 20223, 0, 18691, 17098, 16096]
INFO Mon, 06 Feb 2023 21:12:00 dgl_default_sampling_simulate.py 132 : => cur_epoch 0 finished on rank 5
INFO Mon, 06 Feb 2023 21:12:00 dgl_default_sampling_simulate.py 133 : ==================== | rank=5,epoch=0 采样node信息输出 | ====================
INFO Mon, 06 Feb 2023 21:12:00 dgl_default_sampling_simulate.py 134 : rank=5, number of training batches: 2
INFO Mon, 06 Feb 2023 21:12:00 dgl_default_sampling_simulate.py 135 : rank=5, the number of nodes for each tree spand by batch: [86967, 66663], total nodes: 153630
INFO Mon, 06 Feb 2023 21:12:00 dgl_default_sampling_simulate.py 136 : rank=5, the number of nodes hits on other trainers: [18367, 20473, 21138, 20598, 20544, 0, 17815, 16720]
INFO Mon, 06 Feb 2023 21:12:00 dgl_default_sampling_simulate.py 132 : => cur_epoch 0 finished on rank 1
INFO Mon, 06 Feb 2023 21:12:00 dgl_default_sampling_simulate.py 133 : ==================== | rank=1,epoch=0 采样node信息输出 | ====================
INFO Mon, 06 Feb 2023 21:12:00 dgl_default_sampling_simulate.py 134 : rank=1, number of training batches: 2
INFO Mon, 06 Feb 2023 21:12:00 dgl_default_sampling_simulate.py 135 : rank=1, the number of nodes for each tree spand by batch: [86785, 66878], total nodes: 153663
INFO Mon, 06 Feb 2023 21:12:00 dgl_default_sampling_simulate.py 136 : rank=1, the number of nodes hits on other trainers: [18671, 0, 20400, 20464, 21145, 18471, 17564, 16673]
INFO Mon, 06 Feb 2023 21:12:00 dgl_default_sampling_simulate.py 132 : => cur_epoch 0 finished on rank 6
INFO Mon, 06 Feb 2023 21:12:00 dgl_default_sampling_simulate.py 133 : ==================== | rank=6,epoch=0 采样node信息输出 | ====================
INFO Mon, 06 Feb 2023 21:12:00 dgl_default_sampling_simulate.py 134 : rank=6, number of training batches: 2
INFO Mon, 06 Feb 2023 21:12:00 dgl_default_sampling_simulate.py 135 : rank=6, the number of nodes for each tree spand by batch: [86979, 67326], total nodes: 154305
INFO Mon, 06 Feb 2023 21:12:00 dgl_default_sampling_simulate.py 136 : rank=6, the number of nodes hits on other trainers: [18051, 19920, 20936, 20310, 21171, 19151, 0, 17004]
INFO Mon, 06 Feb 2023 21:12:00 dgl_default_sampling_simulate.py 132 : => cur_epoch 0 finished on rank 0
INFO Mon, 06 Feb 2023 21:12:00 dgl_default_sampling_simulate.py 133 : ==================== | rank=0,epoch=0 采样node信息输出 | ====================
INFO Mon, 06 Feb 2023 21:12:00 dgl_default_sampling_simulate.py 134 : rank=0, number of training batches: 2
INFO Mon, 06 Feb 2023 21:12:00 dgl_default_sampling_simulate.py 135 : rank=0, the number of nodes for each tree spand by batch: [85850, 66655], total nodes: 152505
INFO Mon, 06 Feb 2023 21:12:00 dgl_default_sampling_simulate.py 136 : rank=0, the number of nodes hits on other trainers: [0, 19874, 20127, 20067, 22283, 18337, 17429, 16678]
INFO Mon, 06 Feb 2023 21:12:00 dgl_default_sampling_simulate.py 132 : => cur_epoch 0 finished on rank 2
INFO Mon, 06 Feb 2023 21:12:00 dgl_default_sampling_simulate.py 133 : ==================== | rank=2,epoch=0 采样node信息输出 | ====================
INFO Mon, 06 Feb 2023 21:12:00 dgl_default_sampling_simulate.py 134 : rank=2, number of training batches: 2
INFO Mon, 06 Feb 2023 21:12:00 dgl_default_sampling_simulate.py 135 : rank=2, the number of nodes for each tree spand by batch: [84705, 66305], total nodes: 151010
INFO Mon, 06 Feb 2023 21:12:00 dgl_default_sampling_simulate.py 136 : rank=2, the number of nodes hits on other trainers: [17904, 20509, 0, 19398, 20780, 18132, 17684, 16899]
