INFO Fri, 30 Dec 2022 23:33:57 dgl_jpgnn_sampling_simulate.py 223 : ngpus_per_trainer: 1
INFO Fri, 30 Dec 2022 23:33:57 dgl_jpgnn_sampling_simulate.py 38 : Total number of trainers: 16
INFO Fri, 30 Dec 2022 23:33:57 dgl_jpgnn_sampling_simulate.py 54 : Client Args: Namespace(dataset='./dist/repgnn_data/ogbn_arxiv128/', sampling='10-10-10', hidden_size=256, n_classes=60, batch_size=8000, dropout=0.2, lr=0.03, weight_decay=0, model_name='graphsage', epoch=1, num_worker=1, cache_size=0, seed=None, log=False, world_size=16, ngpus_per_node=1, featdim=128)
INFO Fri, 30 Dec 2022 23:33:57 dgl_jpgnn_sampling_simulate.py 67 : metis分图已经完成
INFO Fri, 30 Dec 2022 23:33:57 dgl_jpgnn_sampling_simulate.py 90 : fg_train_nid: 110072 ntrain_per_GPU: 6879
INFO Fri, 30 Dec 2022 23:33:57 dgl_jpgnn_sampling_simulate.py 90 : fg_train_nid: 110072 ntrain_per_GPU: 6879
INFO Fri, 30 Dec 2022 23:33:57 dgl_jpgnn_sampling_simulate.py 90 : fg_train_nid: 110072 ntrain_per_GPU: 6879
INFO Fri, 30 Dec 2022 23:33:57 dgl_jpgnn_sampling_simulate.py 90 : fg_train_nid: 110072 ntrain_per_GPU: 6879
INFO Fri, 30 Dec 2022 23:33:57 dgl_jpgnn_sampling_simulate.py 90 : fg_train_nid: 110072 ntrain_per_GPU: 6879
INFO Fri, 30 Dec 2022 23:33:57 dgl_jpgnn_sampling_simulate.py 90 : fg_train_nid: 110072 ntrain_per_GPU: 6879
INFO Fri, 30 Dec 2022 23:33:57 dgl_jpgnn_sampling_simulate.py 90 : fg_train_nid: 110072 ntrain_per_GPU: 6879
INFO Fri, 30 Dec 2022 23:33:57 dgl_jpgnn_sampling_simulate.py 90 : fg_train_nid: 110072 ntrain_per_GPU: 6879
INFO Fri, 30 Dec 2022 23:33:57 dgl_jpgnn_sampling_simulate.py 90 : fg_train_nid: 110072 ntrain_per_GPU: 6879
INFO Fri, 30 Dec 2022 23:33:57 dgl_jpgnn_sampling_simulate.py 90 : fg_train_nid: 110072 ntrain_per_GPU: 6879
INFO Fri, 30 Dec 2022 23:33:57 dgl_jpgnn_sampling_simulate.py 90 : fg_train_nid: 110072 ntrain_per_GPU: 6879
INFO Fri, 30 Dec 2022 23:33:57 dgl_jpgnn_sampling_simulate.py 90 : fg_train_nid: 110072 ntrain_per_GPU: 6879
INFO Fri, 30 Dec 2022 23:33:57 dgl_jpgnn_sampling_simulate.py 90 : fg_train_nid: 110072 ntrain_per_GPU: 6879
INFO Fri, 30 Dec 2022 23:33:57 dgl_jpgnn_sampling_simulate.py 90 : fg_train_nid: 110072 ntrain_per_GPU: 6879
INFO Fri, 30 Dec 2022 23:33:57 dgl_jpgnn_sampling_simulate.py 90 : fg_train_nid: 110072 ntrain_per_GPU: 6879
INFO Fri, 30 Dec 2022 23:33:57 dgl_jpgnn_sampling_simulate.py 90 : fg_train_nid: 110072 ntrain_per_GPU: 6879
INFO Fri, 30 Dec 2022 23:34:00 dgl_jpgnn_sampling_simulate.py 158 : => cur_epoch 0 finished on rank 15
INFO Fri, 30 Dec 2022 23:34:00 dgl_jpgnn_sampling_simulate.py 159 : ==================== | rank=15,epoch=0 采样node信息输出 | ====================
INFO Fri, 30 Dec 2022 23:34:00 dgl_jpgnn_sampling_simulate.py 160 : rank=15, number of training batches: 16
INFO Fri, 30 Dec 2022 23:34:00 dgl_jpgnn_sampling_simulate.py 161 : rank=15, the number of nodes for each tree spand by batch: [17872, 21211, 17769, 18805, 21091, 22516, 20442, 24217, 22175, 23493, 19637, 22832, 22155, 21645, 19999, 20379], total nodes: 336238
INFO Fri, 30 Dec 2022 23:34:00 dgl_jpgnn_sampling_simulate.py 162 : rank=15, the number of nodes hits on other trainers: [5461, 13818, 4186, 6969, 3896, 5619, 5534, 6155, 20127, 22507, 10313, 40972, 20078, 16710, 36267, 0]
INFO Fri, 30 Dec 2022 23:34:00 dgl_jpgnn_sampling_simulate.py 158 : => cur_epoch 0 finished on rank 7
INFO Fri, 30 Dec 2022 23:34:00 dgl_jpgnn_sampling_simulate.py 159 : ==================== | rank=7,epoch=0 采样node信息输出 | ====================
INFO Fri, 30 Dec 2022 23:34:00 dgl_jpgnn_sampling_simulate.py 160 : rank=7, number of training batches: 16
INFO Fri, 30 Dec 2022 23:34:00 dgl_jpgnn_sampling_simulate.py 161 : rank=7, the number of nodes for each tree spand by batch: [24607, 22978, 23134, 22493, 22740, 23954, 22899, 21968, 22840, 22633, 20874, 24102, 23621, 24650, 21734, 21875], total nodes: 367102
INFO Fri, 30 Dec 2022 23:34:00 dgl_jpgnn_sampling_simulate.py 162 : rank=7, the number of nodes hits on other trainers: [3599, 1746, 4243, 13228, 47322, 2072, 28085, 0, 1995, 7310, 3156, 1353, 1547, 1329, 3928, 6916]
INFO Fri, 30 Dec 2022 23:34:00 dgl_jpgnn_sampling_simulate.py 158 : => cur_epoch 0 finished on rank 6
INFO Fri, 30 Dec 2022 23:34:00 dgl_jpgnn_sampling_simulate.py 159 : ==================== | rank=6,epoch=0 采样node信息输出 | ====================
INFO Fri, 30 Dec 2022 23:34:00 dgl_jpgnn_sampling_simulate.py 160 : rank=6, number of training batches: 16
INFO Fri, 30 Dec 2022 23:34:00 dgl_jpgnn_sampling_simulate.py 161 : rank=6, the number of nodes for each tree spand by batch: [20430, 19427, 20661, 18676, 21745, 18840, 23946, 21970, 17517, 20795, 19464, 22374, 21876, 17727, 20223, 23593], total nodes: 329264
INFO Fri, 30 Dec 2022 23:34:00 dgl_jpgnn_sampling_simulate.py 162 : rank=6, the number of nodes hits on other trainers: [13795, 8724, 14743, 15637, 17759, 20822, 0, 38487, 7821, 24424, 15595, 7100, 7648, 7593, 11997, 14105]
INFO Fri, 30 Dec 2022 23:34:00 dgl_jpgnn_sampling_simulate.py 158 : => cur_epoch 0 finished on rank 0
INFO Fri, 30 Dec 2022 23:34:00 dgl_jpgnn_sampling_simulate.py 159 : ==================== | rank=0,epoch=0 采样node信息输出 | ====================
INFO Fri, 30 Dec 2022 23:34:00 dgl_jpgnn_sampling_simulate.py 160 : rank=0, number of training batches: 16
INFO Fri, 30 Dec 2022 23:34:00 dgl_jpgnn_sampling_simulate.py 161 : rank=0, the number of nodes for each tree spand by batch: [18764, 16223, 19421, 20752, 19999, 18077, 21600, 16889, 18083, 18163, 20138, 15977, 18565, 16142, 15629, 14000], total nodes: 288422
INFO Fri, 30 Dec 2022 23:34:00 dgl_jpgnn_sampling_simulate.py 162 : rank=0, the number of nodes hits on other trainers: [0, 7787, 19213, 15733, 14773, 13904, 10239, 10749, 8744, 13747, 16480, 6563, 10594, 6044, 8054, 8839]
INFO Fri, 30 Dec 2022 23:34:00 dgl_jpgnn_sampling_simulate.py 158 : => cur_epoch 0 finished on rank 10
INFO Fri, 30 Dec 2022 23:34:00 dgl_jpgnn_sampling_simulate.py 159 : ==================== | rank=10,epoch=0 采样node信息输出 | ====================
INFO Fri, 30 Dec 2022 23:34:00 dgl_jpgnn_sampling_simulate.py 160 : rank=10, number of training batches: 16
INFO Fri, 30 Dec 2022 23:34:00 dgl_jpgnn_sampling_simulate.py 161 : rank=10, the number of nodes for each tree spand by batch: [20468, 23705, 22100, 21256, 22204, 20450, 18681, 22760, 23090, 22374, 18528, 23969, 19239, 21414, 20735, 25143], total nodes: 346116
INFO Fri, 30 Dec 2022 23:34:00 dgl_jpgnn_sampling_simulate.py 162 : rank=10, the number of nodes hits on other trainers: [9497, 25421, 22980, 16370, 8741, 6529, 7774, 23581, 9713, 9107, 0, 13424, 14317, 7557, 14607, 10517]
INFO Fri, 30 Dec 2022 23:34:00 dgl_jpgnn_sampling_simulate.py 158 : => cur_epoch 0 finished on rank 3
INFO Fri, 30 Dec 2022 23:34:00 dgl_jpgnn_sampling_simulate.py 159 : ==================== | rank=3,epoch=0 采样node信息输出 | ====================
INFO Fri, 30 Dec 2022 23:34:00 dgl_jpgnn_sampling_simulate.py 160 : rank=3, number of training batches: 16
INFO Fri, 30 Dec 2022 23:34:00 dgl_jpgnn_sampling_simulate.py 161 : rank=3, the number of nodes for each tree spand by batch: [25539, 27150, 27429, 26256, 26299, 24802, 27340, 29355, 24851, 28310, 28137, 26709, 27871, 27888, 27643, 27046], total nodes: 432625
INFO Fri, 30 Dec 2022 23:34:00 dgl_jpgnn_sampling_simulate.py 162 : rank=3, the number of nodes hits on other trainers: [15718, 7935, 29762, 0, 23556, 15628, 15029, 25648, 11734, 22401, 21670, 8338, 10186, 12789, 26169, 24474]
INFO Fri, 30 Dec 2022 23:34:00 dgl_jpgnn_sampling_simulate.py 158 : => cur_epoch 0 finished on rank 5
INFO Fri, 30 Dec 2022 23:34:00 dgl_jpgnn_sampling_simulate.py 159 : ==================== | rank=5,epoch=0 采样node信息输出 | ====================
INFO Fri, 30 Dec 2022 23:34:00 dgl_jpgnn_sampling_simulate.py 160 : rank=5, number of training batches: 16
INFO Fri, 30 Dec 2022 23:34:00 dgl_jpgnn_sampling_simulate.py 161 : rank=5, the number of nodes for each tree spand by batch: [30157, 26895, 23418, 25402, 27346, 24995, 21624, 23773, 22796, 26180, 21281, 24536, 30596, 25610, 28634, 29644], total nodes: 412887
INFO Fri, 30 Dec 2022 23:34:00 dgl_jpgnn_sampling_simulate.py 162 : rank=5, the number of nodes hits on other trainers: [13236, 11924, 14274, 49468, 11014, 0, 9258, 11377, 13370, 35817, 19975, 13695, 16733, 14977, 27099, 21178]
INFO Fri, 30 Dec 2022 23:34:00 dgl_jpgnn_sampling_simulate.py 158 : => cur_epoch 0 finished on rank 8
INFO Fri, 30 Dec 2022 23:34:00 dgl_jpgnn_sampling_simulate.py 159 : ==================== | rank=8,epoch=0 采样node信息输出 | ====================
INFO Fri, 30 Dec 2022 23:34:00 dgl_jpgnn_sampling_simulate.py 160 : rank=8, number of training batches: 16
INFO Fri, 30 Dec 2022 23:34:00 dgl_jpgnn_sampling_simulate.py 161 : rank=8, the number of nodes for each tree spand by batch: [26783, 28491, 26231, 23235, 22570, 21109, 29457, 25019, 26039, 24885, 25237, 27059, 23308, 25363, 21554, 27032], total nodes: 403372
INFO Fri, 30 Dec 2022 23:34:00 dgl_jpgnn_sampling_simulate.py 162 : rank=8, the number of nodes hits on other trainers: [8982, 13744, 6752, 8497, 4749, 6485, 7118, 8285, 0, 28548, 13555, 34341, 40361, 26401, 37906, 23704]
INFO Fri, 30 Dec 2022 23:34:00 dgl_jpgnn_sampling_simulate.py 158 : => cur_epoch 0 finished on rank 2
INFO Fri, 30 Dec 2022 23:34:00 dgl_jpgnn_sampling_simulate.py 159 : ==================== | rank=2,epoch=0 采样node信息输出 | ====================
INFO Fri, 30 Dec 2022 23:34:00 dgl_jpgnn_sampling_simulate.py 160 : rank=2, number of training batches: 16
INFO Fri, 30 Dec 2022 23:34:00 dgl_jpgnn_sampling_simulate.py 161 : rank=2, the number of nodes for each tree spand by batch: [20862, 18904, 21367, 23491, 18693, 22860, 17015, 22180, 18026, 18897, 23498, 20499, 21925, 20542, 21953, 21573], total nodes: 332285
INFO Fri, 30 Dec 2022 23:34:00 dgl_jpgnn_sampling_simulate.py 162 : rank=2, the number of nodes hits on other trainers: [18897, 8502, 0, 28912, 14452, 15655, 12333, 21915, 5508, 12829, 20141, 5091, 5581, 5627, 9383, 9964]
INFO Fri, 30 Dec 2022 23:34:00 dgl_jpgnn_sampling_simulate.py 158 : => cur_epoch 0 finished on rank 1
INFO Fri, 30 Dec 2022 23:34:00 dgl_jpgnn_sampling_simulate.py 159 : ==================== | rank=1,epoch=0 采样node信息输出 | ====================
INFO Fri, 30 Dec 2022 23:34:00 dgl_jpgnn_sampling_simulate.py 160 : rank=1, number of training batches: 16
INFO Fri, 30 Dec 2022 23:34:00 dgl_jpgnn_sampling_simulate.py 161 : rank=1, the number of nodes for each tree spand by batch: [27465, 27998, 31095, 30515, 26798, 27956, 32078, 30773, 32327, 33883, 28987, 29508, 31657, 29877, 30489, 30267], total nodes: 481673
INFO Fri, 30 Dec 2022 23:34:00 dgl_jpgnn_sampling_simulate.py 162 : rank=1, the number of nodes hits on other trainers: [3924, 0, 6432, 6120, 8537, 5321, 3630, 7950, 32184, 21189, 25947, 134412, 16065, 14712, 25487, 33598]
INFO Fri, 30 Dec 2022 23:34:00 dgl_jpgnn_sampling_simulate.py 158 : => cur_epoch 0 finished on rank 4
INFO Fri, 30 Dec 2022 23:34:00 dgl_jpgnn_sampling_simulate.py 159 : ==================== | rank=4,epoch=0 采样node信息输出 | ====================
INFO Fri, 30 Dec 2022 23:34:00 dgl_jpgnn_sampling_simulate.py 160 : rank=4, number of training batches: 16
INFO Fri, 30 Dec 2022 23:34:00 dgl_jpgnn_sampling_simulate.py 161 : rank=4, the number of nodes for each tree spand by batch: [21549, 22162, 24311, 23742, 20203, 22270, 20885, 21784, 24008, 22134, 23074, 21111, 22757, 20564, 19642, 23535], total nodes: 353731
INFO Fri, 30 Dec 2022 23:34:00 dgl_jpgnn_sampling_simulate.py 162 : rank=4, the number of nodes hits on other trainers: [10299, 8020, 14922, 24684, 0, 13207, 17662, 67857, 3843, 8588, 8836, 4032, 5034, 3729, 6308, 9063]
INFO Fri, 30 Dec 2022 23:34:00 dgl_jpgnn_sampling_simulate.py 158 : => cur_epoch 0 finished on rank 11
INFO Fri, 30 Dec 2022 23:34:00 dgl_jpgnn_sampling_simulate.py 159 : ==================== | rank=11,epoch=0 采样node信息输出 | ====================
INFO Fri, 30 Dec 2022 23:34:00 dgl_jpgnn_sampling_simulate.py 160 : rank=11, number of training batches: 16
INFO Fri, 30 Dec 2022 23:34:00 dgl_jpgnn_sampling_simulate.py 161 : rank=11, the number of nodes for each tree spand by batch: [19087, 24683, 21690, 18759, 22677, 19530, 22602, 23006, 21654, 20927, 20205, 26244, 20846, 21407, 22732, 21821], total nodes: 347870
INFO Fri, 30 Dec 2022 23:34:00 dgl_jpgnn_sampling_simulate.py 162 : rank=11, the number of nodes hits on other trainers: [9536, 25216, 8378, 8549, 7028, 8916, 5633, 5597, 23691, 25221, 13396, 0, 15311, 15551, 23093, 19636]
INFO Fri, 30 Dec 2022 23:34:00 dgl_jpgnn_sampling_simulate.py 158 : => cur_epoch 0 finished on rank 9
INFO Fri, 30 Dec 2022 23:34:00 dgl_jpgnn_sampling_simulate.py 159 : ==================== | rank=9,epoch=0 采样node信息输出 | ====================
INFO Fri, 30 Dec 2022 23:34:00 dgl_jpgnn_sampling_simulate.py 160 : rank=9, number of training batches: 16
INFO Fri, 30 Dec 2022 23:34:00 dgl_jpgnn_sampling_simulate.py 161 : rank=9, the number of nodes for each tree spand by batch: [21777, 21422, 23372, 21838, 21118, 24076, 22269, 24620, 23710, 22536, 22743, 24753, 23301, 22158, 20933, 26575], total nodes: 367201
INFO Fri, 30 Dec 2022 23:34:00 dgl_jpgnn_sampling_simulate.py 162 : rank=9, the number of nodes hits on other trainers: [13493, 6275, 7895, 10559, 8350, 5102, 9615, 10447, 14153, 0, 9545, 16646, 13900, 8593, 21015, 26580]
INFO Fri, 30 Dec 2022 23:34:00 dgl_jpgnn_sampling_simulate.py 158 : => cur_epoch 0 finished on rank 14
INFO Fri, 30 Dec 2022 23:34:00 dgl_jpgnn_sampling_simulate.py 159 : ==================== | rank=14,epoch=0 采样node信息输出 | ====================
INFO Fri, 30 Dec 2022 23:34:00 dgl_jpgnn_sampling_simulate.py 160 : rank=14, number of training batches: 16
INFO Fri, 30 Dec 2022 23:34:00 dgl_jpgnn_sampling_simulate.py 161 : rank=14, the number of nodes for each tree spand by batch: [27478, 26016, 24560, 28292, 25787, 24696, 26304, 26003, 23258, 26076, 27436, 27218, 25313, 27300, 24489, 25146], total nodes: 415372
INFO Fri, 30 Dec 2022 23:34:00 dgl_jpgnn_sampling_simulate.py 162 : rank=14, the number of nodes hits on other trainers: [1475, 5212, 912, 3983, 2184, 2362, 2288, 2646, 23026, 38396, 10153, 20346, 50833, 25022, 0, 32671]
INFO Fri, 30 Dec 2022 23:34:00 dgl_jpgnn_sampling_simulate.py 158 : => cur_epoch 0 finished on rank 13
INFO Fri, 30 Dec 2022 23:34:00 dgl_jpgnn_sampling_simulate.py 159 : ==================== | rank=13,epoch=0 采样node信息输出 | ====================
INFO Fri, 30 Dec 2022 23:34:00 dgl_jpgnn_sampling_simulate.py 160 : rank=13, number of training batches: 16
INFO Fri, 30 Dec 2022 23:34:00 dgl_jpgnn_sampling_simulate.py 161 : rank=13, the number of nodes for each tree spand by batch: [37673, 32423, 36320, 39572, 38081, 28995, 29682, 32894, 36579, 36655, 31740, 39423, 37555, 32513, 39412, 36298], total nodes: 565815
INFO Fri, 30 Dec 2022 23:34:00 dgl_jpgnn_sampling_simulate.py 162 : rank=13, the number of nodes hits on other trainers: [5208, 13590, 6363, 8405, 4084, 6472, 4288, 4577, 50577, 25734, 13699, 29395, 88019, 0, 87412, 76662]
INFO Fri, 30 Dec 2022 23:34:00 dgl_jpgnn_sampling_simulate.py 158 : => cur_epoch 0 finished on rank 12
INFO Fri, 30 Dec 2022 23:34:00 dgl_jpgnn_sampling_simulate.py 159 : ==================== | rank=12,epoch=0 采样node信息输出 | ====================
INFO Fri, 30 Dec 2022 23:34:00 dgl_jpgnn_sampling_simulate.py 160 : rank=12, number of training batches: 16
INFO Fri, 30 Dec 2022 23:34:00 dgl_jpgnn_sampling_simulate.py 161 : rank=12, the number of nodes for each tree spand by batch: [29847, 31587, 29841, 29266, 26328, 29898, 29745, 30235, 27047, 27298, 26584, 25946, 26427, 29266, 27788, 28957], total nodes: 456060
INFO Fri, 30 Dec 2022 23:34:00 dgl_jpgnn_sampling_simulate.py 162 : rank=12, the number of nodes hits on other trainers: [1195, 4282, 804, 2219, 1953, 2167, 1774, 1041, 40307, 24647, 8776, 12677, 0, 42763, 71919, 24452]
