INFO Fri, 30 Dec 2022 17:51:46 dgl_jpgnn_sampling_simulate.py 218 : ngpus_per_trainer: 1
INFO Fri, 30 Dec 2022 17:51:46 dgl_jpgnn_sampling_simulate.py 38 : Total number of trainers: 4
INFO Fri, 30 Dec 2022 17:51:46 dgl_jpgnn_sampling_simulate.py 54 : Client Args: Namespace(dataset='./dist/repgnn_data/ogbn_arxiv128/', sampling='10-10-10', hidden_size=256, n_classes=60, batch_size=1000, dropout=0.2, lr=0.03, weight_decay=0, model_name='graphsage', epoch=1, num_worker=1, cache_size=0, seed=None, log=False, world_size=4, ngpus_per_node=1, featdim=128)
INFO Fri, 30 Dec 2022 17:51:46 dgl_jpgnn_sampling_simulate.py 67 : metis分图已经完成
INFO Fri, 30 Dec 2022 17:51:46 dgl_jpgnn_sampling_simulate.py 90 : fg_train_nid: 110072 ntrain_per_GPU: 27518
INFO Fri, 30 Dec 2022 17:51:46 dgl_jpgnn_sampling_simulate.py 90 : fg_train_nid: 110072 ntrain_per_GPU: 27518
INFO Fri, 30 Dec 2022 17:51:46 dgl_jpgnn_sampling_simulate.py 90 : fg_train_nid: 110072 ntrain_per_GPU: 27518
INFO Fri, 30 Dec 2022 17:51:46 dgl_jpgnn_sampling_simulate.py 90 : fg_train_nid: 110072 ntrain_per_GPU: 27518
INFO Fri, 30 Dec 2022 17:51:48 dgl_jpgnn_sampling_simulate.py 153 : => cur_epoch 0 finished on rank 2
INFO Fri, 30 Dec 2022 17:51:48 dgl_jpgnn_sampling_simulate.py 154 : ==================== | rank=2,epoch=0 采样node信息输出 | ====================
INFO Fri, 30 Dec 2022 17:51:48 dgl_jpgnn_sampling_simulate.py 155 : rank=2, number of training batches: 112
INFO Fri, 30 Dec 2022 17:51:48 dgl_jpgnn_sampling_simulate.py 156 : rank=2, the number of nodes for each tree spand by batch: [13187, 13314, 10664, 15196, 12812, 16797, 13613, 16500, 11818, 12463, 15134, 18047, 14338, 11153, 14173, 9907, 11397, 13305, 14204, 12141, 11521, 13115, 12490, 15409, 15038, 14194, 12014, 14168, 14975, 13087, 13603, 14249, 11717, 12906, 12077, 13148, 13362, 13598, 16823, 13346, 16465, 14792, 12719, 11811, 13604, 14172, 16013, 11966, 11795, 14001, 12005, 13602, 11410, 14705, 10495, 15813, 15188, 10088, 13130, 14885, 11862, 13371, 12623, 12319, 11965, 11069, 16117, 14830, 12952, 11829, 12650, 12883, 15632, 15254, 14111, 12144, 12397, 13635, 15154, 14040, 13117, 14523, 14880, 11081, 12017, 13783, 13761, 19176, 14951, 14657, 12191, 11924, 19268, 12840, 14362, 15188, 14246, 13059, 10788, 9198, 14787, 13800, 13547, 13424, 11050, 11445, 10649, 14410, 8022, 9666, 4961, 8421], total nodes: 1485691
INFO Fri, 30 Dec 2022 17:51:48 dgl_jpgnn_sampling_simulate.py 157 : rank=2, the number of nodes hits on other trainers: [252418, 240866, 0, 321505]
INFO Fri, 30 Dec 2022 17:51:48 dgl_jpgnn_sampling_simulate.py 153 : => cur_epoch 0 finished on rank 3
INFO Fri, 30 Dec 2022 17:51:48 dgl_jpgnn_sampling_simulate.py 154 : ==================== | rank=3,epoch=0 采样node信息输出 | ====================
INFO Fri, 30 Dec 2022 17:51:48 dgl_jpgnn_sampling_simulate.py 155 : rank=3, number of training batches: 112
INFO Fri, 30 Dec 2022 17:51:48 dgl_jpgnn_sampling_simulate.py 156 : rank=3, the number of nodes for each tree spand by batch: [18462, 17528, 16395, 19471, 16676, 19597, 16629, 13801, 18752, 14375, 15187, 16575, 14638, 17256, 25499, 23203, 16927, 18597, 17191, 18097, 17804, 17272, 19354, 21639, 19507, 16478, 15470, 18946, 15707, 19405, 20037, 17724, 14678, 16357, 15021, 18393, 18298, 16634, 20019, 23866, 17019, 17777, 15005, 16737, 19622, 17117, 20473, 19717, 21053, 21644, 19323, 17060, 16057, 15011, 19240, 16466, 18034, 17778, 20606, 19489, 17832, 18109, 14438, 19658, 18609, 23026, 16739, 16274, 15394, 16991, 14988, 13970, 14346, 15796, 15589, 19040, 19607, 18673, 15790, 17385, 20453, 16384, 15748, 18369, 17538, 18476, 17596, 16004, 18479, 20953, 18151, 15712, 18477, 14476, 14603, 17903, 16347, 15790, 17608, 19001, 19601, 16657, 18284, 18540, 14655, 15815, 18154, 18824, 9420, 11144, 9712, 9358], total nodes: 1953179
INFO Fri, 30 Dec 2022 17:51:48 dgl_jpgnn_sampling_simulate.py 157 : rank=3, the number of nodes hits on other trainers: [248924, 239703, 320370, 0]
INFO Fri, 30 Dec 2022 17:51:49 dgl_jpgnn_sampling_simulate.py 153 : => cur_epoch 0 finished on rank 1
INFO Fri, 30 Dec 2022 17:51:49 dgl_jpgnn_sampling_simulate.py 154 : ==================== | rank=1,epoch=0 采样node信息输出 | ====================
INFO Fri, 30 Dec 2022 17:51:49 dgl_jpgnn_sampling_simulate.py 155 : rank=1, number of training batches: 112
INFO Fri, 30 Dec 2022 17:51:49 dgl_jpgnn_sampling_simulate.py 156 : rank=1, the number of nodes for each tree spand by batch: [23121, 18575, 21474, 23004, 24298, 18984, 19437, 22168, 20077, 20797, 22249, 23961, 22728, 22194, 19133, 22896, 21287, 21070, 24283, 23352, 21530, 16213, 22951, 25285, 17115, 21369, 20325, 20711, 21350, 20710, 22019, 20722, 20803, 17655, 23494, 26236, 21478, 18962, 19031, 18961, 24578, 18997, 25049, 25469, 22412, 18525, 19426, 22122, 21171, 19639, 23115, 17163, 21538, 22996, 25315, 23706, 24354, 22488, 19017, 20712, 23114, 17850, 22382, 25222, 25107, 22428, 23326, 20834, 20314, 24956, 17243, 23253, 19689, 22279, 18009, 18365, 19433, 22280, 22063, 19042, 20350, 22216, 20569, 24619, 17751, 23508, 24209, 25729, 26075, 20487, 21488, 21498, 21066, 29561, 24080, 21696, 22142, 21657, 25453, 27771, 22873, 20364, 24854, 24948, 23869, 20101, 24805, 20579, 13816, 11537, 9527, 11700], total nodes: 2407887
INFO Fri, 30 Dec 2022 17:51:49 dgl_jpgnn_sampling_simulate.py 157 : rank=1, the number of nodes hits on other trainers: [690070, 0, 293745, 283592]
INFO Fri, 30 Dec 2022 17:51:49 dgl_jpgnn_sampling_simulate.py 153 : => cur_epoch 0 finished on rank 0
INFO Fri, 30 Dec 2022 17:51:49 dgl_jpgnn_sampling_simulate.py 154 : ==================== | rank=0,epoch=0 采样node信息输出 | ====================
INFO Fri, 30 Dec 2022 17:51:49 dgl_jpgnn_sampling_simulate.py 155 : rank=0, number of training batches: 112
INFO Fri, 30 Dec 2022 17:51:49 dgl_jpgnn_sampling_simulate.py 156 : rank=0, the number of nodes for each tree spand by batch: [22323, 26840, 25751, 20446, 21128, 21156, 22637, 18659, 21434, 21497, 18115, 20353, 23905, 23559, 18895, 20195, 17904, 22610, 20439, 19439, 25217, 21910, 21393, 19329, 20119, 18621, 22458, 18624, 24846, 19881, 20453, 18193, 22329, 21443, 23575, 20524, 18676, 18192, 18304, 17211, 23872, 16596, 18326, 23463, 19260, 23740, 19721, 24076, 20592, 20967, 21151, 19430, 19246, 21386, 18584, 22047, 23678, 20234, 20195, 20753, 22547, 20701, 20412, 21971, 19669, 22080, 18404, 19183, 23045, 21404, 22786, 18365, 19067, 19861, 22743, 20563, 20284, 21513, 19848, 19583, 24832, 20869, 19869, 17269, 21892, 23338, 24027, 19688, 21700, 22478, 19343, 19089, 18517, 24664, 22749, 23672, 19298, 21581, 21131, 21601, 18607, 19287, 20921, 20497, 21858, 16903, 22279, 20269, 12100, 13443, 14229, 14017], total nodes: 2311946
INFO Fri, 30 Dec 2022 17:51:49 dgl_jpgnn_sampling_simulate.py 157 : rank=0, the number of nodes hits on other trainers: [0, 395929, 31616, 32598]
