INFO Fri, 30 Dec 2022 17:51:56 dgl_jpgnn_sampling_simulate.py 218 : ngpus_per_trainer: 1
INFO Fri, 30 Dec 2022 17:51:56 dgl_jpgnn_sampling_simulate.py 38 : Total number of trainers: 4
INFO Fri, 30 Dec 2022 17:51:56 dgl_jpgnn_sampling_simulate.py 54 : Client Args: Namespace(dataset='./dist/repgnn_data/ogbn_arxiv128/', sampling='10-10-10', hidden_size=256, n_classes=60, batch_size=8000, dropout=0.2, lr=0.03, weight_decay=0, model_name='graphsage', epoch=1, num_worker=1, cache_size=0, seed=None, log=False, world_size=4, ngpus_per_node=1, featdim=128)
INFO Fri, 30 Dec 2022 17:51:56 dgl_jpgnn_sampling_simulate.py 67 : metis分图已经完成
INFO Fri, 30 Dec 2022 17:51:56 dgl_jpgnn_sampling_simulate.py 90 : fg_train_nid: 110072 ntrain_per_GPU: 27518
INFO Fri, 30 Dec 2022 17:51:56 dgl_jpgnn_sampling_simulate.py 90 : fg_train_nid: 110072 ntrain_per_GPU: 27518
INFO Fri, 30 Dec 2022 17:51:56 dgl_jpgnn_sampling_simulate.py 90 : fg_train_nid: 110072 ntrain_per_GPU: 27518
INFO Fri, 30 Dec 2022 17:51:56 dgl_jpgnn_sampling_simulate.py 90 : fg_train_nid: 110072 ntrain_per_GPU: 27518
INFO Fri, 30 Dec 2022 17:51:58 dgl_jpgnn_sampling_simulate.py 153 : => cur_epoch 0 finished on rank 2
INFO Fri, 30 Dec 2022 17:51:58 dgl_jpgnn_sampling_simulate.py 154 : ==================== | rank=2,epoch=0 采样node信息输出 | ====================
INFO Fri, 30 Dec 2022 17:51:58 dgl_jpgnn_sampling_simulate.py 155 : rank=2, number of training batches: 16
INFO Fri, 30 Dec 2022 17:51:58 dgl_jpgnn_sampling_simulate.py 156 : rank=2, the number of nodes for each tree spand by batch: [79100, 76719, 77743, 82885, 76610, 78559, 77929, 75124, 79612, 77344, 81663, 81707, 40435, 41789, 35532, 39985], total nodes: 1102736
INFO Fri, 30 Dec 2022 17:51:58 dgl_jpgnn_sampling_simulate.py 157 : rank=2, the number of nodes hits on other trainers: [199459, 178024, 0, 240957]
INFO Fri, 30 Dec 2022 17:51:58 dgl_jpgnn_sampling_simulate.py 153 : => cur_epoch 0 finished on rank 0
INFO Fri, 30 Dec 2022 17:51:58 dgl_jpgnn_sampling_simulate.py 154 : ==================== | rank=0,epoch=0 采样node信息输出 | ====================
INFO Fri, 30 Dec 2022 17:51:58 dgl_jpgnn_sampling_simulate.py 155 : rank=0, number of training batches: 16
INFO Fri, 30 Dec 2022 17:51:58 dgl_jpgnn_sampling_simulate.py 156 : rank=0, the number of nodes for each tree spand by batch: [83213, 83838, 82138, 77509, 83553, 80109, 78831, 82623, 81406, 82189, 79909, 78012, 49749, 49410, 53092, 50744], total nodes: 1176325
INFO Fri, 30 Dec 2022 17:51:58 dgl_jpgnn_sampling_simulate.py 157 : rank=0, the number of nodes hits on other trainers: [0, 216465, 27580, 25518]
INFO Fri, 30 Dec 2022 17:51:58 dgl_jpgnn_sampling_simulate.py 153 : => cur_epoch 0 finished on rank 3
INFO Fri, 30 Dec 2022 17:51:58 dgl_jpgnn_sampling_simulate.py 154 : ==================== | rank=3,epoch=0 采样node信息输出 | ====================
INFO Fri, 30 Dec 2022 17:51:58 dgl_jpgnn_sampling_simulate.py 155 : rank=3, number of training batches: 16
INFO Fri, 30 Dec 2022 17:51:58 dgl_jpgnn_sampling_simulate.py 156 : rank=3, the number of nodes for each tree spand by batch: [84543, 85862, 89064, 92111, 89970, 88321, 92395, 89265, 88960, 89148, 83605, 85939, 46275, 45687, 49954, 51328], total nodes: 1252427
INFO Fri, 30 Dec 2022 17:51:58 dgl_jpgnn_sampling_simulate.py 157 : rank=3, the number of nodes hits on other trainers: [195955, 171105, 236968, 0]
INFO Fri, 30 Dec 2022 17:51:58 dgl_jpgnn_sampling_simulate.py 153 : => cur_epoch 0 finished on rank 1
INFO Fri, 30 Dec 2022 17:51:58 dgl_jpgnn_sampling_simulate.py 154 : ==================== | rank=1,epoch=0 采样node信息输出 | ====================
INFO Fri, 30 Dec 2022 17:51:58 dgl_jpgnn_sampling_simulate.py 155 : rank=1, number of training batches: 16
INFO Fri, 30 Dec 2022 17:51:58 dgl_jpgnn_sampling_simulate.py 156 : rank=1, the number of nodes for each tree spand by batch: [103831, 94815, 100196, 104274, 106283, 93834, 104307, 103649, 101546, 105700, 102174, 102121, 62145, 55792, 64992, 63763], total nodes: 1469422
INFO Fri, 30 Dec 2022 17:51:58 dgl_jpgnn_sampling_simulate.py 157 : rank=1, the number of nodes hits on other trainers: [392622, 0, 203042, 207502]
